xrun(64): 22.09-s013: (c) Copyright 1995-2023 Cadence Design Systems, Inc.
TOOL:	xrun(64)	22.09-s013: Started on Nov 04, 2024 at 16:09:05 -03
xrun
	-64bit
	nandgate_tb.sv
	nandgate.sv
	+gui
	+access+r
xmsim: *W,NOMTDGUI: Multi-Threaded Dumping is disabled for interactive debug mode.
xmsim: *W,DSEM2009: This SystemVerilog design is simulated as per IEEE 1800-2009 SystemVerilog simulation semantics. Use -disable_sem2009 option for turning off SV 2009 simulation semantics.

-------------------------------------
Relinquished control to SimVision...
xcelium> 
xcelium> source /home/tools/cadence/installs/XCELIUM2209/tools/xcelium/files/xmsimrc
xcelium> run
                Tempo   Entradas    Saídas
                         a    b       c
                ====   ==========  =======
                   0     0    0       1
                   5     0    1       1
                  10     1    0       1
                  15     1    1       0
Simulation complete via $finish(1) at time 20 NS + 0
./nandgate_tb.sv:26       $finish;
xcelium> ^C
xcelium> exit
TOOL:	xrun(64)	22.09-s013: Exiting on Nov 04, 2024 at 16:10:31 -03  (total: 00:01:26)
