============================================================
  Generated by:           Genus(TM) Synthesis Solution 21.10-p002_1
  Generated on:           Feb 07 2025  02:33:52 pm
  Module:                 ieee754multiplier
  Operating conditions:   PVT_0P9V_125C 
  Operating conditions:   PVT_1P32V_0C 
  Interconnect mode:      global
  Area mode:              physical library
============================================================

                                              Library 
   Gate    Instances    Area       Library     Domain 
------------------------------------------------------
ADDFX1           196  1005.480    slow_vdd1v0   worst 
ADDFX2            20   157.320    slow_vdd1v0   worst 
ADDHX1            29   109.098    slow_vdd1v0   worst 
ADDHX2             2    10.260    slow_vdd1v0   worst 
AND2X1            64    87.552    slow_vdd1v0   worst 
AND2X4             1     2.736    slow_vdd1v0   worst 
AND2X6            14    52.668    slow_vdd1v0   worst 
AND3X6             2     8.892    slow_vdd1v0   worst 
AND3XL             7    14.364    slow_vdd1v0   worst 
AND4X1             1     2.394    slow_vdd1v0   worst 
AO21X1             1     2.394    slow_vdd1v0   worst 
AO22X1            27    73.872    slow_vdd1v0   worst 
AOI211X1           1     2.394    slow_vdd1v0   worst 
AOI211X2           1     3.420    slow_vdd1v0   worst 
AOI21X1            9    15.390    slow_vdd1v0   worst 
AOI22X1          351   720.252    slow_vdd1v0   worst 
AOI22X2            2     7.524    slow_vdd1v0   worst 
AOI31X2            1     3.420    slow_vdd1v0   worst 
BUFX2              5     8.550    slow_vdd1v0   worst 
BUFX8             32   120.384    slow_vdd1v0   worst 
CLKINVX4           7    11.970    slow_vdd1v0   worst 
CLKMX2X6          11    48.906    slow_vdd1v0   worst 
CLKXOR2X1          2     5.472    slow_vdd1v0   worst 
CLKXOR2X2          1     3.420    slow_vdd1v0   worst 
DFFRHQX1          32   196.992    slow_vdd1v0   worst 
INVX1             68    46.512    slow_vdd1v0   worst 
INVX2              3     3.078    slow_vdd1v0   worst 
INVX3              1     1.368    slow_vdd1v0   worst 
INVX6              6    14.364    slow_vdd1v0   worst 
INVXL              1     0.684    slow_vdd1v0   worst 
MX2X1              3     7.182    slow_vdd1v0   worst 
NAND2BX1           5     6.840    slow_vdd1v0   worst 
NAND2BX2           5    11.970    slow_vdd1v0   worst 
NAND2BX4           1     3.762    slow_vdd1v0   worst 
NAND2X1          122   125.172    slow_vdd1v0   worst 
NAND2X2            1     1.710    slow_vdd1v0   worst 
NAND3BX2           1     3.078    slow_vdd1v0   worst 
NAND3X2            1     2.736    slow_vdd1v0   worst 
NOR2BX1            9    12.312    slow_vdd1v0   worst 
NOR2X1            16    16.416    slow_vdd1v0   worst 
NOR3BX1            1     2.052    slow_vdd1v0   worst 
NOR3X1             8    13.680    slow_vdd1v0   worst 
NOR4X2             7    23.940    slow_vdd1v0   worst 
OA21X1            12    24.624    slow_vdd1v0   worst 
OA22X1             3     7.182    slow_vdd1v0   worst 
OAI21X1           15    25.650    slow_vdd1v0   worst 
OAI22X1           15    30.780    slow_vdd1v0   worst 
OAI22X2            1     3.420    slow_vdd1v0   worst 
OAI2BB1X1         10    17.100    slow_vdd1v0   worst 
OAI31X1            5    10.260    slow_vdd1v0   worst 
OR2X1             11    15.048    slow_vdd1v0   worst 
OR2X2              1     1.710    slow_vdd1v0   worst 
OR3X1              2     4.104    slow_vdd1v0   worst 
OR4X1              4     8.208    slow_vdd1v0   worst 
XNOR2X1          199   476.406    slow_vdd1v0   worst 
------------------------------------------------------
total           1356  3596.472                


                                         
     Type      Instances   Area   Area % 
-----------------------------------------
sequential            32  196.992    5.5 
inverter              86   77.976    2.2 
buffer                37  128.934    3.6 
logic               1201 3192.570   88.8 
physical_cells         0    0.000    0.0 
-----------------------------------------
total               1356 3596.472  100.0 

