============================================================
  Generated by:           Genus(TM) Synthesis Solution 21.10-p002_1
  Generated on:           Feb 07 2025  02:33:52 pm
  Module:                 ieee754multiplier
  Operating conditions:   PVT_0P9V_125C 
  Operating conditions:   PVT_1P32V_0C 
  Interconnect mode:      global
  Area mode:              physical library
============================================================

Timing
--------

Clock  Period  
---------------
clk   100000.0 


  Cost    Critical         Violating 
 Group   Path Slack  TNS     Paths   
-------------------------------------
clk         84297.5   0.0          0 
default    No paths   0.0            
-------------------------------------
Total                 0.0          0 

Instance Count
--------------
Leaf Instance Count             1356 
Physical Instance count            0 
Sequential Instance Count         32 
Combinational Instance Count    1324 
Hierarchical Instance Count        0 

Area
----
Cell Area                          3596.472
Physical Cell Area                 0.000
Total Cell Area (Cell+Physical)    3596.472
Net Area                           1978.417
Total Area (Cell+Physical+Net)     5574.889

Max Fanout                         32 (n_47)
Min Fanout                         0 (n_140)
Average Fanout                     2.3
Terms to net ratio                 3.2121
Terms to instance ratio            3.9535
Runtime                            38.374134999999995 seconds
Elapsed Runtime                    49 seconds
Genus peak memory usage            1692.17 
Innovus peak memory usage          no_value 
Hostname                           cinova05.lesc.ufc.br
