============================================================
  Generated by:           Genus(TM) Synthesis Solution 21.10-p002_1
  Generated on:           Feb 07 2025  02:33:52 pm
  Module:                 ieee754multiplier
  Operating conditions:   PVT_0P9V_125C 
  Operating conditions:   PVT_1P32V_0C 
  Interconnect mode:      global
  Area mode:              physical library
============================================================


Path 1: MET (84298 ps) Setup Check with Pin result_reg[28]/CK->D
          Group: clk
     Startpoint: (R) input_a[0]
          Clock: (R) clk
       Endpoint: (R) result_reg[28]/D
          Clock: (R) clk

                     Capture       Launch     
        Clock Edge:+  100000            0     
        Drv Adjust:+       0            0     
       Src Latency:+       0            0     
       Net Latency:+     100 (I)      100 (I) 
           Arrival:=  100100          100     
                                              
             Setup:-     134                  
       Uncertainty:-      50                  
     Required Time:=   99916                  
      Launch Clock:-     100                  
       Input Delay:-     300                  
         Data Path:-   15219                  
             Slack:=   84298                  

Exceptions/Constraints:
  input_delay             300             ieee754multiplier.sd_line_30_32_1 

#---------------------------------------------------------------------------------------------------------
#          Timing Point           Flags    Arc   Edge   Cell     Fanout Load Trans Delay Arrival Instance 
#                                                                       (fF)  (ps)  (ps)   (ps)  Location 
#---------------------------------------------------------------------------------------------------------
  input_a[0]                      -       -      R     (arrival)     23 43.7   264     0     400    (-,-) 
  mul_34_36_g10265/CO             -       A->CO  R     ADDHX2         2  4.8    82   318     718    (-,-) 
  mul_34_36_g10231/Y              -       B->Y   R     OR2X1          1  3.5    85   131     849    (-,-) 
  mul_34_36_g10024__5115/CO       -       CI->CO R     ADDFX2         1  3.5    82   260    1109    (-,-) 
  mul_34_36_g9982__6260/CO        -       CI->CO R     ADDFX2         1  3.5    82   259    1368    (-,-) 
  mul_34_36_g9951__5477/CO        -       CI->CO R     ADDFX2         1  3.5    82   259    1627    (-,-) 
  mul_34_36_g9918__2883/CO        -       CI->CO R     ADDFX2         1  3.5    82   259    1885    (-,-) 
  mul_34_36_g9891__2346/CO        -       CI->CO R     ADDFX2         1  3.5    82   259    2144    (-,-) 
  mul_34_36_g9865__7410/CO        -       CI->CO R     ADDFX2         1  3.5    82   259    2403    (-,-) 
  mul_34_36_g9841__5107/CO        -       CI->CO R     ADDFX2         1  3.5    82   259    2662    (-,-) 
  mul_34_36_g9817__5526/CO        -       CI->CO R     ADDFX2         1  3.5    82   259    2920    (-,-) 
  mul_34_36_g9792__1617/CO        -       CI->CO R     ADDFX2         1  3.5    82   259    3179    (-,-) 
  mul_34_36_g9765__2802/CO        -       CI->CO R     ADDFX2         1  3.5    82   259    3438    (-,-) 
  mul_34_36_g9738__5122/CO        -       CI->CO R     ADDFX2         1  3.5    82   259    3696    (-,-) 
  mul_34_36_g9712__7098/CO        -       CI->CO R     ADDFX2         1  3.5    82   259    3955    (-,-) 
  mul_34_36_g9688__7482/CO        -       CI->CO R     ADDFX2         1  3.5    82   259    4214    (-,-) 
  mul_34_36_g9662__9315/CO        -       CI->CO R     ADDFX2         1  3.5    82   259    4472    (-,-) 
  mul_34_36_g9637__2346/CO        -       CI->CO R     ADDFX2         1  3.5    82   259    4731    (-,-) 
  mul_34_36_g9611__6417/CO        -       CI->CO R     ADDFX2         1  3.5    82   259    4990    (-,-) 
  mul_34_36_g9587__6260/S         -       CI->S  F     ADDFX2         8 16.1   250   472    5462    (-,-) 
  mul_34_36_g9583__6417/Y         -       A1->Y  R     AOI22X1        1  3.3   217   271    5733    (-,-) 
  mul_34_36_g9565__1705/Y         -       B->Y   F     NAND2X1        1  3.3   226   247    5980    (-,-) 
  mul_34_36_g9555__5107/Y         -       B->Y   F     XNOR2X1        1  3.4   103   245    6226    (-,-) 
  mul_34_36_cdnfadd_019_4__6131/S -       CI->S  R     ADDFX1         1  3.3    97   348    6574    (-,-) 
  mul_34_36_g9392/Y               -       A->Y   F     INVX1          2  5.5   162   142    6716    (-,-) 
  mul_34_36_g9388__1881/Y         -       A1->Y  R     AOI22X2        2  5.0   173   199    6915    (-,-) 
  mul_34_36_g9383__1705/Y         -       B0->Y  R     OA21X1         1  3.3    86   247    7162    (-,-) 
  mul_34_36_g9381__2802/Y         -       B->Y   F     NAND2X1        1  3.3   213   175    7336    (-,-) 
  mul_34_36_g9377__6783/Y         -       A1->Y  R     OAI21X1        1  3.1   194   228    7564    (-,-) 
  mul_34_36_g9369__5107/Y         -       B->Y   R     AND2X1         1  3.3    84   247    7811    (-,-) 
  mul_34_36_g9368__2398/Y         -       A1->Y  F     OAI22X1        1  3.3   253   213    8023    (-,-) 
  mul_34_36_g9367__5477/Y         -       B0->Y  R     OAI2BB1X1      1  3.5   129   200    8223    (-,-) 
  mul_34_36_g9366__6417/CO        -       CI->CO R     ADDFX1         1  3.5    99   265    8488    (-,-) 
  mul_34_36_g9365__7410/CO        -       CI->CO R     ADDFX1         1  3.5    98   250    8738    (-,-) 
  mul_34_36_g9364__1666/CO        -       CI->CO R     ADDFX1         1  3.5    98   250    8987    (-,-) 
  mul_34_36_g9363__2346/CO        -       CI->CO R     ADDFX1         1  3.5    98   250    9237    (-,-) 
  mul_34_36_g9362__2883/CO        -       CI->CO R     ADDFX1         1  3.5    98   250    9486    (-,-) 
  mul_34_36_g9361__9945/CO        -       CI->CO R     ADDFX1         1  3.5    98   250    9736    (-,-) 
  mul_34_36_g9360__9315/CO        -       CI->CO R     ADDFX1         1  3.5    98   250    9986    (-,-) 
  mul_34_36_g9359__6161/CO        -       CI->CO R     ADDFX1         1  3.5    98   250   10235    (-,-) 
  mul_34_36_g9358__4733/CO        -       CI->CO R     ADDFX1         1  3.5    98   250   10485    (-,-) 
  mul_34_36_g9357__7482/CO        -       CI->CO R     ADDFX1         1  3.5    98   250   10734    (-,-) 
  mul_34_36_g9356__5115/CO        -       CI->CO R     ADDFX1         1  3.5    98   250   10984    (-,-) 
  mul_34_36_g9355__1881/CO        -       CI->CO R     ADDFX1         1  3.5    98   250   11234    (-,-) 
  mul_34_36_g9354__6131/CO        -       CI->CO R     ADDFX1         1  3.5    98   250   11483    (-,-) 
  mul_34_36_g9353__7098/CO        -       CI->CO R     ADDFX1         1  3.5    98   250   11733    (-,-) 
  mul_34_36_g9352__8246/CO        -       CI->CO R     ADDFX1         1  3.5    98   250   11982    (-,-) 
  mul_34_36_g9351__5122/CO        -       CI->CO R     ADDFX1         1  3.5    98   250   12232    (-,-) 
  mul_34_36_g9350__1705/CO        -       CI->CO R     ADDFX1         1  3.5    98   250   12482    (-,-) 
  mul_34_36_g9349__2802/CO        -       CI->CO R     ADDFX1         1  3.5    98   250   12731    (-,-) 
  mul_34_36_g9348__1617/CO        -       CI->CO R     ADDFX1         1  3.5    98   250   12981    (-,-) 
  mul_34_36_g9347__3680/CO        -       CI->CO R     ADDFX1         1  3.5    98   250   13230    (-,-) 
  mul_34_36_g9346__6783/CO        -       CI->CO R     ADDFX1         1  3.5    98   250   13480    (-,-) 
  mul_34_36_g9345__5526/CO        -       CI->CO R     ADDFX1         1  3.5    98   250   13730    (-,-) 
  mul_34_36_g9344__8428/CO        -       CI->CO R     ADDFX1         1  3.5    98   250   13979    (-,-) 
  mul_34_36_g9343__4319/CO        -       CI->CO R     ADDFX1         1  3.3    94   247   14227    (-,-) 
  mul_34_36_g9342__6260/Y         -       B->Y   R     XNOR2X1        2  5.6   133   213   14440    (-,-) 
  g2110__6417/Y                   -       B->Y   R     AND2X6        32 55.8   216   286   14725    (-,-) 
  g2041__6131/Y                   -       B->Y   F     NAND2X1        1  3.1   216   241   14966    (-,-) 
  g2036__1705/Y                   -       A1N->Y F     OAI2BB1X1      1  3.2   214   254   15221    (-,-) 
  g2034__2802/Y                   -       B0->Y  R     OAI31X1        1  3.1   279   169   15389    (-,-) 
  drc/Y                           -       A->Y   R     BUFX2          1  3.2    51   229   15619    (-,-) 
  result_reg[28]/D                <<<     -      R     DFFRHQX1       1    -     -     0   15619    (-,-) 
#---------------------------------------------------------------------------------------------------------

