============================================================
  Generated by:           Genus(TM) Synthesis Solution 21.10-p002_1
  Generated on:           Feb 27 2025  12:21:47 pm
  Module:                 multiplier32FP
  Operating conditions:   PVT_0P9V_125C 
  Operating conditions:   PVT_1P32V_0C 
  Interconnect mode:      global
  Area mode:              physical library
============================================================

Timing
--------

Clock  Period  
---------------
clk   100000.0 


  Cost    Critical         Violating 
 Group   Path Slack  TNS     Paths   
-------------------------------------
clk         95752.5   0.0          0 
default    No paths   0.0            
-------------------------------------
Total                 0.0          0 

Instance Count
--------------
Leaf Instance Count             1328 
Physical Instance count            0 
Sequential Instance Count         75 
Combinational Instance Count    1253 
Hierarchical Instance Count        0 

Area
----
Cell Area                          4038.678
Physical Cell Area                 0.000
Total Cell Area (Cell+Physical)    4038.678
Net Area                           1954.621
Total Area (Cell+Physical+Net)     5993.299

Max Fanout                         40 (clk)
Min Fanout                         1 (a_i[23])
Average Fanout                     2.2
Terms to net ratio                 3.1439
Terms to instance ratio            4.0459
Runtime                            31.41427 seconds
Elapsed Runtime                    49 seconds
Genus peak memory usage            1705.27 
Innovus peak memory usage          no_value 
Hostname                           cinova05.lesc.ufc.br
