============================================================
  Generated by:           Genus(TM) Synthesis Solution 21.10-p002_1
  Generated on:           Feb 28 2025  04:22:05 pm
  Module:                 multiplier32FP
  Operating conditions:   PVT_0P9V_125C 
  Operating conditions:   PVT_1P32V_0C 
  Interconnect mode:      global
  Area mode:              physical library
============================================================


Path 1: MET (47484 ps) Setup Check with Pin product_o_reg[1]/CK->D
          Group: clk
     Startpoint: (R) product_o_reg[1]/CK
          Clock: (R) clk
       Endpoint: (R) product_o_reg[1]/D
          Clock: (R) clk

                     Capture       Launch     
        Clock Edge:+   50000            0     
       Src Latency:+       0            0     
       Net Latency:+     105 (I)      105 (I) 
           Arrival:=   50105          105     
                                              
             Setup:-     171                  
       Uncertainty:-      44                  
     Required Time:=   49890                  
      Launch Clock:-     105                  
         Data Path:-    2302                  
             Slack:=   47484                  

#--------------------------------------------------------------------------------------------
#    Timing Point     Flags   Arc   Edge   Cell     Fanout Load Trans Delay Arrival Instance 
#                                                          (fF)  (ps)  (ps)   (ps)  Location 
#--------------------------------------------------------------------------------------------
  product_o_reg[1]/CK <<<     -     R     (arrival)     40    -     0     0     105    (-,-) 
  product_o_reg[1]/Q  -       CK->Q F     DFFRHQX1       1  3.6   101   247     352    (-,-) 
  g5696/Y             -       A->Y  F     BUFX8          3 51.4   192   204     556    (-,-) 
  g5556__5526/Y       -       C->Y  F     OR4X1          2  4.8   154   380     936    (-,-) 
  g5552__5107/Y       -       A1->Y F     OA21X1         2  5.0   143   239    1175    (-,-) 
  g5522__1705/Y       -       A2->Y R     OAI31X1        1  3.1   278   248    1424    (-,-) 
  g5520__1617/Y       -       B->Y  R     AND2X1         1  3.7    93   294    1717    (-,-) 
  g5518__3680/Y       -       A->Y  R     OR3X8         32 59.8   177   222    1939    (-,-) 
  g5510__5477/Y       -       A0->Y F     AOI22X1        1  3.2   258   273    2212    (-,-) 
  g5477__2883/Y       -       B->Y  R     NAND2X1        1  3.2   126   194    2407    (-,-) 
  product_o_reg[1]/D  <<<     -     R     DFFRHQX1       1    -     -     0    2407    (-,-) 
#--------------------------------------------------------------------------------------------

