============================================================
  Generated by:           Genus(TM) Synthesis Solution 21.10-p002_1
  Generated on:           Feb 27 2025  10:49:21 pm
  Module:                 multiplier32FP
  Operating conditions:   PVT_0P9V_125C 
  Operating conditions:   PVT_1P32V_0C 
  Interconnect mode:      global
  Area mode:              physical library
============================================================

                                              Library 
   Gate    Instances    Area       Library     Domain 
------------------------------------------------------
ADDFX1           292  1497.960    slow_vdd1v0   worst 
ADDHX1            20    75.240    slow_vdd1v0   worst 
AND2X1            11    15.048    slow_vdd1v0   worst 
AND2X2             1     1.710    slow_vdd1v0   worst 
AND2X4             3     8.208    slow_vdd1v0   worst 
AND3X6             1     4.446    slow_vdd1v0   worst 
AO21X1             2     4.788    slow_vdd1v0   worst 
AO22X1            48   131.328    slow_vdd1v0   worst 
AOI21X1            1     1.710    slow_vdd1v0   worst 
AOI22X1           41    84.132    slow_vdd1v0   worst 
AOI22X2            1     3.762    slow_vdd1v0   worst 
BUFX8             37   139.194    slow_vdd1v0   worst 
CLKINVX4           6    10.260    slow_vdd1v0   worst 
CLKINVX6          10    23.940    slow_vdd1v0   worst 
CLKXOR2X1          4    10.944    slow_vdd1v0   worst 
DFFRHQX1          38   233.928    slow_vdd1v0   worst 
DFFRX2             1     7.524    slow_vdd1v0   worst 
DFFRX4             1     9.576    slow_vdd1v0   worst 
INVX1             25    17.100    slow_vdd1v0   worst 
INVX2              8     8.208    slow_vdd1v0   worst 
INVX3             12    16.416    slow_vdd1v0   worst 
INVX6             11    26.334    slow_vdd1v0   worst 
INVXL              1     0.684    slow_vdd1v0   worst 
MX2X1              4     9.576    slow_vdd1v0   worst 
MXI2X1             9    24.624    slow_vdd1v0   worst 
NAND2BX1           3     4.104    slow_vdd1v0   worst 
NAND2X1           45    46.170    slow_vdd1v0   worst 
NAND3BX2           2     6.156    slow_vdd1v0   worst 
NAND3X2            3     8.208    slow_vdd1v0   worst 
NOR2BX1            1     1.368    slow_vdd1v0   worst 
NOR2X1            24    24.624    slow_vdd1v0   worst 
NOR2X2             2     3.420    slow_vdd1v0   worst 
NOR3X2             1     2.736    slow_vdd1v0   worst 
OA21X1             1     2.052    slow_vdd1v0   worst 
OA22X4             1     4.104    slow_vdd1v0   worst 
OAI21X1           14    23.940    slow_vdd1v0   worst 
OAI22X1          258   529.416    slow_vdd1v0   worst 
OAI2BB1X1         26    44.460    slow_vdd1v0   worst 
OAI31X1            1     2.052    slow_vdd1v0   worst 
OAI32X2            1     4.446    slow_vdd1v0   worst 
OR2X1             13    17.784    slow_vdd1v0   worst 
OR2X6              9    33.858    slow_vdd1v0   worst 
OR3X1              1     2.052    slow_vdd1v0   worst 
OR3X8              1     5.472    slow_vdd1v0   worst 
OR4X1             23    47.196    slow_vdd1v0   worst 
OR4X8              1     6.156    slow_vdd1v0   worst 
TLATNXL           33   180.576    slow_vdd1v0   worst 
XNOR2X1          274   655.956    slow_vdd1v0   worst 
XNOR2X4            1     3.762    slow_vdd1v0   worst 
------------------------------------------------------
total           1327  4026.708                


                                         
     Type      Instances   Area   Area % 
-----------------------------------------
sequential            73  431.604   10.7 
inverter              73  102.942    2.6 
buffer                37  139.194    3.5 
logic               1144 3352.968   83.3 
physical_cells         0    0.000    0.0 
-----------------------------------------
total               1327 4026.708  100.0 

