============================================================
  Generated by:           Genus(TM) Synthesis Solution 21.10-p002_1
  Generated on:           Feb 27 2025  07:23:07 pm
  Module:                 multiplier32FP
  Operating conditions:   PVT_0P9V_125C 
  Operating conditions:   PVT_1P32V_0C 
  Interconnect mode:      global
  Area mode:              physical library
============================================================


Path 1: MET (45752 ps) Setup Check with Pin product_o_reg[26]/CK->D
          Group: clk
     Startpoint: (R) product_o_reg[16]/CK
          Clock: (R) clk
       Endpoint: (R) product_o_reg[26]/D
          Clock: (R) clk

                     Capture       Launch     
        Clock Edge:+   50000            0     
       Src Latency:+       0            0     
       Net Latency:+     105 (I)      105 (I) 
           Arrival:=   50105          105     
                                              
             Setup:-     171                  
       Uncertainty:-      44                  
     Required Time:=   49890                  
      Launch Clock:-     105                  
         Data Path:-    4033                  
             Slack:=   45752                  

#---------------------------------------------------------------------------------------------
#    Timing Point      Flags   Arc   Edge   Cell     Fanout Load Trans Delay Arrival Instance 
#                                                           (fF)  (ps)  (ps)   (ps)  Location 
#---------------------------------------------------------------------------------------------
  product_o_reg[16]/CK -       -     R     (arrival)     40    -     0     0     105    (-,-) 
  product_o_reg[16]/Q  -       CK->Q F     DFFRHQX1       1  3.6   101   247     352    (-,-) 
  g5711/Y              -       A->Y  F     BUFX8          3 51.4   192   204     556    (-,-) 
  g5652__2802/Y        -       A->Y  F     OR4X1          1  3.1   112   395     950    (-,-) 
  g5629__9315/Y        -       D->Y  F     OR4X1          1  3.1   112   282    1233    (-,-) 
  g5622__1881/Y        -       D->Y  F     OR4X1          1  3.1   112   282    1515    (-,-) 
  g5591__6131/Y        -       D->Y  F     OR4X1          1  3.1   112   282    1797    (-,-) 
  g5564__5122/Y        -       D->Y  F     OR4X1          1  3.1   112   282    2079    (-,-) 
  g5560__1617/Y        -       D->Y  F     OR4X1          1  3.1   112   282    2361    (-,-) 
  g5556__5526/Y        -       D->Y  F     OR4X1          2  4.8   154   305    2666    (-,-) 
  g5552__5107/Y        -       A1->Y F     OA21X1         2  5.0   143   239    2906    (-,-) 
  g5522__1705/Y        -       A2->Y R     OAI31X1        1  3.1   278   248    3154    (-,-) 
  g5520__1617/Y        -       B->Y  R     AND2X1         1  3.7    93   294    3448    (-,-) 
  g5518__3680/Y        -       A->Y  R     OR3X8         32 59.8   177   222    3670    (-,-) 
  g5504__9945/Y        -       A0->Y F     AOI22X1        1  3.2   258   273    3943    (-,-) 
  g5472__7482/Y        -       B->Y  R     NAND2X1        1  3.2   126   195    4138    (-,-) 
  product_o_reg[26]/D  <<<     -     R     DFFRHQX1       1    -     -     0    4138    (-,-) 
#---------------------------------------------------------------------------------------------

