xrun(64): 22.09-s013: (c) Copyright 1995-2023 Cadence Design Systems, Inc.
TOOL:	xrun(64)	22.09-s013: Started on Dec 16, 2024 at 16:59:59 -03
xrun
	-64bit
	bit_generator_tb.sv
	bit_generator.sv
	../oscillator/clock_divider_tb.sv
	+access+rw
	+gui
	-s
Recompiling... reason: file './bit_generator_tb.sv' is newer than expected.
	expected: Mon Dec 16 16:58:56 2024
	actual:   Mon Dec 16 16:59:58 2024
file: bit_generator_tb.sv
	module worklib.BIT_GENERATOR_TB:sv
		errors: 0, warnings: 0
		Caching library 'worklib' ....... Done
	Elaborating the design hierarchy:
		Caching library 'worklib' ....... Done
	Top level design units:
		BIT_GENERATOR_TB
		CLOCK_DIVIDER_TB
xmelab: *W,DSEMEL: This SystemVerilog design will be simulated as per IEEE 1800-2009 SystemVerilog simulation semantics. Use -disable_sem2009 option for turning off SV 2009 simulation semantics.
        .input_bit(1),
                   |
xmelab: *W,CUVMPW (./bit_generator_tb.sv,23|19): port sizes differ in port connection(32/1) for the instance(BIT_GENERATOR_TB) .
	Building instance overlay tables: .................... Done
	Generating native compiled code:
		worklib.BIT_GENERATOR_TB:sv <0x0fbfdcd3>
			streams:   8, words:  7837
		worklib.BIT_GENERATOR:sv <0x0d490c80>
			streams:   3, words:  1029
	Building instance specific data structures.
	Loading native compiled code:     .................... Done
	Design hierarchy summary:
		                 Instances  Unique
		Modules:                 5       4
		Registers:              17      14
		Scalar wires:           11       -
		Vectored wires:          1       -
		Always blocks:           3       2
		Initial blocks:          6       5
		Pseudo assignments:      9       9
		Simulation timescale:  1ns
	Writing initial simulation snapshot: worklib.BIT_GENERATOR_TB:sv
xmsim: *W,NOMTDGUI: Multi-Threaded Dumping is disabled for interactive debug mode.
xmsim: *W,DSEM2009: This SystemVerilog design is simulated as per IEEE 1800-2009 SystemVerilog simulation semantics. Use -disable_sem2009 option for turning off SV 2009 simulation semantics.
xcelium> 
xcelium> source /home/tools/cadence/installs/XCELIUM2209/tools/xcelium/files/xmsimrc
xcelium> 
-------------------------------------
Relinquished control to SimVision...
# Restoring simulation environment...
xcelium> input -quiet .reinvoke.sim
xcelium> file delete .reinvoke.sim
xcelium> run
xmsim: *W,DFUSE: $dumpfile BIT_GENERATOR_TB.vcd is already in use (VCD file).
            File: ./bit_generator_tb.sv, line = 43, pos = 16
           Scope: BIT_GENERATOR_TB
            Time: 0 FS + 0

xmsim: *W,DFUSE: $dumpfile CLOCK_DIVIDER_TB.vcd is already in use (VCD file).
            File: ../oscillator/clock_divider_tb.sv, line = 31, pos = 16
           Scope: CLOCK_DIVIDER_TB
            Time: 0 FS + 0

Index 0: 0
Simulation complete via $finish(1) at time 301400 NS + 0
../oscillator/clock_divider_tb.sv:48         $finish;
xcelium> ^C
xcelium> exit
TOOL:	xrun(64)	22.09-s013: Exiting on Dec 16, 2024 at 17:01:06 -03  (total: 00:01:07)
