\o Program:		@(#)$CDS: cdsLibEditor version 23.1 - CAT38 08/20/2024 18:28 (cpgsrv14) $
\o Sub version:		sub-version  s091 
\o Arguments:		-cdslib /home/cinovador/Documents/course_files/digital_logic/practice_2/cds.lib -mpssession virtuoso32319 -mpshost cinova05.lesc.ufc.br -mpsversion 23.1 
\o Working Directory:	cinova05.lesc.ufc.br:/home/cinovador/Documents/course_files/digital_logic/practice_2
\o 64-bit offsets
\a nrSetWindowVisibility(cdsLibEditor "show")
\o Qt version: 		5.15.9
\a nrSetCurrentWindow(cdsLibEditor)
\a nrListItemAction(cdsLibEditor->mainTable 0 0)
\o Active cell: 0 0 "analogLib"
\a nrResizeWindow(cdsLibEditor list(2020 127 500 400))
\a nrResizeWindow(cdsLibEditor list(2344 135 500 400))
\a nrListItemAction(cdsLibEditor->mainTable 7 0)
\o Active cell: 7 0 ""
\a nrSetCurrentWindow(cdsLibEditor)
\a nrListItemAction(cdsLibEditor->mainTable 0 1)
\o Active cell: 0 1 "$(compute:THIS_TOOL_INST_ROOT)/tools/dfII//etc/cdslib/artist/analogLib"
\a nrResizeWindow(cdsLibEditor list(1920 27 1920 983))
\a nrListItemAction(cdsLibEditor->mainTable 4 1)
\o Active cell: 4 1 "/home/cinovador/Documents/course_files/practice_0/lab1"
\a nrListItemAction(cdsLibEditor->mainTable 7 1)
\o Active cell: 7 1 ""
\a nrListItemRename(cdsLibEditor->mainTable, 7 1 "/home/cinovador/Documents/course_files/practice_0/lab1/fanout-5")
\a nrListItemAction(cdsLibEditor->mainTable 7 0)
\o Active cell: 7 0 ""
\a nrListItemRename(cdsLibEditor->mainTable, 7 0 "fanout-5")
\o QUESTION (CLE-200): The directory "/home/cinovador/Documents/course_files/practice_0/lab1/fanout-5" \ndoesn't exist. If other tools use this file, \nan error will occur unless you either create \nthe directory you have specified or change the \npath to an existing directory. \n\nDo you want to create a new library? 
\a nrSetWindowVisibility(needCreateDialog "show")
\a nrSetCurrentWindow(needCreateDialog)
\a nrResizeWindow(needCreateDialog list(2638 421 484 196))
\a needCreateDialog->cancelButton->value = t
\a nrListItemAction(cdsLibEditor->mainTable 7 1)
\o Active cell: 7 1 "/home/cinovador/Documents/course_files/practice_0/lab1/fanout-5"
\a nrSetCurrentWindow(cdsLibEditor)
\a nrResizeWindow(needCreateDialog list(2638 384 484 196))
\a nrListItemRename(cdsLibEditor->mainTable, 7 1 "/home/cinovador/Documents/course_files/practice_0/lab1/fanout5")
\a nrListItemAction(cdsLibEditor->mainTable 8 0)
\o Active cell: 8 0 ""
\a nrListItemAction(cdsLibEditor->mainTable 7 0)
\o Active cell: 7 0 "fanout-5"
\a nrListItemRename(cdsLibEditor->mainTable, 7 0 "fanout5")
\a nrListItemAction(cdsLibEditor->mainTable 7 1)
\o Active cell: 7 1 "/home/cinovador/Documents/course_files/practice_0/lab1/fanout5"
\a nrListItemAction(cdsLibEditor->mainTable 8 0)
\o Active cell: 8 0 ""
\a nrListItemAction(cdsLibEditor->mainTable 8 1)
\o Active cell: 8 1 ""
\a nrListItemAction(cdsLibEditor->mainTable 7 1)
\o Active cell: 7 1 "/home/cinovador/Documents/course_files/practice_0/lab1/fanout5"
\a nrSetCurrentWindow(cdsLibEditor)
\a nrListItemAction(cdsLibEditor->mainTable 8 1)
\o Active cell: 8 1 ""
\a cdsLibEditor->fileSaveButton->value = t
\a nrListItemAction(cdsLibEditor->mainTable 7 1)
\o Active cell: 7 1 "/home/cinovador/Documents/course_files/practice_0/lab1/fanout5"
\a nrListItemAction(cdsLibEditor->mainTable 8 0)
\o Active cell: 8 0 ""
\a nrSetCurrentWindow(cdsLibEditor)
\a nrListItemAction(cdsLibEditor->mainTable 7 1)
\o Active cell: 7 1 "/home/cinovador/Documents/course_files/practice_0/lab1/fanout5"
\a nrListItemRename(cdsLibEditor->mainTable, 7 1 "/lab1_part2/fanout#2dtests/")
\o QUESTION (CLE-200): The directory "/lab1_part2/fanout#2dtests/" \ndoesn't exist. If other tools use this file, \nan error will occur unless you either create \nthe directory you have specified or change the \npath to an existing directory. \n\nDo you want to create a new library? 
\a nrSetCurrentWindow(needCreateDialog)
\a nrResizeWindow(needCreateDialog list(2638 421 484 196))
\a needCreateDialog->cancelButton->value = t
\a nrSetCurrentWindow(cdsLibEditor)
\a nrResizeWindow(needCreateDialog list(2638 384 484 196))
\a nrListItemAction(cdsLibEditor->mainTable 8 1)
\o Active cell: 8 1 ""
\a nrListItemAction(cdsLibEditor->mainTable 6 1)
\o Active cell: 6 1 "/home/cinovador/Documents/course_files/digital_logic/practice_2/logic_gates"
\a nrListItemAction(cdsLibEditor->mainTable 4 1)
\o Active cell: 4 1 "/home/cinovador/Documents/course_files/practice_0/lab1"
\a nrListItemAction(cdsLibEditor->mainTable 7 1)
\o Active cell: 7 1 "/lab1_part2/fanout#2dtests/"
\a nrListItemRename(cdsLibEditor->mainTable, 7 1 "/home/cinovador/Documents/course_files/practice_0/lab1_part2/fanout#2dtests/")
\a nrListItemAction(cdsLibEditor->mainTable 8 0)
\o Active cell: 8 0 ""
\a nrListItemAction(cdsLibEditor->mainTable 7 1)
\o Active cell: 7 1 "/home/cinovador/Documents/course_files/practice_0/lab1_part2/fanout#2dtests/"
\a nrListItemAction(cdsLibEditor->mainTable 7 0)
\o Active cell: 7 0 "fanout5"
\a nrListItemRename(cdsLibEditor->mainTable, 7 0 "fanout#2dtests")
\a nrListItemAction(cdsLibEditor->mainTable 7 1)
\o Active cell: 7 1 "/home/cinovador/Documents/course_files/practice_0/lab1_part2/fanout#2dtests/"
\a nrListItemAction(cdsLibEditor->mainTable 8 1)
\o Active cell: 8 1 ""
\a cdsLibEditor->fileSaveButton->value = t
\a nrSetCurrentWindow(cdsLibEditor)
\a nrListItemAction(cdsLibEditor->mainTable 7 1)
\o Active cell: 7 1 "/home/cinovador/Documents/course_files/practice_0/lab1_part2/fanout#2dtests/"
\a nrSetCurrentWindow(cdsLibEditor)
\a nrSetWindowVisibility(cdsLibEditor "hide")
\a nrSetWindowVisibility(cdsLibEditor "show")
\a nrSetCurrentWindow(cdsLibEditor)
\a nrListItemAction(cdsLibEditor->mainTable 7 0)
\o Active cell: 7 0 "fanout#2dtests"
\a nrListItemAction(cdsLibEditor->mainTable 8 0)
\o Active cell: 8 0 ""
\a nrListItemAction(cdsLibEditor->mainTable 7 0)
\o Active cell: 7 0 "fanout#2dtests"
\a nrListItemAction(cdsLibEditor->mainTable 8 0)
\o Active cell: 8 0 ""
\a nrListItemAction(cdsLibEditor->mainTable 7 0)
\o Active cell: 7 0 "fanout#2dtests"
\a nrListItemRename(cdsLibEditor->mainTable, 7 0 "fanout-tests")
\a nrListItemAction(cdsLibEditor->mainTable 7 1)
\o Active cell: 7 1 "/home/cinovador/Documents/course_files/practice_0/lab1_part2/fanout#2dtests/"
\a nrListItemAction(cdsLibEditor->mainTable 8 0)
\o Active cell: 8 0 ""
\a nrListItemAction(cdsLibEditor->mainTable 7 1)
\o Active cell: 7 1 "/home/cinovador/Documents/course_files/practice_0/lab1_part2/fanout#2dtests/"
\a nrListItemAction(cdsLibEditor->mainTable 8 0)
\o Active cell: 8 0 ""
\a cdsLibEditor->fileSaveButton->value = t
\a nrSetCurrentWindow(cdsLibEditor)
\a cdsLibEditor->fileSaveButton->value = t
\a nrSetCurrentWindow(cdsLibEditor)
\a cdsLibEditor->fileOpenButton->value = t
\o INFO (CLE-137): Open both files to edit the union of library definition lists used by Cadence tools. 
\o INFO (CLE-139): Most Cadence tools use only "cds.lib" for the library definition list.\n\nEditing "lib.defs" is optional for use with other programs.                                        
\a fileOpenGroupDialog->openLibDefsCheckBox->value = nil
\a fileOpenGroupDialog->openCdsLibText->value = "cds.lib"
\a fileOpenGroupDialog->openLibDefsText->value = "lib.defs"
\a fileOpenGroupDialog->openLibDefsText->value = ""
\a nrSetWindowVisibility(fileOpenGroupDialog "show")
\a nrSetCurrentWindow(fileOpenGroupDialog)
\a nrResizeWindow(fileOpenGroupDialog list(2635 405 490 228))
\a fileOpenGroupDialog->cancelButton->value = t
\a nrSetCurrentWindow(cdsLibEditor)
\a nrResizeWindow(fileOpenGroupDialog list(2635 368 490 228))
\a nrSetCurrentWindow(cdsLibEditor)
