\o Program:		@(#)$CDS: libManager version 23.1 - CAT38 08/20/2024 18:26 (cpgsrv14) $
\o Sub version:		sub-version  s091 
\o Arguments:		-unmapped -mpssession virtuoso32319 -mpshost cinova05.lesc.ufc.br -masterPID 32319 -ADVM 
\o Working Directory:	cinova05.lesc.ufc.br:/home/cinovador/Documents/course_files/digital_logic/practice_2
\o 64-bit offsets
\o Qt version: 		5.15.9
\o DB was auto refreshed.
\o MPS virtuoso types registered: 68
\o changeWorkingDir("/home/cinovador/Documents/course_files/digital_logic/practice_2") unnecessary.
\o ddSetForcedLib("") unnecessary.
\o MPS request: update library list
\o DB was auto refreshed.
\o Session hidden cells enabled.
\o MPS request: update library list
\o DB was auto refreshed.
\o MPS request: update library list
\o DB was auto refreshed.
\o MPS request: update library list
\o MPS request: update library list
\o Closing unmapped application from lack of activity.
\o Log file is "/home/cinovador/Documents/course_files/digital_logic/practice_2/libManager.log".
\o Opening libManager window.
\a nrSetWindowVisibility(cdsLibManager "show")
\a _lmgrCloseIconify("cdsLibManager" 1)
\a nrResizeWindow(cdsLibManager list(2318 275 602 491))
