[Simulation Monitor: 11]
[2024-10-23 19:02:58.664 -0300] [PROCESS] [cadence.virtuoso.ade.simulationMonitor] - Started the simulation monitor process {"hostname": "cinova05.lesc.ufc.br", "processid": 25357, "logfile": "/home/cinovador/Documents/course_files/practice_0/logs_cinovador/logs0/Job11.log", "simulation monitor command line": "/home/tools/cadence/installs/IC231/tools.lnx86/dfII/bin/64bit/spectreMonitor --davinciService DaVinciService_5754_1729718690 --axlsession fnxSession3 -lscs 000175E1894CBE06FF0966E38F1FFC06BC4D7EED88199869CA2C7EEDDC43CC33CA2C39A0A173FC06867D66E38F1FFC06BC4D66E38F1FFC06BC4D01FAFD8D8E94DB5400001EA4 -beanhost cinova05.lesc.ufc.br -beanport 11793 -beanLogFile /home/cinovador/Documents/course_files/practice_0/logs_cinovador/logs0/amps_Job11.log -beanbinlog  --domain 0 --interactive yes --netlistOpt no --useMultiPointEvaluation yes --exprEvalShowJobStderr yes --evalSimParallel no --maxSims 0 --historyName ExplorerRun.0 --historyUUID  --exprEvaluator vds --mcMapping mc1.mapping --checkLogStatusInterval 0 --checkSimulatorLogTimeout 1200 --exprEvalMaxTries 3 --maxNFSSyncWait 60 -adeBrokerAddress cinova05.lesc.ufc.br:40285 --statdbType h5v2 --fromADE true --virtuosoBinary virtuoso --guiDisplay cinova05.lesc.ufc.br:0 --globalStatus 60 --evaluateMultiMC yes --evalOnSimFail SkipFailedAnalyses --numRetriesOnError 1 --fenixMode explorer --lingertimeout 300 -ahdlLockTimeout 60 --sdbLib fanout-tests --sdbCell fanout-question-2 --sdbView maestro --heartBeatFileDir /dev/shm --id 11 --uuid fbbdea00-6ef3-4207-ad49-759e849ca4fa --log /home/cinovador/Documents/course_files/practice_0/logs_cinovador/logs0/Job11.log "}
[2024-10-23 19:02:58.664 -0300] [PROCESS] [cadence.virtuoso.ade.simulationMonitor] - Started the simulation monitor process {"hostname": "cinova05.lesc.ufc.br", "processid": 25357, "logfile": "/home/cinovador/Documents/course_files/practice_0/logs_cinovador/logs0/Job11.log", "current directory": "/home/cinovador/Documents/course_files/practice_0"}
[2024-10-23 19:02:58.664 -0300] [PROCESS] [cadence.virtuoso.ade.simulationMonitor] - Simulation Monitor has successfully started up. Trying to set up communication channels to other components ... {"hostname": "cinova05.lesc.ufc.br", "processid": 25357, "logfile": "/home/cinovador/Documents/course_files/practice_0/logs_cinovador/logs0/Job11.log"}
[2024-10-23 19:02:58.754 -0300] [PROCESS] [cadence.virtuoso.ade.simulationMonitor] - Communication channels have been successfully set up. Start processing events ... {"hostname": "cinova05.lesc.ufc.br", "processid": 25357, "logfile": "/home/cinovador/Documents/course_files/practice_0/logs_cinovador/logs0/Job11.log"}
[2024-10-23 19:02:58.754 -0300] [PROCESS] [cadence.virtuoso.ade.simulationMonitor] - Considering to start history {"hostname": "cinova05.lesc.ufc.br", "processid": 25357, "history": "ExplorerRun.0", "logfile": "/home/cinovador/Documents/course_files/practice_0/logs_cinovador/logs0/Job11.log"}
[2024-10-23 19:02:58.756 -0300] [PROCESS] [cadence.virtuoso.ade.simulationMonitor] - HostInfo:
Host name (type):	cinova05.lesc.ufc.br (x86_64)
Operating system:	Linux 4.18.0-553.22.1.el8_10.x86_64 #1 SMP Wed Sep 25 09:20:43 UTC 2024 {"hostname": "cinova05.lesc.ufc.br", "processid": 25357, "history": "ExplorerRun.0", "logfile": "/home/cinovador/Documents/course_files/practice_0/logs_cinovador/logs0/Job11.log", "nodename": "cinova05.lesc.ufc.br", "domainname": "(none)", "machine": "x86_64", "sysname": "Linux", "release": "4.18.0-553.22.1.el8_10.x86_64", "version": "#1 SMP Wed Sep 25 09:20:43 UTC 2024"}
[2024-10-23 19:02:58.756 -0300] [PROCESS] [cadence.virtuoso.ade.simulationMonitor] - UsageInfo:
pid=25357
totalPhysicalMemory=30.835907GB,Used=10.078419GB,totalVirtualMemory=46.441372GB,Used=10.078419GB
Cpu: Cores=20, Load average:0.450000,0.750000,0.720000 {"hostname": "cinova05.lesc.ufc.br", "processid": 25357, "history": "ExplorerRun.0", "logfile": "/home/cinovador/Documents/course_files/practice_0/logs_cinovador/logs0/Job11.log", "pid": "25357", "totalPhysicalMemory": "30.835907", "physicalMemoryUsed": "10.078419", "totalVirtualMemory": "46.441372", "virtualMemoryUsed": "10.078419", "cpuCores": "20", "processes": "1435", "loadAverage1": "0.450000", "loadAverage5": "0.750000", "loadAverage15": "0.720000", "loadAverage1Percent": "0.022500"}
[2024-10-23 19:02:58.756 -0300] [EVENT] [cadence.virtuoso.ade.simulationMonitor] - NewPoint {"history": "ExplorerRun.0", "point": 1, "testname": "fanout-tests_fanout-question-2_1", "cornername": "Nominal", "event": "NewPoint", "EventSource": "Simulation Monitor", "HistoryName": "ExplorerRun.0", "logFile": "/home/cinovador/Documents/course_files/practice_0/logs_cinovador/logs0/Job11.log", "logFileSize": "4325", "category": "simulation"}
[2024-10-23 19:02:58.857 -0300] [EVENT] [cadence.virtuoso.ade.simulationMonitor] - NewPoint {"history": "ExplorerRun.0", "point": 1, "testname": "fanout-tests_fanout-question-2_1", "cornername": "Nominal", "event": "NewPoint", "EventSource": "spectre", "HistoryName": "ExplorerRun.0", "logFile": "/home/cinovador/Documents/course_files/practice_0/lab1_part2/fanout-tests-question-2/fanout-tests/fanout-question-2/maestro/results/maestro/ExplorerRun.0/1/fanout-tests_fanout-question-2_1/psf/spectre.out", "logFileSize": "-1", "category": "simulation"}
[2024-10-23 19:03:08.532 -0300] [PROCESS] [cadence.virtuoso.ade.simulationMonitor] - Simulator launched {"hostname": "cinova05.lesc.ufc.br", "processid": 25357, "history": "ExplorerRun.0", "testname": "fanout-tests_fanout-question-2_1", "cornername": "Nominal", "point": 1, "logfile": "/home/cinovador/Documents/course_files/practice_0/logs_cinovador/logs0/Job11.log", "simid": "1", "event": "launch", "category": "simulation"}
[2024-10-23 19:03:08.532 -0300] [PROCESS] [cadence.virtuoso.ade.simulationMonitor] - Expression evaluator launched {"hostname": "cinova05.lesc.ufc.br", "processid": 25357, "history": "ExplorerRun.0", "testname": "fanout-tests_fanout-question-2_1", "cornername": "Nominal", "point": 1, "logfile": "/home/cinovador/Documents/course_files/practice_0/logs_cinovador/logs0/Job11.log"}
[2024-10-23 19:03:08.564 -0300] [PROCESS] [cadence.virtuoso.ade.simulationMonitor] - Started Simulation {"hostname": "cinova05.lesc.ufc.br", "processid": 25357, "history": "ExplorerRun.0", "testname": "fanout-tests_fanout-question-2_1", "cornername": "Nominal", "point": 1, "logfile": "/home/cinovador/Documents/course_files/practice_0/logs_cinovador/logs0/Job11.log", "event": "start", "category": "simulation"}
[2024-10-23 19:03:10.565 -0300] [INFO] [cadence.virtuoso.ade.simulationMonitor] - Peak resident memory used = 188 Mbytes. {"history": "ExplorerRun.0", "point": 1, "testname": "fanout-tests_fanout-question-2_1", "cornername": "Nominal"}
[2024-10-23 19:03:10.565 -0300] [INFO] [cadence.virtuoso.ade.simulationMonitor] - Peak resident memory used = 200 Mbytes. {"history": "ExplorerRun.0", "point": 1, "testname": "fanout-tests_fanout-question-2_1", "cornername": "Nominal"}
[2024-10-23 19:03:10.565 -0300] [INFO] [cadence.virtuoso.ade.simulationMonitor] - Notice from spectre during hierarchy flattening.
    The value 'psf' specified for the 'checklimitdest' option will no longer be supported in future releases. Use 'spectre -h' to see other recommended values for the 'checklimitdest' option. {"history": "ExplorerRun.0", "point": 1, "testname": "fanout-tests_fanout-question-2_1", "cornername": "Nominal"}
[2024-10-23 19:03:10.565 -0300] [INFO] [cadence.virtuoso.ade.simulationMonitor] - Peak resident memory used = 201 Mbytes. {"history": "ExplorerRun.0", "point": 1, "testname": "fanout-tests_fanout-question-2_1", "cornername": "Nominal"}
[2024-10-23 19:03:11.065 -0300] [INFO] [cadence.virtuoso.ade.simulationMonitor] - Notice from spectre during initial setup.
    Multithreading is disabled due to the size of the design being too small. {"history": "ExplorerRun.0", "point": 1, "testname": "fanout-tests_fanout-question-2_1", "cornername": "Nominal"}
[2024-10-23 19:03:11.066 -0300] [INFO] [cadence.virtuoso.ade.simulationMonitor] -               nodes 11 {"history": "ExplorerRun.0", "point": 1, "testname": "fanout-tests_fanout-question-2_1", "cornername": "Nominal"}
[2024-10-23 19:03:11.066 -0300] [INFO] [cadence.virtuoso.ade.simulationMonitor] - Notice from spectre during initial setup.
    Protected devices exist and are not included in the circuit inventory.
    APS enabled. {"history": "ExplorerRun.0", "point": 1, "testname": "fanout-tests_fanout-question-2_1", "cornername": "Nominal"}
[2024-10-23 19:03:11.066 -0300] [INFO] [cadence.virtuoso.ade.simulationMonitor] - Peak resident memory used = 205 Mbytes. {"history": "ExplorerRun.0", "point": 1, "testname": "fanout-tests_fanout-question-2_1", "cornername": "Nominal"}
[2024-10-23 19:03:11.066 -0300] [INFO] [cadence.virtuoso.ade.simulationMonitor] -    -   (APS) Multi-threading. The recommended number of threads is 1, consider adding +mt=1 on command line. {"history": "ExplorerRun.0", "point": 1, "testname": "fanout-tests_fanout-question-2_1", "cornername": "Nominal"}
[2024-10-23 19:03:11.066 -0300] [INFO] [cadence.virtuoso.ade.simulationMonitor] - Notice from spectre during transient analysis `tran'.
    Multithreading is disabled due to the size of the design being too small. {"history": "ExplorerRun.0", "point": 1, "testname": "fanout-tests_fanout-question-2_1", "cornername": "Nominal"}
[2024-10-23 19:03:11.066 -0300] [INFO] [cadence.virtuoso.ade.simulationMonitor] - Notice from spectre at time = 288.219 ps during transient analysis `tran'.
    Found trapezoidal ringing on node _vvdd!:p. {"history": "ExplorerRun.0", "point": 1, "testname": "fanout-tests_fanout-question-2_1", "cornername": "Nominal"}
[2024-10-23 19:03:11.066 -0300] [INFO] [cadence.virtuoso.ade.simulationMonitor] - Notice from spectre at time = 368.219 ps during transient analysis `tran'.
    Found trapezoidal ringing on node _vvdd!:p. {"history": "ExplorerRun.0", "point": 1, "testname": "fanout-tests_fanout-question-2_1", "cornername": "Nominal"}
[2024-10-23 19:03:11.066 -0300] [INFO] [cadence.virtuoso.ade.simulationMonitor] - Notice from spectre at time = 448.219 ps during transient analysis `tran'.
    Found trapezoidal ringing on node _vvdd!:p. {"history": "ExplorerRun.0", "point": 1, "testname": "fanout-tests_fanout-question-2_1", "cornername": "Nominal"}
[2024-10-23 19:03:11.066 -0300] [INFO] [cadence.virtuoso.ade.simulationMonitor] - Notice from spectre at time = 528.219 ps during transient analysis `tran'.
    Found trapezoidal ringing on node _vvdd!:p. {"history": "ExplorerRun.0", "point": 1, "testname": "fanout-tests_fanout-question-2_1", "cornername": "Nominal"}
[2024-10-23 19:03:11.066 -0300] [INFO] [cadence.virtuoso.ade.simulationMonitor] - Notice from spectre at time = 608.219 ps during transient analysis `tran'.
    Found trapezoidal ringing on node _vvdd!:p.
        Further occurrences of this notice will be suppressed. {"history": "ExplorerRun.0", "point": 1, "testname": "fanout-tests_fanout-question-2_1", "cornername": "Nominal"}
[2024-10-23 19:03:11.066 -0300] [INFO] [cadence.virtuoso.ade.simulationMonitor] - Notice from spectre during transient analysis `tran'.
    Trapezoidal ringing is detected during tran analysis.
        Please use method=trap for better results and performance. {"history": "ExplorerRun.0", "point": 1, "testname": "fanout-tests_fanout-question-2_1", "cornername": "Nominal"}
[2024-10-23 19:03:11.066 -0300] [INFO] [cadence.virtuoso.ade.simulationMonitor] - Intrinsic tran analysis time:    CPU = 8.206 ms, elapsed = 9.42922 ms. {"history": "ExplorerRun.0", "point": 1, "testname": "fanout-tests_fanout-question-2_1", "cornername": "Nominal"}
[2024-10-23 19:03:11.066 -0300] [INFO] [cadence.virtuoso.ade.simulationMonitor] - Total time required for tran analysis `tran': CPU = 10.394 ms, elapsed = 11.6169 ms, util. = 89.5%. {"history": "ExplorerRun.0", "point": 1, "testname": "fanout-tests_fanout-question-2_1", "cornername": "Nominal"}
[2024-10-23 19:03:11.066 -0300] [INFO] [cadence.virtuoso.ade.simulationMonitor] - Peak resident memory used = 211 Mbytes. {"history": "ExplorerRun.0", "point": 1, "testname": "fanout-tests_fanout-question-2_1", "cornername": "Nominal"}
[2024-10-23 19:03:11.066 -0300] [INFO] [cadence.virtuoso.ade.simulationMonitor] - Notice from spectre.
    45 notices suppressed. {"history": "ExplorerRun.0", "point": 1, "testname": "fanout-tests_fanout-question-2_1", "cornername": "Nominal"}
[2024-10-23 19:03:11.066 -0300] [INFO] [cadence.virtuoso.ade.simulationMonitor] - Time used: CPU = 328 ms, elapsed = 1.97 s, util. = 16.7%. {"history": "ExplorerRun.0", "point": 1, "testname": "fanout-tests_fanout-question-2_1", "cornername": "Nominal"}
[2024-10-23 19:03:11.066 -0300] [INFO] [cadence.virtuoso.ade.simulationMonitor] - Time spent in licensing: elapsed = 998 ms, percentage of total = 50.8%. {"history": "ExplorerRun.0", "point": 1, "testname": "fanout-tests_fanout-question-2_1", "cornername": "Nominal"}
[2024-10-23 19:03:11.066 -0300] [INFO] [cadence.virtuoso.ade.simulationMonitor] - Peak memory used = 212 Mbytes. {"history": "ExplorerRun.0", "point": 1, "testname": "fanout-tests_fanout-question-2_1", "cornername": "Nominal"}
[2024-10-23 19:03:11.066 -0300] [PROCESS] [cadence.virtuoso.ade.simulationMonitor] - Simulation started at: 7:03:08 PM, Wed Oct 23, 2024, ended at: 7:03:10 PM, Wed Oct 23, 2024, with elapsed time (wall clock): 1.97 s. {"history": "ExplorerRun.0", "point": 1, "testname": "fanout-tests_fanout-question-2_1", "cornername": "Nominal"}
[2024-10-23 19:03:11.066 -0300] [PROCESS] [cadence.virtuoso.ade.simulationMonitor] - spectre completes with 0 errors, 0 warnings, and 13 notices. {"history": "ExplorerRun.0", "point": 1, "testname": "fanout-tests_fanout-question-2_1", "cornername": "Nominal"}
[2024-10-23 19:03:11.066 -0300] [PROCESS] [cadence.virtuoso.ade.simulationMonitor] - Finished simulating for one point {"hostname": "cinova05.lesc.ufc.br", "processid": 25357, "history": "ExplorerRun.0", "testname": "fanout-tests_fanout-question-2_1", "cornername": "Nominal", "point": 1, "logfile": "/home/cinovador/Documents/course_files/practice_0/logs_cinovador/logs0/Job11.log", "simid": "1", "event": "finish", "category": "simulation"}
[2024-10-23 19:03:11.066 -0300] [PROCESS] [cadence.virtuoso.ade.simulationMonitor] - Simulator exited {"hostname": "cinova05.lesc.ufc.br", "processid": 25357, "history": "ExplorerRun.0", "testname": "fanout-tests_fanout-question-2_1", "cornername": "Nominal", "point": 1, "logfile": "/home/cinovador/Documents/course_files/practice_0/logs_cinovador/logs0/Job11.log", "exitStatus": "0"}
[2024-10-23 19:03:11.066 -0300] [PROCESS] [cadence.virtuoso.ade.simulationMonitor] - Finished Simulation {"hostname": "cinova05.lesc.ufc.br", "processid": 25357, "history": "ExplorerRun.0", "testname": "fanout-tests_fanout-question-2_1", "cornername": "Nominal", "point": 1, "logfile": "/home/cinovador/Documents/course_files/practice_0/logs_cinovador/logs0/Job11.log", "simid": "1", "event": "finish", "category": "obsolete"}
[2024-10-23 19:03:11.567 -0300] [PROCESS] [cadence.virtuoso.ade.simulationMonitor] - Point Finished {"hostname": "cinova05.lesc.ufc.br", "processid": 25357, "history": "ExplorerRun.0", "testname": "fanout-tests_fanout-question-2_1", "cornername": "Nominal", "point": 1, "logfile": "/home/cinovador/Documents/course_files/practice_0/logs_cinovador/logs0/Job11.log", "event": "finish", "category": "sim-eval"}
[2024-10-23 19:03:54.156 -0300] [PROCESS] [cadence.virtuoso.ade.simulationMonitor] - get signal Terminated<15> from user:cinovador, which pid:25353:/home/tools/cadence/installs/IC231/tools/bin/64bit/cdsServIpc {"hostname": "cinova05.lesc.ufc.br", "processid": 25357, "history": "ExplorerRun.0", "testname": "fanout-tests_fanout-question-2_1", "cornername": "Nominal", "point": 1, "logfile": "/home/cinovador/Documents/course_files/practice_0/logs_cinovador/logs0/Job11.log", "signal": "15", "signalName": "Terminated", "which": "/home/tools/cadence/installs/IC231/tools/bin/64bit/cdsServIpc", "pid": "25353", "user": "cinovador", "uid": "1001"}
[2024-10-23 19:03:54.156 -0300] [INFO] [cadence.virtuoso.ade.simulationMonitor] - SimulationMonitor has terminated the  process '25449', reason: 'simulationMonitor is handling signal 15' {"history": "ExplorerRun.0", "point": 1, "testname": "fanout-tests_fanout-question-2_1", "cornername": "Nominal"}
