[Simulation Monitor: 15]
[2024-10-24 15:46:44.684 -0300] [PROCESS] [cadence.virtuoso.ade.simulationMonitor] - Started the simulation monitor process {"hostname": "cinova05.lesc.ufc.br", "processid": 74198, "logfile": "/home/cinovador/Documents/course_files/practice_0/logs_cinovador/logs0/Job15.log", "simulation monitor command line": "/home/tools/cadence/installs/IC231/tools.lnx86/dfII/bin/64bit/spectreMonitor --davinciService DaVinciService_31080_1729786834 --axlsession fnxSession4 -lscs 000175E1894CBE06FF0966E38F1FFC06BC4D7EED88199869CA2C7EEDDC43CC33CA2C39A0A173FC06867D66E38F1FFC06BC4D66E38F1FFC06BC4D01F9190B6A12DB5700001E65 -beanhost cinova05.lesc.ufc.br -beanport 11407 -beanLogFile /home/cinovador/Documents/course_files/practice_0/logs_cinovador/logs0/amps_Job15.log -beanbinlog  --domain 0 --interactive yes --netlistOpt no --useMultiPointEvaluation yes --exprEvalShowJobStderr yes --evalSimParallel no --maxSims 0 --historyName ExplorerRun.0 --historyUUID  --exprEvaluator vds --mcMapping mc1.mapping --checkLogStatusInterval 0 --checkSimulatorLogTimeout 1200 --exprEvalMaxTries 3 --maxNFSSyncWait 60 -adeBrokerAddress cinova05.lesc.ufc.br:45421 --fromADE true --virtuosoBinary virtuoso --guiDisplay cinova05.lesc.ufc.br:0 --globalStatus 60 --evaluateMultiMC yes --evalOnSimFail SkipFailedAnalyses --numRetriesOnError 1 --fenixMode explorer --lingertimeout 300 -ahdlLockTimeout 60 --sdbLib fanout-tests --sdbCell fanout-question-4 --sdbView maestro --heartBeatFileDir /dev/shm --id 15 --uuid c915784c-e0b1-4949-a025-3c0d194f86e0 --log /home/cinovador/Documents/course_files/practice_0/logs_cinovador/logs0/Job15.log "}
[2024-10-24 15:46:44.684 -0300] [PROCESS] [cadence.virtuoso.ade.simulationMonitor] - Started the simulation monitor process {"hostname": "cinova05.lesc.ufc.br", "processid": 74198, "logfile": "/home/cinovador/Documents/course_files/practice_0/logs_cinovador/logs0/Job15.log", "current directory": "/home/cinovador/Documents/course_files/practice_0"}
[2024-10-24 15:46:44.684 -0300] [PROCESS] [cadence.virtuoso.ade.simulationMonitor] - Simulation Monitor has successfully started up. Trying to set up communication channels to other components ... {"hostname": "cinova05.lesc.ufc.br", "processid": 74198, "logfile": "/home/cinovador/Documents/course_files/practice_0/logs_cinovador/logs0/Job15.log"}
[2024-10-24 15:46:44.770 -0300] [PROCESS] [cadence.virtuoso.ade.simulationMonitor] - Communication channels have been successfully set up. Start processing events ... {"hostname": "cinova05.lesc.ufc.br", "processid": 74198, "logfile": "/home/cinovador/Documents/course_files/practice_0/logs_cinovador/logs0/Job15.log"}
[2024-10-24 15:46:44.770 -0300] [PROCESS] [cadence.virtuoso.ade.simulationMonitor] - Considering to start history {"hostname": "cinova05.lesc.ufc.br", "processid": 74198, "history": "ExplorerRun.0", "logfile": "/home/cinovador/Documents/course_files/practice_0/logs_cinovador/logs0/Job15.log"}
[2024-10-24 15:46:44.771 -0300] [PROCESS] [cadence.virtuoso.ade.simulationMonitor] - HostInfo:
Host name (type):	cinova05.lesc.ufc.br (x86_64)
Operating system:	Linux 4.18.0-553.22.1.el8_10.x86_64 #1 SMP Wed Sep 25 09:20:43 UTC 2024 {"hostname": "cinova05.lesc.ufc.br", "processid": 74198, "history": "ExplorerRun.0", "logfile": "/home/cinovador/Documents/course_files/practice_0/logs_cinovador/logs0/Job15.log", "nodename": "cinova05.lesc.ufc.br", "domainname": "(none)", "machine": "x86_64", "sysname": "Linux", "release": "4.18.0-553.22.1.el8_10.x86_64", "version": "#1 SMP Wed Sep 25 09:20:43 UTC 2024"}
[2024-10-24 15:46:44.771 -0300] [PROCESS] [cadence.virtuoso.ade.simulationMonitor] - UsageInfo:
pid=74198
totalPhysicalMemory=30.835911GB,Used=12.606041GB,totalVirtualMemory=46.441376GB,Used=12.606041GB
Cpu: Cores=20, Load average:0.470000,0.360000,0.430000 {"hostname": "cinova05.lesc.ufc.br", "processid": 74198, "history": "ExplorerRun.0", "logfile": "/home/cinovador/Documents/course_files/practice_0/logs_cinovador/logs0/Job15.log", "pid": "74198", "totalPhysicalMemory": "30.835911", "physicalMemoryUsed": "12.606041", "totalVirtualMemory": "46.441376", "virtualMemoryUsed": "12.606041", "cpuCores": "20", "processes": "1492", "loadAverage1": "0.470000", "loadAverage5": "0.360000", "loadAverage15": "0.430000", "loadAverage1Percent": "0.023500"}
[2024-10-24 15:46:44.771 -0300] [EVENT] [cadence.virtuoso.ade.simulationMonitor] - NewPoint {"history": "ExplorerRun.0", "point": 1, "testname": "fanout-tests_fanout-question-4_1", "cornername": "Nominal", "event": "NewPoint", "EventSource": "Simulation Monitor", "HistoryName": "ExplorerRun.0", "logFile": "/home/cinovador/Documents/course_files/practice_0/logs_cinovador/logs0/Job15.log", "logFileSize": "4308", "category": "simulation"}
[2024-10-24 15:46:44.872 -0300] [EVENT] [cadence.virtuoso.ade.simulationMonitor] - NewPoint {"history": "ExplorerRun.0", "point": 1, "testname": "fanout-tests_fanout-question-4_1", "cornername": "Nominal", "event": "NewPoint", "EventSource": "spectre", "HistoryName": "ExplorerRun.0", "logFile": "/home/cinovador/Documents/course_files/practice_0/lab1_part2/fanout-tests-question-2/fanout-tests/fanout-question-4/fanout-tests/fanout-question-4/maestro/results/maestro/ExplorerRun.0/1/fanout-tests_fanout-question-4_1/psf/spectre.out", "logFileSize": "-1", "category": "simulation"}
[2024-10-24 15:46:54.517 -0300] [PROCESS] [cadence.virtuoso.ade.simulationMonitor] - Simulator launched {"hostname": "cinova05.lesc.ufc.br", "processid": 74198, "history": "ExplorerRun.0", "testname": "fanout-tests_fanout-question-4_1", "cornername": "Nominal", "point": 1, "logfile": "/home/cinovador/Documents/course_files/practice_0/logs_cinovador/logs0/Job15.log", "simid": "1", "event": "launch", "category": "simulation"}
[2024-10-24 15:46:54.518 -0300] [PROCESS] [cadence.virtuoso.ade.simulationMonitor] - Expression evaluator launched {"hostname": "cinova05.lesc.ufc.br", "processid": 74198, "history": "ExplorerRun.0", "testname": "fanout-tests_fanout-question-4_1", "cornername": "Nominal", "point": 1, "logfile": "/home/cinovador/Documents/course_files/practice_0/logs_cinovador/logs0/Job15.log"}
[2024-10-24 15:46:54.555 -0300] [PROCESS] [cadence.virtuoso.ade.simulationMonitor] - Started Simulation {"hostname": "cinova05.lesc.ufc.br", "processid": 74198, "history": "ExplorerRun.0", "testname": "fanout-tests_fanout-question-4_1", "cornername": "Nominal", "point": 1, "logfile": "/home/cinovador/Documents/course_files/practice_0/logs_cinovador/logs0/Job15.log", "event": "start", "category": "simulation"}
[2024-10-24 15:46:56.556 -0300] [INFO] [cadence.virtuoso.ade.simulationMonitor] - Peak resident memory used = 187 Mbytes. {"history": "ExplorerRun.0", "point": 1, "testname": "fanout-tests_fanout-question-4_1", "cornername": "Nominal"}
[2024-10-24 15:46:56.556 -0300] [INFO] [cadence.virtuoso.ade.simulationMonitor] - Peak resident memory used = 199 Mbytes. {"history": "ExplorerRun.0", "point": 1, "testname": "fanout-tests_fanout-question-4_1", "cornername": "Nominal"}
[2024-10-24 15:46:56.556 -0300] [INFO] [cadence.virtuoso.ade.simulationMonitor] - Notice from spectre during hierarchy flattening.
    The value 'psf' specified for the 'checklimitdest' option will no longer be supported in future releases. Use 'spectre -h' to see other recommended values for the 'checklimitdest' option. {"history": "ExplorerRun.0", "point": 1, "testname": "fanout-tests_fanout-question-4_1", "cornername": "Nominal"}
[2024-10-24 15:46:56.556 -0300] [INFO] [cadence.virtuoso.ade.simulationMonitor] - Peak resident memory used = 199 Mbytes. {"history": "ExplorerRun.0", "point": 1, "testname": "fanout-tests_fanout-question-4_1", "cornername": "Nominal"}
[2024-10-24 15:46:56.556 -0300] [INFO] [cadence.virtuoso.ade.simulationMonitor] - Notice from spectre during initial setup.
    Multithreading is disabled due to the size of the design being too small. {"history": "ExplorerRun.0", "point": 1, "testname": "fanout-tests_fanout-question-4_1", "cornername": "Nominal"}
[2024-10-24 15:46:56.556 -0300] [INFO] [cadence.virtuoso.ade.simulationMonitor] -               nodes 5 {"history": "ExplorerRun.0", "point": 1, "testname": "fanout-tests_fanout-question-4_1", "cornername": "Nominal"}
[2024-10-24 15:46:56.556 -0300] [INFO] [cadence.virtuoso.ade.simulationMonitor] - Notice from spectre during initial setup.
    Protected devices exist and are not included in the circuit inventory.
    APS enabled. {"history": "ExplorerRun.0", "point": 1, "testname": "fanout-tests_fanout-question-4_1", "cornername": "Nominal"}
[2024-10-24 15:46:56.556 -0300] [INFO] [cadence.virtuoso.ade.simulationMonitor] - Peak resident memory used = 203 Mbytes. {"history": "ExplorerRun.0", "point": 1, "testname": "fanout-tests_fanout-question-4_1", "cornername": "Nominal"}
[2024-10-24 15:46:56.556 -0300] [INFO] [cadence.virtuoso.ade.simulationMonitor] -    -   (APS) Multi-threading. The recommended number of threads is 1, consider adding +mt=1 on command line. {"history": "ExplorerRun.0", "point": 1, "testname": "fanout-tests_fanout-question-4_1", "cornername": "Nominal"}
[2024-10-24 15:46:57.057 -0300] [INFO] [cadence.virtuoso.ade.simulationMonitor] - Notice from spectre at dc = 1 V during DC analysis `dc'.
    The value of parameter 'dc' has been reset to the original value 1. {"history": "ExplorerRun.0", "point": 1, "testname": "fanout-tests_fanout-question-4_1", "cornername": "Nominal"}
[2024-10-24 15:46:57.057 -0300] [INFO] [cadence.virtuoso.ade.simulationMonitor] - Total time required for dc analysis `dc': CPU = 19.401 ms, elapsed = 20.4399 ms, util. = 94.9%. {"history": "ExplorerRun.0", "point": 1, "testname": "fanout-tests_fanout-question-4_1", "cornername": "Nominal"}
[2024-10-24 15:46:57.057 -0300] [INFO] [cadence.virtuoso.ade.simulationMonitor] - Peak resident memory used = 207 Mbytes. {"history": "ExplorerRun.0", "point": 1, "testname": "fanout-tests_fanout-question-4_1", "cornername": "Nominal"}
[2024-10-24 15:46:57.057 -0300] [INFO] [cadence.virtuoso.ade.simulationMonitor] - Time used: CPU = 338 ms, elapsed = 1.9 s, util. = 17.8%. {"history": "ExplorerRun.0", "point": 1, "testname": "fanout-tests_fanout-question-4_1", "cornername": "Nominal"}
[2024-10-24 15:46:57.057 -0300] [INFO] [cadence.virtuoso.ade.simulationMonitor] - Time spent in licensing: elapsed = 956 ms, percentage of total = 50.4%. {"history": "ExplorerRun.0", "point": 1, "testname": "fanout-tests_fanout-question-4_1", "cornername": "Nominal"}
[2024-10-24 15:46:57.057 -0300] [INFO] [cadence.virtuoso.ade.simulationMonitor] - Peak memory used = 209 Mbytes. {"history": "ExplorerRun.0", "point": 1, "testname": "fanout-tests_fanout-question-4_1", "cornername": "Nominal"}
[2024-10-24 15:46:57.057 -0300] [PROCESS] [cadence.virtuoso.ade.simulationMonitor] - Simulation started at: 3:46:54 PM, Thur Oct 24, 2024, ended at: 3:46:56 PM, Thur Oct 24, 2024, with elapsed time (wall clock): 1.9 s. {"history": "ExplorerRun.0", "point": 1, "testname": "fanout-tests_fanout-question-4_1", "cornername": "Nominal"}
[2024-10-24 15:46:57.057 -0300] [PROCESS] [cadence.virtuoso.ade.simulationMonitor] - spectre completes with 0 errors, 0 warnings, and 6 notices. {"history": "ExplorerRun.0", "point": 1, "testname": "fanout-tests_fanout-question-4_1", "cornername": "Nominal"}
[2024-10-24 15:46:57.057 -0300] [PROCESS] [cadence.virtuoso.ade.simulationMonitor] - Finished simulating for one point {"hostname": "cinova05.lesc.ufc.br", "processid": 74198, "history": "ExplorerRun.0", "testname": "fanout-tests_fanout-question-4_1", "cornername": "Nominal", "point": 1, "logfile": "/home/cinovador/Documents/course_files/practice_0/logs_cinovador/logs0/Job15.log", "simid": "1", "event": "finish", "category": "simulation"}
[2024-10-24 15:46:57.057 -0300] [PROCESS] [cadence.virtuoso.ade.simulationMonitor] - Simulator exited {"hostname": "cinova05.lesc.ufc.br", "processid": 74198, "history": "ExplorerRun.0", "testname": "fanout-tests_fanout-question-4_1", "cornername": "Nominal", "point": 1, "logfile": "/home/cinovador/Documents/course_files/practice_0/logs_cinovador/logs0/Job15.log", "exitStatus": "0"}
[2024-10-24 15:46:57.057 -0300] [PROCESS] [cadence.virtuoso.ade.simulationMonitor] - Finished Simulation {"hostname": "cinova05.lesc.ufc.br", "processid": 74198, "history": "ExplorerRun.0", "testname": "fanout-tests_fanout-question-4_1", "cornername": "Nominal", "point": 1, "logfile": "/home/cinovador/Documents/course_files/practice_0/logs_cinovador/logs0/Job15.log", "simid": "1", "event": "finish", "category": "obsolete"}
[2024-10-24 15:46:57.558 -0300] [PROCESS] [cadence.virtuoso.ade.simulationMonitor] - Point Finished {"hostname": "cinova05.lesc.ufc.br", "processid": 74198, "history": "ExplorerRun.0", "testname": "fanout-tests_fanout-question-4_1", "cornername": "Nominal", "point": 1, "logfile": "/home/cinovador/Documents/course_files/practice_0/logs_cinovador/logs0/Job15.log", "event": "finish", "category": "sim-eval"}
[2024-10-24 15:49:14.107 -0300] [INFO] [cadence.virtuoso.ade.simulationMonitor] - SimulationMonitor has terminated the vds process '74302', reason: 'Force to stop the expression evalutor process because of new run' {"history": "ExplorerRun.0", "point": 1, "testname": "fanout-tests_fanout-question-4_1", "cornername": "Nominal"}
[2024-10-24 15:49:14.107 -0300] [PROCESS] [cadence.virtuoso.ade.simulationMonitor] - HostInfo:
Host name (type):	cinova05.lesc.ufc.br (x86_64)
Operating system:	Linux 4.18.0-553.22.1.el8_10.x86_64 #1 SMP Wed Sep 25 09:20:43 UTC 2024 {"hostname": "cinova05.lesc.ufc.br", "processid": 74198, "history": "ExplorerRun.0", "testname": "fanout-tests_fanout-question-4_1", "cornername": "Nominal", "point": 1, "logfile": "/home/cinovador/Documents/course_files/practice_0/logs_cinovador/logs0/Job15.log", "nodename": "cinova05.lesc.ufc.br", "domainname": "(none)", "machine": "x86_64", "sysname": "Linux", "release": "4.18.0-553.22.1.el8_10.x86_64", "version": "#1 SMP Wed Sep 25 09:20:43 UTC 2024"}
[2024-10-24 15:49:14.107 -0300] [PROCESS] [cadence.virtuoso.ade.simulationMonitor] - UsageInfo:
pid=74198
totalPhysicalMemory=30.835911GB,Used=12.691517GB,totalVirtualMemory=46.441376GB,Used=12.691517GB
Cpu: Cores=20, Load average:0.320000,0.350000,0.420000 {"hostname": "cinova05.lesc.ufc.br", "processid": 74198, "history": "ExplorerRun.0", "testname": "fanout-tests_fanout-question-4_1", "cornername": "Nominal", "point": 1, "logfile": "/home/cinovador/Documents/course_files/practice_0/logs_cinovador/logs0/Job15.log", "pid": "74198", "totalPhysicalMemory": "30.835911", "physicalMemoryUsed": "12.691517", "totalVirtualMemory": "46.441376", "virtualMemoryUsed": "12.691517", "cpuCores": "20", "processes": "1511", "loadAverage1": "0.320000", "loadAverage5": "0.350000", "loadAverage15": "0.420000", "loadAverage1Percent": "0.016000"}
[2024-10-24 15:49:14.107 -0300] [EVENT] [cadence.virtuoso.ade.simulationMonitor] - NewPoint {"history": "ExplorerRun.0", "point": 1, "testname": "fanout-tests_fanout-question-4_1", "cornername": "Nominal", "event": "NewPoint", "EventSource": "Simulation Monitor", "HistoryName": "ExplorerRun.0", "logFile": "/home/cinovador/Documents/course_files/practice_0/logs_cinovador/logs0/Job15.log", "logFileSize": "14818", "category": "simulation"}
[2024-10-24 15:49:14.208 -0300] [EVENT] [cadence.virtuoso.ade.simulationMonitor] - NewPoint {"history": "ExplorerRun.0", "point": 1, "testname": "fanout-tests_fanout-question-4_1", "cornername": "Nominal", "event": "NewPoint", "EventSource": "spectre", "HistoryName": "ExplorerRun.0", "logFile": "/home/cinovador/Documents/course_files/practice_0/lab1_part2/fanout-tests-question-2/fanout-tests/fanout-question-4/fanout-tests/fanout-question-4/maestro/results/maestro/ExplorerRun.0/1/fanout-tests_fanout-question-4_1/psf/spectre.out", "logFileSize": "-1", "category": "simulation"}
[2024-10-24 15:49:23.843 -0300] [PROCESS] [cadence.virtuoso.ade.simulationMonitor] - Simulator launched {"hostname": "cinova05.lesc.ufc.br", "processid": 74198, "history": "ExplorerRun.0", "testname": "fanout-tests_fanout-question-4_1", "cornername": "Nominal", "point": 1, "logfile": "/home/cinovador/Documents/course_files/practice_0/logs_cinovador/logs0/Job15.log", "simid": "2", "event": "launch", "category": "simulation"}
[2024-10-24 15:49:23.844 -0300] [PROCESS] [cadence.virtuoso.ade.simulationMonitor] - Expression evaluator launched {"hostname": "cinova05.lesc.ufc.br", "processid": 74198, "history": "ExplorerRun.0", "testname": "fanout-tests_fanout-question-4_1", "cornername": "Nominal", "point": 1, "logfile": "/home/cinovador/Documents/course_files/practice_0/logs_cinovador/logs0/Job15.log"}
[2024-10-24 15:49:23.879 -0300] [PROCESS] [cadence.virtuoso.ade.simulationMonitor] - Started Simulation {"hostname": "cinova05.lesc.ufc.br", "processid": 74198, "history": "ExplorerRun.0", "testname": "fanout-tests_fanout-question-4_1", "cornername": "Nominal", "point": 1, "logfile": "/home/cinovador/Documents/course_files/practice_0/logs_cinovador/logs0/Job15.log", "event": "start", "category": "simulation"}
[2024-10-24 15:49:25.880 -0300] [INFO] [cadence.virtuoso.ade.simulationMonitor] - Peak resident memory used = 188 Mbytes. {"history": "ExplorerRun.0", "point": 1, "testname": "fanout-tests_fanout-question-4_1", "cornername": "Nominal"}
[2024-10-24 15:49:25.880 -0300] [INFO] [cadence.virtuoso.ade.simulationMonitor] - Peak resident memory used = 200 Mbytes. {"history": "ExplorerRun.0", "point": 1, "testname": "fanout-tests_fanout-question-4_1", "cornername": "Nominal"}
[2024-10-24 15:49:25.880 -0300] [INFO] [cadence.virtuoso.ade.simulationMonitor] - Notice from spectre during hierarchy flattening.
    The value 'psf' specified for the 'checklimitdest' option will no longer be supported in future releases. Use 'spectre -h' to see other recommended values for the 'checklimitdest' option. {"history": "ExplorerRun.0", "point": 1, "testname": "fanout-tests_fanout-question-4_1", "cornername": "Nominal"}
[2024-10-24 15:49:25.880 -0300] [INFO] [cadence.virtuoso.ade.simulationMonitor] - Peak resident memory used = 200 Mbytes. {"history": "ExplorerRun.0", "point": 1, "testname": "fanout-tests_fanout-question-4_1", "cornername": "Nominal"}
[2024-10-24 15:49:25.880 -0300] [INFO] [cadence.virtuoso.ade.simulationMonitor] - Notice from spectre during initial setup.
    Multithreading is disabled due to the size of the design being too small. {"history": "ExplorerRun.0", "point": 1, "testname": "fanout-tests_fanout-question-4_1", "cornername": "Nominal"}
[2024-10-24 15:49:25.880 -0300] [INFO] [cadence.virtuoso.ade.simulationMonitor] -               nodes 5 {"history": "ExplorerRun.0", "point": 1, "testname": "fanout-tests_fanout-question-4_1", "cornername": "Nominal"}
[2024-10-24 15:49:25.880 -0300] [INFO] [cadence.virtuoso.ade.simulationMonitor] - Notice from spectre during initial setup.
    Protected devices exist and are not included in the circuit inventory.
    APS enabled. {"history": "ExplorerRun.0", "point": 1, "testname": "fanout-tests_fanout-question-4_1", "cornername": "Nominal"}
[2024-10-24 15:49:25.880 -0300] [INFO] [cadence.virtuoso.ade.simulationMonitor] - Peak resident memory used = 204 Mbytes. {"history": "ExplorerRun.0", "point": 1, "testname": "fanout-tests_fanout-question-4_1", "cornername": "Nominal"}
[2024-10-24 15:49:25.880 -0300] [INFO] [cadence.virtuoso.ade.simulationMonitor] -    -   (APS) Multi-threading. The recommended number of threads is 1, consider adding +mt=1 on command line. {"history": "ExplorerRun.0", "point": 1, "testname": "fanout-tests_fanout-question-4_1", "cornername": "Nominal"}
[2024-10-24 15:49:26.381 -0300] [INFO] [cadence.virtuoso.ade.simulationMonitor] - Notice from spectre at dc = 1 V during DC analysis `dc'.
    The value of parameter 'dc' has been reset to the original value 1. {"history": "ExplorerRun.0", "point": 1, "testname": "fanout-tests_fanout-question-4_1", "cornername": "Nominal"}
[2024-10-24 15:49:26.381 -0300] [INFO] [cadence.virtuoso.ade.simulationMonitor] - Total time required for dc analysis `dc': CPU = 20.812 ms, elapsed = 21.7481 ms, util. = 95.7%. {"history": "ExplorerRun.0", "point": 1, "testname": "fanout-tests_fanout-question-4_1", "cornername": "Nominal"}
[2024-10-24 15:49:26.381 -0300] [INFO] [cadence.virtuoso.ade.simulationMonitor] - Peak resident memory used = 206 Mbytes. {"history": "ExplorerRun.0", "point": 1, "testname": "fanout-tests_fanout-question-4_1", "cornername": "Nominal"}
[2024-10-24 15:49:26.381 -0300] [INFO] [cadence.virtuoso.ade.simulationMonitor] - Time used: CPU = 338 ms, elapsed = 1.9 s, util. = 17.8%. {"history": "ExplorerRun.0", "point": 1, "testname": "fanout-tests_fanout-question-4_1", "cornername": "Nominal"}
[2024-10-24 15:49:26.381 -0300] [INFO] [cadence.virtuoso.ade.simulationMonitor] - Time spent in licensing: elapsed = 955 ms, percentage of total = 50.3%. {"history": "ExplorerRun.0", "point": 1, "testname": "fanout-tests_fanout-question-4_1", "cornername": "Nominal"}
[2024-10-24 15:49:26.381 -0300] [INFO] [cadence.virtuoso.ade.simulationMonitor] - Peak memory used = 209 Mbytes. {"history": "ExplorerRun.0", "point": 1, "testname": "fanout-tests_fanout-question-4_1", "cornername": "Nominal"}
[2024-10-24 15:49:26.381 -0300] [PROCESS] [cadence.virtuoso.ade.simulationMonitor] - Simulation started at: 3:49:23 PM, Thur Oct 24, 2024, ended at: 3:49:25 PM, Thur Oct 24, 2024, with elapsed time (wall clock): 1.9 s. {"history": "ExplorerRun.0", "point": 1, "testname": "fanout-tests_fanout-question-4_1", "cornername": "Nominal"}
[2024-10-24 15:49:26.381 -0300] [PROCESS] [cadence.virtuoso.ade.simulationMonitor] - spectre completes with 0 errors, 0 warnings, and 6 notices. {"history": "ExplorerRun.0", "point": 1, "testname": "fanout-tests_fanout-question-4_1", "cornername": "Nominal"}
[2024-10-24 15:49:26.381 -0300] [PROCESS] [cadence.virtuoso.ade.simulationMonitor] - Finished simulating for one point {"hostname": "cinova05.lesc.ufc.br", "processid": 74198, "history": "ExplorerRun.0", "testname": "fanout-tests_fanout-question-4_1", "cornername": "Nominal", "point": 1, "logfile": "/home/cinovador/Documents/course_files/practice_0/logs_cinovador/logs0/Job15.log", "simid": "2", "event": "finish", "category": "simulation"}
[2024-10-24 15:49:26.381 -0300] [PROCESS] [cadence.virtuoso.ade.simulationMonitor] - Simulator exited {"hostname": "cinova05.lesc.ufc.br", "processid": 74198, "history": "ExplorerRun.0", "testname": "fanout-tests_fanout-question-4_1", "cornername": "Nominal", "point": 1, "logfile": "/home/cinovador/Documents/course_files/practice_0/logs_cinovador/logs0/Job15.log", "exitStatus": "0"}
[2024-10-24 15:49:26.381 -0300] [PROCESS] [cadence.virtuoso.ade.simulationMonitor] - Finished Simulation {"hostname": "cinova05.lesc.ufc.br", "processid": 74198, "history": "ExplorerRun.0", "testname": "fanout-tests_fanout-question-4_1", "cornername": "Nominal", "point": 1, "logfile": "/home/cinovador/Documents/course_files/practice_0/logs_cinovador/logs0/Job15.log", "simid": "2", "event": "finish", "category": "obsolete"}
[2024-10-24 15:49:26.882 -0300] [PROCESS] [cadence.virtuoso.ade.simulationMonitor] - Point Finished {"hostname": "cinova05.lesc.ufc.br", "processid": 74198, "history": "ExplorerRun.0", "testname": "fanout-tests_fanout-question-4_1", "cornername": "Nominal", "point": 1, "logfile": "/home/cinovador/Documents/course_files/practice_0/logs_cinovador/logs0/Job15.log", "event": "finish", "category": "sim-eval"}
[2024-10-24 15:54:27.743 -0300] [PROCESS] [cadence.virtuoso.ade.simulationMonitor] - Current memory used: 83.9844 MBytes, peak memory used: 83.9844 MBytes {"hostname": "cinova05.lesc.ufc.br", "processid": 74198, "history": "ExplorerRun.0", "testname": "fanout-tests_fanout-question-4_1", "cornername": "Nominal", "point": 1, "logfile": "/home/cinovador/Documents/course_files/practice_0/logs_cinovador/logs0/Job15.log"}
[2024-10-24 15:54:27.743 -0300] [PROCESS] [cadence.virtuoso.ade.simulationMonitor] - Simulation Monitor process exits. {"hostname": "cinova05.lesc.ufc.br", "processid": 74198, "history": "ExplorerRun.0", "testname": "fanout-tests_fanout-question-4_1", "cornername": "Nominal", "point": 1, "logfile": "/home/cinovador/Documents/course_files/practice_0/logs_cinovador/logs0/Job15.log"}
