[Simulation Monitor: 2]
[2024-10-30 08:45:14.625 -0300] [PROCESS] [cadence.virtuoso.ade.simulationMonitor] - Started the simulation monitor process {"hostname": "cinova05.lesc.ufc.br", "processid": 7535, "logfile": "/home/cinovador/Documents/course_files/practice_0/logs_cinovador/logs0/Job2.log", "simulation monitor command line": "/home/tools/cadence/installs/IC231/tools.lnx86/dfII/bin/64bit/spectreMonitor --davinciService DaVinciService_4701_1730288680 --axlsession fnxSession0 -lscs 000175E1894CBE06FF0966E38F1FFC06BC4D7EED88199869CA2C7EEDDC43CC33CA2C39A0A173FC06867D66E38F1FFC06BC4D66E38F1FFC06BC4D01C19355E04CDB6F00001E76 -beanhost cinova05.lesc.ufc.br -beanport 11376 -beanLogFile /home/cinovador/Documents/course_files/practice_0/logs_cinovador/logs0/amps_Job2.log -beanbinlog  --domain 0 --interactive yes --netlistOpt no --useMultiPointEvaluation yes --exprEvalShowJobStderr yes --evalSimParallel no --maxSims 0 --historyName ExplorerRun.0 --historyUUID  --exprEvaluator vds --mcMapping mc1.mapping --checkLogStatusInterval 0 --checkSimulatorLogTimeout 1200 --exprEvalMaxTries 3 --maxNFSSyncWait 60 -adeBrokerAddress cinova05.lesc.ufc.br:41511 --statdbType h5v2 --fromADE true --virtuosoBinary virtuoso --guiDisplay cinova05.lesc.ufc.br:0 --globalStatus 60 --evaluateMultiMC yes --evalOnSimFail SkipFailedAnalyses --numRetriesOnError 1 --fenixMode explorer --lingertimeout 300 -ahdlLockTimeout 60 --sdbLib fanout-tests --sdbCell inverter --sdbView maestro --heartBeatFileDir /dev/shm --id 2 --uuid 629218e6-d0db-4624-9955-badc04aa3d88 --log /home/cinovador/Documents/course_files/practice_0/logs_cinovador/logs0/Job2.log "}
[2024-10-30 08:45:14.625 -0300] [PROCESS] [cadence.virtuoso.ade.simulationMonitor] - Started the simulation monitor process {"hostname": "cinova05.lesc.ufc.br", "processid": 7535, "logfile": "/home/cinovador/Documents/course_files/practice_0/logs_cinovador/logs0/Job2.log", "current directory": "/home/cinovador/Documents/course_files/practice_0"}
[2024-10-30 08:45:14.625 -0300] [PROCESS] [cadence.virtuoso.ade.simulationMonitor] - Simulation Monitor has successfully started up. Trying to set up communication channels to other components ... {"hostname": "cinova05.lesc.ufc.br", "processid": 7535, "logfile": "/home/cinovador/Documents/course_files/practice_0/logs_cinovador/logs0/Job2.log"}
[2024-10-30 08:45:14.754 -0300] [PROCESS] [cadence.virtuoso.ade.simulationMonitor] - Communication channels have been successfully set up. Start processing events ... {"hostname": "cinova05.lesc.ufc.br", "processid": 7535, "logfile": "/home/cinovador/Documents/course_files/practice_0/logs_cinovador/logs0/Job2.log"}
[2024-10-30 08:45:14.754 -0300] [PROCESS] [cadence.virtuoso.ade.simulationMonitor] - Considering to start history {"hostname": "cinova05.lesc.ufc.br", "processid": 7535, "history": "ExplorerRun.0", "logfile": "/home/cinovador/Documents/course_files/practice_0/logs_cinovador/logs0/Job2.log"}
[2024-10-30 08:45:14.755 -0300] [PROCESS] [cadence.virtuoso.ade.simulationMonitor] - HostInfo:
Host name (type):	cinova05.lesc.ufc.br (x86_64)
Operating system:	Linux 4.18.0-553.22.1.el8_10.x86_64 #1 SMP Wed Sep 25 09:20:43 UTC 2024 {"hostname": "cinova05.lesc.ufc.br", "processid": 7535, "history": "ExplorerRun.0", "logfile": "/home/cinovador/Documents/course_files/practice_0/logs_cinovador/logs0/Job2.log", "nodename": "cinova05.lesc.ufc.br", "domainname": "(none)", "machine": "x86_64", "sysname": "Linux", "release": "4.18.0-553.22.1.el8_10.x86_64", "version": "#1 SMP Wed Sep 25 09:20:43 UTC 2024"}
[2024-10-30 08:45:14.755 -0300] [PROCESS] [cadence.virtuoso.ade.simulationMonitor] - UsageInfo:
pid=7535
totalPhysicalMemory=30.835922GB,Used=11.508869GB,totalVirtualMemory=46.441387GB,Used=11.508869GB
Cpu: Cores=20, Load average:1.300000,0.800000,0.420000 {"hostname": "cinova05.lesc.ufc.br", "processid": 7535, "history": "ExplorerRun.0", "logfile": "/home/cinovador/Documents/course_files/practice_0/logs_cinovador/logs0/Job2.log", "pid": "7535", "totalPhysicalMemory": "30.835922", "physicalMemoryUsed": "11.508869", "totalVirtualMemory": "46.441387", "virtualMemoryUsed": "11.508869", "cpuCores": "20", "processes": "1663", "loadAverage1": "1.300000", "loadAverage5": "0.800000", "loadAverage15": "0.420000", "loadAverage1Percent": "0.065000"}
[2024-10-30 08:45:14.755 -0300] [EVENT] [cadence.virtuoso.ade.simulationMonitor] - NewPoint {"history": "ExplorerRun.0", "point": 1, "testname": "fanout-tests_inverter_1", "cornername": "Nominal", "event": "NewPoint", "EventSource": "Simulation Monitor", "HistoryName": "ExplorerRun.0", "logFile": "/home/cinovador/Documents/course_files/practice_0/logs_cinovador/logs0/Job2.log", "logFileSize": "4296", "category": "simulation"}
[2024-10-30 08:45:14.855 -0300] [EVENT] [cadence.virtuoso.ade.simulationMonitor] - NewPoint {"history": "ExplorerRun.0", "point": 1, "testname": "fanout-tests_inverter_1", "cornername": "Nominal", "event": "NewPoint", "EventSource": "spectre", "HistoryName": "ExplorerRun.0", "logFile": "/home/cinovador/simulation/fanout-tests/inverter/maestro/results/maestro/ExplorerRun.0/1/fanout-tests_inverter_1/psf/spectre.out", "logFileSize": "12815", "category": "simulation"}
[2024-10-30 08:45:15.808 -0300] [PROCESS] [cadence.virtuoso.ade.simulationMonitor] - Simulator launched {"hostname": "cinova05.lesc.ufc.br", "processid": 7535, "history": "ExplorerRun.0", "testname": "fanout-tests_inverter_1", "cornername": "Nominal", "point": 1, "logfile": "/home/cinovador/Documents/course_files/practice_0/logs_cinovador/logs0/Job2.log", "simid": "1", "event": "launch", "category": "simulation"}
[2024-10-30 08:45:15.809 -0300] [PROCESS] [cadence.virtuoso.ade.simulationMonitor] - Expression evaluator launched {"hostname": "cinova05.lesc.ufc.br", "processid": 7535, "history": "ExplorerRun.0", "testname": "fanout-tests_inverter_1", "cornername": "Nominal", "point": 1, "logfile": "/home/cinovador/Documents/course_files/practice_0/logs_cinovador/logs0/Job2.log"}
[2024-10-30 08:45:15.848 -0300] [PROCESS] [cadence.virtuoso.ade.simulationMonitor] - Started Simulation {"hostname": "cinova05.lesc.ufc.br", "processid": 7535, "history": "ExplorerRun.0", "testname": "fanout-tests_inverter_1", "cornername": "Nominal", "point": 1, "logfile": "/home/cinovador/Documents/course_files/practice_0/logs_cinovador/logs0/Job2.log", "event": "start", "category": "simulation"}
[2024-10-30 08:45:18.848 -0300] [INFO] [cadence.virtuoso.ade.simulationMonitor] - Peak resident memory used = 188 Mbytes. {"history": "ExplorerRun.0", "point": 1, "testname": "fanout-tests_inverter_1", "cornername": "Nominal"}
[2024-10-30 08:45:18.848 -0300] [INFO] [cadence.virtuoso.ade.simulationMonitor] - Peak resident memory used = 200 Mbytes. {"history": "ExplorerRun.0", "point": 1, "testname": "fanout-tests_inverter_1", "cornername": "Nominal"}
[2024-10-30 08:45:18.848 -0300] [INFO] [cadence.virtuoso.ade.simulationMonitor] - Notice from spectre during hierarchy flattening.
    The value 'psf' specified for the 'checklimitdest' option will no longer be supported in future releases. Use 'spectre -h' to see other recommended values for the 'checklimitdest' option. {"history": "ExplorerRun.0", "point": 1, "testname": "fanout-tests_inverter_1", "cornername": "Nominal"}
[2024-10-30 08:45:18.848 -0300] [INFO] [cadence.virtuoso.ade.simulationMonitor] - Peak resident memory used = 201 Mbytes. {"history": "ExplorerRun.0", "point": 1, "testname": "fanout-tests_inverter_1", "cornername": "Nominal"}
[2024-10-30 08:45:19.349 -0300] [INFO] [cadence.virtuoso.ade.simulationMonitor] - Notice from spectre during initial setup.
    Multithreading is disabled due to the size of the design being too small. {"history": "ExplorerRun.0", "point": 1, "testname": "fanout-tests_inverter_1", "cornername": "Nominal"}
[2024-10-30 08:45:19.349 -0300] [INFO] [cadence.virtuoso.ade.simulationMonitor] -               nodes 17 {"history": "ExplorerRun.0", "point": 1, "testname": "fanout-tests_inverter_1", "cornername": "Nominal"}
[2024-10-30 08:45:19.349 -0300] [INFO] [cadence.virtuoso.ade.simulationMonitor] - Notice from spectre during initial setup.
    Protected devices exist and are not included in the circuit inventory.
    APS enabled. {"history": "ExplorerRun.0", "point": 1, "testname": "fanout-tests_inverter_1", "cornername": "Nominal"}
[2024-10-30 08:45:19.349 -0300] [INFO] [cadence.virtuoso.ade.simulationMonitor] - Peak resident memory used = 205 Mbytes. {"history": "ExplorerRun.0", "point": 1, "testname": "fanout-tests_inverter_1", "cornername": "Nominal"}
[2024-10-30 08:45:19.349 -0300] [INFO] [cadence.virtuoso.ade.simulationMonitor] -    -   (APS) Multi-threading. The recommended number of threads is 1, consider adding +mt=1 on command line. {"history": "ExplorerRun.0", "point": 1, "testname": "fanout-tests_inverter_1", "cornername": "Nominal"}
[2024-10-30 08:45:19.349 -0300] [INFO] [cadence.virtuoso.ade.simulationMonitor] - Notice from spectre during transient analysis `tran'.
    Multithreading is disabled due to the size of the design being too small. {"history": "ExplorerRun.0", "point": 1, "testname": "fanout-tests_inverter_1", "cornername": "Nominal"}
[2024-10-30 08:45:19.349 -0300] [INFO] [cadence.virtuoso.ade.simulationMonitor] - Notice from spectre at time = 351.161 ps during transient analysis `tran'.
    Found trapezoidal ringing on node _vvdd!:p. {"history": "ExplorerRun.0", "point": 1, "testname": "fanout-tests_inverter_1", "cornername": "Nominal"}
[2024-10-30 08:45:19.349 -0300] [INFO] [cadence.virtuoso.ade.simulationMonitor] - Notice from spectre at time = 431.161 ps during transient analysis `tran'.
    Found trapezoidal ringing on node _vvdd!:p. {"history": "ExplorerRun.0", "point": 1, "testname": "fanout-tests_inverter_1", "cornername": "Nominal"}
[2024-10-30 08:45:19.349 -0300] [INFO] [cadence.virtuoso.ade.simulationMonitor] - Notice from spectre at time = 511.161 ps during transient analysis `tran'.
    Found trapezoidal ringing on node _vvdd!:p. {"history": "ExplorerRun.0", "point": 1, "testname": "fanout-tests_inverter_1", "cornername": "Nominal"}
[2024-10-30 08:45:19.349 -0300] [INFO] [cadence.virtuoso.ade.simulationMonitor] - Notice from spectre at time = 591.161 ps during transient analysis `tran'.
    Found trapezoidal ringing on node _vvdd!:p. {"history": "ExplorerRun.0", "point": 1, "testname": "fanout-tests_inverter_1", "cornername": "Nominal"}
[2024-10-30 08:45:19.349 -0300] [INFO] [cadence.virtuoso.ade.simulationMonitor] - Notice from spectre at time = 671.161 ps during transient analysis `tran'.
    Found trapezoidal ringing on node _vvdd!:p.
        Further occurrences of this notice will be suppressed. {"history": "ExplorerRun.0", "point": 1, "testname": "fanout-tests_inverter_1", "cornername": "Nominal"}
[2024-10-30 08:45:19.349 -0300] [INFO] [cadence.virtuoso.ade.simulationMonitor] - Notice from spectre during transient analysis `tran'.
    Trapezoidal ringing is detected during tran analysis.
        Please use method=trap for better results and performance. {"history": "ExplorerRun.0", "point": 1, "testname": "fanout-tests_inverter_1", "cornername": "Nominal"}
[2024-10-30 08:45:19.349 -0300] [INFO] [cadence.virtuoso.ade.simulationMonitor] - Intrinsic tran analysis time:    CPU = 12.088 ms, elapsed = 15.6381 ms. {"history": "ExplorerRun.0", "point": 1, "testname": "fanout-tests_inverter_1", "cornername": "Nominal"}
[2024-10-30 08:45:19.349 -0300] [INFO] [cadence.virtuoso.ade.simulationMonitor] - Total time required for tran analysis `tran': CPU = 15.327 ms, elapsed = 18.8808 ms, util. = 81.2%. {"history": "ExplorerRun.0", "point": 1, "testname": "fanout-tests_inverter_1", "cornername": "Nominal"}
[2024-10-30 08:45:19.350 -0300] [INFO] [cadence.virtuoso.ade.simulationMonitor] - Peak resident memory used = 212 Mbytes. {"history": "ExplorerRun.0", "point": 1, "testname": "fanout-tests_inverter_1", "cornername": "Nominal"}
[2024-10-30 08:45:19.350 -0300] [INFO] [cadence.virtuoso.ade.simulationMonitor] - Notice from spectre.
    48 notices suppressed. {"history": "ExplorerRun.0", "point": 1, "testname": "fanout-tests_inverter_1", "cornername": "Nominal"}
[2024-10-30 08:45:19.350 -0300] [INFO] [cadence.virtuoso.ade.simulationMonitor] - Time used: CPU = 385 ms, elapsed = 2.77 s, util. = 13.9%. {"history": "ExplorerRun.0", "point": 1, "testname": "fanout-tests_inverter_1", "cornername": "Nominal"}
[2024-10-30 08:45:19.350 -0300] [INFO] [cadence.virtuoso.ade.simulationMonitor] - Time spent in licensing: elapsed = 1.43 s, percentage of total = 51.6%. {"history": "ExplorerRun.0", "point": 1, "testname": "fanout-tests_inverter_1", "cornername": "Nominal"}
[2024-10-30 08:45:19.350 -0300] [INFO] [cadence.virtuoso.ade.simulationMonitor] - Peak memory used = 213 Mbytes. {"history": "ExplorerRun.0", "point": 1, "testname": "fanout-tests_inverter_1", "cornername": "Nominal"}
[2024-10-30 08:45:19.350 -0300] [PROCESS] [cadence.virtuoso.ade.simulationMonitor] - Simulation started at: 8:45:16 AM, Wed Oct 30, 2024, ended at: 8:45:18 AM, Wed Oct 30, 2024, with elapsed time (wall clock): 2.77 s. {"history": "ExplorerRun.0", "point": 1, "testname": "fanout-tests_inverter_1", "cornername": "Nominal"}
[2024-10-30 08:45:19.350 -0300] [PROCESS] [cadence.virtuoso.ade.simulationMonitor] - spectre completes with 0 errors, 0 warnings, and 13 notices. {"history": "ExplorerRun.0", "point": 1, "testname": "fanout-tests_inverter_1", "cornername": "Nominal"}
[2024-10-30 08:45:19.350 -0300] [PROCESS] [cadence.virtuoso.ade.simulationMonitor] - Finished simulating for one point {"hostname": "cinova05.lesc.ufc.br", "processid": 7535, "history": "ExplorerRun.0", "testname": "fanout-tests_inverter_1", "cornername": "Nominal", "point": 1, "logfile": "/home/cinovador/Documents/course_files/practice_0/logs_cinovador/logs0/Job2.log", "simid": "1", "event": "finish", "category": "simulation"}
[2024-10-30 08:45:19.350 -0300] [PROCESS] [cadence.virtuoso.ade.simulationMonitor] - Simulator exited {"hostname": "cinova05.lesc.ufc.br", "processid": 7535, "history": "ExplorerRun.0", "testname": "fanout-tests_inverter_1", "cornername": "Nominal", "point": 1, "logfile": "/home/cinovador/Documents/course_files/practice_0/logs_cinovador/logs0/Job2.log", "exitStatus": "0"}
[2024-10-30 08:45:19.350 -0300] [PROCESS] [cadence.virtuoso.ade.simulationMonitor] - Finished Simulation {"hostname": "cinova05.lesc.ufc.br", "processid": 7535, "history": "ExplorerRun.0", "testname": "fanout-tests_inverter_1", "cornername": "Nominal", "point": 1, "logfile": "/home/cinovador/Documents/course_files/practice_0/logs_cinovador/logs0/Job2.log", "simid": "1", "event": "finish", "category": "obsolete"}
[2024-10-30 08:45:20.350 -0300] [PROCESS] [cadence.virtuoso.ade.simulationMonitor] - Point Finished {"hostname": "cinova05.lesc.ufc.br", "processid": 7535, "history": "ExplorerRun.0", "testname": "fanout-tests_inverter_1", "cornername": "Nominal", "point": 1, "logfile": "/home/cinovador/Documents/course_files/practice_0/logs_cinovador/logs0/Job2.log", "event": "finish", "category": "sim-eval"}
[2024-10-30 08:50:20.660 -0300] [PROCESS] [cadence.virtuoso.ade.simulationMonitor] - Current memory used: 84.2578 MBytes, peak memory used: 84.2578 MBytes {"hostname": "cinova05.lesc.ufc.br", "processid": 7535, "history": "ExplorerRun.0", "testname": "fanout-tests_inverter_1", "cornername": "Nominal", "point": 1, "logfile": "/home/cinovador/Documents/course_files/practice_0/logs_cinovador/logs0/Job2.log"}
[2024-10-30 08:50:20.660 -0300] [PROCESS] [cadence.virtuoso.ade.simulationMonitor] - Simulation Monitor process exits. {"hostname": "cinova05.lesc.ufc.br", "processid": 7535, "history": "ExplorerRun.0", "testname": "fanout-tests_inverter_1", "cornername": "Nominal", "point": 1, "logfile": "/home/cinovador/Documents/course_files/practice_0/logs_cinovador/logs0/Job2.log"}
