[Simulation Monitor: 3]
[2024-10-23 14:57:55.125 -0300] [PROCESS] [cadence.virtuoso.ade.simulationMonitor] - Started the simulation monitor process {"hostname": "cinova05.lesc.ufc.br", "processid": 95852, "logfile": "/home/cinovador/Documents/course_files/practice_0/logs_cinovador/logs0/Job3.log", "simulation monitor command line": "/home/tools/cadence/installs/IC231/tools.lnx86/dfII/bin/64bit/spectreMonitor --davinciService DaVinciService_81954_1729704002 --axlsession fnxSession0 -lscs 000175E1894CBE06FF0966E38F1FFC06BC4D7EED88199869CA2C7EEDDC43CC33CA2C39A0A173FC06867D66E38F1FFC06BC4D66E38F1FFC06BC4D01FAB63DC524DB5400001E81 -beanhost cinova05.lesc.ufc.br -beanport 11891 -beanLogFile /home/cinovador/Documents/course_files/practice_0/logs_cinovador/logs0/amps_Job3.log -beanbinlog  --domain 0 --interactive yes --netlistOpt no --useMultiPointEvaluation yes --exprEvalShowJobStderr yes --evalSimParallel no --maxSims 0 --historyName ExplorerRun.0 --historyUUID  --exprEvaluator vds --mcMapping mc1.mapping --checkLogStatusInterval 0 --checkSimulatorLogTimeout 1200 --exprEvalMaxTries 3 --maxNFSSyncWait 60 -adeBrokerAddress cinova05.lesc.ufc.br:42925 --fromADE true --virtuosoBinary virtuoso --guiDisplay cinova05.lesc.ufc.br:0 --globalStatus 60 --evaluateMultiMC yes --evalOnSimFail SkipFailedAnalyses --numRetriesOnError 1 --fenixMode explorer --lingertimeout 300 -ahdlLockTimeout 60 --sdbLib fanout-tests --sdbCell inverter --sdbView maestro --heartBeatFileDir /dev/shm --id 3 --uuid ee2634c4-2d34-4feb-aa1d-14c171e54f5c --log /home/cinovador/Documents/course_files/practice_0/logs_cinovador/logs0/Job3.log "}
[2024-10-23 14:57:55.125 -0300] [PROCESS] [cadence.virtuoso.ade.simulationMonitor] - Started the simulation monitor process {"hostname": "cinova05.lesc.ufc.br", "processid": 95852, "logfile": "/home/cinovador/Documents/course_files/practice_0/logs_cinovador/logs0/Job3.log", "current directory": "/home/cinovador/Documents/course_files/practice_0"}
[2024-10-23 14:57:55.125 -0300] [PROCESS] [cadence.virtuoso.ade.simulationMonitor] - Simulation Monitor has successfully started up. Trying to set up communication channels to other components ... {"hostname": "cinova05.lesc.ufc.br", "processid": 95852, "logfile": "/home/cinovador/Documents/course_files/practice_0/logs_cinovador/logs0/Job3.log"}
[2024-10-23 14:57:55.211 -0300] [PROCESS] [cadence.virtuoso.ade.simulationMonitor] - Communication channels have been successfully set up. Start processing events ... {"hostname": "cinova05.lesc.ufc.br", "processid": 95852, "logfile": "/home/cinovador/Documents/course_files/practice_0/logs_cinovador/logs0/Job3.log"}
[2024-10-23 14:57:55.211 -0300] [PROCESS] [cadence.virtuoso.ade.simulationMonitor] - Considering to start history {"hostname": "cinova05.lesc.ufc.br", "processid": 95852, "history": "ExplorerRun.0", "logfile": "/home/cinovador/Documents/course_files/practice_0/logs_cinovador/logs0/Job3.log"}
[2024-10-23 14:57:55.212 -0300] [PROCESS] [cadence.virtuoso.ade.simulationMonitor] - HostInfo:
Host name (type):	cinova05.lesc.ufc.br (x86_64)
Operating system:	Linux 4.18.0-553.22.1.el8_10.x86_64 #1 SMP Wed Sep 25 09:20:43 UTC 2024 {"hostname": "cinova05.lesc.ufc.br", "processid": 95852, "history": "ExplorerRun.0", "logfile": "/home/cinovador/Documents/course_files/practice_0/logs_cinovador/logs0/Job3.log", "nodename": "cinova05.lesc.ufc.br", "domainname": "(none)", "machine": "x86_64", "sysname": "Linux", "release": "4.18.0-553.22.1.el8_10.x86_64", "version": "#1 SMP Wed Sep 25 09:20:43 UTC 2024"}
[2024-10-23 14:57:55.212 -0300] [PROCESS] [cadence.virtuoso.ade.simulationMonitor] - UsageInfo:
pid=95852
totalPhysicalMemory=30.835907GB,Used=12.189377GB,totalVirtualMemory=46.441372GB,Used=12.189377GB
Cpu: Cores=20, Load average:1.560000,1.620000,1.430000 {"hostname": "cinova05.lesc.ufc.br", "processid": 95852, "history": "ExplorerRun.0", "logfile": "/home/cinovador/Documents/course_files/practice_0/logs_cinovador/logs0/Job3.log", "pid": "95852", "totalPhysicalMemory": "30.835907", "physicalMemoryUsed": "12.189377", "totalVirtualMemory": "46.441372", "virtualMemoryUsed": "12.189377", "cpuCores": "20", "processes": "1438", "loadAverage1": "1.560000", "loadAverage5": "1.620000", "loadAverage15": "1.430000", "loadAverage1Percent": "0.078000"}
[2024-10-23 14:57:55.213 -0300] [EVENT] [cadence.virtuoso.ade.simulationMonitor] - NewPoint {"history": "ExplorerRun.0", "point": 1, "testname": "fanout-tests_inverter_1", "cornername": "Nominal", "event": "NewPoint", "EventSource": "Simulation Monitor", "HistoryName": "ExplorerRun.0", "logFile": "/home/cinovador/Documents/course_files/practice_0/logs_cinovador/logs0/Job3.log", "logFileSize": "4288", "category": "simulation"}
[2024-10-23 14:57:55.313 -0300] [EVENT] [cadence.virtuoso.ade.simulationMonitor] - NewPoint {"history": "ExplorerRun.0", "point": 1, "testname": "fanout-tests_inverter_1", "cornername": "Nominal", "event": "NewPoint", "EventSource": "spectre", "HistoryName": "ExplorerRun.0", "logFile": "/home/cinovador/simulation/fanout-tests/inverter/maestro/results/maestro/ExplorerRun.0/1/fanout-tests_inverter_1/psf/spectre.out", "logFileSize": "-1", "category": "simulation"}
[2024-10-23 14:58:05.165 -0300] [PROCESS] [cadence.virtuoso.ade.simulationMonitor] - Simulator launched {"hostname": "cinova05.lesc.ufc.br", "processid": 95852, "history": "ExplorerRun.0", "testname": "fanout-tests_inverter_1", "cornername": "Nominal", "point": 1, "logfile": "/home/cinovador/Documents/course_files/practice_0/logs_cinovador/logs0/Job3.log", "simid": "1", "event": "launch", "category": "simulation"}
[2024-10-23 14:58:05.166 -0300] [PROCESS] [cadence.virtuoso.ade.simulationMonitor] - Expression evaluator launched {"hostname": "cinova05.lesc.ufc.br", "processid": 95852, "history": "ExplorerRun.0", "testname": "fanout-tests_inverter_1", "cornername": "Nominal", "point": 1, "logfile": "/home/cinovador/Documents/course_files/practice_0/logs_cinovador/logs0/Job3.log"}
[2024-10-23 14:58:05.204 -0300] [PROCESS] [cadence.virtuoso.ade.simulationMonitor] - Started Simulation {"hostname": "cinova05.lesc.ufc.br", "processid": 95852, "history": "ExplorerRun.0", "testname": "fanout-tests_inverter_1", "cornername": "Nominal", "point": 1, "logfile": "/home/cinovador/Documents/course_files/practice_0/logs_cinovador/logs0/Job3.log", "event": "start", "category": "simulation"}
[2024-10-23 14:58:07.205 -0300] [INFO] [cadence.virtuoso.ade.simulationMonitor] - Peak resident memory used = 188 Mbytes. {"history": "ExplorerRun.0", "point": 1, "testname": "fanout-tests_inverter_1", "cornername": "Nominal"}
[2024-10-23 14:58:07.205 -0300] [INFO] [cadence.virtuoso.ade.simulationMonitor] - Peak resident memory used = 200 Mbytes. {"history": "ExplorerRun.0", "point": 1, "testname": "fanout-tests_inverter_1", "cornername": "Nominal"}
[2024-10-23 14:58:07.205 -0300] [INFO] [cadence.virtuoso.ade.simulationMonitor] - Notice from spectre during hierarchy flattening.
    The value 'psf' specified for the 'checklimitdest' option will no longer be supported in future releases. Use 'spectre -h' to see other recommended values for the 'checklimitdest' option. {"history": "ExplorerRun.0", "point": 1, "testname": "fanout-tests_inverter_1", "cornername": "Nominal"}
[2024-10-23 14:58:07.205 -0300] [INFO] [cadence.virtuoso.ade.simulationMonitor] - Peak resident memory used = 200 Mbytes. {"history": "ExplorerRun.0", "point": 1, "testname": "fanout-tests_inverter_1", "cornername": "Nominal"}
[2024-10-23 14:58:07.705 -0300] [INFO] [cadence.virtuoso.ade.simulationMonitor] - Notice from spectre during initial setup.
    Multithreading is disabled due to the size of the design being too small. {"history": "ExplorerRun.0", "point": 1, "testname": "fanout-tests_inverter_1", "cornername": "Nominal"}
[2024-10-23 14:58:07.705 -0300] [INFO] [cadence.virtuoso.ade.simulationMonitor] -               nodes 17 {"history": "ExplorerRun.0", "point": 1, "testname": "fanout-tests_inverter_1", "cornername": "Nominal"}
[2024-10-23 14:58:07.705 -0300] [INFO] [cadence.virtuoso.ade.simulationMonitor] - Notice from spectre during initial setup.
    Protected devices exist and are not included in the circuit inventory.
    APS enabled. {"history": "ExplorerRun.0", "point": 1, "testname": "fanout-tests_inverter_1", "cornername": "Nominal"}
[2024-10-23 14:58:07.705 -0300] [INFO] [cadence.virtuoso.ade.simulationMonitor] - Peak resident memory used = 202 Mbytes. {"history": "ExplorerRun.0", "point": 1, "testname": "fanout-tests_inverter_1", "cornername": "Nominal"}
[2024-10-23 14:58:07.705 -0300] [INFO] [cadence.virtuoso.ade.simulationMonitor] -    -   (APS) Multi-threading. The recommended number of threads is 1, consider adding +mt=1 on command line. {"history": "ExplorerRun.0", "point": 1, "testname": "fanout-tests_inverter_1", "cornername": "Nominal"}
[2024-10-23 14:58:07.705 -0300] [INFO] [cadence.virtuoso.ade.simulationMonitor] - Notice from spectre during transient analysis `tran'.
    Multithreading is disabled due to the size of the design being too small. {"history": "ExplorerRun.0", "point": 1, "testname": "fanout-tests_inverter_1", "cornername": "Nominal"}
[2024-10-23 14:58:07.705 -0300] [INFO] [cadence.virtuoso.ade.simulationMonitor] - Notice from spectre at time = 334.081 ps during transient analysis `tran'.
    Found trapezoidal ringing on node _vvdd!:p. {"history": "ExplorerRun.0", "point": 1, "testname": "fanout-tests_inverter_1", "cornername": "Nominal"}
[2024-10-23 14:58:07.705 -0300] [INFO] [cadence.virtuoso.ade.simulationMonitor] - Notice from spectre at time = 414.081 ps during transient analysis `tran'.
    Found trapezoidal ringing on node _vvdd!:p. {"history": "ExplorerRun.0", "point": 1, "testname": "fanout-tests_inverter_1", "cornername": "Nominal"}
[2024-10-23 14:58:07.705 -0300] [INFO] [cadence.virtuoso.ade.simulationMonitor] - Notice from spectre at time = 494.081 ps during transient analysis `tran'.
    Found trapezoidal ringing on node _vvdd!:p. {"history": "ExplorerRun.0", "point": 1, "testname": "fanout-tests_inverter_1", "cornername": "Nominal"}
[2024-10-23 14:58:07.705 -0300] [INFO] [cadence.virtuoso.ade.simulationMonitor] - Notice from spectre at time = 574.081 ps during transient analysis `tran'.
    Found trapezoidal ringing on node _vvdd!:p. {"history": "ExplorerRun.0", "point": 1, "testname": "fanout-tests_inverter_1", "cornername": "Nominal"}
[2024-10-23 14:58:07.705 -0300] [INFO] [cadence.virtuoso.ade.simulationMonitor] - Notice from spectre at time = 654.081 ps during transient analysis `tran'.
    Found trapezoidal ringing on node _vvdd!:p.
        Further occurrences of this notice will be suppressed. {"history": "ExplorerRun.0", "point": 1, "testname": "fanout-tests_inverter_1", "cornername": "Nominal"}
[2024-10-23 14:58:07.705 -0300] [INFO] [cadence.virtuoso.ade.simulationMonitor] - Notice from spectre during transient analysis `tran'.
    Trapezoidal ringing is detected during tran analysis.
        Please use method=trap for better results and performance. {"history": "ExplorerRun.0", "point": 1, "testname": "fanout-tests_inverter_1", "cornername": "Nominal"}
[2024-10-23 14:58:07.705 -0300] [INFO] [cadence.virtuoso.ade.simulationMonitor] - Intrinsic tran analysis time:    CPU = 11.413 ms, elapsed = 13.0081 ms. {"history": "ExplorerRun.0", "point": 1, "testname": "fanout-tests_inverter_1", "cornername": "Nominal"}
[2024-10-23 14:58:07.705 -0300] [INFO] [cadence.virtuoso.ade.simulationMonitor] - Total time required for tran analysis `tran': CPU = 15.481 ms, elapsed = 17.107 ms, util. = 90.5%. {"history": "ExplorerRun.0", "point": 1, "testname": "fanout-tests_inverter_1", "cornername": "Nominal"}
[2024-10-23 14:58:07.705 -0300] [INFO] [cadence.virtuoso.ade.simulationMonitor] - Peak resident memory used = 211 Mbytes. {"history": "ExplorerRun.0", "point": 1, "testname": "fanout-tests_inverter_1", "cornername": "Nominal"}
[2024-10-23 14:58:07.706 -0300] [INFO] [cadence.virtuoso.ade.simulationMonitor] - Notice from spectre.
    37 notices suppressed. {"history": "ExplorerRun.0", "point": 1, "testname": "fanout-tests_inverter_1", "cornername": "Nominal"}
[2024-10-23 14:58:07.706 -0300] [INFO] [cadence.virtuoso.ade.simulationMonitor] - Time used: CPU = 356 ms, elapsed = 1.98 s, util. = 18%. {"history": "ExplorerRun.0", "point": 1, "testname": "fanout-tests_inverter_1", "cornername": "Nominal"}
[2024-10-23 14:58:07.706 -0300] [INFO] [cadence.virtuoso.ade.simulationMonitor] - Time spent in licensing: elapsed = 956 ms, percentage of total = 48.4%. {"history": "ExplorerRun.0", "point": 1, "testname": "fanout-tests_inverter_1", "cornername": "Nominal"}
[2024-10-23 14:58:07.706 -0300] [INFO] [cadence.virtuoso.ade.simulationMonitor] - Peak memory used = 212 Mbytes. {"history": "ExplorerRun.0", "point": 1, "testname": "fanout-tests_inverter_1", "cornername": "Nominal"}
[2024-10-23 14:58:07.706 -0300] [PROCESS] [cadence.virtuoso.ade.simulationMonitor] - Simulation started at: 2:58:05 PM, Wed Oct 23, 2024, ended at: 2:58:07 PM, Wed Oct 23, 2024, with elapsed time (wall clock): 1.98 s. {"history": "ExplorerRun.0", "point": 1, "testname": "fanout-tests_inverter_1", "cornername": "Nominal"}
[2024-10-23 14:58:07.706 -0300] [PROCESS] [cadence.virtuoso.ade.simulationMonitor] - spectre completes with 0 errors, 0 warnings, and 13 notices. {"history": "ExplorerRun.0", "point": 1, "testname": "fanout-tests_inverter_1", "cornername": "Nominal"}
[2024-10-23 14:58:07.706 -0300] [PROCESS] [cadence.virtuoso.ade.simulationMonitor] - Finished simulating for one point {"hostname": "cinova05.lesc.ufc.br", "processid": 95852, "history": "ExplorerRun.0", "testname": "fanout-tests_inverter_1", "cornername": "Nominal", "point": 1, "logfile": "/home/cinovador/Documents/course_files/practice_0/logs_cinovador/logs0/Job3.log", "simid": "1", "event": "finish", "category": "simulation"}
[2024-10-23 14:58:07.706 -0300] [PROCESS] [cadence.virtuoso.ade.simulationMonitor] - Simulator exited {"hostname": "cinova05.lesc.ufc.br", "processid": 95852, "history": "ExplorerRun.0", "testname": "fanout-tests_inverter_1", "cornername": "Nominal", "point": 1, "logfile": "/home/cinovador/Documents/course_files/practice_0/logs_cinovador/logs0/Job3.log", "exitStatus": "0"}
[2024-10-23 14:58:07.706 -0300] [PROCESS] [cadence.virtuoso.ade.simulationMonitor] - Finished Simulation {"hostname": "cinova05.lesc.ufc.br", "processid": 95852, "history": "ExplorerRun.0", "testname": "fanout-tests_inverter_1", "cornername": "Nominal", "point": 1, "logfile": "/home/cinovador/Documents/course_files/practice_0/logs_cinovador/logs0/Job3.log", "simid": "1", "event": "finish", "category": "obsolete"}
[2024-10-23 14:58:08.206 -0300] [PROCESS] [cadence.virtuoso.ade.simulationMonitor] - Point Finished {"hostname": "cinova05.lesc.ufc.br", "processid": 95852, "history": "ExplorerRun.0", "testname": "fanout-tests_inverter_1", "cornername": "Nominal", "point": 1, "logfile": "/home/cinovador/Documents/course_files/practice_0/logs_cinovador/logs0/Job3.log", "event": "finish", "category": "sim-eval"}
[2024-10-23 15:03:09.209 -0300] [PROCESS] [cadence.virtuoso.ade.simulationMonitor] - Current memory used: 84.0820 MBytes, peak memory used: 84.0820 MBytes {"hostname": "cinova05.lesc.ufc.br", "processid": 95852, "history": "ExplorerRun.0", "testname": "fanout-tests_inverter_1", "cornername": "Nominal", "point": 1, "logfile": "/home/cinovador/Documents/course_files/practice_0/logs_cinovador/logs0/Job3.log"}
[2024-10-23 15:03:09.209 -0300] [PROCESS] [cadence.virtuoso.ade.simulationMonitor] - Simulation Monitor process exits. {"hostname": "cinova05.lesc.ufc.br", "processid": 95852, "history": "ExplorerRun.0", "testname": "fanout-tests_inverter_1", "cornername": "Nominal", "point": 1, "logfile": "/home/cinovador/Documents/course_files/practice_0/logs_cinovador/logs0/Job3.log"}
