[Simulation Monitor: 4]
[2024-10-24 14:02:29.203 -0300] [PROCESS] [cadence.virtuoso.ade.simulationMonitor] - Started the simulation monitor process {"hostname": "cinova05.lesc.ufc.br", "processid": 42810, "logfile": "/home/cinovador/Documents/course_files/practice_0/logs_cinovador/logs0/Job4.log", "simulation monitor command line": "/home/tools/cadence/installs/IC231/tools.lnx86/dfII/bin/64bit/spectreMonitor --davinciService DaVinciService_31080_1729786834 --axlsession fnxSession1 -lscs 000175E1894CBE06FF0966E38F1FFC06BC4D7EED88199869CA2C7EEDDC43CC33CA2C39A0A173FC06867D66E38F1FFC06BC4D66E38F1FFC06BC4D01F9F2BB81A2DB5700001E87 -beanhost cinova05.lesc.ufc.br -beanport 11407 -beanLogFile /home/cinovador/Documents/course_files/practice_0/logs_cinovador/logs0/amps_Job4.log -beanbinlog  --domain 0 --interactive yes --netlistOpt no --useMultiPointEvaluation yes --exprEvalShowJobStderr yes --evalSimParallel no --maxSims 0 --historyName ExplorerRun.0 --historyUUID  --exprEvaluator vds --mcMapping mc1.mapping --checkLogStatusInterval 0 --checkSimulatorLogTimeout 1200 --exprEvalMaxTries 3 --maxNFSSyncWait 60 -adeBrokerAddress cinova05.lesc.ufc.br:45421 --statdbType h5v2 --fromADE true --virtuosoBinary virtuoso --guiDisplay cinova05.lesc.ufc.br:0 --globalStatus 60 --evaluateMultiMC yes --evalOnSimFail SkipFailedAnalyses --numRetriesOnError 1 --fenixMode explorer --lingertimeout 300 -ahdlLockTimeout 60 --sdbLib fanout-tests --sdbCell fanout-question-4 --sdbView maestro --heartBeatFileDir /dev/shm --id 4 --uuid 4a9746a4-1117-4ae8-87dd-7e601a03c5f6 --log /home/cinovador/Documents/course_files/practice_0/logs_cinovador/logs0/Job4.log "}
[2024-10-24 14:02:29.203 -0300] [PROCESS] [cadence.virtuoso.ade.simulationMonitor] - Started the simulation monitor process {"hostname": "cinova05.lesc.ufc.br", "processid": 42810, "logfile": "/home/cinovador/Documents/course_files/practice_0/logs_cinovador/logs0/Job4.log", "current directory": "/home/cinovador/Documents/course_files/practice_0"}
[2024-10-24 14:02:29.203 -0300] [PROCESS] [cadence.virtuoso.ade.simulationMonitor] - Simulation Monitor has successfully started up. Trying to set up communication channels to other components ... {"hostname": "cinova05.lesc.ufc.br", "processid": 42810, "logfile": "/home/cinovador/Documents/course_files/practice_0/logs_cinovador/logs0/Job4.log"}
[2024-10-24 14:02:29.289 -0300] [PROCESS] [cadence.virtuoso.ade.simulationMonitor] - Communication channels have been successfully set up. Start processing events ... {"hostname": "cinova05.lesc.ufc.br", "processid": 42810, "logfile": "/home/cinovador/Documents/course_files/practice_0/logs_cinovador/logs0/Job4.log"}
[2024-10-24 14:02:29.289 -0300] [PROCESS] [cadence.virtuoso.ade.simulationMonitor] - Considering to start history {"hostname": "cinova05.lesc.ufc.br", "processid": 42810, "history": "ExplorerRun.0", "logfile": "/home/cinovador/Documents/course_files/practice_0/logs_cinovador/logs0/Job4.log"}
[2024-10-24 14:02:29.291 -0300] [PROCESS] [cadence.virtuoso.ade.simulationMonitor] - HostInfo:
Host name (type):	cinova05.lesc.ufc.br (x86_64)
Operating system:	Linux 4.18.0-553.22.1.el8_10.x86_64 #1 SMP Wed Sep 25 09:20:43 UTC 2024 {"hostname": "cinova05.lesc.ufc.br", "processid": 42810, "history": "ExplorerRun.0", "logfile": "/home/cinovador/Documents/course_files/practice_0/logs_cinovador/logs0/Job4.log", "nodename": "cinova05.lesc.ufc.br", "domainname": "(none)", "machine": "x86_64", "sysname": "Linux", "release": "4.18.0-553.22.1.el8_10.x86_64", "version": "#1 SMP Wed Sep 25 09:20:43 UTC 2024"}
[2024-10-24 14:02:29.291 -0300] [PROCESS] [cadence.virtuoso.ade.simulationMonitor] - UsageInfo:
pid=42810
totalPhysicalMemory=30.835911GB,Used=11.032642GB,totalVirtualMemory=46.441376GB,Used=11.032642GB
Cpu: Cores=20, Load average:0.750000,1.270000,1.270000 {"hostname": "cinova05.lesc.ufc.br", "processid": 42810, "history": "ExplorerRun.0", "logfile": "/home/cinovador/Documents/course_files/practice_0/logs_cinovador/logs0/Job4.log", "pid": "42810", "totalPhysicalMemory": "30.835911", "physicalMemoryUsed": "11.032642", "totalVirtualMemory": "46.441376", "virtualMemoryUsed": "11.032642", "cpuCores": "20", "processes": "1429", "loadAverage1": "0.750000", "loadAverage5": "1.270000", "loadAverage15": "1.270000", "loadAverage1Percent": "0.037500"}
[2024-10-24 14:02:29.291 -0300] [EVENT] [cadence.virtuoso.ade.simulationMonitor] - NewPoint {"history": "ExplorerRun.0", "point": 1, "testname": "fanout-tests_fanout-question-4_1", "cornername": "Nominal", "event": "NewPoint", "EventSource": "Simulation Monitor", "HistoryName": "ExplorerRun.0", "logFile": "/home/cinovador/Documents/course_files/practice_0/logs_cinovador/logs0/Job4.log", "logFileSize": "4315", "category": "simulation"}
[2024-10-24 14:02:29.391 -0300] [EVENT] [cadence.virtuoso.ade.simulationMonitor] - NewPoint {"history": "ExplorerRun.0", "point": 1, "testname": "fanout-tests_fanout-question-4_1", "cornername": "Nominal", "event": "NewPoint", "EventSource": "spectre", "HistoryName": "ExplorerRun.0", "logFile": "/home/cinovador/simulation/fanout-tests/fanout-question-4/maestro/results/maestro/ExplorerRun.0/1/fanout-tests_fanout-question-4_1/psf/spectre.out", "logFileSize": "-1", "category": "simulation"}
[2024-10-24 14:02:30.027 -0300] [PROCESS] [cadence.virtuoso.ade.simulationMonitor] - Simulator launched {"hostname": "cinova05.lesc.ufc.br", "processid": 42810, "history": "ExplorerRun.0", "testname": "fanout-tests_fanout-question-4_1", "cornername": "Nominal", "point": 1, "logfile": "/home/cinovador/Documents/course_files/practice_0/logs_cinovador/logs0/Job4.log", "simid": "1", "event": "launch", "category": "simulation"}
[2024-10-24 14:02:30.027 -0300] [PROCESS] [cadence.virtuoso.ade.simulationMonitor] - Expression evaluator launched {"hostname": "cinova05.lesc.ufc.br", "processid": 42810, "history": "ExplorerRun.0", "testname": "fanout-tests_fanout-question-4_1", "cornername": "Nominal", "point": 1, "logfile": "/home/cinovador/Documents/course_files/practice_0/logs_cinovador/logs0/Job4.log"}
[2024-10-24 14:02:30.060 -0300] [PROCESS] [cadence.virtuoso.ade.simulationMonitor] - Started Simulation {"hostname": "cinova05.lesc.ufc.br", "processid": 42810, "history": "ExplorerRun.0", "testname": "fanout-tests_fanout-question-4_1", "cornername": "Nominal", "point": 1, "logfile": "/home/cinovador/Documents/course_files/practice_0/logs_cinovador/logs0/Job4.log", "event": "start", "category": "simulation"}
[2024-10-24 14:02:32.561 -0300] [INFO] [cadence.virtuoso.ade.simulationMonitor] - Peak resident memory used = 184 Mbytes. {"history": "ExplorerRun.0", "point": 1, "testname": "fanout-tests_fanout-question-4_1", "cornername": "Nominal"}
[2024-10-24 14:02:32.561 -0300] [INFO] [cadence.virtuoso.ade.simulationMonitor] - Peak resident memory used = 198 Mbytes. {"history": "ExplorerRun.0", "point": 1, "testname": "fanout-tests_fanout-question-4_1", "cornername": "Nominal"}
[2024-10-24 14:02:32.561 -0300] [INFO] [cadence.virtuoso.ade.simulationMonitor] - Notice from spectre during hierarchy flattening.
    The value 'psf' specified for the 'checklimitdest' option will no longer be supported in future releases. Use 'spectre -h' to see other recommended values for the 'checklimitdest' option. {"history": "ExplorerRun.0", "point": 1, "testname": "fanout-tests_fanout-question-4_1", "cornername": "Nominal"}
[2024-10-24 14:02:32.561 -0300] [INFO] [cadence.virtuoso.ade.simulationMonitor] - Peak resident memory used = 200 Mbytes. {"history": "ExplorerRun.0", "point": 1, "testname": "fanout-tests_fanout-question-4_1", "cornername": "Nominal"}
[2024-10-24 14:02:32.561 -0300] [INFO] [cadence.virtuoso.ade.simulationMonitor] - Notice from spectre during initial setup.
    Multithreading is disabled due to the size of the design being too small. {"history": "ExplorerRun.0", "point": 1, "testname": "fanout-tests_fanout-question-4_1", "cornername": "Nominal"}
[2024-10-24 14:02:32.561 -0300] [INFO] [cadence.virtuoso.ade.simulationMonitor] -               nodes 5 {"history": "ExplorerRun.0", "point": 1, "testname": "fanout-tests_fanout-question-4_1", "cornername": "Nominal"}
[2024-10-24 14:02:32.561 -0300] [INFO] [cadence.virtuoso.ade.simulationMonitor] - Notice from spectre during initial setup.
    Protected devices exist and are not included in the circuit inventory.
    APS enabled. {"history": "ExplorerRun.0", "point": 1, "testname": "fanout-tests_fanout-question-4_1", "cornername": "Nominal"}
[2024-10-24 14:02:32.561 -0300] [INFO] [cadence.virtuoso.ade.simulationMonitor] - Peak resident memory used = 200 Mbytes. {"history": "ExplorerRun.0", "point": 1, "testname": "fanout-tests_fanout-question-4_1", "cornername": "Nominal"}
[2024-10-24 14:02:32.561 -0300] [INFO] [cadence.virtuoso.ade.simulationMonitor] -    -   (APS) Multi-threading. The recommended number of threads is 1, consider adding +mt=1 on command line. {"history": "ExplorerRun.0", "point": 1, "testname": "fanout-tests_fanout-question-4_1", "cornername": "Nominal"}
[2024-10-24 14:02:32.561 -0300] [INFO] [cadence.virtuoso.ade.simulationMonitor] - Notice from spectre at dc = 6 mV during DC analysis `dc'.
    GminDC = 1 pS is large enough to noticeably affect the DC solution.
        dV(vdd!) = -1.05472 uV
        Use the `gmin_check' option to eliminate or expand this report. {"history": "ExplorerRun.0", "point": 1, "testname": "fanout-tests_fanout-question-4_1", "cornername": "Nominal"}
[2024-10-24 14:02:32.561 -0300] [INFO] [cadence.virtuoso.ade.simulationMonitor] - Notice from spectre at dc = 7 mV during DC analysis `dc'.
    GminDC = 1 pS is large enough to noticeably affect the DC solution.
        dV(vdd!) = -1.25368 uV
        Use the `gmin_check' option to eliminate or expand this report. {"history": "ExplorerRun.0", "point": 1, "testname": "fanout-tests_fanout-question-4_1", "cornername": "Nominal"}
[2024-10-24 14:02:32.561 -0300] [INFO] [cadence.virtuoso.ade.simulationMonitor] - Notice from spectre at dc = 8 mV during DC analysis `dc'.
    GminDC = 1 pS is large enough to noticeably affect the DC solution.
        dV(vdd!) = -1.47745 uV
        Use the `gmin_check' option to eliminate or expand this report. {"history": "ExplorerRun.0", "point": 1, "testname": "fanout-tests_fanout-question-4_1", "cornername": "Nominal"}
[2024-10-24 14:02:32.561 -0300] [INFO] [cadence.virtuoso.ade.simulationMonitor] - Notice from spectre at dc = 9 mV during DC analysis `dc'.
    GminDC = 1 pS is large enough to noticeably affect the DC solution.
        dV(vdd!) = -1.73315 uV
        Use the `gmin_check' option to eliminate or expand this report. {"history": "ExplorerRun.0", "point": 1, "testname": "fanout-tests_fanout-question-4_1", "cornername": "Nominal"}
[2024-10-24 14:02:32.561 -0300] [INFO] [cadence.virtuoso.ade.simulationMonitor] - Notice from spectre at dc = 10 mV during DC analysis `dc'.
    GminDC = 1 pS is large enough to noticeably affect the DC solution.
        Further occurrences of this notice will be suppressed.
        dV(vdd!) = -2.02786 uV
        Further occurrences of this notice will be suppressed.
        Use the `gmin_check' option to eliminate or expand this report.
        Further occurrences of this notice will be suppressed. {"history": "ExplorerRun.0", "point": 1, "testname": "fanout-tests_fanout-question-4_1", "cornername": "Nominal"}
[2024-10-24 14:02:32.561 -0300] [INFO] [cadence.virtuoso.ade.simulationMonitor] - Notice from spectre at dc = 1 V during DC analysis `dc'.
    The value of parameter 'dc' has been reset to the original value 1. {"history": "ExplorerRun.0", "point": 1, "testname": "fanout-tests_fanout-question-4_1", "cornername": "Nominal"}
[2024-10-24 14:02:32.562 -0300] [INFO] [cadence.virtuoso.ade.simulationMonitor] - Total time required for dc analysis `dc': CPU = 20.526 ms, elapsed = 21.4641 ms, util. = 95.6%. {"history": "ExplorerRun.0", "point": 1, "testname": "fanout-tests_fanout-question-4_1", "cornername": "Nominal"}
[2024-10-24 14:02:32.562 -0300] [INFO] [cadence.virtuoso.ade.simulationMonitor] - Peak resident memory used = 205 Mbytes. {"history": "ExplorerRun.0", "point": 1, "testname": "fanout-tests_fanout-question-4_1", "cornername": "Nominal"}
[2024-10-24 14:02:32.562 -0300] [INFO] [cadence.virtuoso.ade.simulationMonitor] - Notice from spectre.
    990 notices suppressed. {"history": "ExplorerRun.0", "point": 1, "testname": "fanout-tests_fanout-question-4_1", "cornername": "Nominal"}
[2024-10-24 14:02:32.562 -0300] [INFO] [cadence.virtuoso.ade.simulationMonitor] - Time used: CPU = 390 ms, elapsed = 2.03 s, util. = 19.2%. {"history": "ExplorerRun.0", "point": 1, "testname": "fanout-tests_fanout-question-4_1", "cornername": "Nominal"}
[2024-10-24 14:02:32.562 -0300] [INFO] [cadence.virtuoso.ade.simulationMonitor] - Time spent in licensing: elapsed = 964 ms, percentage of total = 47.5%. {"history": "ExplorerRun.0", "point": 1, "testname": "fanout-tests_fanout-question-4_1", "cornername": "Nominal"}
[2024-10-24 14:02:32.562 -0300] [INFO] [cadence.virtuoso.ade.simulationMonitor] - Peak memory used = 208 Mbytes. {"history": "ExplorerRun.0", "point": 1, "testname": "fanout-tests_fanout-question-4_1", "cornername": "Nominal"}
[2024-10-24 14:02:32.562 -0300] [PROCESS] [cadence.virtuoso.ade.simulationMonitor] - Simulation started at: 2:02:30 PM, Thur Oct 24, 2024, ended at: 2:02:32 PM, Thur Oct 24, 2024, with elapsed time (wall clock): 2.03 s. {"history": "ExplorerRun.0", "point": 1, "testname": "fanout-tests_fanout-question-4_1", "cornername": "Nominal"}
[2024-10-24 14:02:32.562 -0300] [PROCESS] [cadence.virtuoso.ade.simulationMonitor] - spectre completes with 0 errors, 0 warnings, and 12 notices. {"history": "ExplorerRun.0", "point": 1, "testname": "fanout-tests_fanout-question-4_1", "cornername": "Nominal"}
[2024-10-24 14:02:32.562 -0300] [PROCESS] [cadence.virtuoso.ade.simulationMonitor] - Finished simulating for one point {"hostname": "cinova05.lesc.ufc.br", "processid": 42810, "history": "ExplorerRun.0", "testname": "fanout-tests_fanout-question-4_1", "cornername": "Nominal", "point": 1, "logfile": "/home/cinovador/Documents/course_files/practice_0/logs_cinovador/logs0/Job4.log", "simid": "1", "event": "finish", "category": "simulation"}
[2024-10-24 14:02:32.562 -0300] [PROCESS] [cadence.virtuoso.ade.simulationMonitor] - Simulator exited {"hostname": "cinova05.lesc.ufc.br", "processid": 42810, "history": "ExplorerRun.0", "testname": "fanout-tests_fanout-question-4_1", "cornername": "Nominal", "point": 1, "logfile": "/home/cinovador/Documents/course_files/practice_0/logs_cinovador/logs0/Job4.log", "exitStatus": "0"}
[2024-10-24 14:02:32.562 -0300] [PROCESS] [cadence.virtuoso.ade.simulationMonitor] - Finished Simulation {"hostname": "cinova05.lesc.ufc.br", "processid": 42810, "history": "ExplorerRun.0", "testname": "fanout-tests_fanout-question-4_1", "cornername": "Nominal", "point": 1, "logfile": "/home/cinovador/Documents/course_files/practice_0/logs_cinovador/logs0/Job4.log", "simid": "1", "event": "finish", "category": "obsolete"}
[2024-10-24 14:02:33.063 -0300] [PROCESS] [cadence.virtuoso.ade.simulationMonitor] - Point Finished {"hostname": "cinova05.lesc.ufc.br", "processid": 42810, "history": "ExplorerRun.0", "testname": "fanout-tests_fanout-question-4_1", "cornername": "Nominal", "point": 1, "logfile": "/home/cinovador/Documents/course_files/practice_0/logs_cinovador/logs0/Job4.log", "event": "finish", "category": "sim-eval"}
[2024-10-24 14:02:34.064 -0300] [PROCESS] [cadence.virtuoso.ade.simulationMonitor] - Stay with the runId '0', Linger time '300', currentRunSyn '1', currentTestSyn '2' {"hostname": "cinova05.lesc.ufc.br", "processid": 42810, "history": "ExplorerRun.0", "testname": "fanout-tests_fanout-question-4_1", "cornername": "Nominal", "point": 1, "logfile": "/home/cinovador/Documents/course_files/practice_0/logs_cinovador/logs0/Job4.log"}
[2024-10-24 14:07:33.762 -0300] [PROCESS] [cadence.virtuoso.ade.simulationMonitor] - Current memory used: 82.1133 MBytes, peak memory used: 82.1133 MBytes {"hostname": "cinova05.lesc.ufc.br", "processid": 42810, "history": "ExplorerRun.0", "testname": "fanout-tests_fanout-question-4_1", "cornername": "Nominal", "point": 1, "logfile": "/home/cinovador/Documents/course_files/practice_0/logs_cinovador/logs0/Job4.log"}
[2024-10-24 14:07:33.762 -0300] [PROCESS] [cadence.virtuoso.ade.simulationMonitor] - Simulation Monitor process exits. {"hostname": "cinova05.lesc.ufc.br", "processid": 42810, "history": "ExplorerRun.0", "testname": "fanout-tests_fanout-question-4_1", "cornername": "Nominal", "point": 1, "logfile": "/home/cinovador/Documents/course_files/practice_0/logs_cinovador/logs0/Job4.log"}
