[Simulation Monitor: 5]
[2024-10-23 18:50:43.581 -0300] [PROCESS] [cadence.virtuoso.ade.simulationMonitor] - Started the simulation monitor process {"hostname": "cinova05.lesc.ufc.br", "processid": 19415, "logfile": "/home/cinovador/Documents/course_files/practice_0/logs_cinovador/logs0/Job5.log", "simulation monitor command line": "/home/tools/cadence/installs/IC231/tools.lnx86/dfII/bin/64bit/spectreMonitor --davinciService DaVinciService_5754_1729718690 --axlsession fnxSession1 -lscs 000175E1894CBE06FF0966E38F1FFC06BC4D7EED88199869CA2C7EEDDC43CC33CA2C39A0A173FC06867D66E38F1FFC06BC4D66E38F1FFC06BC4D01FAE0AC93B5DB5400001E90 -beanhost cinova05.lesc.ufc.br -beanport 11793 -beanLogFile /home/cinovador/Documents/course_files/practice_0/logs_cinovador/logs0/amps_Job5.log -beanbinlog  --domain 0 --interactive yes --netlistOpt no --useMultiPointEvaluation yes --exprEvalShowJobStderr yes --evalSimParallel no --maxSims 0 --historyName ExplorerRun.0 --historyUUID  --exprEvaluator vds --mcMapping mc1.mapping --checkLogStatusInterval 0 --checkSimulatorLogTimeout 1200 --exprEvalMaxTries 3 --maxNFSSyncWait 60 -adeBrokerAddress cinova05.lesc.ufc.br:40285 --statdbType h5v2 --fromADE true --virtuosoBinary virtuoso --guiDisplay cinova05.lesc.ufc.br:0 --globalStatus 60 --evaluateMultiMC yes --evalOnSimFail SkipFailedAnalyses --numRetriesOnError 1 --fenixMode explorer --lingertimeout 300 -ahdlLockTimeout 60 --sdbLib fanout-tests --sdbCell fanout-question-3 --sdbView maestro --heartBeatFileDir /dev/shm --id 5 --uuid 5e05156b-9890-414d-a8cd-74024458555d --log /home/cinovador/Documents/course_files/practice_0/logs_cinovador/logs0/Job5.log "}
[2024-10-23 18:50:43.582 -0300] [PROCESS] [cadence.virtuoso.ade.simulationMonitor] - Started the simulation monitor process {"hostname": "cinova05.lesc.ufc.br", "processid": 19415, "logfile": "/home/cinovador/Documents/course_files/practice_0/logs_cinovador/logs0/Job5.log", "current directory": "/home/cinovador/Documents/course_files/practice_0"}
[2024-10-23 18:50:43.582 -0300] [PROCESS] [cadence.virtuoso.ade.simulationMonitor] - Simulation Monitor has successfully started up. Trying to set up communication channels to other components ... {"hostname": "cinova05.lesc.ufc.br", "processid": 19415, "logfile": "/home/cinovador/Documents/course_files/practice_0/logs_cinovador/logs0/Job5.log"}
[2024-10-23 18:50:43.672 -0300] [PROCESS] [cadence.virtuoso.ade.simulationMonitor] - Communication channels have been successfully set up. Start processing events ... {"hostname": "cinova05.lesc.ufc.br", "processid": 19415, "logfile": "/home/cinovador/Documents/course_files/practice_0/logs_cinovador/logs0/Job5.log"}
[2024-10-23 18:50:43.672 -0300] [PROCESS] [cadence.virtuoso.ade.simulationMonitor] - Considering to start history {"hostname": "cinova05.lesc.ufc.br", "processid": 19415, "history": "ExplorerRun.0", "logfile": "/home/cinovador/Documents/course_files/practice_0/logs_cinovador/logs0/Job5.log"}
[2024-10-23 18:50:43.674 -0300] [PROCESS] [cadence.virtuoso.ade.simulationMonitor] - HostInfo:
Host name (type):	cinova05.lesc.ufc.br (x86_64)
Operating system:	Linux 4.18.0-553.22.1.el8_10.x86_64 #1 SMP Wed Sep 25 09:20:43 UTC 2024 {"hostname": "cinova05.lesc.ufc.br", "processid": 19415, "history": "ExplorerRun.0", "logfile": "/home/cinovador/Documents/course_files/practice_0/logs_cinovador/logs0/Job5.log", "nodename": "cinova05.lesc.ufc.br", "domainname": "(none)", "machine": "x86_64", "sysname": "Linux", "release": "4.18.0-553.22.1.el8_10.x86_64", "version": "#1 SMP Wed Sep 25 09:20:43 UTC 2024"}
[2024-10-23 18:50:43.674 -0300] [PROCESS] [cadence.virtuoso.ade.simulationMonitor] - UsageInfo:
pid=19415
totalPhysicalMemory=30.835907GB,Used=10.262291GB,totalVirtualMemory=46.441372GB,Used=10.262291GB
Cpu: Cores=20, Load average:0.220000,0.280000,0.470000 {"hostname": "cinova05.lesc.ufc.br", "processid": 19415, "history": "ExplorerRun.0", "logfile": "/home/cinovador/Documents/course_files/practice_0/logs_cinovador/logs0/Job5.log", "pid": "19415", "totalPhysicalMemory": "30.835907", "physicalMemoryUsed": "10.262291", "totalVirtualMemory": "46.441372", "virtualMemoryUsed": "10.262291", "cpuCores": "20", "processes": "1441", "loadAverage1": "0.220000", "loadAverage5": "0.280000", "loadAverage15": "0.470000", "loadAverage1Percent": "0.011000"}
[2024-10-23 18:50:43.674 -0300] [EVENT] [cadence.virtuoso.ade.simulationMonitor] - NewPoint {"history": "ExplorerRun.0", "point": 1, "testname": "fanout-tests_fanout-question-3_1", "cornername": "Nominal", "event": "NewPoint", "EventSource": "Simulation Monitor", "HistoryName": "ExplorerRun.0", "logFile": "/home/cinovador/Documents/course_files/practice_0/logs_cinovador/logs0/Job5.log", "logFileSize": "4314", "category": "simulation"}
[2024-10-23 18:50:43.774 -0300] [EVENT] [cadence.virtuoso.ade.simulationMonitor] - NewPoint {"history": "ExplorerRun.0", "point": 1, "testname": "fanout-tests_fanout-question-3_1", "cornername": "Nominal", "event": "NewPoint", "EventSource": "spectre", "HistoryName": "ExplorerRun.0", "logFile": "/home/cinovador/Documents/course_files/practice_0/lab1_part2/fanout-tests-question-2/fanout-tests/fanout-question-3/maestro/results/maestro/ExplorerRun.0/1/fanout-tests_fanout-question-3_1/psf/spectre.out", "logFileSize": "-1", "category": "simulation"}
[2024-10-23 18:50:44.439 -0300] [PROCESS] [cadence.virtuoso.ade.simulationMonitor] - Simulator launched {"hostname": "cinova05.lesc.ufc.br", "processid": 19415, "history": "ExplorerRun.0", "testname": "fanout-tests_fanout-question-3_1", "cornername": "Nominal", "point": 1, "logfile": "/home/cinovador/Documents/course_files/practice_0/logs_cinovador/logs0/Job5.log", "simid": "1", "event": "launch", "category": "simulation"}
[2024-10-23 18:50:44.440 -0300] [PROCESS] [cadence.virtuoso.ade.simulationMonitor] - Expression evaluator launched {"hostname": "cinova05.lesc.ufc.br", "processid": 19415, "history": "ExplorerRun.0", "testname": "fanout-tests_fanout-question-3_1", "cornername": "Nominal", "point": 1, "logfile": "/home/cinovador/Documents/course_files/practice_0/logs_cinovador/logs0/Job5.log"}
[2024-10-23 18:50:44.473 -0300] [PROCESS] [cadence.virtuoso.ade.simulationMonitor] - Started Simulation {"hostname": "cinova05.lesc.ufc.br", "processid": 19415, "history": "ExplorerRun.0", "testname": "fanout-tests_fanout-question-3_1", "cornername": "Nominal", "point": 1, "logfile": "/home/cinovador/Documents/course_files/practice_0/logs_cinovador/logs0/Job5.log", "event": "start", "category": "simulation"}
[2024-10-23 18:50:46.974 -0300] [INFO] [cadence.virtuoso.ade.simulationMonitor] - Peak resident memory used = 190 Mbytes. {"history": "ExplorerRun.0", "point": 1, "testname": "fanout-tests_fanout-question-3_1", "cornername": "Nominal"}
[2024-10-23 18:50:46.974 -0300] [INFO] [cadence.virtuoso.ade.simulationMonitor] - Peak resident memory used = 206 Mbytes. {"history": "ExplorerRun.0", "point": 1, "testname": "fanout-tests_fanout-question-3_1", "cornername": "Nominal"}
[2024-10-23 18:50:46.974 -0300] [INFO] [cadence.virtuoso.ade.simulationMonitor] - Notice from spectre during hierarchy flattening.
    The value 'psf' specified for the 'checklimitdest' option will no longer be supported in future releases. Use 'spectre -h' to see other recommended values for the 'checklimitdest' option. {"history": "ExplorerRun.0", "point": 1, "testname": "fanout-tests_fanout-question-3_1", "cornername": "Nominal"}
[2024-10-23 18:50:46.974 -0300] [INFO] [cadence.virtuoso.ade.simulationMonitor] - Peak resident memory used = 207 Mbytes. {"history": "ExplorerRun.0", "point": 1, "testname": "fanout-tests_fanout-question-3_1", "cornername": "Nominal"}
[2024-10-23 18:50:46.974 -0300] [INFO] [cadence.virtuoso.ade.simulationMonitor] - Notice from spectre during initial setup.
    Multithreading is disabled due to the size of the design being too small. {"history": "ExplorerRun.0", "point": 1, "testname": "fanout-tests_fanout-question-3_1", "cornername": "Nominal"}
[2024-10-23 18:50:46.974 -0300] [INFO] [cadence.virtuoso.ade.simulationMonitor] -               nodes 14 {"history": "ExplorerRun.0", "point": 1, "testname": "fanout-tests_fanout-question-3_1", "cornername": "Nominal"}
[2024-10-23 18:50:46.974 -0300] [INFO] [cadence.virtuoso.ade.simulationMonitor] - Notice from spectre during initial setup.
    Protected devices exist and are not included in the circuit inventory.
    APS enabled. {"history": "ExplorerRun.0", "point": 1, "testname": "fanout-tests_fanout-question-3_1", "cornername": "Nominal"}
[2024-10-23 18:50:46.974 -0300] [INFO] [cadence.virtuoso.ade.simulationMonitor] - Peak resident memory used = 207 Mbytes. {"history": "ExplorerRun.0", "point": 1, "testname": "fanout-tests_fanout-question-3_1", "cornername": "Nominal"}
[2024-10-23 18:50:46.974 -0300] [INFO] [cadence.virtuoso.ade.simulationMonitor] -    -   (APS) Multi-threading. The recommended number of threads is 1, consider adding +mt=1 on command line. {"history": "ExplorerRun.0", "point": 1, "testname": "fanout-tests_fanout-question-3_1", "cornername": "Nominal"}
[2024-10-23 18:50:46.975 -0300] [INFO] [cadence.virtuoso.ade.simulationMonitor] - Notice from spectre during transient analysis `tran'.
    Multithreading is disabled due to the size of the design being too small. {"history": "ExplorerRun.0", "point": 1, "testname": "fanout-tests_fanout-question-3_1", "cornername": "Nominal"}
[2024-10-23 18:50:46.975 -0300] [INFO] [cadence.virtuoso.ade.simulationMonitor] - Notice from spectre at time = 291.392 ps during transient analysis `tran'.
    Found trapezoidal ringing on node _vvdd!:p. {"history": "ExplorerRun.0", "point": 1, "testname": "fanout-tests_fanout-question-3_1", "cornername": "Nominal"}
[2024-10-23 18:50:46.975 -0300] [INFO] [cadence.virtuoso.ade.simulationMonitor] - Notice from spectre at time = 371.392 ps during transient analysis `tran'.
    Found trapezoidal ringing on node _vvdd!:p. {"history": "ExplorerRun.0", "point": 1, "testname": "fanout-tests_fanout-question-3_1", "cornername": "Nominal"}
[2024-10-23 18:50:46.975 -0300] [INFO] [cadence.virtuoso.ade.simulationMonitor] - Notice from spectre at time = 451.392 ps during transient analysis `tran'.
    Found trapezoidal ringing on node _vvdd!:p. {"history": "ExplorerRun.0", "point": 1, "testname": "fanout-tests_fanout-question-3_1", "cornername": "Nominal"}
[2024-10-23 18:50:46.975 -0300] [INFO] [cadence.virtuoso.ade.simulationMonitor] - Notice from spectre at time = 531.392 ps during transient analysis `tran'.
    Found trapezoidal ringing on node _vvdd!:p. {"history": "ExplorerRun.0", "point": 1, "testname": "fanout-tests_fanout-question-3_1", "cornername": "Nominal"}
[2024-10-23 18:50:46.975 -0300] [INFO] [cadence.virtuoso.ade.simulationMonitor] - Notice from spectre at time = 611.392 ps during transient analysis `tran'.
    Found trapezoidal ringing on node _vvdd!:p.
        Further occurrences of this notice will be suppressed. {"history": "ExplorerRun.0", "point": 1, "testname": "fanout-tests_fanout-question-3_1", "cornername": "Nominal"}
[2024-10-23 18:50:46.975 -0300] [INFO] [cadence.virtuoso.ade.simulationMonitor] - Notice from spectre during transient analysis `tran'.
    Trapezoidal ringing is detected during tran analysis.
        Please use method=trap for better results and performance. {"history": "ExplorerRun.0", "point": 1, "testname": "fanout-tests_fanout-question-3_1", "cornername": "Nominal"}
[2024-10-23 18:50:46.975 -0300] [INFO] [cadence.virtuoso.ade.simulationMonitor] - Intrinsic tran analysis time:    CPU = 9.978 ms, elapsed = 11.4751 ms. {"history": "ExplorerRun.0", "point": 1, "testname": "fanout-tests_fanout-question-3_1", "cornername": "Nominal"}
[2024-10-23 18:50:46.975 -0300] [INFO] [cadence.virtuoso.ade.simulationMonitor] - Total time required for tran analysis `tran': CPU = 12.884 ms, elapsed = 14.3919 ms, util. = 89.5%. {"history": "ExplorerRun.0", "point": 1, "testname": "fanout-tests_fanout-question-3_1", "cornername": "Nominal"}
[2024-10-23 18:50:46.975 -0300] [INFO] [cadence.virtuoso.ade.simulationMonitor] - Peak resident memory used = 217 Mbytes. {"history": "ExplorerRun.0", "point": 1, "testname": "fanout-tests_fanout-question-3_1", "cornername": "Nominal"}
[2024-10-23 18:50:46.975 -0300] [INFO] [cadence.virtuoso.ade.simulationMonitor] - Notice from spectre.
    50 notices suppressed. {"history": "ExplorerRun.0", "point": 1, "testname": "fanout-tests_fanout-question-3_1", "cornername": "Nominal"}
[2024-10-23 18:50:46.975 -0300] [INFO] [cadence.virtuoso.ade.simulationMonitor] - Time used: CPU = 341 ms, elapsed = 2.15 s, util. = 15.9%. {"history": "ExplorerRun.0", "point": 1, "testname": "fanout-tests_fanout-question-3_1", "cornername": "Nominal"}
[2024-10-23 18:50:46.975 -0300] [INFO] [cadence.virtuoso.ade.simulationMonitor] - Time spent in licensing: elapsed = 1.2 s, percentage of total = 55.9%. {"history": "ExplorerRun.0", "point": 1, "testname": "fanout-tests_fanout-question-3_1", "cornername": "Nominal"}
[2024-10-23 18:50:46.975 -0300] [INFO] [cadence.virtuoso.ade.simulationMonitor] - Peak memory used = 218 Mbytes. {"history": "ExplorerRun.0", "point": 1, "testname": "fanout-tests_fanout-question-3_1", "cornername": "Nominal"}
[2024-10-23 18:50:46.975 -0300] [PROCESS] [cadence.virtuoso.ade.simulationMonitor] - Simulation started at: 6:50:44 PM, Wed Oct 23, 2024, ended at: 6:50:46 PM, Wed Oct 23, 2024, with elapsed time (wall clock): 2.15 s. {"history": "ExplorerRun.0", "point": 1, "testname": "fanout-tests_fanout-question-3_1", "cornername": "Nominal"}
[2024-10-23 18:50:46.975 -0300] [PROCESS] [cadence.virtuoso.ade.simulationMonitor] - spectre completes with 0 errors, 0 warnings, and 13 notices. {"history": "ExplorerRun.0", "point": 1, "testname": "fanout-tests_fanout-question-3_1", "cornername": "Nominal"}
[2024-10-23 18:50:46.975 -0300] [PROCESS] [cadence.virtuoso.ade.simulationMonitor] - Finished simulating for one point {"hostname": "cinova05.lesc.ufc.br", "processid": 19415, "history": "ExplorerRun.0", "testname": "fanout-tests_fanout-question-3_1", "cornername": "Nominal", "point": 1, "logfile": "/home/cinovador/Documents/course_files/practice_0/logs_cinovador/logs0/Job5.log", "simid": "1", "event": "finish", "category": "simulation"}
[2024-10-23 18:50:46.975 -0300] [PROCESS] [cadence.virtuoso.ade.simulationMonitor] - Simulator exited {"hostname": "cinova05.lesc.ufc.br", "processid": 19415, "history": "ExplorerRun.0", "testname": "fanout-tests_fanout-question-3_1", "cornername": "Nominal", "point": 1, "logfile": "/home/cinovador/Documents/course_files/practice_0/logs_cinovador/logs0/Job5.log", "exitStatus": "0"}
[2024-10-23 18:50:46.975 -0300] [PROCESS] [cadence.virtuoso.ade.simulationMonitor] - Finished Simulation {"hostname": "cinova05.lesc.ufc.br", "processid": 19415, "history": "ExplorerRun.0", "testname": "fanout-tests_fanout-question-3_1", "cornername": "Nominal", "point": 1, "logfile": "/home/cinovador/Documents/course_files/practice_0/logs_cinovador/logs0/Job5.log", "simid": "1", "event": "finish", "category": "obsolete"}
[2024-10-23 18:50:47.476 -0300] [PROCESS] [cadence.virtuoso.ade.simulationMonitor] - Point Finished {"hostname": "cinova05.lesc.ufc.br", "processid": 19415, "history": "ExplorerRun.0", "testname": "fanout-tests_fanout-question-3_1", "cornername": "Nominal", "point": 1, "logfile": "/home/cinovador/Documents/course_files/practice_0/logs_cinovador/logs0/Job5.log", "event": "finish", "category": "sim-eval"}
[2024-10-23 18:51:19.428 -0300] [PROCESS] [cadence.virtuoso.ade.simulationMonitor] - get signal Terminated<15> from user:cinovador, which pid:19411:/home/tools/cadence/installs/IC231/tools/bin/64bit/cdsServIpc {"hostname": "cinova05.lesc.ufc.br", "processid": 19415, "history": "ExplorerRun.0", "testname": "fanout-tests_fanout-question-3_1", "cornername": "Nominal", "point": 1, "logfile": "/home/cinovador/Documents/course_files/practice_0/logs_cinovador/logs0/Job5.log", "signal": "15", "signalName": "Terminated", "which": "/home/tools/cadence/installs/IC231/tools/bin/64bit/cdsServIpc", "pid": "19411", "user": "cinovador", "uid": "1001"}
[2024-10-23 18:51:19.428 -0300] [INFO] [cadence.virtuoso.ade.simulationMonitor] - SimulationMonitor has terminated the  process '19494', reason: 'simulationMonitor is handling signal 15' {"history": "ExplorerRun.0", "point": 1, "testname": "fanout-tests_fanout-question-3_1", "cornername": "Nominal"}
