[Simulation Monitor: 6]
[2024-10-22 16:32:31.293 -0300] [PROCESS] [cadence.virtuoso.ade.simulationMonitor] - Started the simulation monitor process {"hostname": "cinova05.lesc.ufc.br", "processid": 72568, "logfile": "/home/cinovador/Documents/course_files/practice_0/logs_cinovador/logs0/Job6.log", "simulation monitor command line": "/home/tools/cadence/installs/IC231/tools.lnx86/dfII/bin/64bit/spectreMonitor --davinciService DaVinciService_5043_1729623489 --axlsession fnxSession1 -lscs 000175E1894CBE06FF0966E38F1FFC06BC4D7EED88199869CA2C7EEDDC43CC33CA2C39A0A173FC06867D66E38F1FFC06BC4D66E38F1FFC06BC4D01F472D001C9DB5A00001E6E -beanhost cinova05.lesc.ufc.br -beanport 11376 -beanLogFile /home/cinovador/Documents/course_files/practice_0/logs_cinovador/logs0/amps_Job6.log -beanbinlog  --domain 0 --interactive yes --netlistOpt no --useMultiPointEvaluation yes --exprEvalShowJobStderr yes --evalSimParallel no --maxSims 0 --historyName ExplorerRun.0 --historyUUID  --exprEvaluator vds --mcMapping mc1.mapping --checkLogStatusInterval 0 --checkSimulatorLogTimeout 1200 --exprEvalMaxTries 3 --maxNFSSyncWait 60 -adeBrokerAddress cinova05.lesc.ufc.br:35389 --fromADE true --virtuosoBinary virtuoso --guiDisplay cinova05.lesc.ufc.br:0 --globalStatus 60 --evaluateMultiMC yes --evalOnSimFail SkipFailedAnalyses --numRetriesOnError 1 --fenixMode explorer --lingertimeout 300 -ahdlLockTimeout 60 --sdbLib fanout-tests --sdbCell inverter --sdbView maestro --heartBeatFileDir /dev/shm --id 6 --uuid 9ff11725-8744-4ab5-b541-ecd093877338 --log /home/cinovador/Documents/course_files/practice_0/logs_cinovador/logs0/Job6.log "}
[2024-10-22 16:32:31.294 -0300] [PROCESS] [cadence.virtuoso.ade.simulationMonitor] - Started the simulation monitor process {"hostname": "cinova05.lesc.ufc.br", "processid": 72568, "logfile": "/home/cinovador/Documents/course_files/practice_0/logs_cinovador/logs0/Job6.log", "current directory": "/home/cinovador/Documents/course_files/practice_0"}
[2024-10-22 16:32:31.294 -0300] [PROCESS] [cadence.virtuoso.ade.simulationMonitor] - Simulation Monitor has successfully started up. Trying to set up communication channels to other components ... {"hostname": "cinova05.lesc.ufc.br", "processid": 72568, "logfile": "/home/cinovador/Documents/course_files/practice_0/logs_cinovador/logs0/Job6.log"}
[2024-10-22 16:32:31.295 -0300] [PROCESS] [cadence.virtuoso.ade.simulationMonitor] - Communication channels have been successfully set up. Start processing events ... {"hostname": "cinova05.lesc.ufc.br", "processid": 72568, "logfile": "/home/cinovador/Documents/course_files/practice_0/logs_cinovador/logs0/Job6.log"}
[2024-10-22 16:32:31.295 -0300] [PROCESS] [cadence.virtuoso.ade.simulationMonitor] - Considering to start history {"hostname": "cinova05.lesc.ufc.br", "processid": 72568, "history": "ExplorerRun.0", "logfile": "/home/cinovador/Documents/course_files/practice_0/logs_cinovador/logs0/Job6.log"}
[2024-10-22 16:32:31.296 -0300] [PROCESS] [cadence.virtuoso.ade.simulationMonitor] - HostInfo:
Host name (type):	cinova05.lesc.ufc.br (x86_64)
Operating system:	Linux 4.18.0-553.22.1.el8_10.x86_64 #1 SMP Wed Sep 25 09:20:43 UTC 2024 {"hostname": "cinova05.lesc.ufc.br", "processid": 72568, "history": "ExplorerRun.0", "logfile": "/home/cinovador/Documents/course_files/practice_0/logs_cinovador/logs0/Job6.log", "nodename": "cinova05.lesc.ufc.br", "domainname": "(none)", "machine": "x86_64", "sysname": "Linux", "release": "4.18.0-553.22.1.el8_10.x86_64", "version": "#1 SMP Wed Sep 25 09:20:43 UTC 2024"}
[2024-10-22 16:32:31.296 -0300] [PROCESS] [cadence.virtuoso.ade.simulationMonitor] - UsageInfo:
pid=72568
totalPhysicalMemory=30.835896GB,Used=12.891865GB,totalVirtualMemory=46.441360GB,Used=12.891865GB
Cpu: Cores=20, Load average:0.330000,0.350000,0.360000 {"hostname": "cinova05.lesc.ufc.br", "processid": 72568, "history": "ExplorerRun.0", "logfile": "/home/cinovador/Documents/course_files/practice_0/logs_cinovador/logs0/Job6.log", "pid": "72568", "totalPhysicalMemory": "30.835896", "physicalMemoryUsed": "12.891865", "totalVirtualMemory": "46.441360", "virtualMemoryUsed": "12.891865", "cpuCores": "20", "processes": "1567", "loadAverage1": "0.330000", "loadAverage5": "0.350000", "loadAverage15": "0.360000", "loadAverage1Percent": "0.016500"}
[2024-10-22 16:32:31.296 -0300] [EVENT] [cadence.virtuoso.ade.simulationMonitor] - NewPoint {"history": "ExplorerRun.0", "point": 1, "testname": "fanout-tests_inverter_1", "cornername": "Nominal", "event": "NewPoint", "EventSource": "Simulation Monitor", "HistoryName": "ExplorerRun.0", "logFile": "/home/cinovador/Documents/course_files/practice_0/logs_cinovador/logs0/Job6.log", "logFileSize": "4287", "category": "simulation"}
[2024-10-22 16:32:31.396 -0300] [EVENT] [cadence.virtuoso.ade.simulationMonitor] - NewPoint {"history": "ExplorerRun.0", "point": 1, "testname": "fanout-tests_inverter_1", "cornername": "Nominal", "event": "NewPoint", "EventSource": "spectre", "HistoryName": "ExplorerRun.0", "logFile": "/home/cinovador/Documents/course_files/practice_0/lab1_part2/fanout-1/fanout-tests/inverter/maestro/results/maestro/ExplorerRun.0/1/fanout-tests_inverter_1/psf/spectre.out", "logFileSize": "-1", "category": "simulation"}
[2024-10-22 16:32:31.435 -0300] [PROCESS] [cadence.virtuoso.ade.simulationMonitor] - Simulator launched {"hostname": "cinova05.lesc.ufc.br", "processid": 72568, "history": "ExplorerRun.0", "testname": "fanout-tests_inverter_1", "cornername": "Nominal", "point": 1, "logfile": "/home/cinovador/Documents/course_files/practice_0/logs_cinovador/logs0/Job6.log", "simid": "1", "event": "launch", "category": "simulation"}
[2024-10-22 16:32:31.436 -0300] [PROCESS] [cadence.virtuoso.ade.simulationMonitor] - Expression evaluator launched {"hostname": "cinova05.lesc.ufc.br", "processid": 72568, "history": "ExplorerRun.0", "testname": "fanout-tests_inverter_1", "cornername": "Nominal", "point": 1, "logfile": "/home/cinovador/Documents/course_files/practice_0/logs_cinovador/logs0/Job6.log"}
[2024-10-22 16:32:31.472 -0300] [PROCESS] [cadence.virtuoso.ade.simulationMonitor] - Started Simulation {"hostname": "cinova05.lesc.ufc.br", "processid": 72568, "history": "ExplorerRun.0", "testname": "fanout-tests_inverter_1", "cornername": "Nominal", "point": 1, "logfile": "/home/cinovador/Documents/course_files/practice_0/logs_cinovador/logs0/Job6.log", "event": "start", "category": "simulation"}
[2024-10-22 16:32:31.972 -0300] [INFO] [cadence.virtuoso.ade.simulationMonitor] - Peak resident memory used = 188 Mbytes. {"history": "ExplorerRun.0", "point": 1, "testname": "fanout-tests_inverter_1", "cornername": "Nominal"}
[2024-10-22 16:32:31.972 -0300] [INFO] [cadence.virtuoso.ade.simulationMonitor] - Peak resident memory used = 202 Mbytes. {"history": "ExplorerRun.0", "point": 1, "testname": "fanout-tests_inverter_1", "cornername": "Nominal"}
[2024-10-22 16:32:31.972 -0300] [INFO] [cadence.virtuoso.ade.simulationMonitor] - Notice from spectre during hierarchy flattening.
    The value 'psf' specified for the 'checklimitdest' option will no longer be supported in future releases. Use 'spectre -h' to see other recommended values for the 'checklimitdest' option. {"history": "ExplorerRun.0", "point": 1, "testname": "fanout-tests_inverter_1", "cornername": "Nominal"}
[2024-10-22 16:32:31.972 -0300] [INFO] [cadence.virtuoso.ade.simulationMonitor] - Peak resident memory used = 203 Mbytes. {"history": "ExplorerRun.0", "point": 1, "testname": "fanout-tests_inverter_1", "cornername": "Nominal"}
[2024-10-22 16:32:31.972 -0300] [INFO] [cadence.virtuoso.ade.simulationMonitor] - Notice from spectre during initial setup.
    Multithreading is disabled due to the size of the design being too small. {"history": "ExplorerRun.0", "point": 1, "testname": "fanout-tests_inverter_1", "cornername": "Nominal"}
[2024-10-22 16:32:31.972 -0300] [INFO] [cadence.virtuoso.ade.simulationMonitor] -               nodes 18 {"history": "ExplorerRun.0", "point": 1, "testname": "fanout-tests_inverter_1", "cornername": "Nominal"}
[2024-10-22 16:32:31.972 -0300] [INFO] [cadence.virtuoso.ade.simulationMonitor] - Notice from spectre during initial setup.
    Protected devices exist and are not included in the circuit inventory.
    APS enabled. {"history": "ExplorerRun.0", "point": 1, "testname": "fanout-tests_inverter_1", "cornername": "Nominal"}
[2024-10-22 16:32:31.972 -0300] [INFO] [cadence.virtuoso.ade.simulationMonitor] - Peak resident memory used = 204 Mbytes. {"history": "ExplorerRun.0", "point": 1, "testname": "fanout-tests_inverter_1", "cornername": "Nominal"}
[2024-10-22 16:32:31.972 -0300] [INFO] [cadence.virtuoso.ade.simulationMonitor] -    -   (APS) Multi-threading. The recommended number of threads is 1, consider adding +mt=1 on command line. {"history": "ExplorerRun.0", "point": 1, "testname": "fanout-tests_inverter_1", "cornername": "Nominal"}
[2024-10-22 16:32:31.972 -0300] [INFO] [cadence.virtuoso.ade.simulationMonitor] - Notice from spectre during IC analysis, during transient analysis `tran'.
    GminDC = 1 pS is large enough to noticeably affect the DC solution.
        dV(dut_in) = 1.52052 mV
        Use the `gmin_check' option to eliminate or expand this report. {"history": "ExplorerRun.0", "point": 1, "testname": "fanout-tests_inverter_1", "cornername": "Nominal"}
[2024-10-22 16:32:31.972 -0300] [INFO] [cadence.virtuoso.ade.simulationMonitor] - Notice from spectre during transient analysis `tran'.
    Multithreading is disabled due to the size of the design being too small. {"history": "ExplorerRun.0", "point": 1, "testname": "fanout-tests_inverter_1", "cornername": "Nominal"}
[2024-10-22 16:32:31.972 -0300] [INFO] [cadence.virtuoso.ade.simulationMonitor] - Notice from spectre at time = 106.103 ps during transient analysis `tran'.
    Found trapezoidal ringing on node _vin:p. {"history": "ExplorerRun.0", "point": 1, "testname": "fanout-tests_inverter_1", "cornername": "Nominal"}
[2024-10-22 16:32:31.972 -0300] [INFO] [cadence.virtuoso.ade.simulationMonitor] - Notice from spectre at time = 144.451 ps during transient analysis `tran'.
    Found trapezoidal ringing on node _vin:p. {"history": "ExplorerRun.0", "point": 1, "testname": "fanout-tests_inverter_1", "cornername": "Nominal"}
[2024-10-22 16:32:31.972 -0300] [INFO] [cadence.virtuoso.ade.simulationMonitor] - Notice from spectre at time = 366.94 ps during transient analysis `tran'.
    Found trapezoidal ringing on node _vin:p. {"history": "ExplorerRun.0", "point": 1, "testname": "fanout-tests_inverter_1", "cornername": "Nominal"}
[2024-10-22 16:32:31.972 -0300] [INFO] [cadence.virtuoso.ade.simulationMonitor] - Notice from spectre at time = 446.94 ps during transient analysis `tran'.
    Found trapezoidal ringing on node _vin:p. {"history": "ExplorerRun.0", "point": 1, "testname": "fanout-tests_inverter_1", "cornername": "Nominal"}
[2024-10-22 16:32:31.972 -0300] [INFO] [cadence.virtuoso.ade.simulationMonitor] - Notice from spectre at time = 526.94 ps during transient analysis `tran'.
    Found trapezoidal ringing on node _vin:p.
        Further occurrences of this notice will be suppressed. {"history": "ExplorerRun.0", "point": 1, "testname": "fanout-tests_inverter_1", "cornername": "Nominal"}
[2024-10-22 16:32:31.972 -0300] [INFO] [cadence.virtuoso.ade.simulationMonitor] - Notice from spectre during transient analysis `tran'.
    Trapezoidal ringing is detected during tran analysis.
        Please use method=trap for better results and performance. {"history": "ExplorerRun.0", "point": 1, "testname": "fanout-tests_inverter_1", "cornername": "Nominal"}
[2024-10-22 16:32:31.972 -0300] [INFO] [cadence.virtuoso.ade.simulationMonitor] - Intrinsic tran analysis time:    CPU = 8.525 ms, elapsed = 10.1008 ms. {"history": "ExplorerRun.0", "point": 1, "testname": "fanout-tests_inverter_1", "cornername": "Nominal"}
[2024-10-22 16:32:31.972 -0300] [INFO] [cadence.virtuoso.ade.simulationMonitor] - Total time required for tran analysis `tran': CPU = 11.863 ms, elapsed = 13.4451 ms, util. = 88.2%. {"history": "ExplorerRun.0", "point": 1, "testname": "fanout-tests_inverter_1", "cornername": "Nominal"}
[2024-10-22 16:32:31.972 -0300] [INFO] [cadence.virtuoso.ade.simulationMonitor] - Peak resident memory used = 214 Mbytes. {"history": "ExplorerRun.0", "point": 1, "testname": "fanout-tests_inverter_1", "cornername": "Nominal"}
[2024-10-22 16:32:31.972 -0300] [INFO] [cadence.virtuoso.ade.simulationMonitor] - Notice from spectre.
    31 notices suppressed. {"history": "ExplorerRun.0", "point": 1, "testname": "fanout-tests_inverter_1", "cornername": "Nominal"}
[2024-10-22 16:32:32.473 -0300] [INFO] [cadence.virtuoso.ade.simulationMonitor] - Time used: CPU = 326 ms, elapsed = 350 ms, util. = 93.3%. {"history": "ExplorerRun.0", "point": 1, "testname": "fanout-tests_inverter_1", "cornername": "Nominal"}
[2024-10-22 16:32:32.473 -0300] [INFO] [cadence.virtuoso.ade.simulationMonitor] - Time spent in licensing: elapsed = 19.7 ms, percentage of total = 5.64%. {"history": "ExplorerRun.0", "point": 1, "testname": "fanout-tests_inverter_1", "cornername": "Nominal"}
[2024-10-22 16:32:32.473 -0300] [INFO] [cadence.virtuoso.ade.simulationMonitor] - Peak memory used = 214 Mbytes. {"history": "ExplorerRun.0", "point": 1, "testname": "fanout-tests_inverter_1", "cornername": "Nominal"}
[2024-10-22 16:32:32.473 -0300] [PROCESS] [cadence.virtuoso.ade.simulationMonitor] - Simulation started at: 4:32:31 PM, Tue Oct 22, 2024, ended at: 4:32:31 PM, Tue Oct 22, 2024, with elapsed time (wall clock): 350 ms. {"history": "ExplorerRun.0", "point": 1, "testname": "fanout-tests_inverter_1", "cornername": "Nominal"}
[2024-10-22 16:32:32.473 -0300] [PROCESS] [cadence.virtuoso.ade.simulationMonitor] - spectre completes with 0 errors, 0 warnings, and 14 notices. {"history": "ExplorerRun.0", "point": 1, "testname": "fanout-tests_inverter_1", "cornername": "Nominal"}
[2024-10-22 16:32:32.473 -0300] [PROCESS] [cadence.virtuoso.ade.simulationMonitor] - Finished simulating for one point {"hostname": "cinova05.lesc.ufc.br", "processid": 72568, "history": "ExplorerRun.0", "testname": "fanout-tests_inverter_1", "cornername": "Nominal", "point": 1, "logfile": "/home/cinovador/Documents/course_files/practice_0/logs_cinovador/logs0/Job6.log", "simid": "1", "event": "finish", "category": "simulation"}
[2024-10-22 16:32:32.473 -0300] [PROCESS] [cadence.virtuoso.ade.simulationMonitor] - Simulator exited {"hostname": "cinova05.lesc.ufc.br", "processid": 72568, "history": "ExplorerRun.0", "testname": "fanout-tests_inverter_1", "cornername": "Nominal", "point": 1, "logfile": "/home/cinovador/Documents/course_files/practice_0/logs_cinovador/logs0/Job6.log", "exitStatus": "0"}
[2024-10-22 16:32:32.473 -0300] [PROCESS] [cadence.virtuoso.ade.simulationMonitor] - Finished Simulation {"hostname": "cinova05.lesc.ufc.br", "processid": 72568, "history": "ExplorerRun.0", "testname": "fanout-tests_inverter_1", "cornername": "Nominal", "point": 1, "logfile": "/home/cinovador/Documents/course_files/practice_0/logs_cinovador/logs0/Job6.log", "simid": "1", "event": "finish", "category": "obsolete"}
[2024-10-22 16:32:33.974 -0300] [PROCESS] [cadence.virtuoso.ade.simulationMonitor] - Point Finished {"hostname": "cinova05.lesc.ufc.br", "processid": 72568, "history": "ExplorerRun.0", "testname": "fanout-tests_inverter_1", "cornername": "Nominal", "point": 1, "logfile": "/home/cinovador/Documents/course_files/practice_0/logs_cinovador/logs0/Job6.log", "event": "finish", "category": "sim-eval"}
[2024-10-22 16:37:34.320 -0300] [PROCESS] [cadence.virtuoso.ade.simulationMonitor] - Current memory used: 81.9375 MBytes, peak memory used: 81.9375 MBytes {"hostname": "cinova05.lesc.ufc.br", "processid": 72568, "history": "ExplorerRun.0", "testname": "fanout-tests_inverter_1", "cornername": "Nominal", "point": 1, "logfile": "/home/cinovador/Documents/course_files/practice_0/logs_cinovador/logs0/Job6.log"}
[2024-10-22 16:37:34.320 -0300] [PROCESS] [cadence.virtuoso.ade.simulationMonitor] - Simulation Monitor process exits. {"hostname": "cinova05.lesc.ufc.br", "processid": 72568, "history": "ExplorerRun.0", "testname": "fanout-tests_inverter_1", "cornername": "Nominal", "point": 1, "logfile": "/home/cinovador/Documents/course_files/practice_0/logs_cinovador/logs0/Job6.log"}
