[Simulation Monitor: 8]
[2024-10-24 14:52:59.540 -0300] [PROCESS] [cadence.virtuoso.ade.simulationMonitor] - Started the simulation monitor process {"hostname": "cinova05.lesc.ufc.br", "processid": 56496, "logfile": "/home/cinovador/Documents/course_files/practice_0/logs_cinovador/logs0/Job8.log", "simulation monitor command line": "/home/tools/cadence/installs/IC231/tools.lnx86/dfII/bin/64bit/spectreMonitor --davinciService DaVinciService_31080_1729786834 --axlsession fnxSession2 -lscs 000175E1894CBE06FF0966E38F1FFC06BC4D7EED88199869CA2C7EEDDC43CC33CA2C39A0A173FC06867D66E38F1FFC06BC4D66E38F1FFC06BC4D01F90664757DDB5700001E66 -beanhost cinova05.lesc.ufc.br -beanport 11407 -beanLogFile /home/cinovador/Documents/course_files/practice_0/logs_cinovador/logs0/amps_Job8.log -beanbinlog  --domain 0 --interactive yes --netlistOpt no --useMultiPointEvaluation yes --exprEvalShowJobStderr yes --evalSimParallel no --maxSims 0 --historyName ExplorerRun.0 --historyUUID  --exprEvaluator vds --mcMapping mc1.mapping --checkLogStatusInterval 0 --checkSimulatorLogTimeout 1200 --exprEvalMaxTries 3 --maxNFSSyncWait 60 -adeBrokerAddress cinova05.lesc.ufc.br:45421 --statdbType h5v2 --fromADE true --virtuosoBinary virtuoso --guiDisplay cinova05.lesc.ufc.br:0 --globalStatus 60 --evaluateMultiMC yes --evalOnSimFail SkipFailedAnalyses --numRetriesOnError 1 --fenixMode explorer --lingertimeout 300 -ahdlLockTimeout 60 --sdbLib fanout-tests --sdbCell inverter --sdbView maestro --heartBeatFileDir /dev/shm --id 8 --uuid c0558e7a-34ec-43dc-b4e1-f385b826c66a --log /home/cinovador/Documents/course_files/practice_0/logs_cinovador/logs0/Job8.log "}
[2024-10-24 14:52:59.540 -0300] [PROCESS] [cadence.virtuoso.ade.simulationMonitor] - Started the simulation monitor process {"hostname": "cinova05.lesc.ufc.br", "processid": 56496, "logfile": "/home/cinovador/Documents/course_files/practice_0/logs_cinovador/logs0/Job8.log", "current directory": "/home/cinovador/Documents/course_files/practice_0"}
[2024-10-24 14:52:59.540 -0300] [PROCESS] [cadence.virtuoso.ade.simulationMonitor] - Simulation Monitor has successfully started up. Trying to set up communication channels to other components ... {"hostname": "cinova05.lesc.ufc.br", "processid": 56496, "logfile": "/home/cinovador/Documents/course_files/practice_0/logs_cinovador/logs0/Job8.log"}
[2024-10-24 14:52:59.639 -0300] [PROCESS] [cadence.virtuoso.ade.simulationMonitor] - Communication channels have been successfully set up. Start processing events ... {"hostname": "cinova05.lesc.ufc.br", "processid": 56496, "logfile": "/home/cinovador/Documents/course_files/practice_0/logs_cinovador/logs0/Job8.log"}
[2024-10-24 14:52:59.639 -0300] [PROCESS] [cadence.virtuoso.ade.simulationMonitor] - Considering to start history {"hostname": "cinova05.lesc.ufc.br", "processid": 56496, "history": "ExplorerRun.0", "logfile": "/home/cinovador/Documents/course_files/practice_0/logs_cinovador/logs0/Job8.log"}
[2024-10-24 14:52:59.640 -0300] [PROCESS] [cadence.virtuoso.ade.simulationMonitor] - HostInfo:
Host name (type):	cinova05.lesc.ufc.br (x86_64)
Operating system:	Linux 4.18.0-553.22.1.el8_10.x86_64 #1 SMP Wed Sep 25 09:20:43 UTC 2024 {"hostname": "cinova05.lesc.ufc.br", "processid": 56496, "history": "ExplorerRun.0", "logfile": "/home/cinovador/Documents/course_files/practice_0/logs_cinovador/logs0/Job8.log", "nodename": "cinova05.lesc.ufc.br", "domainname": "(none)", "machine": "x86_64", "sysname": "Linux", "release": "4.18.0-553.22.1.el8_10.x86_64", "version": "#1 SMP Wed Sep 25 09:20:43 UTC 2024"}
[2024-10-24 14:52:59.640 -0300] [PROCESS] [cadence.virtuoso.ade.simulationMonitor] - UsageInfo:
pid=56496
totalPhysicalMemory=30.835911GB,Used=12.736427GB,totalVirtualMemory=46.441376GB,Used=12.736427GB
Cpu: Cores=20, Load average:0.590000,0.710000,0.630000 {"hostname": "cinova05.lesc.ufc.br", "processid": 56496, "history": "ExplorerRun.0", "logfile": "/home/cinovador/Documents/course_files/practice_0/logs_cinovador/logs0/Job8.log", "pid": "56496", "totalPhysicalMemory": "30.835911", "physicalMemoryUsed": "12.736427", "totalVirtualMemory": "46.441376", "virtualMemoryUsed": "12.736427", "cpuCores": "20", "processes": "1543", "loadAverage1": "0.590000", "loadAverage5": "0.710000", "loadAverage15": "0.630000", "loadAverage1Percent": "0.029500"}
[2024-10-24 14:52:59.640 -0300] [EVENT] [cadence.virtuoso.ade.simulationMonitor] - NewPoint {"history": "ExplorerRun.0", "point": 1, "testname": "fanout-tests_inverter_1", "cornername": "Nominal", "event": "NewPoint", "EventSource": "Simulation Monitor", "HistoryName": "ExplorerRun.0", "logFile": "/home/cinovador/Documents/course_files/practice_0/logs_cinovador/logs0/Job8.log", "logFileSize": "4306", "category": "simulation"}
[2024-10-24 14:52:59.741 -0300] [EVENT] [cadence.virtuoso.ade.simulationMonitor] - NewPoint {"history": "ExplorerRun.0", "point": 1, "testname": "fanout-tests_inverter_1", "cornername": "Nominal", "event": "NewPoint", "EventSource": "spectre", "HistoryName": "ExplorerRun.0", "logFile": "/home/cinovador/Documents/course_files/practice_0/lab1_part2/fanout-tests-question-2/fanout-tests/fanout-question-4/fanout-tests/inverter/maestro/results/maestro/ExplorerRun.0/1/fanout-tests_inverter_1/psf/spectre.out", "logFileSize": "-1", "category": "simulation"}
[2024-10-24 14:53:00.502 -0300] [PROCESS] [cadence.virtuoso.ade.simulationMonitor] - Simulator launched {"hostname": "cinova05.lesc.ufc.br", "processid": 56496, "history": "ExplorerRun.0", "testname": "fanout-tests_inverter_1", "cornername": "Nominal", "point": 1, "logfile": "/home/cinovador/Documents/course_files/practice_0/logs_cinovador/logs0/Job8.log", "simid": "1", "event": "launch", "category": "simulation"}
[2024-10-24 14:53:00.503 -0300] [PROCESS] [cadence.virtuoso.ade.simulationMonitor] - Expression evaluator launched {"hostname": "cinova05.lesc.ufc.br", "processid": 56496, "history": "ExplorerRun.0", "testname": "fanout-tests_inverter_1", "cornername": "Nominal", "point": 1, "logfile": "/home/cinovador/Documents/course_files/practice_0/logs_cinovador/logs0/Job8.log"}
[2024-10-24 14:53:00.537 -0300] [PROCESS] [cadence.virtuoso.ade.simulationMonitor] - Started Simulation {"hostname": "cinova05.lesc.ufc.br", "processid": 56496, "history": "ExplorerRun.0", "testname": "fanout-tests_inverter_1", "cornername": "Nominal", "point": 1, "logfile": "/home/cinovador/Documents/course_files/practice_0/logs_cinovador/logs0/Job8.log", "event": "start", "category": "simulation"}
[2024-10-24 14:53:03.038 -0300] [INFO] [cadence.virtuoso.ade.simulationMonitor] - Peak resident memory used = 188 Mbytes. {"history": "ExplorerRun.0", "point": 1, "testname": "fanout-tests_inverter_1", "cornername": "Nominal"}
[2024-10-24 14:53:03.038 -0300] [INFO] [cadence.virtuoso.ade.simulationMonitor] - Peak resident memory used = 202 Mbytes. {"history": "ExplorerRun.0", "point": 1, "testname": "fanout-tests_inverter_1", "cornername": "Nominal"}
[2024-10-24 14:53:03.038 -0300] [INFO] [cadence.virtuoso.ade.simulationMonitor] - Notice from spectre during hierarchy flattening.
    The value 'psf' specified for the 'checklimitdest' option will no longer be supported in future releases. Use 'spectre -h' to see other recommended values for the 'checklimitdest' option. {"history": "ExplorerRun.0", "point": 1, "testname": "fanout-tests_inverter_1", "cornername": "Nominal"}
[2024-10-24 14:53:03.038 -0300] [INFO] [cadence.virtuoso.ade.simulationMonitor] - Peak resident memory used = 203 Mbytes. {"history": "ExplorerRun.0", "point": 1, "testname": "fanout-tests_inverter_1", "cornername": "Nominal"}
[2024-10-24 14:53:03.038 -0300] [INFO] [cadence.virtuoso.ade.simulationMonitor] - Notice from spectre during initial setup.
    Multithreading is disabled due to the size of the design being too small. {"history": "ExplorerRun.0", "point": 1, "testname": "fanout-tests_inverter_1", "cornername": "Nominal"}
[2024-10-24 14:53:03.038 -0300] [INFO] [cadence.virtuoso.ade.simulationMonitor] -               nodes 17 {"history": "ExplorerRun.0", "point": 1, "testname": "fanout-tests_inverter_1", "cornername": "Nominal"}
[2024-10-24 14:53:03.038 -0300] [INFO] [cadence.virtuoso.ade.simulationMonitor] - Notice from spectre during initial setup.
    Protected devices exist and are not included in the circuit inventory.
    APS enabled. {"history": "ExplorerRun.0", "point": 1, "testname": "fanout-tests_inverter_1", "cornername": "Nominal"}
[2024-10-24 14:53:03.038 -0300] [INFO] [cadence.virtuoso.ade.simulationMonitor] - Peak resident memory used = 206 Mbytes. {"history": "ExplorerRun.0", "point": 1, "testname": "fanout-tests_inverter_1", "cornername": "Nominal"}
[2024-10-24 14:53:03.038 -0300] [INFO] [cadence.virtuoso.ade.simulationMonitor] -    -   (APS) Multi-threading. The recommended number of threads is 1, consider adding +mt=1 on command line. {"history": "ExplorerRun.0", "point": 1, "testname": "fanout-tests_inverter_1", "cornername": "Nominal"}
[2024-10-24 14:53:03.038 -0300] [INFO] [cadence.virtuoso.ade.simulationMonitor] - Notice from spectre during transient analysis `tran'.
    Multithreading is disabled due to the size of the design being too small. {"history": "ExplorerRun.0", "point": 1, "testname": "fanout-tests_inverter_1", "cornername": "Nominal"}
[2024-10-24 14:53:03.038 -0300] [INFO] [cadence.virtuoso.ade.simulationMonitor] - Notice from spectre at time = 351.161 ps during transient analysis `tran'.
    Found trapezoidal ringing on node _vvdd!:p. {"history": "ExplorerRun.0", "point": 1, "testname": "fanout-tests_inverter_1", "cornername": "Nominal"}
[2024-10-24 14:53:03.038 -0300] [INFO] [cadence.virtuoso.ade.simulationMonitor] - Notice from spectre at time = 431.161 ps during transient analysis `tran'.
    Found trapezoidal ringing on node _vvdd!:p. {"history": "ExplorerRun.0", "point": 1, "testname": "fanout-tests_inverter_1", "cornername": "Nominal"}
[2024-10-24 14:53:03.038 -0300] [INFO] [cadence.virtuoso.ade.simulationMonitor] - Notice from spectre at time = 511.161 ps during transient analysis `tran'.
    Found trapezoidal ringing on node _vvdd!:p. {"history": "ExplorerRun.0", "point": 1, "testname": "fanout-tests_inverter_1", "cornername": "Nominal"}
[2024-10-24 14:53:03.038 -0300] [INFO] [cadence.virtuoso.ade.simulationMonitor] - Notice from spectre at time = 591.161 ps during transient analysis `tran'.
    Found trapezoidal ringing on node _vvdd!:p. {"history": "ExplorerRun.0", "point": 1, "testname": "fanout-tests_inverter_1", "cornername": "Nominal"}
[2024-10-24 14:53:03.038 -0300] [INFO] [cadence.virtuoso.ade.simulationMonitor] - Notice from spectre at time = 671.161 ps during transient analysis `tran'.
    Found trapezoidal ringing on node _vvdd!:p.
        Further occurrences of this notice will be suppressed. {"history": "ExplorerRun.0", "point": 1, "testname": "fanout-tests_inverter_1", "cornername": "Nominal"}
[2024-10-24 14:53:03.038 -0300] [INFO] [cadence.virtuoso.ade.simulationMonitor] - Notice from spectre during transient analysis `tran'.
    Trapezoidal ringing is detected during tran analysis.
        Please use method=trap for better results and performance. {"history": "ExplorerRun.0", "point": 1, "testname": "fanout-tests_inverter_1", "cornername": "Nominal"}
[2024-10-24 14:53:03.038 -0300] [INFO] [cadence.virtuoso.ade.simulationMonitor] - Intrinsic tran analysis time:    CPU = 12.074 ms, elapsed = 13.478 ms. {"history": "ExplorerRun.0", "point": 1, "testname": "fanout-tests_inverter_1", "cornername": "Nominal"}
[2024-10-24 14:53:03.039 -0300] [INFO] [cadence.virtuoso.ade.simulationMonitor] - Total time required for tran analysis `tran': CPU = 17.186 ms, elapsed = 18.631 ms, util. = 92.2%. {"history": "ExplorerRun.0", "point": 1, "testname": "fanout-tests_inverter_1", "cornername": "Nominal"}
[2024-10-24 14:53:03.039 -0300] [INFO] [cadence.virtuoso.ade.simulationMonitor] - Peak resident memory used = 213 Mbytes. {"history": "ExplorerRun.0", "point": 1, "testname": "fanout-tests_inverter_1", "cornername": "Nominal"}
[2024-10-24 14:53:03.039 -0300] [INFO] [cadence.virtuoso.ade.simulationMonitor] - Notice from spectre.
    48 notices suppressed. {"history": "ExplorerRun.0", "point": 1, "testname": "fanout-tests_inverter_1", "cornername": "Nominal"}
[2024-10-24 14:53:03.039 -0300] [INFO] [cadence.virtuoso.ade.simulationMonitor] - Time used: CPU = 359 ms, elapsed = 2.24 s, util. = 16%. {"history": "ExplorerRun.0", "point": 1, "testname": "fanout-tests_inverter_1", "cornername": "Nominal"}
[2024-10-24 14:53:03.039 -0300] [INFO] [cadence.virtuoso.ade.simulationMonitor] - Time spent in licensing: elapsed = 1.1 s, percentage of total = 49%. {"history": "ExplorerRun.0", "point": 1, "testname": "fanout-tests_inverter_1", "cornername": "Nominal"}
[2024-10-24 14:53:03.039 -0300] [INFO] [cadence.virtuoso.ade.simulationMonitor] - Peak memory used = 214 Mbytes. {"history": "ExplorerRun.0", "point": 1, "testname": "fanout-tests_inverter_1", "cornername": "Nominal"}
[2024-10-24 14:53:03.039 -0300] [PROCESS] [cadence.virtuoso.ade.simulationMonitor] - Simulation started at: 2:53:00 PM, Thur Oct 24, 2024, ended at: 2:53:02 PM, Thur Oct 24, 2024, with elapsed time (wall clock): 2.24 s. {"history": "ExplorerRun.0", "point": 1, "testname": "fanout-tests_inverter_1", "cornername": "Nominal"}
[2024-10-24 14:53:03.039 -0300] [PROCESS] [cadence.virtuoso.ade.simulationMonitor] - spectre completes with 0 errors, 0 warnings, and 13 notices. {"history": "ExplorerRun.0", "point": 1, "testname": "fanout-tests_inverter_1", "cornername": "Nominal"}
[2024-10-24 14:53:03.539 -0300] [PROCESS] [cadence.virtuoso.ade.simulationMonitor] - Finished simulating for one point {"hostname": "cinova05.lesc.ufc.br", "processid": 56496, "history": "ExplorerRun.0", "testname": "fanout-tests_inverter_1", "cornername": "Nominal", "point": 1, "logfile": "/home/cinovador/Documents/course_files/practice_0/logs_cinovador/logs0/Job8.log", "simid": "1", "event": "finish", "category": "simulation"}
[2024-10-24 14:53:03.539 -0300] [PROCESS] [cadence.virtuoso.ade.simulationMonitor] - Simulator exited {"hostname": "cinova05.lesc.ufc.br", "processid": 56496, "history": "ExplorerRun.0", "testname": "fanout-tests_inverter_1", "cornername": "Nominal", "point": 1, "logfile": "/home/cinovador/Documents/course_files/practice_0/logs_cinovador/logs0/Job8.log", "exitStatus": "0"}
[2024-10-24 14:53:03.539 -0300] [PROCESS] [cadence.virtuoso.ade.simulationMonitor] - Finished Simulation {"hostname": "cinova05.lesc.ufc.br", "processid": 56496, "history": "ExplorerRun.0", "testname": "fanout-tests_inverter_1", "cornername": "Nominal", "point": 1, "logfile": "/home/cinovador/Documents/course_files/practice_0/logs_cinovador/logs0/Job8.log", "simid": "1", "event": "finish", "category": "obsolete"}
[2024-10-24 14:53:04.040 -0300] [PROCESS] [cadence.virtuoso.ade.simulationMonitor] - Point Finished {"hostname": "cinova05.lesc.ufc.br", "processid": 56496, "history": "ExplorerRun.0", "testname": "fanout-tests_inverter_1", "cornername": "Nominal", "point": 1, "logfile": "/home/cinovador/Documents/course_files/practice_0/logs_cinovador/logs0/Job8.log", "event": "finish", "category": "sim-eval"}
[2024-10-24 14:58:04.702 -0300] [PROCESS] [cadence.virtuoso.ade.simulationMonitor] - Current memory used: 83.2305 MBytes, peak memory used: 83.2305 MBytes {"hostname": "cinova05.lesc.ufc.br", "processid": 56496, "history": "ExplorerRun.0", "testname": "fanout-tests_inverter_1", "cornername": "Nominal", "point": 1, "logfile": "/home/cinovador/Documents/course_files/practice_0/logs_cinovador/logs0/Job8.log"}
[2024-10-24 14:58:04.702 -0300] [PROCESS] [cadence.virtuoso.ade.simulationMonitor] - Simulation Monitor process exits. {"hostname": "cinova05.lesc.ufc.br", "processid": 56496, "history": "ExplorerRun.0", "testname": "fanout-tests_inverter_1", "cornername": "Nominal", "point": 1, "logfile": "/home/cinovador/Documents/course_files/practice_0/logs_cinovador/logs0/Job8.log"}
