[Simulation Monitor: 9]
[2024-10-23 17:33:19.736 -0300] [PROCESS] [cadence.virtuoso.ade.simulationMonitor] - Started the simulation monitor process {"hostname": "cinova05.lesc.ufc.br", "processid": 130937, "logfile": "/home/cinovador/Documents/course_files/practice_0/logs_cinovador/logs0/Job9.log", "simulation monitor command line": "/home/tools/cadence/installs/IC231/tools.lnx86/dfII/bin/64bit/spectreMonitor --davinciService DaVinciService_81954_1729704002 --axlsession fnxSession1 -lscs 000175E1894CBE06FF0966E38F1FFC06BC4D7EED88199869CA2C7EEDDC43CC33CA2C39A0A173FC06867D66E38F1FFC06BC4D66E38F1FFC06BC4D01FAD291A188DB5400001E76 -beanhost cinova05.lesc.ufc.br -beanport 11891 -beanLogFile /home/cinovador/Documents/course_files/practice_0/logs_cinovador/logs0/amps_Job9.log -beanbinlog  --domain 0 --interactive yes --netlistOpt no --useMultiPointEvaluation yes --exprEvalShowJobStderr yes --evalSimParallel no --maxSims 0 --exprEvaluator vds --mcMapping mc1.mapping --checkLogStatusInterval 0 --checkSimulatorLogTimeout 1200 --exprEvalMaxTries 3 --maxNFSSyncWait 60 -adeBrokerAddress cinova05.lesc.ufc.br:42925 --fromADE true --virtuosoBinary virtuoso --guiDisplay cinova05.lesc.ufc.br:0 --globalStatus 60 --evaluateMultiMC yes --evalOnSimFail SkipFailedAnalyses --numRetriesOnError 1 --fenixMode explorer --lingertimeout 300 -ahdlLockTimeout 60 --sdbLib fanout-tests --sdbCell inverter --sdbView maestro --heartBeatFileDir /dev/shm --id 9 --uuid 9a30dd56-4671-4b1d-bdf4-6d31edb63a6f --log /home/cinovador/Documents/course_files/practice_0/logs_cinovador/logs0/Job9.log "}
[2024-10-23 17:33:19.736 -0300] [PROCESS] [cadence.virtuoso.ade.simulationMonitor] - Started the simulation monitor process {"hostname": "cinova05.lesc.ufc.br", "processid": 130937, "logfile": "/home/cinovador/Documents/course_files/practice_0/logs_cinovador/logs0/Job9.log", "current directory": "/home/cinovador/Documents/course_files/practice_0"}
[2024-10-23 17:33:19.736 -0300] [PROCESS] [cadence.virtuoso.ade.simulationMonitor] - Simulation Monitor has successfully started up. Trying to set up communication channels to other components ... {"hostname": "cinova05.lesc.ufc.br", "processid": 130937, "logfile": "/home/cinovador/Documents/course_files/practice_0/logs_cinovador/logs0/Job9.log"}
[2024-10-23 17:33:19.822 -0300] [PROCESS] [cadence.virtuoso.ade.simulationMonitor] - Communication channels have been successfully set up. Start processing events ... {"hostname": "cinova05.lesc.ufc.br", "processid": 130937, "logfile": "/home/cinovador/Documents/course_files/practice_0/logs_cinovador/logs0/Job9.log"}
[2024-10-23 17:33:19.823 -0300] [PROCESS] [cadence.virtuoso.ade.simulationMonitor] - Started History {"hostname": "cinova05.lesc.ufc.br", "processid": 130937, "history": "ExplorerRun.0", "testname": "fanout-tests_inverter_1", "cornername": "Nominal", "point": 1, "logfile": "/home/cinovador/Documents/course_files/practice_0/logs_cinovador/logs0/Job9.log"}
[2024-10-23 17:33:19.823 -0300] [PROCESS] [cadence.virtuoso.ade.simulationMonitor] - HostInfo:
Host name (type):	cinova05.lesc.ufc.br (x86_64)
Operating system:	Linux 4.18.0-553.22.1.el8_10.x86_64 #1 SMP Wed Sep 25 09:20:43 UTC 2024 {"hostname": "cinova05.lesc.ufc.br", "processid": 130937, "history": "ExplorerRun.0", "testname": "fanout-tests_inverter_1", "cornername": "Nominal", "point": 1, "logfile": "/home/cinovador/Documents/course_files/practice_0/logs_cinovador/logs0/Job9.log", "nodename": "cinova05.lesc.ufc.br", "domainname": "(none)", "machine": "x86_64", "sysname": "Linux", "release": "4.18.0-553.22.1.el8_10.x86_64", "version": "#1 SMP Wed Sep 25 09:20:43 UTC 2024"}
[2024-10-23 17:33:19.823 -0300] [PROCESS] [cadence.virtuoso.ade.simulationMonitor] - UsageInfo:
pid=130937
totalPhysicalMemory=30.835907GB,Used=13.388885GB,totalVirtualMemory=46.441372GB,Used=13.388885GB
Cpu: Cores=20, Load average:0.130000,0.260000,0.350000 {"hostname": "cinova05.lesc.ufc.br", "processid": 130937, "history": "ExplorerRun.0", "testname": "fanout-tests_inverter_1", "cornername": "Nominal", "point": 1, "logfile": "/home/cinovador/Documents/course_files/practice_0/logs_cinovador/logs0/Job9.log", "pid": "130937", "totalPhysicalMemory": "30.835907", "physicalMemoryUsed": "13.388885", "totalVirtualMemory": "46.441372", "virtualMemoryUsed": "13.388885", "cpuCores": "20", "processes": "1463", "loadAverage1": "0.130000", "loadAverage5": "0.260000", "loadAverage15": "0.350000", "loadAverage1Percent": "0.006500"}
[2024-10-23 17:33:19.823 -0300] [EVENT] [cadence.virtuoso.ade.simulationMonitor] - NewPoint {"history": "ExplorerRun.0", "point": 1, "testname": "fanout-tests_inverter_1", "cornername": "Nominal", "event": "NewPoint", "EventSource": "Simulation Monitor", "HistoryName": "ExplorerRun.0", "logFile": "/home/cinovador/Documents/course_files/practice_0/logs_cinovador/logs0/Job9.log", "logFileSize": "4469", "category": "simulation"}
[2024-10-23 17:33:19.924 -0300] [EVENT] [cadence.virtuoso.ade.simulationMonitor] - NewPoint {"history": "ExplorerRun.0", "point": 1, "testname": "fanout-tests_inverter_1", "cornername": "Nominal", "event": "NewPoint", "EventSource": "spectre", "HistoryName": "ExplorerRun.0", "logFile": "/home/cinovador/Documents/course_files/practice_0/lab1_part2/fanout-1/fanout-tests/inverter/maestro/results/maestro/ExplorerRun.0/1/fanout-tests_inverter_1/psf/spectre.out", "logFileSize": "-1", "category": "simulation"}
[2024-10-23 17:33:29.847 -0300] [PROCESS] [cadence.virtuoso.ade.simulationMonitor] - Simulator launched {"hostname": "cinova05.lesc.ufc.br", "processid": 130937, "history": "ExplorerRun.0", "testname": "fanout-tests_inverter_1", "cornername": "Nominal", "point": 1, "logfile": "/home/cinovador/Documents/course_files/practice_0/logs_cinovador/logs0/Job9.log", "simid": "1", "event": "launch", "category": "simulation"}
[2024-10-23 17:33:29.848 -0300] [PROCESS] [cadence.virtuoso.ade.simulationMonitor] - Expression evaluator launched {"hostname": "cinova05.lesc.ufc.br", "processid": 130937, "history": "ExplorerRun.0", "testname": "fanout-tests_inverter_1", "cornername": "Nominal", "point": 1, "logfile": "/home/cinovador/Documents/course_files/practice_0/logs_cinovador/logs0/Job9.log"}
[2024-10-23 17:33:29.882 -0300] [PROCESS] [cadence.virtuoso.ade.simulationMonitor] - Started Simulation {"hostname": "cinova05.lesc.ufc.br", "processid": 130937, "history": "ExplorerRun.0", "testname": "fanout-tests_inverter_1", "cornername": "Nominal", "point": 1, "logfile": "/home/cinovador/Documents/course_files/practice_0/logs_cinovador/logs0/Job9.log", "event": "start", "category": "simulation"}
[2024-10-23 17:33:31.882 -0300] [INFO] [cadence.virtuoso.ade.simulationMonitor] - Peak resident memory used = 185 Mbytes. {"history": "ExplorerRun.0", "point": 1, "testname": "fanout-tests_inverter_1", "cornername": "Nominal"}
[2024-10-23 17:33:31.882 -0300] [INFO] [cadence.virtuoso.ade.simulationMonitor] - Peak resident memory used = 198 Mbytes. {"history": "ExplorerRun.0", "point": 1, "testname": "fanout-tests_inverter_1", "cornername": "Nominal"}
[2024-10-23 17:33:31.882 -0300] [INFO] [cadence.virtuoso.ade.simulationMonitor] - Notice from spectre during hierarchy flattening.
    The value 'psf' specified for the 'checklimitdest' option will no longer be supported in future releases. Use 'spectre -h' to see other recommended values for the 'checklimitdest' option. {"history": "ExplorerRun.0", "point": 1, "testname": "fanout-tests_inverter_1", "cornername": "Nominal"}
[2024-10-23 17:33:31.883 -0300] [INFO] [cadence.virtuoso.ade.simulationMonitor] - Peak resident memory used = 199 Mbytes. {"history": "ExplorerRun.0", "point": 1, "testname": "fanout-tests_inverter_1", "cornername": "Nominal"}
[2024-10-23 17:33:32.383 -0300] [INFO] [cadence.virtuoso.ade.simulationMonitor] - Notice from spectre during initial setup.
    Multithreading is disabled due to the size of the design being too small. {"history": "ExplorerRun.0", "point": 1, "testname": "fanout-tests_inverter_1", "cornername": "Nominal"}
[2024-10-23 17:33:32.383 -0300] [INFO] [cadence.virtuoso.ade.simulationMonitor] -               nodes 17 {"history": "ExplorerRun.0", "point": 1, "testname": "fanout-tests_inverter_1", "cornername": "Nominal"}
[2024-10-23 17:33:32.383 -0300] [INFO] [cadence.virtuoso.ade.simulationMonitor] - Notice from spectre during initial setup.
    Protected devices exist and are not included in the circuit inventory.
    APS enabled. {"history": "ExplorerRun.0", "point": 1, "testname": "fanout-tests_inverter_1", "cornername": "Nominal"}
[2024-10-23 17:33:32.383 -0300] [INFO] [cadence.virtuoso.ade.simulationMonitor] - Peak resident memory used = 201 Mbytes. {"history": "ExplorerRun.0", "point": 1, "testname": "fanout-tests_inverter_1", "cornername": "Nominal"}
[2024-10-23 17:33:32.383 -0300] [INFO] [cadence.virtuoso.ade.simulationMonitor] -    -   (APS) Multi-threading. The recommended number of threads is 1, consider adding +mt=1 on command line. {"history": "ExplorerRun.0", "point": 1, "testname": "fanout-tests_inverter_1", "cornername": "Nominal"}
[2024-10-23 17:33:32.383 -0300] [INFO] [cadence.virtuoso.ade.simulationMonitor] - Notice from spectre during transient analysis `tran'.
    Multithreading is disabled due to the size of the design being too small. {"history": "ExplorerRun.0", "point": 1, "testname": "fanout-tests_inverter_1", "cornername": "Nominal"}
[2024-10-23 17:33:32.383 -0300] [INFO] [cadence.virtuoso.ade.simulationMonitor] - Notice from spectre at time = 351.161 ps during transient analysis `tran'.
    Found trapezoidal ringing on node _vvdd!:p. {"history": "ExplorerRun.0", "point": 1, "testname": "fanout-tests_inverter_1", "cornername": "Nominal"}
[2024-10-23 17:33:32.383 -0300] [INFO] [cadence.virtuoso.ade.simulationMonitor] - Notice from spectre at time = 431.161 ps during transient analysis `tran'.
    Found trapezoidal ringing on node _vvdd!:p. {"history": "ExplorerRun.0", "point": 1, "testname": "fanout-tests_inverter_1", "cornername": "Nominal"}
[2024-10-23 17:33:32.383 -0300] [INFO] [cadence.virtuoso.ade.simulationMonitor] - Notice from spectre at time = 511.161 ps during transient analysis `tran'.
    Found trapezoidal ringing on node _vvdd!:p. {"history": "ExplorerRun.0", "point": 1, "testname": "fanout-tests_inverter_1", "cornername": "Nominal"}
[2024-10-23 17:33:32.383 -0300] [INFO] [cadence.virtuoso.ade.simulationMonitor] - Notice from spectre at time = 591.161 ps during transient analysis `tran'.
    Found trapezoidal ringing on node _vvdd!:p. {"history": "ExplorerRun.0", "point": 1, "testname": "fanout-tests_inverter_1", "cornername": "Nominal"}
[2024-10-23 17:33:32.383 -0300] [INFO] [cadence.virtuoso.ade.simulationMonitor] - Notice from spectre at time = 671.161 ps during transient analysis `tran'.
    Found trapezoidal ringing on node _vvdd!:p.
        Further occurrences of this notice will be suppressed. {"history": "ExplorerRun.0", "point": 1, "testname": "fanout-tests_inverter_1", "cornername": "Nominal"}
[2024-10-23 17:33:32.383 -0300] [INFO] [cadence.virtuoso.ade.simulationMonitor] - Notice from spectre during transient analysis `tran'.
    Trapezoidal ringing is detected during tran analysis.
        Please use method=trap for better results and performance. {"history": "ExplorerRun.0", "point": 1, "testname": "fanout-tests_inverter_1", "cornername": "Nominal"}
[2024-10-23 17:33:32.383 -0300] [INFO] [cadence.virtuoso.ade.simulationMonitor] - Intrinsic tran analysis time:    CPU = 11.672 ms, elapsed = 13.2508 ms. {"history": "ExplorerRun.0", "point": 1, "testname": "fanout-tests_inverter_1", "cornername": "Nominal"}
[2024-10-23 17:33:32.383 -0300] [INFO] [cadence.virtuoso.ade.simulationMonitor] - Total time required for tran analysis `tran': CPU = 14.972 ms, elapsed = 16.5548 ms, util. = 90.4%. {"history": "ExplorerRun.0", "point": 1, "testname": "fanout-tests_inverter_1", "cornername": "Nominal"}
[2024-10-23 17:33:32.383 -0300] [INFO] [cadence.virtuoso.ade.simulationMonitor] - Peak resident memory used = 210 Mbytes. {"history": "ExplorerRun.0", "point": 1, "testname": "fanout-tests_inverter_1", "cornername": "Nominal"}
[2024-10-23 17:33:32.383 -0300] [INFO] [cadence.virtuoso.ade.simulationMonitor] - Notice from spectre.
    48 notices suppressed. {"history": "ExplorerRun.0", "point": 1, "testname": "fanout-tests_inverter_1", "cornername": "Nominal"}
[2024-10-23 17:33:32.383 -0300] [INFO] [cadence.virtuoso.ade.simulationMonitor] - Time used: CPU = 332 ms, elapsed = 1.92 s, util. = 17.3%. {"history": "ExplorerRun.0", "point": 1, "testname": "fanout-tests_inverter_1", "cornername": "Nominal"}
[2024-10-23 17:33:32.384 -0300] [INFO] [cadence.virtuoso.ade.simulationMonitor] - Time spent in licensing: elapsed = 953 ms, percentage of total = 49.5%. {"history": "ExplorerRun.0", "point": 1, "testname": "fanout-tests_inverter_1", "cornername": "Nominal"}
[2024-10-23 17:33:32.384 -0300] [INFO] [cadence.virtuoso.ade.simulationMonitor] - Peak memory used = 211 Mbytes. {"history": "ExplorerRun.0", "point": 1, "testname": "fanout-tests_inverter_1", "cornername": "Nominal"}
[2024-10-23 17:33:32.384 -0300] [PROCESS] [cadence.virtuoso.ade.simulationMonitor] - Simulation started at: 5:33:29 PM, Wed Oct 23, 2024, ended at: 5:33:31 PM, Wed Oct 23, 2024, with elapsed time (wall clock): 1.92 s. {"history": "ExplorerRun.0", "point": 1, "testname": "fanout-tests_inverter_1", "cornername": "Nominal"}
[2024-10-23 17:33:32.384 -0300] [PROCESS] [cadence.virtuoso.ade.simulationMonitor] - spectre completes with 0 errors, 0 warnings, and 13 notices. {"history": "ExplorerRun.0", "point": 1, "testname": "fanout-tests_inverter_1", "cornername": "Nominal"}
[2024-10-23 17:33:32.384 -0300] [PROCESS] [cadence.virtuoso.ade.simulationMonitor] - Finished simulating for one point {"hostname": "cinova05.lesc.ufc.br", "processid": 130937, "history": "ExplorerRun.0", "testname": "fanout-tests_inverter_1", "cornername": "Nominal", "point": 1, "logfile": "/home/cinovador/Documents/course_files/practice_0/logs_cinovador/logs0/Job9.log", "simid": "1", "event": "finish", "category": "simulation"}
[2024-10-23 17:33:32.384 -0300] [PROCESS] [cadence.virtuoso.ade.simulationMonitor] - Simulator exited {"hostname": "cinova05.lesc.ufc.br", "processid": 130937, "history": "ExplorerRun.0", "testname": "fanout-tests_inverter_1", "cornername": "Nominal", "point": 1, "logfile": "/home/cinovador/Documents/course_files/practice_0/logs_cinovador/logs0/Job9.log", "exitStatus": "0"}
[2024-10-23 17:33:32.384 -0300] [PROCESS] [cadence.virtuoso.ade.simulationMonitor] - Finished Simulation {"hostname": "cinova05.lesc.ufc.br", "processid": 130937, "history": "ExplorerRun.0", "testname": "fanout-tests_inverter_1", "cornername": "Nominal", "point": 1, "logfile": "/home/cinovador/Documents/course_files/practice_0/logs_cinovador/logs0/Job9.log", "simid": "1", "event": "finish", "category": "obsolete"}
[2024-10-23 17:33:32.884 -0300] [PROCESS] [cadence.virtuoso.ade.simulationMonitor] - Point Finished {"hostname": "cinova05.lesc.ufc.br", "processid": 130937, "history": "ExplorerRun.0", "testname": "fanout-tests_inverter_1", "cornername": "Nominal", "point": 1, "logfile": "/home/cinovador/Documents/course_files/practice_0/logs_cinovador/logs0/Job9.log", "event": "finish", "category": "sim-eval"}
[2024-10-23 17:33:33.886 -0300] [PROCESS] [cadence.virtuoso.ade.simulationMonitor] - Stay with the runId '2', Linger time '300', currentRunSyn '5', currentTestSyn '6' {"hostname": "cinova05.lesc.ufc.br", "processid": 130937, "history": "ExplorerRun.0", "testname": "fanout-tests_inverter_1", "cornername": "Nominal", "point": 1, "logfile": "/home/cinovador/Documents/course_files/practice_0/logs_cinovador/logs0/Job9.log"}
[2024-10-23 17:35:39.771 -0300] [INFO] [cadence.virtuoso.ade.simulationMonitor] - SimulationMonitor has terminated the vds process '131035', reason: 'Force to stop the expression evalutor process because of new run' {"history": "ExplorerRun.0", "point": 1, "testname": "fanout-tests_inverter_1", "cornername": "Nominal"}
[2024-10-23 17:35:39.771 -0300] [PROCESS] [cadence.virtuoso.ade.simulationMonitor] - HostInfo:
Host name (type):	cinova05.lesc.ufc.br (x86_64)
Operating system:	Linux 4.18.0-553.22.1.el8_10.x86_64 #1 SMP Wed Sep 25 09:20:43 UTC 2024 {"hostname": "cinova05.lesc.ufc.br", "processid": 130937, "history": "ExplorerRun.0", "testname": "fanout-tests_inverter_1", "cornername": "Nominal", "point": 1, "logfile": "/home/cinovador/Documents/course_files/practice_0/logs_cinovador/logs0/Job9.log", "nodename": "cinova05.lesc.ufc.br", "domainname": "(none)", "machine": "x86_64", "sysname": "Linux", "release": "4.18.0-553.22.1.el8_10.x86_64", "version": "#1 SMP Wed Sep 25 09:20:43 UTC 2024"}
[2024-10-23 17:35:39.771 -0300] [PROCESS] [cadence.virtuoso.ade.simulationMonitor] - UsageInfo:
pid=130937
totalPhysicalMemory=30.835907GB,Used=13.444344GB,totalVirtualMemory=46.441372GB,Used=13.444344GB
Cpu: Cores=20, Load average:0.280000,0.300000,0.360000 {"hostname": "cinova05.lesc.ufc.br", "processid": 130937, "history": "ExplorerRun.0", "testname": "fanout-tests_inverter_1", "cornername": "Nominal", "point": 1, "logfile": "/home/cinovador/Documents/course_files/practice_0/logs_cinovador/logs0/Job9.log", "pid": "130937", "totalPhysicalMemory": "30.835907", "physicalMemoryUsed": "13.444344", "totalVirtualMemory": "46.441372", "virtualMemoryUsed": "13.444344", "cpuCores": "20", "processes": "1471", "loadAverage1": "0.280000", "loadAverage5": "0.300000", "loadAverage15": "0.360000", "loadAverage1Percent": "0.014000"}
[2024-10-23 17:35:39.771 -0300] [EVENT] [cadence.virtuoso.ade.simulationMonitor] - NewPoint {"history": "ExplorerRun.0", "point": 1, "testname": "fanout-tests_inverter_1", "cornername": "Nominal", "event": "NewPoint", "EventSource": "Simulation Monitor", "HistoryName": "ExplorerRun.0", "logFile": "/home/cinovador/Documents/course_files/practice_0/logs_cinovador/logs0/Job9.log", "logFileSize": "17561", "category": "simulation"}
[2024-10-23 17:35:39.872 -0300] [EVENT] [cadence.virtuoso.ade.simulationMonitor] - NewPoint {"history": "ExplorerRun.0", "point": 1, "testname": "fanout-tests_inverter_1", "cornername": "Nominal", "event": "NewPoint", "EventSource": "spectre", "HistoryName": "ExplorerRun.0", "logFile": "/home/cinovador/Documents/course_files/practice_0/lab1_part2/fanout-1/fanout-tests/inverter/maestro/results/maestro/ExplorerRun.0/1/fanout-tests_inverter_1/psf/spectre.out", "logFileSize": "-1", "category": "simulation"}
[2024-10-23 17:35:49.506 -0300] [PROCESS] [cadence.virtuoso.ade.simulationMonitor] - Simulator launched {"hostname": "cinova05.lesc.ufc.br", "processid": 130937, "history": "ExplorerRun.0", "testname": "fanout-tests_inverter_1", "cornername": "Nominal", "point": 1, "logfile": "/home/cinovador/Documents/course_files/practice_0/logs_cinovador/logs0/Job9.log", "simid": "2", "event": "launch", "category": "simulation"}
[2024-10-23 17:35:49.507 -0300] [PROCESS] [cadence.virtuoso.ade.simulationMonitor] - Expression evaluator launched {"hostname": "cinova05.lesc.ufc.br", "processid": 130937, "history": "ExplorerRun.0", "testname": "fanout-tests_inverter_1", "cornername": "Nominal", "point": 1, "logfile": "/home/cinovador/Documents/course_files/practice_0/logs_cinovador/logs0/Job9.log"}
[2024-10-23 17:35:49.542 -0300] [PROCESS] [cadence.virtuoso.ade.simulationMonitor] - Started Simulation {"hostname": "cinova05.lesc.ufc.br", "processid": 130937, "history": "ExplorerRun.0", "testname": "fanout-tests_inverter_1", "cornername": "Nominal", "point": 1, "logfile": "/home/cinovador/Documents/course_files/practice_0/logs_cinovador/logs0/Job9.log", "event": "start", "category": "simulation"}
[2024-10-23 17:35:51.543 -0300] [INFO] [cadence.virtuoso.ade.simulationMonitor] - Peak resident memory used = 188 Mbytes. {"history": "ExplorerRun.0", "point": 1, "testname": "fanout-tests_inverter_1", "cornername": "Nominal"}
[2024-10-23 17:35:51.543 -0300] [INFO] [cadence.virtuoso.ade.simulationMonitor] - Peak resident memory used = 200 Mbytes. {"history": "ExplorerRun.0", "point": 1, "testname": "fanout-tests_inverter_1", "cornername": "Nominal"}
[2024-10-23 17:35:51.543 -0300] [INFO] [cadence.virtuoso.ade.simulationMonitor] - Notice from spectre during hierarchy flattening.
    The value 'psf' specified for the 'checklimitdest' option will no longer be supported in future releases. Use 'spectre -h' to see other recommended values for the 'checklimitdest' option. {"history": "ExplorerRun.0", "point": 1, "testname": "fanout-tests_inverter_1", "cornername": "Nominal"}
[2024-10-23 17:35:51.543 -0300] [INFO] [cadence.virtuoso.ade.simulationMonitor] - Peak resident memory used = 201 Mbytes. {"history": "ExplorerRun.0", "point": 1, "testname": "fanout-tests_inverter_1", "cornername": "Nominal"}
[2024-10-23 17:35:51.543 -0300] [INFO] [cadence.virtuoso.ade.simulationMonitor] - Notice from spectre during initial setup.
    Multithreading is disabled due to the size of the design being too small. {"history": "ExplorerRun.0", "point": 1, "testname": "fanout-tests_inverter_1", "cornername": "Nominal"}
[2024-10-23 17:35:51.543 -0300] [INFO] [cadence.virtuoso.ade.simulationMonitor] -               nodes 17 {"history": "ExplorerRun.0", "point": 1, "testname": "fanout-tests_inverter_1", "cornername": "Nominal"}
[2024-10-23 17:35:51.543 -0300] [INFO] [cadence.virtuoso.ade.simulationMonitor] - Notice from spectre during initial setup.
    Protected devices exist and are not included in the circuit inventory.
    APS enabled. {"history": "ExplorerRun.0", "point": 1, "testname": "fanout-tests_inverter_1", "cornername": "Nominal"}
[2024-10-23 17:35:51.543 -0300] [INFO] [cadence.virtuoso.ade.simulationMonitor] - Peak resident memory used = 202 Mbytes. {"history": "ExplorerRun.0", "point": 1, "testname": "fanout-tests_inverter_1", "cornername": "Nominal"}
[2024-10-23 17:35:51.543 -0300] [INFO] [cadence.virtuoso.ade.simulationMonitor] -    -   (APS) Multi-threading. The recommended number of threads is 1, consider adding +mt=1 on command line. {"history": "ExplorerRun.0", "point": 1, "testname": "fanout-tests_inverter_1", "cornername": "Nominal"}
[2024-10-23 17:35:51.543 -0300] [INFO] [cadence.virtuoso.ade.simulationMonitor] - Notice from spectre during transient analysis `tran'.
    Multithreading is disabled due to the size of the design being too small. {"history": "ExplorerRun.0", "point": 1, "testname": "fanout-tests_inverter_1", "cornername": "Nominal"}
[2024-10-23 17:35:51.543 -0300] [INFO] [cadence.virtuoso.ade.simulationMonitor] - Notice from spectre at time = 351.161 ps during transient analysis `tran'.
    Found trapezoidal ringing on node _vvdd!:p. {"history": "ExplorerRun.0", "point": 1, "testname": "fanout-tests_inverter_1", "cornername": "Nominal"}
[2024-10-23 17:35:51.543 -0300] [INFO] [cadence.virtuoso.ade.simulationMonitor] - Notice from spectre at time = 431.161 ps during transient analysis `tran'.
    Found trapezoidal ringing on node _vvdd!:p. {"history": "ExplorerRun.0", "point": 1, "testname": "fanout-tests_inverter_1", "cornername": "Nominal"}
[2024-10-23 17:35:51.543 -0300] [INFO] [cadence.virtuoso.ade.simulationMonitor] - Notice from spectre at time = 511.161 ps during transient analysis `tran'.
    Found trapezoidal ringing on node _vvdd!:p. {"history": "ExplorerRun.0", "point": 1, "testname": "fanout-tests_inverter_1", "cornername": "Nominal"}
[2024-10-23 17:35:51.544 -0300] [INFO] [cadence.virtuoso.ade.simulationMonitor] - Notice from spectre at time = 591.161 ps during transient analysis `tran'.
    Found trapezoidal ringing on node _vvdd!:p. {"history": "ExplorerRun.0", "point": 1, "testname": "fanout-tests_inverter_1", "cornername": "Nominal"}
[2024-10-23 17:35:51.544 -0300] [INFO] [cadence.virtuoso.ade.simulationMonitor] - Notice from spectre at time = 671.161 ps during transient analysis `tran'.
    Found trapezoidal ringing on node _vvdd!:p.
        Further occurrences of this notice will be suppressed. {"history": "ExplorerRun.0", "point": 1, "testname": "fanout-tests_inverter_1", "cornername": "Nominal"}
[2024-10-23 17:35:52.044 -0300] [INFO] [cadence.virtuoso.ade.simulationMonitor] - Notice from spectre during transient analysis `tran'.
    Trapezoidal ringing is detected during tran analysis.
        Please use method=trap for better results and performance. {"history": "ExplorerRun.0", "point": 1, "testname": "fanout-tests_inverter_1", "cornername": "Nominal"}
[2024-10-23 17:35:52.044 -0300] [INFO] [cadence.virtuoso.ade.simulationMonitor] - Intrinsic tran analysis time:    CPU = 11.657 ms, elapsed = 13.6681 ms. {"history": "ExplorerRun.0", "point": 1, "testname": "fanout-tests_inverter_1", "cornername": "Nominal"}
[2024-10-23 17:35:52.044 -0300] [INFO] [cadence.virtuoso.ade.simulationMonitor] - Total time required for tran analysis `tran': CPU = 14.948 ms, elapsed = 16.999 ms, util. = 87.9%. {"history": "ExplorerRun.0", "point": 1, "testname": "fanout-tests_inverter_1", "cornername": "Nominal"}
[2024-10-23 17:35:52.044 -0300] [INFO] [cadence.virtuoso.ade.simulationMonitor] - Peak resident memory used = 211 Mbytes. {"history": "ExplorerRun.0", "point": 1, "testname": "fanout-tests_inverter_1", "cornername": "Nominal"}
[2024-10-23 17:35:52.044 -0300] [INFO] [cadence.virtuoso.ade.simulationMonitor] - Notice from spectre.
    48 notices suppressed. {"history": "ExplorerRun.0", "point": 1, "testname": "fanout-tests_inverter_1", "cornername": "Nominal"}
[2024-10-23 17:35:52.044 -0300] [INFO] [cadence.virtuoso.ade.simulationMonitor] - Time used: CPU = 333 ms, elapsed = 1.89 s, util. = 17.7%. {"history": "ExplorerRun.0", "point": 1, "testname": "fanout-tests_inverter_1", "cornername": "Nominal"}
[2024-10-23 17:35:52.044 -0300] [INFO] [cadence.virtuoso.ade.simulationMonitor] - Time spent in licensing: elapsed = 957 ms, percentage of total = 50.7%. {"history": "ExplorerRun.0", "point": 1, "testname": "fanout-tests_inverter_1", "cornername": "Nominal"}
[2024-10-23 17:35:52.044 -0300] [INFO] [cadence.virtuoso.ade.simulationMonitor] - Peak memory used = 212 Mbytes. {"history": "ExplorerRun.0", "point": 1, "testname": "fanout-tests_inverter_1", "cornername": "Nominal"}
[2024-10-23 17:35:52.045 -0300] [PROCESS] [cadence.virtuoso.ade.simulationMonitor] - Simulation started at: 5:35:49 PM, Wed Oct 23, 2024, ended at: 5:35:51 PM, Wed Oct 23, 2024, with elapsed time (wall clock): 1.89 s. {"history": "ExplorerRun.0", "point": 1, "testname": "fanout-tests_inverter_1", "cornername": "Nominal"}
[2024-10-23 17:35:52.045 -0300] [PROCESS] [cadence.virtuoso.ade.simulationMonitor] - spectre completes with 0 errors, 0 warnings, and 13 notices. {"history": "ExplorerRun.0", "point": 1, "testname": "fanout-tests_inverter_1", "cornername": "Nominal"}
[2024-10-23 17:35:52.045 -0300] [PROCESS] [cadence.virtuoso.ade.simulationMonitor] - Finished simulating for one point {"hostname": "cinova05.lesc.ufc.br", "processid": 130937, "history": "ExplorerRun.0", "testname": "fanout-tests_inverter_1", "cornername": "Nominal", "point": 1, "logfile": "/home/cinovador/Documents/course_files/practice_0/logs_cinovador/logs0/Job9.log", "simid": "2", "event": "finish", "category": "simulation"}
[2024-10-23 17:35:52.045 -0300] [PROCESS] [cadence.virtuoso.ade.simulationMonitor] - Simulator exited {"hostname": "cinova05.lesc.ufc.br", "processid": 130937, "history": "ExplorerRun.0", "testname": "fanout-tests_inverter_1", "cornername": "Nominal", "point": 1, "logfile": "/home/cinovador/Documents/course_files/practice_0/logs_cinovador/logs0/Job9.log", "exitStatus": "0"}
[2024-10-23 17:35:52.045 -0300] [PROCESS] [cadence.virtuoso.ade.simulationMonitor] - Finished Simulation {"hostname": "cinova05.lesc.ufc.br", "processid": 130937, "history": "ExplorerRun.0", "testname": "fanout-tests_inverter_1", "cornername": "Nominal", "point": 1, "logfile": "/home/cinovador/Documents/course_files/practice_0/logs_cinovador/logs0/Job9.log", "simid": "2", "event": "finish", "category": "obsolete"}
[2024-10-23 17:35:52.545 -0300] [PROCESS] [cadence.virtuoso.ade.simulationMonitor] - Point Finished {"hostname": "cinova05.lesc.ufc.br", "processid": 130937, "history": "ExplorerRun.0", "testname": "fanout-tests_inverter_1", "cornername": "Nominal", "point": 1, "logfile": "/home/cinovador/Documents/course_files/practice_0/logs_cinovador/logs0/Job9.log", "event": "finish", "category": "sim-eval"}
[2024-10-23 17:37:44.102 -0300] [INFO] [cadence.virtuoso.ade.simulationMonitor] - SimulationMonitor has terminated the vds process '131965', reason: 'Force to stop the expression evalutor process because of new run' {"history": "ExplorerRun.0", "point": 1, "testname": "fanout-tests_inverter_1", "cornername": "Nominal"}
[2024-10-23 17:37:44.103 -0300] [PROCESS] [cadence.virtuoso.ade.simulationMonitor] - HostInfo:
Host name (type):	cinova05.lesc.ufc.br (x86_64)
Operating system:	Linux 4.18.0-553.22.1.el8_10.x86_64 #1 SMP Wed Sep 25 09:20:43 UTC 2024 {"hostname": "cinova05.lesc.ufc.br", "processid": 130937, "history": "ExplorerRun.0", "testname": "fanout-tests_inverter_1", "cornername": "Nominal", "point": 1, "logfile": "/home/cinovador/Documents/course_files/practice_0/logs_cinovador/logs0/Job9.log", "nodename": "cinova05.lesc.ufc.br", "domainname": "(none)", "machine": "x86_64", "sysname": "Linux", "release": "4.18.0-553.22.1.el8_10.x86_64", "version": "#1 SMP Wed Sep 25 09:20:43 UTC 2024"}
[2024-10-23 17:37:44.103 -0300] [PROCESS] [cadence.virtuoso.ade.simulationMonitor] - UsageInfo:
pid=130937
totalPhysicalMemory=30.835907GB,Used=13.480854GB,totalVirtualMemory=46.441372GB,Used=13.480854GB
Cpu: Cores=20, Load average:0.650000,0.420000,0.390000 {"hostname": "cinova05.lesc.ufc.br", "processid": 130937, "history": "ExplorerRun.0", "testname": "fanout-tests_inverter_1", "cornername": "Nominal", "point": 1, "logfile": "/home/cinovador/Documents/course_files/practice_0/logs_cinovador/logs0/Job9.log", "pid": "130937", "totalPhysicalMemory": "30.835907", "physicalMemoryUsed": "13.480854", "totalVirtualMemory": "46.441372", "virtualMemoryUsed": "13.480854", "cpuCores": "20", "processes": "1458", "loadAverage1": "0.650000", "loadAverage5": "0.420000", "loadAverage15": "0.390000", "loadAverage1Percent": "0.032500"}
[2024-10-23 17:37:44.103 -0300] [EVENT] [cadence.virtuoso.ade.simulationMonitor] - NewPoint {"history": "ExplorerRun.0", "point": 1, "testname": "fanout-tests_inverter_1", "cornername": "Nominal", "event": "NewPoint", "EventSource": "Simulation Monitor", "HistoryName": "ExplorerRun.0", "logFile": "/home/cinovador/Documents/course_files/practice_0/logs_cinovador/logs0/Job9.log", "logFileSize": "30230", "category": "simulation"}
[2024-10-23 17:37:44.204 -0300] [EVENT] [cadence.virtuoso.ade.simulationMonitor] - NewPoint {"history": "ExplorerRun.0", "point": 1, "testname": "fanout-tests_inverter_1", "cornername": "Nominal", "event": "NewPoint", "EventSource": "spectre", "HistoryName": "ExplorerRun.0", "logFile": "/home/cinovador/Documents/course_files/practice_0/lab1_part2/fanout-1/fanout-tests/inverter/maestro/results/maestro/ExplorerRun.0/1/fanout-tests_inverter_1/psf/spectre.out", "logFileSize": "-1", "category": "simulation"}
[2024-10-23 17:37:53.840 -0300] [PROCESS] [cadence.virtuoso.ade.simulationMonitor] - Simulator launched {"hostname": "cinova05.lesc.ufc.br", "processid": 130937, "history": "ExplorerRun.0", "testname": "fanout-tests_inverter_1", "cornername": "Nominal", "point": 1, "logfile": "/home/cinovador/Documents/course_files/practice_0/logs_cinovador/logs0/Job9.log", "simid": "3", "event": "launch", "category": "simulation"}
[2024-10-23 17:37:53.841 -0300] [PROCESS] [cadence.virtuoso.ade.simulationMonitor] - Expression evaluator launched {"hostname": "cinova05.lesc.ufc.br", "processid": 130937, "history": "ExplorerRun.0", "testname": "fanout-tests_inverter_1", "cornername": "Nominal", "point": 1, "logfile": "/home/cinovador/Documents/course_files/practice_0/logs_cinovador/logs0/Job9.log"}
[2024-10-23 17:37:53.877 -0300] [PROCESS] [cadence.virtuoso.ade.simulationMonitor] - Started Simulation {"hostname": "cinova05.lesc.ufc.br", "processid": 130937, "history": "ExplorerRun.0", "testname": "fanout-tests_inverter_1", "cornername": "Nominal", "point": 1, "logfile": "/home/cinovador/Documents/course_files/practice_0/logs_cinovador/logs0/Job9.log", "event": "start", "category": "simulation"}
[2024-10-23 17:37:55.878 -0300] [INFO] [cadence.virtuoso.ade.simulationMonitor] - Peak resident memory used = 184 Mbytes. {"history": "ExplorerRun.0", "point": 1, "testname": "fanout-tests_inverter_1", "cornername": "Nominal"}
[2024-10-23 17:37:55.878 -0300] [INFO] [cadence.virtuoso.ade.simulationMonitor] - Peak resident memory used = 196 Mbytes. {"history": "ExplorerRun.0", "point": 1, "testname": "fanout-tests_inverter_1", "cornername": "Nominal"}
[2024-10-23 17:37:55.878 -0300] [INFO] [cadence.virtuoso.ade.simulationMonitor] - Notice from spectre during hierarchy flattening.
    The value 'psf' specified for the 'checklimitdest' option will no longer be supported in future releases. Use 'spectre -h' to see other recommended values for the 'checklimitdest' option. {"history": "ExplorerRun.0", "point": 1, "testname": "fanout-tests_inverter_1", "cornername": "Nominal"}
[2024-10-23 17:37:55.878 -0300] [INFO] [cadence.virtuoso.ade.simulationMonitor] - Peak resident memory used = 197 Mbytes. {"history": "ExplorerRun.0", "point": 1, "testname": "fanout-tests_inverter_1", "cornername": "Nominal"}
[2024-10-23 17:37:55.878 -0300] [INFO] [cadence.virtuoso.ade.simulationMonitor] - Notice from spectre during initial setup.
    Multithreading is disabled due to the size of the design being too small. {"history": "ExplorerRun.0", "point": 1, "testname": "fanout-tests_inverter_1", "cornername": "Nominal"}
[2024-10-23 17:37:55.878 -0300] [INFO] [cadence.virtuoso.ade.simulationMonitor] -               nodes 17 {"history": "ExplorerRun.0", "point": 1, "testname": "fanout-tests_inverter_1", "cornername": "Nominal"}
[2024-10-23 17:37:55.878 -0300] [INFO] [cadence.virtuoso.ade.simulationMonitor] - Notice from spectre during initial setup.
    Protected devices exist and are not included in the circuit inventory.
    APS enabled. {"history": "ExplorerRun.0", "point": 1, "testname": "fanout-tests_inverter_1", "cornername": "Nominal"}
[2024-10-23 17:37:55.878 -0300] [INFO] [cadence.virtuoso.ade.simulationMonitor] - Peak resident memory used = 198 Mbytes. {"history": "ExplorerRun.0", "point": 1, "testname": "fanout-tests_inverter_1", "cornername": "Nominal"}
[2024-10-23 17:37:55.878 -0300] [INFO] [cadence.virtuoso.ade.simulationMonitor] -    -   (APS) Multi-threading. The recommended number of threads is 1, consider adding +mt=1 on command line. {"history": "ExplorerRun.0", "point": 1, "testname": "fanout-tests_inverter_1", "cornername": "Nominal"}
[2024-10-23 17:37:55.878 -0300] [INFO] [cadence.virtuoso.ade.simulationMonitor] - Notice from spectre during transient analysis `tran'.
    Multithreading is disabled due to the size of the design being too small. {"history": "ExplorerRun.0", "point": 1, "testname": "fanout-tests_inverter_1", "cornername": "Nominal"}
[2024-10-23 17:37:56.378 -0300] [INFO] [cadence.virtuoso.ade.simulationMonitor] - Notice from spectre at time = 351.161 ps during transient analysis `tran'.
    Found trapezoidal ringing on node _vvdd!:p. {"history": "ExplorerRun.0", "point": 1, "testname": "fanout-tests_inverter_1", "cornername": "Nominal"}
[2024-10-23 17:37:56.378 -0300] [INFO] [cadence.virtuoso.ade.simulationMonitor] - Notice from spectre at time = 431.161 ps during transient analysis `tran'.
    Found trapezoidal ringing on node _vvdd!:p. {"history": "ExplorerRun.0", "point": 1, "testname": "fanout-tests_inverter_1", "cornername": "Nominal"}
[2024-10-23 17:37:56.378 -0300] [INFO] [cadence.virtuoso.ade.simulationMonitor] - Notice from spectre at time = 511.161 ps during transient analysis `tran'.
    Found trapezoidal ringing on node _vvdd!:p. {"history": "ExplorerRun.0", "point": 1, "testname": "fanout-tests_inverter_1", "cornername": "Nominal"}
[2024-10-23 17:37:56.378 -0300] [INFO] [cadence.virtuoso.ade.simulationMonitor] - Notice from spectre at time = 591.161 ps during transient analysis `tran'.
    Found trapezoidal ringing on node _vvdd!:p. {"history": "ExplorerRun.0", "point": 1, "testname": "fanout-tests_inverter_1", "cornername": "Nominal"}
[2024-10-23 17:37:56.378 -0300] [INFO] [cadence.virtuoso.ade.simulationMonitor] - Notice from spectre at time = 671.161 ps during transient analysis `tran'.
    Found trapezoidal ringing on node _vvdd!:p.
        Further occurrences of this notice will be suppressed. {"history": "ExplorerRun.0", "point": 1, "testname": "fanout-tests_inverter_1", "cornername": "Nominal"}
[2024-10-23 17:37:56.378 -0300] [INFO] [cadence.virtuoso.ade.simulationMonitor] - Notice from spectre during transient analysis `tran'.
    Trapezoidal ringing is detected during tran analysis.
        Please use method=trap for better results and performance. {"history": "ExplorerRun.0", "point": 1, "testname": "fanout-tests_inverter_1", "cornername": "Nominal"}
[2024-10-23 17:37:56.378 -0300] [INFO] [cadence.virtuoso.ade.simulationMonitor] - Intrinsic tran analysis time:    CPU = 11.447 ms, elapsed = 13.1359 ms. {"history": "ExplorerRun.0", "point": 1, "testname": "fanout-tests_inverter_1", "cornername": "Nominal"}
[2024-10-23 17:37:56.379 -0300] [INFO] [cadence.virtuoso.ade.simulationMonitor] - Total time required for tran analysis `tran': CPU = 14.664 ms, elapsed = 16.36 ms, util. = 89.6%. {"history": "ExplorerRun.0", "point": 1, "testname": "fanout-tests_inverter_1", "cornername": "Nominal"}
[2024-10-23 17:37:56.379 -0300] [INFO] [cadence.virtuoso.ade.simulationMonitor] - Peak resident memory used = 208 Mbytes. {"history": "ExplorerRun.0", "point": 1, "testname": "fanout-tests_inverter_1", "cornername": "Nominal"}
[2024-10-23 17:37:56.379 -0300] [INFO] [cadence.virtuoso.ade.simulationMonitor] - Notice from spectre.
    48 notices suppressed. {"history": "ExplorerRun.0", "point": 1, "testname": "fanout-tests_inverter_1", "cornername": "Nominal"}
[2024-10-23 17:37:56.379 -0300] [INFO] [cadence.virtuoso.ade.simulationMonitor] - Time used: CPU = 333 ms, elapsed = 1.9 s, util. = 17.6%. {"history": "ExplorerRun.0", "point": 1, "testname": "fanout-tests_inverter_1", "cornername": "Nominal"}
[2024-10-23 17:37:56.379 -0300] [INFO] [cadence.virtuoso.ade.simulationMonitor] - Time spent in licensing: elapsed = 954 ms, percentage of total = 50.3%. {"history": "ExplorerRun.0", "point": 1, "testname": "fanout-tests_inverter_1", "cornername": "Nominal"}
[2024-10-23 17:37:56.379 -0300] [INFO] [cadence.virtuoso.ade.simulationMonitor] - Peak memory used = 209 Mbytes. {"history": "ExplorerRun.0", "point": 1, "testname": "fanout-tests_inverter_1", "cornername": "Nominal"}
[2024-10-23 17:37:56.379 -0300] [PROCESS] [cadence.virtuoso.ade.simulationMonitor] - Simulation started at: 5:37:53 PM, Wed Oct 23, 2024, ended at: 5:37:55 PM, Wed Oct 23, 2024, with elapsed time (wall clock): 1.9 s. {"history": "ExplorerRun.0", "point": 1, "testname": "fanout-tests_inverter_1", "cornername": "Nominal"}
[2024-10-23 17:37:56.379 -0300] [PROCESS] [cadence.virtuoso.ade.simulationMonitor] - spectre completes with 0 errors, 0 warnings, and 13 notices. {"history": "ExplorerRun.0", "point": 1, "testname": "fanout-tests_inverter_1", "cornername": "Nominal"}
[2024-10-23 17:37:56.379 -0300] [PROCESS] [cadence.virtuoso.ade.simulationMonitor] - Finished simulating for one point {"hostname": "cinova05.lesc.ufc.br", "processid": 130937, "history": "ExplorerRun.0", "testname": "fanout-tests_inverter_1", "cornername": "Nominal", "point": 1, "logfile": "/home/cinovador/Documents/course_files/practice_0/logs_cinovador/logs0/Job9.log", "simid": "3", "event": "finish", "category": "simulation"}
[2024-10-23 17:37:56.379 -0300] [PROCESS] [cadence.virtuoso.ade.simulationMonitor] - Simulator exited {"hostname": "cinova05.lesc.ufc.br", "processid": 130937, "history": "ExplorerRun.0", "testname": "fanout-tests_inverter_1", "cornername": "Nominal", "point": 1, "logfile": "/home/cinovador/Documents/course_files/practice_0/logs_cinovador/logs0/Job9.log", "exitStatus": "0"}
[2024-10-23 17:37:56.379 -0300] [PROCESS] [cadence.virtuoso.ade.simulationMonitor] - Finished Simulation {"hostname": "cinova05.lesc.ufc.br", "processid": 130937, "history": "ExplorerRun.0", "testname": "fanout-tests_inverter_1", "cornername": "Nominal", "point": 1, "logfile": "/home/cinovador/Documents/course_files/practice_0/logs_cinovador/logs0/Job9.log", "simid": "3", "event": "finish", "category": "obsolete"}
[2024-10-23 17:37:56.879 -0300] [PROCESS] [cadence.virtuoso.ade.simulationMonitor] - Point Finished {"hostname": "cinova05.lesc.ufc.br", "processid": 130937, "history": "ExplorerRun.0", "testname": "fanout-tests_inverter_1", "cornername": "Nominal", "point": 1, "logfile": "/home/cinovador/Documents/course_files/practice_0/logs_cinovador/logs0/Job9.log", "event": "finish", "category": "sim-eval"}
[2024-10-23 17:37:57.880 -0300] [PROCESS] [cadence.virtuoso.ade.simulationMonitor] - Stay with the runId '4', Linger time '300', currentRunSyn '9', currentTestSyn '10' {"hostname": "cinova05.lesc.ufc.br", "processid": 130937, "history": "ExplorerRun.0", "testname": "fanout-tests_inverter_1", "cornername": "Nominal", "point": 1, "logfile": "/home/cinovador/Documents/course_files/practice_0/logs_cinovador/logs0/Job9.log"}
[2024-10-23 17:40:51.753 -0300] [INFO] [cadence.virtuoso.ade.simulationMonitor] - SimulationMonitor has terminated the vds process '132814', reason: 'Force to stop the expression evalutor process because of new run' {"history": "ExplorerRun.0", "point": 1, "testname": "fanout-tests_inverter_1", "cornername": "Nominal"}
[2024-10-23 17:40:51.754 -0300] [PROCESS] [cadence.virtuoso.ade.simulationMonitor] - HostInfo:
Host name (type):	cinova05.lesc.ufc.br (x86_64)
Operating system:	Linux 4.18.0-553.22.1.el8_10.x86_64 #1 SMP Wed Sep 25 09:20:43 UTC 2024 {"hostname": "cinova05.lesc.ufc.br", "processid": 130937, "history": "ExplorerRun.0", "testname": "fanout-tests_inverter_1", "cornername": "Nominal", "point": 1, "logfile": "/home/cinovador/Documents/course_files/practice_0/logs_cinovador/logs0/Job9.log", "nodename": "cinova05.lesc.ufc.br", "domainname": "(none)", "machine": "x86_64", "sysname": "Linux", "release": "4.18.0-553.22.1.el8_10.x86_64", "version": "#1 SMP Wed Sep 25 09:20:43 UTC 2024"}
[2024-10-23 17:40:51.754 -0300] [PROCESS] [cadence.virtuoso.ade.simulationMonitor] - UsageInfo:
pid=130937
totalPhysicalMemory=30.835907GB,Used=13.588394GB,totalVirtualMemory=46.441372GB,Used=13.588394GB
Cpu: Cores=20, Load average:0.270000,0.320000,0.350000 {"hostname": "cinova05.lesc.ufc.br", "processid": 130937, "history": "ExplorerRun.0", "testname": "fanout-tests_inverter_1", "cornername": "Nominal", "point": 1, "logfile": "/home/cinovador/Documents/course_files/practice_0/logs_cinovador/logs0/Job9.log", "pid": "130937", "totalPhysicalMemory": "30.835907", "physicalMemoryUsed": "13.588394", "totalVirtualMemory": "46.441372", "virtualMemoryUsed": "13.588394", "cpuCores": "20", "processes": "1462", "loadAverage1": "0.270000", "loadAverage5": "0.320000", "loadAverage15": "0.350000", "loadAverage1Percent": "0.013500"}
[2024-10-23 17:40:51.754 -0300] [EVENT] [cadence.virtuoso.ade.simulationMonitor] - NewPoint {"history": "ExplorerRun.0", "point": 1, "testname": "fanout-tests_inverter_1", "cornername": "Nominal", "event": "NewPoint", "EventSource": "Simulation Monitor", "HistoryName": "ExplorerRun.0", "logFile": "/home/cinovador/Documents/course_files/practice_0/logs_cinovador/logs0/Job9.log", "logFileSize": "43320", "category": "simulation"}
[2024-10-23 17:40:51.854 -0300] [EVENT] [cadence.virtuoso.ade.simulationMonitor] - NewPoint {"history": "ExplorerRun.0", "point": 1, "testname": "fanout-tests_inverter_1", "cornername": "Nominal", "event": "NewPoint", "EventSource": "spectre", "HistoryName": "ExplorerRun.0", "logFile": "/home/cinovador/Documents/course_files/practice_0/lab1_part2/fanout-1/fanout-tests/inverter/maestro/results/maestro/ExplorerRun.0/1/fanout-tests_inverter_1/psf/spectre.out", "logFileSize": "-1", "category": "simulation"}
[2024-10-23 17:41:01.491 -0300] [PROCESS] [cadence.virtuoso.ade.simulationMonitor] - Simulator launched {"hostname": "cinova05.lesc.ufc.br", "processid": 130937, "history": "ExplorerRun.0", "testname": "fanout-tests_inverter_1", "cornername": "Nominal", "point": 1, "logfile": "/home/cinovador/Documents/course_files/practice_0/logs_cinovador/logs0/Job9.log", "simid": "4", "event": "launch", "category": "simulation"}
[2024-10-23 17:41:01.492 -0300] [PROCESS] [cadence.virtuoso.ade.simulationMonitor] - Expression evaluator launched {"hostname": "cinova05.lesc.ufc.br", "processid": 130937, "history": "ExplorerRun.0", "testname": "fanout-tests_inverter_1", "cornername": "Nominal", "point": 1, "logfile": "/home/cinovador/Documents/course_files/practice_0/logs_cinovador/logs0/Job9.log"}
[2024-10-23 17:41:01.527 -0300] [PROCESS] [cadence.virtuoso.ade.simulationMonitor] - Started Simulation {"hostname": "cinova05.lesc.ufc.br", "processid": 130937, "history": "ExplorerRun.0", "testname": "fanout-tests_inverter_1", "cornername": "Nominal", "point": 1, "logfile": "/home/cinovador/Documents/course_files/practice_0/logs_cinovador/logs0/Job9.log", "event": "start", "category": "simulation"}
[2024-10-23 17:41:03.528 -0300] [INFO] [cadence.virtuoso.ade.simulationMonitor] - Peak resident memory used = 186 Mbytes. {"history": "ExplorerRun.0", "point": 1, "testname": "fanout-tests_inverter_1", "cornername": "Nominal"}
[2024-10-23 17:41:03.528 -0300] [INFO] [cadence.virtuoso.ade.simulationMonitor] - Peak resident memory used = 199 Mbytes. {"history": "ExplorerRun.0", "point": 1, "testname": "fanout-tests_inverter_1", "cornername": "Nominal"}
[2024-10-23 17:41:03.528 -0300] [INFO] [cadence.virtuoso.ade.simulationMonitor] - Notice from spectre during hierarchy flattening.
    The value 'psf' specified for the 'checklimitdest' option will no longer be supported in future releases. Use 'spectre -h' to see other recommended values for the 'checklimitdest' option. {"history": "ExplorerRun.0", "point": 1, "testname": "fanout-tests_inverter_1", "cornername": "Nominal"}
[2024-10-23 17:41:03.528 -0300] [INFO] [cadence.virtuoso.ade.simulationMonitor] - Peak resident memory used = 199 Mbytes. {"history": "ExplorerRun.0", "point": 1, "testname": "fanout-tests_inverter_1", "cornername": "Nominal"}
[2024-10-23 17:41:03.528 -0300] [INFO] [cadence.virtuoso.ade.simulationMonitor] - Notice from spectre during initial setup.
    Multithreading is disabled due to the size of the design being too small. {"history": "ExplorerRun.0", "point": 1, "testname": "fanout-tests_inverter_1", "cornername": "Nominal"}
[2024-10-23 17:41:03.528 -0300] [INFO] [cadence.virtuoso.ade.simulationMonitor] -               nodes 17 {"history": "ExplorerRun.0", "point": 1, "testname": "fanout-tests_inverter_1", "cornername": "Nominal"}
[2024-10-23 17:41:03.528 -0300] [INFO] [cadence.virtuoso.ade.simulationMonitor] - Notice from spectre during initial setup.
    Protected devices exist and are not included in the circuit inventory.
    APS enabled. {"history": "ExplorerRun.0", "point": 1, "testname": "fanout-tests_inverter_1", "cornername": "Nominal"}
[2024-10-23 17:41:03.528 -0300] [INFO] [cadence.virtuoso.ade.simulationMonitor] - Peak resident memory used = 201 Mbytes. {"history": "ExplorerRun.0", "point": 1, "testname": "fanout-tests_inverter_1", "cornername": "Nominal"}
[2024-10-23 17:41:03.528 -0300] [INFO] [cadence.virtuoso.ade.simulationMonitor] -    -   (APS) Multi-threading. The recommended number of threads is 1, consider adding +mt=1 on command line. {"history": "ExplorerRun.0", "point": 1, "testname": "fanout-tests_inverter_1", "cornername": "Nominal"}
[2024-10-23 17:41:03.528 -0300] [INFO] [cadence.virtuoso.ade.simulationMonitor] - Notice from spectre during transient analysis `tran'.
    Multithreading is disabled due to the size of the design being too small. {"history": "ExplorerRun.0", "point": 1, "testname": "fanout-tests_inverter_1", "cornername": "Nominal"}
[2024-10-23 17:41:04.029 -0300] [INFO] [cadence.virtuoso.ade.simulationMonitor] - Notice from spectre at time = 351.161 ps during transient analysis `tran'.
    Found trapezoidal ringing on node _vvdd!:p. {"history": "ExplorerRun.0", "point": 1, "testname": "fanout-tests_inverter_1", "cornername": "Nominal"}
[2024-10-23 17:41:04.029 -0300] [INFO] [cadence.virtuoso.ade.simulationMonitor] - Notice from spectre at time = 431.161 ps during transient analysis `tran'.
    Found trapezoidal ringing on node _vvdd!:p. {"history": "ExplorerRun.0", "point": 1, "testname": "fanout-tests_inverter_1", "cornername": "Nominal"}
[2024-10-23 17:41:04.029 -0300] [INFO] [cadence.virtuoso.ade.simulationMonitor] - Notice from spectre at time = 511.161 ps during transient analysis `tran'.
    Found trapezoidal ringing on node _vvdd!:p. {"history": "ExplorerRun.0", "point": 1, "testname": "fanout-tests_inverter_1", "cornername": "Nominal"}
[2024-10-23 17:41:04.029 -0300] [INFO] [cadence.virtuoso.ade.simulationMonitor] - Notice from spectre at time = 591.161 ps during transient analysis `tran'.
    Found trapezoidal ringing on node _vvdd!:p. {"history": "ExplorerRun.0", "point": 1, "testname": "fanout-tests_inverter_1", "cornername": "Nominal"}
[2024-10-23 17:41:04.029 -0300] [INFO] [cadence.virtuoso.ade.simulationMonitor] - Notice from spectre at time = 671.161 ps during transient analysis `tran'.
    Found trapezoidal ringing on node _vvdd!:p.
        Further occurrences of this notice will be suppressed. {"history": "ExplorerRun.0", "point": 1, "testname": "fanout-tests_inverter_1", "cornername": "Nominal"}
[2024-10-23 17:41:04.029 -0300] [INFO] [cadence.virtuoso.ade.simulationMonitor] - Notice from spectre during transient analysis `tran'.
    Trapezoidal ringing is detected during tran analysis.
        Please use method=trap for better results and performance. {"history": "ExplorerRun.0", "point": 1, "testname": "fanout-tests_inverter_1", "cornername": "Nominal"}
[2024-10-23 17:41:04.029 -0300] [INFO] [cadence.virtuoso.ade.simulationMonitor] - Intrinsic tran analysis time:    CPU = 11.457 ms, elapsed = 12.949 ms. {"history": "ExplorerRun.0", "point": 1, "testname": "fanout-tests_inverter_1", "cornername": "Nominal"}
[2024-10-23 17:41:04.029 -0300] [INFO] [cadence.virtuoso.ade.simulationMonitor] - Total time required for tran analysis `tran': CPU = 14.639 ms, elapsed = 16.139 ms, util. = 90.7%. {"history": "ExplorerRun.0", "point": 1, "testname": "fanout-tests_inverter_1", "cornername": "Nominal"}
[2024-10-23 17:41:04.029 -0300] [INFO] [cadence.virtuoso.ade.simulationMonitor] - Peak resident memory used = 210 Mbytes. {"history": "ExplorerRun.0", "point": 1, "testname": "fanout-tests_inverter_1", "cornername": "Nominal"}
[2024-10-23 17:41:04.029 -0300] [INFO] [cadence.virtuoso.ade.simulationMonitor] - Notice from spectre.
    48 notices suppressed. {"history": "ExplorerRun.0", "point": 1, "testname": "fanout-tests_inverter_1", "cornername": "Nominal"}
[2024-10-23 17:41:04.029 -0300] [INFO] [cadence.virtuoso.ade.simulationMonitor] - Time used: CPU = 334 ms, elapsed = 1.89 s, util. = 17.6%. {"history": "ExplorerRun.0", "point": 1, "testname": "fanout-tests_inverter_1", "cornername": "Nominal"}
[2024-10-23 17:41:04.029 -0300] [INFO] [cadence.virtuoso.ade.simulationMonitor] - Time spent in licensing: elapsed = 954 ms, percentage of total = 50.4%. {"history": "ExplorerRun.0", "point": 1, "testname": "fanout-tests_inverter_1", "cornername": "Nominal"}
[2024-10-23 17:41:04.029 -0300] [INFO] [cadence.virtuoso.ade.simulationMonitor] - Peak memory used = 211 Mbytes. {"history": "ExplorerRun.0", "point": 1, "testname": "fanout-tests_inverter_1", "cornername": "Nominal"}
[2024-10-23 17:41:04.029 -0300] [PROCESS] [cadence.virtuoso.ade.simulationMonitor] - Simulation started at: 5:41:01 PM, Wed Oct 23, 2024, ended at: 5:41:03 PM, Wed Oct 23, 2024, with elapsed time (wall clock): 1.89 s. {"history": "ExplorerRun.0", "point": 1, "testname": "fanout-tests_inverter_1", "cornername": "Nominal"}
[2024-10-23 17:41:04.029 -0300] [PROCESS] [cadence.virtuoso.ade.simulationMonitor] - spectre completes with 0 errors, 0 warnings, and 13 notices. {"history": "ExplorerRun.0", "point": 1, "testname": "fanout-tests_inverter_1", "cornername": "Nominal"}
[2024-10-23 17:41:04.029 -0300] [PROCESS] [cadence.virtuoso.ade.simulationMonitor] - Finished simulating for one point {"hostname": "cinova05.lesc.ufc.br", "processid": 130937, "history": "ExplorerRun.0", "testname": "fanout-tests_inverter_1", "cornername": "Nominal", "point": 1, "logfile": "/home/cinovador/Documents/course_files/practice_0/logs_cinovador/logs0/Job9.log", "simid": "4", "event": "finish", "category": "simulation"}
[2024-10-23 17:41:04.029 -0300] [PROCESS] [cadence.virtuoso.ade.simulationMonitor] - Simulator exited {"hostname": "cinova05.lesc.ufc.br", "processid": 130937, "history": "ExplorerRun.0", "testname": "fanout-tests_inverter_1", "cornername": "Nominal", "point": 1, "logfile": "/home/cinovador/Documents/course_files/practice_0/logs_cinovador/logs0/Job9.log", "exitStatus": "0"}
[2024-10-23 17:41:04.029 -0300] [PROCESS] [cadence.virtuoso.ade.simulationMonitor] - Finished Simulation {"hostname": "cinova05.lesc.ufc.br", "processid": 130937, "history": "ExplorerRun.0", "testname": "fanout-tests_inverter_1", "cornername": "Nominal", "point": 1, "logfile": "/home/cinovador/Documents/course_files/practice_0/logs_cinovador/logs0/Job9.log", "simid": "4", "event": "finish", "category": "obsolete"}
[2024-10-23 17:41:04.530 -0300] [PROCESS] [cadence.virtuoso.ade.simulationMonitor] - Point Finished {"hostname": "cinova05.lesc.ufc.br", "processid": 130937, "history": "ExplorerRun.0", "testname": "fanout-tests_inverter_1", "cornername": "Nominal", "point": 1, "logfile": "/home/cinovador/Documents/course_files/practice_0/logs_cinovador/logs0/Job9.log", "event": "finish", "category": "sim-eval"}
[2024-10-23 17:44:28.171 -0300] [INFO] [cadence.virtuoso.ade.simulationMonitor] - SimulationMonitor has terminated the vds process '133976', reason: 'Force to stop the expression evalutor process because of new run' {"history": "ExplorerRun.0", "point": 1, "testname": "fanout-tests_inverter_1", "cornername": "Nominal"}
[2024-10-23 17:44:28.171 -0300] [PROCESS] [cadence.virtuoso.ade.simulationMonitor] - HostInfo:
Host name (type):	cinova05.lesc.ufc.br (x86_64)
Operating system:	Linux 4.18.0-553.22.1.el8_10.x86_64 #1 SMP Wed Sep 25 09:20:43 UTC 2024 {"hostname": "cinova05.lesc.ufc.br", "processid": 130937, "history": "ExplorerRun.0", "testname": "fanout-tests_inverter_1", "cornername": "Nominal", "point": 1, "logfile": "/home/cinovador/Documents/course_files/practice_0/logs_cinovador/logs0/Job9.log", "nodename": "cinova05.lesc.ufc.br", "domainname": "(none)", "machine": "x86_64", "sysname": "Linux", "release": "4.18.0-553.22.1.el8_10.x86_64", "version": "#1 SMP Wed Sep 25 09:20:43 UTC 2024"}
[2024-10-23 17:44:28.171 -0300] [PROCESS] [cadence.virtuoso.ade.simulationMonitor] - UsageInfo:
pid=130937
totalPhysicalMemory=30.835907GB,Used=13.813282GB,totalVirtualMemory=46.441372GB,Used=13.813282GB
Cpu: Cores=20, Load average:0.340000,0.290000,0.330000 {"hostname": "cinova05.lesc.ufc.br", "processid": 130937, "history": "ExplorerRun.0", "testname": "fanout-tests_inverter_1", "cornername": "Nominal", "point": 1, "logfile": "/home/cinovador/Documents/course_files/practice_0/logs_cinovador/logs0/Job9.log", "pid": "130937", "totalPhysicalMemory": "30.835907", "physicalMemoryUsed": "13.813282", "totalVirtualMemory": "46.441372", "virtualMemoryUsed": "13.813282", "cpuCores": "20", "processes": "1501", "loadAverage1": "0.340000", "loadAverage5": "0.290000", "loadAverage15": "0.330000", "loadAverage1Percent": "0.017000"}
[2024-10-23 17:44:28.171 -0300] [EVENT] [cadence.virtuoso.ade.simulationMonitor] - NewPoint {"history": "ExplorerRun.0", "point": 1, "testname": "fanout-tests_inverter_1", "cornername": "Nominal", "event": "NewPoint", "EventSource": "Simulation Monitor", "HistoryName": "ExplorerRun.0", "logFile": "/home/cinovador/Documents/course_files/practice_0/logs_cinovador/logs0/Job9.log", "logFileSize": "55988", "category": "simulation"}
[2024-10-23 17:44:28.272 -0300] [EVENT] [cadence.virtuoso.ade.simulationMonitor] - NewPoint {"history": "ExplorerRun.0", "point": 1, "testname": "fanout-tests_inverter_1", "cornername": "Nominal", "event": "NewPoint", "EventSource": "spectre", "HistoryName": "ExplorerRun.0", "logFile": "/home/cinovador/Documents/course_files/practice_0/lab1_part2/fanout-1/fanout-tests/inverter/maestro/results/maestro/ExplorerRun.0/1/fanout-tests_inverter_1/psf/spectre.out", "logFileSize": "-1", "category": "simulation"}
[2024-10-23 17:44:28.908 -0300] [PROCESS] [cadence.virtuoso.ade.simulationMonitor] - Simulator launched {"hostname": "cinova05.lesc.ufc.br", "processid": 130937, "history": "ExplorerRun.0", "testname": "fanout-tests_inverter_1", "cornername": "Nominal", "point": 1, "logfile": "/home/cinovador/Documents/course_files/practice_0/logs_cinovador/logs0/Job9.log", "simid": "5", "event": "launch", "category": "simulation"}
[2024-10-23 17:44:28.909 -0300] [PROCESS] [cadence.virtuoso.ade.simulationMonitor] - Expression evaluator launched {"hostname": "cinova05.lesc.ufc.br", "processid": 130937, "history": "ExplorerRun.0", "testname": "fanout-tests_inverter_1", "cornername": "Nominal", "point": 1, "logfile": "/home/cinovador/Documents/course_files/practice_0/logs_cinovador/logs0/Job9.log"}
[2024-10-23 17:44:28.943 -0300] [PROCESS] [cadence.virtuoso.ade.simulationMonitor] - Started Simulation {"hostname": "cinova05.lesc.ufc.br", "processid": 130937, "history": "ExplorerRun.0", "testname": "fanout-tests_inverter_1", "cornername": "Nominal", "point": 1, "logfile": "/home/cinovador/Documents/course_files/practice_0/logs_cinovador/logs0/Job9.log", "event": "start", "category": "simulation"}
[2024-10-23 17:44:30.944 -0300] [INFO] [cadence.virtuoso.ade.simulationMonitor] - Peak resident memory used = 189 Mbytes. {"history": "ExplorerRun.0", "point": 1, "testname": "fanout-tests_inverter_1", "cornername": "Nominal"}
[2024-10-23 17:44:30.944 -0300] [INFO] [cadence.virtuoso.ade.simulationMonitor] - Peak resident memory used = 201 Mbytes. {"history": "ExplorerRun.0", "point": 1, "testname": "fanout-tests_inverter_1", "cornername": "Nominal"}
[2024-10-23 17:44:30.944 -0300] [INFO] [cadence.virtuoso.ade.simulationMonitor] - Notice from spectre during hierarchy flattening.
    The value 'psf' specified for the 'checklimitdest' option will no longer be supported in future releases. Use 'spectre -h' to see other recommended values for the 'checklimitdest' option. {"history": "ExplorerRun.0", "point": 1, "testname": "fanout-tests_inverter_1", "cornername": "Nominal"}
[2024-10-23 17:44:30.944 -0300] [INFO] [cadence.virtuoso.ade.simulationMonitor] - Peak resident memory used = 202 Mbytes. {"history": "ExplorerRun.0", "point": 1, "testname": "fanout-tests_inverter_1", "cornername": "Nominal"}
[2024-10-23 17:44:30.944 -0300] [INFO] [cadence.virtuoso.ade.simulationMonitor] - Notice from spectre during initial setup.
    Multithreading is disabled due to the size of the design being too small. {"history": "ExplorerRun.0", "point": 1, "testname": "fanout-tests_inverter_1", "cornername": "Nominal"}
[2024-10-23 17:44:30.944 -0300] [INFO] [cadence.virtuoso.ade.simulationMonitor] -               nodes 17 {"history": "ExplorerRun.0", "point": 1, "testname": "fanout-tests_inverter_1", "cornername": "Nominal"}
[2024-10-23 17:44:30.944 -0300] [INFO] [cadence.virtuoso.ade.simulationMonitor] - Notice from spectre during initial setup.
    Protected devices exist and are not included in the circuit inventory.
    APS enabled. {"history": "ExplorerRun.0", "point": 1, "testname": "fanout-tests_inverter_1", "cornername": "Nominal"}
[2024-10-23 17:44:30.944 -0300] [INFO] [cadence.virtuoso.ade.simulationMonitor] - Peak resident memory used = 205 Mbytes. {"history": "ExplorerRun.0", "point": 1, "testname": "fanout-tests_inverter_1", "cornername": "Nominal"}
[2024-10-23 17:44:30.944 -0300] [INFO] [cadence.virtuoso.ade.simulationMonitor] -    -   (APS) Multi-threading. The recommended number of threads is 1, consider adding +mt=1 on command line. {"history": "ExplorerRun.0", "point": 1, "testname": "fanout-tests_inverter_1", "cornername": "Nominal"}
[2024-10-23 17:44:30.944 -0300] [INFO] [cadence.virtuoso.ade.simulationMonitor] - Notice from spectre during transient analysis `tran'.
    Multithreading is disabled due to the size of the design being too small. {"history": "ExplorerRun.0", "point": 1, "testname": "fanout-tests_inverter_1", "cornername": "Nominal"}
[2024-10-23 17:44:31.445 -0300] [INFO] [cadence.virtuoso.ade.simulationMonitor] - Notice from spectre at time = 351.161 ps during transient analysis `tran'.
    Found trapezoidal ringing on node _vvdd!:p. {"history": "ExplorerRun.0", "point": 1, "testname": "fanout-tests_inverter_1", "cornername": "Nominal"}
[2024-10-23 17:44:31.445 -0300] [INFO] [cadence.virtuoso.ade.simulationMonitor] - Notice from spectre at time = 431.161 ps during transient analysis `tran'.
    Found trapezoidal ringing on node _vvdd!:p. {"history": "ExplorerRun.0", "point": 1, "testname": "fanout-tests_inverter_1", "cornername": "Nominal"}
[2024-10-23 17:44:31.445 -0300] [INFO] [cadence.virtuoso.ade.simulationMonitor] - Notice from spectre at time = 511.161 ps during transient analysis `tran'.
    Found trapezoidal ringing on node _vvdd!:p. {"history": "ExplorerRun.0", "point": 1, "testname": "fanout-tests_inverter_1", "cornername": "Nominal"}
[2024-10-23 17:44:31.445 -0300] [INFO] [cadence.virtuoso.ade.simulationMonitor] - Notice from spectre at time = 591.161 ps during transient analysis `tran'.
    Found trapezoidal ringing on node _vvdd!:p. {"history": "ExplorerRun.0", "point": 1, "testname": "fanout-tests_inverter_1", "cornername": "Nominal"}
[2024-10-23 17:44:31.445 -0300] [INFO] [cadence.virtuoso.ade.simulationMonitor] - Notice from spectre at time = 671.161 ps during transient analysis `tran'.
    Found trapezoidal ringing on node _vvdd!:p.
        Further occurrences of this notice will be suppressed. {"history": "ExplorerRun.0", "point": 1, "testname": "fanout-tests_inverter_1", "cornername": "Nominal"}
[2024-10-23 17:44:31.445 -0300] [INFO] [cadence.virtuoso.ade.simulationMonitor] - Notice from spectre during transient analysis `tran'.
    Trapezoidal ringing is detected during tran analysis.
        Please use method=trap for better results and performance. {"history": "ExplorerRun.0", "point": 1, "testname": "fanout-tests_inverter_1", "cornername": "Nominal"}
[2024-10-23 17:44:31.445 -0300] [INFO] [cadence.virtuoso.ade.simulationMonitor] - Intrinsic tran analysis time:    CPU = 11.666 ms, elapsed = 12.8119 ms. {"history": "ExplorerRun.0", "point": 1, "testname": "fanout-tests_inverter_1", "cornername": "Nominal"}
[2024-10-23 17:44:31.445 -0300] [INFO] [cadence.virtuoso.ade.simulationMonitor] - Total time required for tran analysis `tran': CPU = 14.888 ms, elapsed = 16.0358 ms, util. = 92.8%. {"history": "ExplorerRun.0", "point": 1, "testname": "fanout-tests_inverter_1", "cornername": "Nominal"}
[2024-10-23 17:44:31.445 -0300] [INFO] [cadence.virtuoso.ade.simulationMonitor] - Peak resident memory used = 213 Mbytes. {"history": "ExplorerRun.0", "point": 1, "testname": "fanout-tests_inverter_1", "cornername": "Nominal"}
[2024-10-23 17:44:31.445 -0300] [INFO] [cadence.virtuoso.ade.simulationMonitor] - Notice from spectre.
    48 notices suppressed. {"history": "ExplorerRun.0", "point": 1, "testname": "fanout-tests_inverter_1", "cornername": "Nominal"}
[2024-10-23 17:44:31.445 -0300] [INFO] [cadence.virtuoso.ade.simulationMonitor] - Time used: CPU = 333 ms, elapsed = 1.89 s, util. = 17.6%. {"history": "ExplorerRun.0", "point": 1, "testname": "fanout-tests_inverter_1", "cornername": "Nominal"}
[2024-10-23 17:44:31.445 -0300] [INFO] [cadence.virtuoso.ade.simulationMonitor] - Time spent in licensing: elapsed = 955 ms, percentage of total = 50.4%. {"history": "ExplorerRun.0", "point": 1, "testname": "fanout-tests_inverter_1", "cornername": "Nominal"}
[2024-10-23 17:44:31.445 -0300] [INFO] [cadence.virtuoso.ade.simulationMonitor] - Peak memory used = 214 Mbytes. {"history": "ExplorerRun.0", "point": 1, "testname": "fanout-tests_inverter_1", "cornername": "Nominal"}
[2024-10-23 17:44:31.445 -0300] [PROCESS] [cadence.virtuoso.ade.simulationMonitor] - Simulation started at: 5:44:29 PM, Wed Oct 23, 2024, ended at: 5:44:30 PM, Wed Oct 23, 2024, with elapsed time (wall clock): 1.89 s. {"history": "ExplorerRun.0", "point": 1, "testname": "fanout-tests_inverter_1", "cornername": "Nominal"}
[2024-10-23 17:44:31.445 -0300] [PROCESS] [cadence.virtuoso.ade.simulationMonitor] - spectre completes with 0 errors, 0 warnings, and 13 notices. {"history": "ExplorerRun.0", "point": 1, "testname": "fanout-tests_inverter_1", "cornername": "Nominal"}
[2024-10-23 17:44:31.445 -0300] [PROCESS] [cadence.virtuoso.ade.simulationMonitor] - Finished simulating for one point {"hostname": "cinova05.lesc.ufc.br", "processid": 130937, "history": "ExplorerRun.0", "testname": "fanout-tests_inverter_1", "cornername": "Nominal", "point": 1, "logfile": "/home/cinovador/Documents/course_files/practice_0/logs_cinovador/logs0/Job9.log", "simid": "5", "event": "finish", "category": "simulation"}
[2024-10-23 17:44:31.445 -0300] [PROCESS] [cadence.virtuoso.ade.simulationMonitor] - Simulator exited {"hostname": "cinova05.lesc.ufc.br", "processid": 130937, "history": "ExplorerRun.0", "testname": "fanout-tests_inverter_1", "cornername": "Nominal", "point": 1, "logfile": "/home/cinovador/Documents/course_files/practice_0/logs_cinovador/logs0/Job9.log", "exitStatus": "0"}
[2024-10-23 17:44:31.445 -0300] [PROCESS] [cadence.virtuoso.ade.simulationMonitor] - Finished Simulation {"hostname": "cinova05.lesc.ufc.br", "processid": 130937, "history": "ExplorerRun.0", "testname": "fanout-tests_inverter_1", "cornername": "Nominal", "point": 1, "logfile": "/home/cinovador/Documents/course_files/practice_0/logs_cinovador/logs0/Job9.log", "simid": "5", "event": "finish", "category": "obsolete"}
[2024-10-23 17:44:31.946 -0300] [PROCESS] [cadence.virtuoso.ade.simulationMonitor] - Point Finished {"hostname": "cinova05.lesc.ufc.br", "processid": 130937, "history": "ExplorerRun.0", "testname": "fanout-tests_inverter_1", "cornername": "Nominal", "point": 1, "logfile": "/home/cinovador/Documents/course_files/practice_0/logs_cinovador/logs0/Job9.log", "event": "finish", "category": "sim-eval"}
[2024-10-23 17:44:32.947 -0300] [PROCESS] [cadence.virtuoso.ade.simulationMonitor] - Stay with the runId '6', Linger time '300', currentRunSyn '13', currentTestSyn '14' {"hostname": "cinova05.lesc.ufc.br", "processid": 130937, "history": "ExplorerRun.0", "testname": "fanout-tests_inverter_1", "cornername": "Nominal", "point": 1, "logfile": "/home/cinovador/Documents/course_files/practice_0/logs_cinovador/logs0/Job9.log"}
[2024-10-23 17:46:00.726 -0300] [INFO] [cadence.virtuoso.ade.simulationMonitor] - SimulationMonitor has terminated the vds process '135260', reason: 'Force to stop the expression evalutor process because of new run' {"history": "ExplorerRun.0", "point": 1, "testname": "fanout-tests_inverter_1", "cornername": "Nominal"}
[2024-10-23 17:46:00.726 -0300] [PROCESS] [cadence.virtuoso.ade.simulationMonitor] - HostInfo:
Host name (type):	cinova05.lesc.ufc.br (x86_64)
Operating system:	Linux 4.18.0-553.22.1.el8_10.x86_64 #1 SMP Wed Sep 25 09:20:43 UTC 2024 {"hostname": "cinova05.lesc.ufc.br", "processid": 130937, "history": "ExplorerRun.0", "testname": "fanout-tests_inverter_1", "cornername": "Nominal", "point": 1, "logfile": "/home/cinovador/Documents/course_files/practice_0/logs_cinovador/logs0/Job9.log", "nodename": "cinova05.lesc.ufc.br", "domainname": "(none)", "machine": "x86_64", "sysname": "Linux", "release": "4.18.0-553.22.1.el8_10.x86_64", "version": "#1 SMP Wed Sep 25 09:20:43 UTC 2024"}
[2024-10-23 17:46:00.726 -0300] [PROCESS] [cadence.virtuoso.ade.simulationMonitor] - UsageInfo:
pid=130937
totalPhysicalMemory=30.835907GB,Used=13.846684GB,totalVirtualMemory=46.441372GB,Used=13.846684GB
Cpu: Cores=20, Load average:0.230000,0.270000,0.320000 {"hostname": "cinova05.lesc.ufc.br", "processid": 130937, "history": "ExplorerRun.0", "testname": "fanout-tests_inverter_1", "cornername": "Nominal", "point": 1, "logfile": "/home/cinovador/Documents/course_files/practice_0/logs_cinovador/logs0/Job9.log", "pid": "130937", "totalPhysicalMemory": "30.835907", "physicalMemoryUsed": "13.846684", "totalVirtualMemory": "46.441372", "virtualMemoryUsed": "13.846684", "cpuCores": "20", "processes": "1459", "loadAverage1": "0.230000", "loadAverage5": "0.270000", "loadAverage15": "0.320000", "loadAverage1Percent": "0.011500"}
[2024-10-23 17:46:00.726 -0300] [EVENT] [cadence.virtuoso.ade.simulationMonitor] - NewPoint {"history": "ExplorerRun.0", "point": 1, "testname": "fanout-tests_inverter_1", "cornername": "Nominal", "event": "NewPoint", "EventSource": "Simulation Monitor", "HistoryName": "ExplorerRun.0", "logFile": "/home/cinovador/Documents/course_files/practice_0/logs_cinovador/logs0/Job9.log", "logFileSize": "69083", "category": "simulation"}
[2024-10-23 17:46:00.827 -0300] [EVENT] [cadence.virtuoso.ade.simulationMonitor] - NewPoint {"history": "ExplorerRun.0", "point": 1, "testname": "fanout-tests_inverter_1", "cornername": "Nominal", "event": "NewPoint", "EventSource": "spectre", "HistoryName": "ExplorerRun.0", "logFile": "/home/cinovador/Documents/course_files/practice_0/lab1_part2/fanout-1/fanout-tests/inverter/maestro/results/maestro/ExplorerRun.0/1/fanout-tests_inverter_1/psf/spectre.out", "logFileSize": "-1", "category": "simulation"}
[2024-10-23 17:46:12.043 -0300] [PROCESS] [cadence.virtuoso.ade.simulationMonitor] - Simulator launched {"hostname": "cinova05.lesc.ufc.br", "processid": 130937, "history": "ExplorerRun.0", "testname": "fanout-tests_inverter_1", "cornername": "Nominal", "point": 1, "logfile": "/home/cinovador/Documents/course_files/practice_0/logs_cinovador/logs0/Job9.log", "simid": "6", "event": "launch", "category": "simulation"}
[2024-10-23 17:46:12.044 -0300] [PROCESS] [cadence.virtuoso.ade.simulationMonitor] - Expression evaluator launched {"hostname": "cinova05.lesc.ufc.br", "processid": 130937, "history": "ExplorerRun.0", "testname": "fanout-tests_inverter_1", "cornername": "Nominal", "point": 1, "logfile": "/home/cinovador/Documents/course_files/practice_0/logs_cinovador/logs0/Job9.log"}
[2024-10-23 17:46:12.079 -0300] [PROCESS] [cadence.virtuoso.ade.simulationMonitor] - Started Simulation {"hostname": "cinova05.lesc.ufc.br", "processid": 130937, "history": "ExplorerRun.0", "testname": "fanout-tests_inverter_1", "cornername": "Nominal", "point": 1, "logfile": "/home/cinovador/Documents/course_files/practice_0/logs_cinovador/logs0/Job9.log", "event": "start", "category": "simulation"}
[2024-10-23 17:46:14.080 -0300] [INFO] [cadence.virtuoso.ade.simulationMonitor] - Peak resident memory used = 188 Mbytes. {"history": "ExplorerRun.0", "point": 1, "testname": "fanout-tests_inverter_1", "cornername": "Nominal"}
[2024-10-23 17:46:14.080 -0300] [INFO] [cadence.virtuoso.ade.simulationMonitor] - Peak resident memory used = 202 Mbytes. {"history": "ExplorerRun.0", "point": 1, "testname": "fanout-tests_inverter_1", "cornername": "Nominal"}
[2024-10-23 17:46:14.080 -0300] [INFO] [cadence.virtuoso.ade.simulationMonitor] - Notice from spectre during hierarchy flattening.
    The value 'psf' specified for the 'checklimitdest' option will no longer be supported in future releases. Use 'spectre -h' to see other recommended values for the 'checklimitdest' option. {"history": "ExplorerRun.0", "point": 1, "testname": "fanout-tests_inverter_1", "cornername": "Nominal"}
[2024-10-23 17:46:14.080 -0300] [INFO] [cadence.virtuoso.ade.simulationMonitor] - Peak resident memory used = 202 Mbytes. {"history": "ExplorerRun.0", "point": 1, "testname": "fanout-tests_inverter_1", "cornername": "Nominal"}
[2024-10-23 17:46:14.080 -0300] [INFO] [cadence.virtuoso.ade.simulationMonitor] - Notice from spectre during initial setup.
    Multithreading is disabled due to the size of the design being too small. {"history": "ExplorerRun.0", "point": 1, "testname": "fanout-tests_inverter_1", "cornername": "Nominal"}
[2024-10-23 17:46:14.080 -0300] [INFO] [cadence.virtuoso.ade.simulationMonitor] -               nodes 17 {"history": "ExplorerRun.0", "point": 1, "testname": "fanout-tests_inverter_1", "cornername": "Nominal"}
[2024-10-23 17:46:14.080 -0300] [INFO] [cadence.virtuoso.ade.simulationMonitor] - Notice from spectre during initial setup.
    Protected devices exist and are not included in the circuit inventory.
    APS enabled. {"history": "ExplorerRun.0", "point": 1, "testname": "fanout-tests_inverter_1", "cornername": "Nominal"}
[2024-10-23 17:46:14.080 -0300] [INFO] [cadence.virtuoso.ade.simulationMonitor] - Peak resident memory used = 204 Mbytes. {"history": "ExplorerRun.0", "point": 1, "testname": "fanout-tests_inverter_1", "cornername": "Nominal"}
[2024-10-23 17:46:14.080 -0300] [INFO] [cadence.virtuoso.ade.simulationMonitor] -    -   (APS) Multi-threading. The recommended number of threads is 1, consider adding +mt=1 on command line. {"history": "ExplorerRun.0", "point": 1, "testname": "fanout-tests_inverter_1", "cornername": "Nominal"}
[2024-10-23 17:46:14.080 -0300] [INFO] [cadence.virtuoso.ade.simulationMonitor] - Notice from spectre during transient analysis `tran'.
    Multithreading is disabled due to the size of the design being too small. {"history": "ExplorerRun.0", "point": 1, "testname": "fanout-tests_inverter_1", "cornername": "Nominal"}
[2024-10-23 17:46:14.580 -0300] [INFO] [cadence.virtuoso.ade.simulationMonitor] - Notice from spectre at time = 351.161 ps during transient analysis `tran'.
    Found trapezoidal ringing on node _vvdd!:p. {"history": "ExplorerRun.0", "point": 1, "testname": "fanout-tests_inverter_1", "cornername": "Nominal"}
[2024-10-23 17:46:14.581 -0300] [INFO] [cadence.virtuoso.ade.simulationMonitor] - Notice from spectre at time = 431.161 ps during transient analysis `tran'.
    Found trapezoidal ringing on node _vvdd!:p. {"history": "ExplorerRun.0", "point": 1, "testname": "fanout-tests_inverter_1", "cornername": "Nominal"}
[2024-10-23 17:46:14.581 -0300] [INFO] [cadence.virtuoso.ade.simulationMonitor] - Notice from spectre at time = 511.161 ps during transient analysis `tran'.
    Found trapezoidal ringing on node _vvdd!:p. {"history": "ExplorerRun.0", "point": 1, "testname": "fanout-tests_inverter_1", "cornername": "Nominal"}
[2024-10-23 17:46:14.581 -0300] [INFO] [cadence.virtuoso.ade.simulationMonitor] - Notice from spectre at time = 591.161 ps during transient analysis `tran'.
    Found trapezoidal ringing on node _vvdd!:p. {"history": "ExplorerRun.0", "point": 1, "testname": "fanout-tests_inverter_1", "cornername": "Nominal"}
[2024-10-23 17:46:14.581 -0300] [INFO] [cadence.virtuoso.ade.simulationMonitor] - Notice from spectre at time = 671.161 ps during transient analysis `tran'.
    Found trapezoidal ringing on node _vvdd!:p.
        Further occurrences of this notice will be suppressed. {"history": "ExplorerRun.0", "point": 1, "testname": "fanout-tests_inverter_1", "cornername": "Nominal"}
[2024-10-23 17:46:14.581 -0300] [INFO] [cadence.virtuoso.ade.simulationMonitor] - Notice from spectre during transient analysis `tran'.
    Trapezoidal ringing is detected during tran analysis.
        Please use method=trap for better results and performance. {"history": "ExplorerRun.0", "point": 1, "testname": "fanout-tests_inverter_1", "cornername": "Nominal"}
[2024-10-23 17:46:14.581 -0300] [INFO] [cadence.virtuoso.ade.simulationMonitor] - Intrinsic tran analysis time:    CPU = 11.812 ms, elapsed = 13.1631 ms. {"history": "ExplorerRun.0", "point": 1, "testname": "fanout-tests_inverter_1", "cornername": "Nominal"}
[2024-10-23 17:46:14.581 -0300] [INFO] [cadence.virtuoso.ade.simulationMonitor] - Total time required for tran analysis `tran': CPU = 15.168 ms, elapsed = 16.5269 ms, util. = 91.8%. {"history": "ExplorerRun.0", "point": 1, "testname": "fanout-tests_inverter_1", "cornername": "Nominal"}
[2024-10-23 17:46:14.581 -0300] [INFO] [cadence.virtuoso.ade.simulationMonitor] - Peak resident memory used = 213 Mbytes. {"history": "ExplorerRun.0", "point": 1, "testname": "fanout-tests_inverter_1", "cornername": "Nominal"}
[2024-10-23 17:46:14.581 -0300] [INFO] [cadence.virtuoso.ade.simulationMonitor] - Notice from spectre.
    48 notices suppressed. {"history": "ExplorerRun.0", "point": 1, "testname": "fanout-tests_inverter_1", "cornername": "Nominal"}
[2024-10-23 17:46:14.581 -0300] [INFO] [cadence.virtuoso.ade.simulationMonitor] - Time used: CPU = 335 ms, elapsed = 1.91 s, util. = 17.5%. {"history": "ExplorerRun.0", "point": 1, "testname": "fanout-tests_inverter_1", "cornername": "Nominal"}
[2024-10-23 17:46:14.581 -0300] [INFO] [cadence.virtuoso.ade.simulationMonitor] - Time spent in licensing: elapsed = 953 ms, percentage of total = 49.8%. {"history": "ExplorerRun.0", "point": 1, "testname": "fanout-tests_inverter_1", "cornername": "Nominal"}
[2024-10-23 17:46:14.581 -0300] [INFO] [cadence.virtuoso.ade.simulationMonitor] - Peak memory used = 214 Mbytes. {"history": "ExplorerRun.0", "point": 1, "testname": "fanout-tests_inverter_1", "cornername": "Nominal"}
[2024-10-23 17:46:14.581 -0300] [PROCESS] [cadence.virtuoso.ade.simulationMonitor] - Simulation started at: 5:46:12 PM, Wed Oct 23, 2024, ended at: 5:46:14 PM, Wed Oct 23, 2024, with elapsed time (wall clock): 1.91 s. {"history": "ExplorerRun.0", "point": 1, "testname": "fanout-tests_inverter_1", "cornername": "Nominal"}
[2024-10-23 17:46:14.581 -0300] [PROCESS] [cadence.virtuoso.ade.simulationMonitor] - spectre completes with 0 errors, 0 warnings, and 13 notices. {"history": "ExplorerRun.0", "point": 1, "testname": "fanout-tests_inverter_1", "cornername": "Nominal"}
[2024-10-23 17:46:14.581 -0300] [PROCESS] [cadence.virtuoso.ade.simulationMonitor] - Finished simulating for one point {"hostname": "cinova05.lesc.ufc.br", "processid": 130937, "history": "ExplorerRun.0", "testname": "fanout-tests_inverter_1", "cornername": "Nominal", "point": 1, "logfile": "/home/cinovador/Documents/course_files/practice_0/logs_cinovador/logs0/Job9.log", "simid": "6", "event": "finish", "category": "simulation"}
[2024-10-23 17:46:14.581 -0300] [PROCESS] [cadence.virtuoso.ade.simulationMonitor] - Simulator exited {"hostname": "cinova05.lesc.ufc.br", "processid": 130937, "history": "ExplorerRun.0", "testname": "fanout-tests_inverter_1", "cornername": "Nominal", "point": 1, "logfile": "/home/cinovador/Documents/course_files/practice_0/logs_cinovador/logs0/Job9.log", "exitStatus": "0"}
[2024-10-23 17:46:14.581 -0300] [PROCESS] [cadence.virtuoso.ade.simulationMonitor] - Finished Simulation {"hostname": "cinova05.lesc.ufc.br", "processid": 130937, "history": "ExplorerRun.0", "testname": "fanout-tests_inverter_1", "cornername": "Nominal", "point": 1, "logfile": "/home/cinovador/Documents/course_files/practice_0/logs_cinovador/logs0/Job9.log", "simid": "6", "event": "finish", "category": "obsolete"}
[2024-10-23 17:46:15.081 -0300] [PROCESS] [cadence.virtuoso.ade.simulationMonitor] - Point Finished {"hostname": "cinova05.lesc.ufc.br", "processid": 130937, "history": "ExplorerRun.0", "testname": "fanout-tests_inverter_1", "cornername": "Nominal", "point": 1, "logfile": "/home/cinovador/Documents/course_files/practice_0/logs_cinovador/logs0/Job9.log", "event": "finish", "category": "sim-eval"}
[2024-10-23 17:48:56.091 -0300] [PROCESS] [cadence.virtuoso.ade.simulationMonitor] - get signal Terminated<15> from user:cinovador, which pid:130933:/home/tools/cadence/installs/IC231/tools/bin/64bit/cdsServIpc {"hostname": "cinova05.lesc.ufc.br", "processid": 130937, "history": "ExplorerRun.0", "testname": "fanout-tests_inverter_1", "cornername": "Nominal", "point": 1, "logfile": "/home/cinovador/Documents/course_files/practice_0/logs_cinovador/logs0/Job9.log", "signal": "15", "signalName": "Terminated", "which": "/home/tools/cadence/installs/IC231/tools/bin/64bit/cdsServIpc", "pid": "130933", "user": "cinovador", "uid": "1001"}
[2024-10-23 17:48:56.092 -0300] [INFO] [cadence.virtuoso.ade.simulationMonitor] - SimulationMonitor has terminated the  process '136026', reason: 'simulationMonitor is handling signal 15' {"history": "ExplorerRun.0", "point": 1, "testname": "fanout-tests_inverter_1", "cornername": "Nominal"}
