[Logging Service: 0]
[2024-10-23 18:25:02.358 -0300] [INFO] [cadence.virtuoso.ade.loggingservice] - HistoryRecorderManager init {"dbBasePath": "/home/cinovador/Documents/course_files/practice_0/lab1_part2/fanout#2dtests/fanout#2dquestion#2d2/maestro/results/maestro"}
[2024-10-23 18:25:02.358 -0300] [INFO] [cadence.virtuoso.ade.loggingservice] - useGRPC grpc service... {"brokerAddress": "cinova05.lesc.ufc.br:40285", "serviceName": "DaVinciService_5754_1729718690", "axlSession": "fnxSession0"}
[2024-10-23 18:25:02.359 -0300] [PROCESS] [cadence.virtuoso.ade.loggingservice] - Logging Service has successfully started. Waiting for incoming messages ... {"hostname": "cinova05.lesc.ufc.br", "processid": 9468, "logfile": "/home/cinovador/Documents/course_files/practice_0/logs_cinovador/logs0/LoggingService0.log"}
[2024-10-23 18:25:02.538 -0300] [INFO] [cadence.virtuoso.ade.loggingservice] - logging service gRPC started {"broker address": "cinova05.lesc.ufc.br:43321"}
[2024-10-23 18:35:21.961 -0300] [ERROR] [cadence.virtuoso.ade.loggingservice] - ServiceDBAccessSqliteOp::evalSql failed {"reason": "UNIQUE constraint failed: location.point, location.test, location.tool", "sql": "INSERT INTO location (tool, file, point, test, line) VALUES ('ADE GUI', '/home/cinovador/Documents/course_files/practice_0/logs_cinovador/logs0/virtuoso_ade_debug.log', '', '', '0');"}
[2024-10-23 18:35:21.961 -0300] [ERROR] [cadence.virtuoso.ade.loggingservice] - ServiceDBAccessSqliteOp::evalSql failed {"reason": "attempt to write a readonly database", "sql": "delete from meta;"}
[2024-10-23 18:35:21.961 -0300] [ERROR] [cadence.virtuoso.ade.loggingservice] - ServiceDBAccessSqliteOp::evalSql failed {"reason": "attempt to write a readonly database", "sql": "insert into meta (key, value) values('HistorySimDir','/home/cinovador/Documents/course_files/practice_0/lab1_part2/fanout-tests-question-2/fanout-tests/fanout-question-2/maestro/results/maestro/ExplorerRun.0');"}
[2024-10-23 18:35:21.961 -0300] [ERROR] [cadence.virtuoso.ade.loggingservice] - ServiceDBAccessSqliteOp::evalSql failed {"reason": "attempt to write a readonly database", "sql": "insert into meta (key, value) values('WorkDir','/home/cinovador/Documents/course_files/practice_0');"}
[2024-10-23 18:35:21.961 -0300] [ERROR] [cadence.virtuoso.ade.loggingservice] - ServiceDBAccessSqliteOp::evalSql failed {"reason": "attempt to write a readonly database", "sql": "insert into meta (key, value) values('version','1');"}
[2024-10-23 18:35:21.961 -0300] [ERROR] [cadence.virtuoso.ade.loggingservice] - ServiceDBAccessSqliteOp::evalSql failed {"reason": "attempt to write a readonly database", "sql": "UPDATE location SET file='exprOutputs.log.2.0.1' WHERE tool='Expression Evaluator' AND file='/home/cinovador/Documents/course_files/practice_0/lab1_part2/fanout-tests-question-2/fanout-tests/fanout-question-2/maestro/results/maestro/ExplorerRun.0/exprOutputs.log.2.0.1';"}
[2024-10-23 18:35:21.961 -0300] [ERROR] [cadence.virtuoso.ade.loggingservice] - ServiceDBAccessSqliteOp::evalSql failed {"reason": "attempt to write a readonly database", "sql": "UPDATE location SET file='1/fanout-tests_fanout-question-2_1/psf/spectre.out' WHERE tool='spectre' AND file='/home/cinovador/Documents/course_files/practice_0/lab1_part2/fanout-tests-question-2/fanout-tests/fanout-question-2/maestro/results/maestro/ExplorerRun.0/1/fanout-tests_fanout-question-2_1/psf/spectre.out';"}
[2024-10-23 18:35:21.961 -0300] [ERROR] [cadence.virtuoso.ade.loggingservice] - historySqliteRecorder::insert failed {"reason": "attempt to write a readonly database"}
[2024-10-23 18:35:21.961 -0300] [ERROR] [cadence.virtuoso.ade.loggingservice] - historySqliteRecorder::insert failed {"reason": "attempt to write a readonly database"}
[2024-10-23 18:35:22.475 -0300] [ERROR] [cadence.virtuoso.ade.loggingservice] - historySqliteRecorder::insert location failed {"reason": "attempt to write a readonly database"}
[2024-10-23 18:35:22.475 -0300] [ERROR] [cadence.virtuoso.ade.loggingservice] - historySqliteRecorder::insert failed {"reason": "attempt to write a readonly database"}
[2024-10-23 18:35:22.707 -0300] [ERROR] [cadence.virtuoso.ade.loggingservice] - historySqliteRecorder::insert failed {"reason": "attempt to write a readonly database"}
[2024-10-23 18:35:22.707 -0300] [ERROR] [cadence.virtuoso.ade.loggingservice] - historySqliteRecorder::insert failed {"reason": "attempt to write a readonly database"}
[2024-10-23 18:35:23.707 -0300] [ERROR] [cadence.virtuoso.ade.loggingservice] - historySqliteRecorder::insert failed {"reason": "attempt to write a readonly database"}
[2024-10-23 18:35:23.707 -0300] [ERROR] [cadence.virtuoso.ade.loggingservice] - historySqliteRecorder::insert failed {"reason": "attempt to write a readonly database"}
[2024-10-23 18:35:23.708 -0300] [ERROR] [cadence.virtuoso.ade.loggingservice] - historySqliteRecorder::insert failed {"reason": "attempt to write a readonly database"}
[2024-10-23 18:35:23.708 -0300] [ERROR] [cadence.virtuoso.ade.loggingservice] - historySqliteRecorder::insert location failed {"reason": "attempt to write a readonly database"}
[2024-10-23 18:35:23.808 -0300] [ERROR] [cadence.virtuoso.ade.loggingservice] - historySqliteRecorder::insert location failed {"reason": "attempt to write a readonly database"}
[2024-10-23 18:35:24.444 -0300] [ERROR] [cadence.virtuoso.ade.loggingservice] - historySqliteRecorder::insert failed {"reason": "attempt to write a readonly database"}
[2024-10-23 18:35:24.445 -0300] [ERROR] [cadence.virtuoso.ade.loggingservice] - historySqliteRecorder::insert failed {"reason": "attempt to write a readonly database"}
[2024-10-23 18:35:24.477 -0300] [ERROR] [cadence.virtuoso.ade.loggingservice] - historySqliteRecorder::insert failed {"reason": "attempt to write a readonly database"}
[2024-10-23 18:35:26.430 -0300] [ERROR] [cadence.virtuoso.ade.loggingservice] - historySqliteRecorder::insert location failed {"reason": "attempt to write a readonly database"}
[2024-10-23 18:35:26.431 -0300] [ERROR] [cadence.virtuoso.ade.loggingservice] - historySqliteRecorder::insert failed {"reason": "attempt to write a readonly database"}
[2024-10-23 18:35:26.478 -0300] [ERROR] [cadence.virtuoso.ade.loggingservice] - historySqliteRecorder::insert failed {"reason": "attempt to write a readonly database"}
[2024-10-23 18:35:26.978 -0300] [ERROR] [cadence.virtuoso.ade.loggingservice] - historySqliteRecorder::insert failed {"reason": "attempt to write a readonly database"}
[2024-10-23 18:35:26.979 -0300] [ERROR] [cadence.virtuoso.ade.loggingservice] - historySqliteRecorder::insert failed {"reason": "attempt to write a readonly database"}
[2024-10-23 18:35:26.979 -0300] [ERROR] [cadence.virtuoso.ade.loggingservice] - historySqliteRecorder::insert failed {"reason": "attempt to write a readonly database"}
[2024-10-23 18:35:26.980 -0300] [ERROR] [cadence.virtuoso.ade.loggingservice] - historySqliteRecorder::insert failed {"reason": "attempt to write a readonly database"}
[2024-10-23 18:35:26.980 -0300] [ERROR] [cadence.virtuoso.ade.loggingservice] - historySqliteRecorder::insert failed {"reason": "attempt to write a readonly database"}
[2024-10-23 18:35:26.981 -0300] [ERROR] [cadence.virtuoso.ade.loggingservice] - historySqliteRecorder::insert failed {"reason": "attempt to write a readonly database"}
[2024-10-23 18:35:26.981 -0300] [ERROR] [cadence.virtuoso.ade.loggingservice] - historySqliteRecorder::insert failed {"reason": "attempt to write a readonly database"}
[2024-10-23 18:35:26.981 -0300] [ERROR] [cadence.virtuoso.ade.loggingservice] - historySqliteRecorder::insert failed {"reason": "attempt to write a readonly database"}
[2024-10-23 18:35:26.981 -0300] [ERROR] [cadence.virtuoso.ade.loggingservice] - historySqliteRecorder::insert failed {"reason": "attempt to write a readonly database"}
[2024-10-23 18:35:26.982 -0300] [ERROR] [cadence.virtuoso.ade.loggingservice] - historySqliteRecorder::insert failed {"reason": "attempt to write a readonly database"}
[2024-10-23 18:35:26.982 -0300] [ERROR] [cadence.virtuoso.ade.loggingservice] - historySqliteRecorder::insert failed {"reason": "attempt to write a readonly database"}
[2024-10-23 18:35:27.313 -0300] [ERROR] [cadence.virtuoso.ade.loggingservice] - historySqliteRecorder::insert failed {"reason": "attempt to write a readonly database"}
[2024-10-23 18:42:03.349 -0300] [INFO] [cadence.virtuoso.ade.loggingservice] - Got exit signal in processControlMessage. Will exit. {}
[2024-10-23 18:42:04.352 -0300] [PROCESS] [cadence.virtuoso.ade.loggingservice] - Current memory used: 90.8281 MBytes, peak memory used: 90.8281 MBytes {"hostname": "cinova05.lesc.ufc.br", "processid": 9468, "logfile": "/home/cinovador/Documents/course_files/practice_0/logs_cinovador/logs0/LoggingService0.log"}
[2024-10-23 18:42:04.352 -0300] [PROCESS] [cadence.virtuoso.ade.loggingservice] - Stopping Logging Service process. {"hostname": "cinova05.lesc.ufc.br", "processid": 9468, "logfile": "/home/cinovador/Documents/course_files/practice_0/logs_cinovador/logs0/LoggingService0.log"}
[2024-10-23 18:42:04.352 -0300] [PROCESS] [cadence.virtuoso.ade.loggingservice] - Logging Service stop!!!! {"hostname": "cinova05.lesc.ufc.br", "processid": 9468, "logfile": "/home/cinovador/Documents/course_files/practice_0/logs_cinovador/logs0/LoggingService0.log"}
