[ADE GUI: 42882]
[2024-10-17 14:54:00.163 -0300] [PROCESS] [cadence.virtuoso.ade.gui] - /home/cinovador/Documents/practice_0/.tmp_cinovador/.cmddir0/swiftLoggingService0 is starting {"logfile": "/home/cinovador/Documents/practice_0/logs_cinovador/logs0/LoggingService0.log"}
[2024-10-17 14:54:00.267 -0300] [PROCESS] [cadence.virtuoso.ade.gui] - /home/cinovador/Documents/practice_0/.tmp_cinovador/.cmddir0/swiftNetlistService1 is starting {"logfile": "/home/cinovador/Documents/practice_0/logs_cinovador/logs0/Service1.log"}
[2024-10-17 14:54:00.267 -0300] [PROCESS] [cadence.virtuoso.ade.gui] - Logging Service '48933' is starting up on host 'cinova05.lesc.ufc.br' {"logfile": "/home/cinovador/Documents/practice_0/logs_cinovador/logs0/LoggingService0.log"}
[2024-10-17 14:54:00.710 -0300] [PROCESS] [cadence.virtuoso.ade.gui] - Netlist Service '48966' is starting up on host 'cinova05.lesc.ufc.br' {"logfile": "/home/cinovador/Documents/practice_0/logs_cinovador/logs0/Service1.log"}
[2024-10-17 14:59:04.638 -0300] [PROCESS] [cadence.virtuoso.ade.gui] - Netlist Service '48966' stopped with exit code '0' {"logfile": "/home/cinovador/Documents/practice_0/logs_cinovador/logs0/Service1.log"}
[2024-10-17 15:20:24.730 -0300] [EVENT] [cadence.virtuoso.ade.gui] - AddLogFile {"history": "ExplorerRun.0", "event": "AddLogFile", "EventSource": "ADE GUI", "HistoryName": "ExplorerRun.0", "Points": "", "EventLogFile": "/home/cinovador/Documents/practice_0/logs_cinovador/logs0/virtuoso_ade_debug.log", "EventTool": "ADE GUI", "EventTest": ""}
[2024-10-17 15:20:24.730 -0300] [EVENT] [cadence.virtuoso.ade.gui] - NewHistoryCreated {"event": "NewHistoryCreated", "EventSource": "ADE GUI", "history": "ExplorerRun.0", "HistoryName": "ExplorerRun.0", "WorkDir": "/home/cinovador/Documents/practice_0", "HistorySimDir": "/home/cinovador/Documents/practice_0/./lab1/simulation/lab1/inverter/maestro/results/maestro/ExplorerRun.0", "HistoryResultsDir": "/home/cinovador/Documents/practice_0/lab1/inverter/maestro/results/maestro"}
[2024-10-17 15:20:24.731 -0300] [PROCESS] [cadence.virtuoso.ade.gui] - History Setup {"hostname": "cinova05.lesc.ufc.br", "processid": 42882, "history": "ExplorerRun.0", "logfile": "/home/cinovador/Documents/practice_0/logs_cinovador/logs0/virtuoso_ade_debug.log", "jobmode": "LSCS", "runmode": "Single Run, Sweeps and Corners", "lib": "lab1", "cell": "inverter", "view": "maestro", "icversion": "sub-version  IC23.1-64b.ISR9.24 ", "runstart": "Thu Oct 17 15:20:24 2024\n", "timezonelocal": "+000", "spectreversion": "unknown", "jobpolicyname": "", "maxjobs": "unknown", "ncjobpolicyname": "", "ncmaxjobs": "unknown", "numtests": "1", "runfinished": "unknown", "runelapsed": "-1", "numcorners": "1"}
[2024-10-17 15:20:25.031 -0300] [WARN] [cadence.virtuoso.ade.gui] - Could not find log file for Same Process Job 0. Log message for this job will be printed in the CDS log file. {"history": "ExplorerRun.0", "testname": "lab1_inverter_1", "detailed_message": "", "message_id": "EXPLORER-5028"}
[2024-10-17 15:20:25.354 -0300] [EVENT] [cadence.virtuoso.ade.pointevaluator] - NewPoint {"history": "ExplorerRun.0", "point": 1, "testname": "lab1_inverter_1", "event": "NewPoint", "EventSource": "ADE GUI", "HistoryName": "ExplorerRun.0", "logFile": "/home/cinovador/Documents/practice_0/logs_cinovador/logs0/virtuoso_ade_debug.log", "logFileSize": "3014", "category": "point-netlist"}
[2024-10-17 15:20:25.354 -0300] [INFO] [cadence.virtuoso.ade.pointevaluator] - Started netlisting {"history": "ExplorerRun.0", "point": 1, "testname": "lab1_inverter_1", "event": "start", "category": "point-netlist"}
[2024-10-17 15:20:25.816 -0300] [INFO] [cadence.virtuoso.ade.pointevaluator] - Finished netlisting {"history": "ExplorerRun.0", "point": 1, "testname": "lab1_inverter_1", "event": "finish", "category": "point-netlist"}
[2024-10-17 15:20:25.816 -0300] [INFO] [cadence.virtuoso.ade.pointevaluator] - Submitted {"history": "ExplorerRun.0", "point": 1, "testname": "lab1_inverter_1"}
[2024-10-17 15:20:30.168 -0300] [PROCESS] [cadence.virtuoso.ade.gui] - /home/cinovador/Documents/practice_0/.tmp_cinovador/.cmddir0/swiftJob2 is starting {"logfile": "/home/cinovador/Documents/practice_0/logs_cinovador/logs0/Job2.log"}
[2024-10-17 15:20:30.270 -0300] [PROCESS] [cadence.virtuoso.ade.gui] - Simulation Monitor process '55797' is starting up on host 'cinova05.lesc.ufc.br' {"logfile": "/home/cinovador/Documents/practice_0/logs_cinovador/logs0/Job2.log"}
[2024-10-17 15:20:30.271 -0300] [PROCESS] [cadence.virtuoso.ade.gui] - 2024/10/17 15:20:30 INFO (/home/tools/cadence/installs/IC231/tools.lnx86/bin/cdnsEnvCheck): Rocky Linux release 8.10 (Green Obsidian) detected (set environment variable CDS_SKIP_OS_CHECK_ON_STARTUP=1 to suppress).
 {"logfile": "/home/cinovador/Documents/practice_0/logs_cinovador/logs0/Job2.log"}
[2024-10-17 15:20:30.359 -0300] [PROCESS] [cadence.virtuoso.ade.gui] - 2024/10/17 15:20:30 INFO (/home/tools/cadence/installs/SPECTRE231/tools.lnx86/bin/cdnsEnvCheck): Rocky Linux release 8.10 (Green Obsidian) detected (set environment variable CDS_SKIP_OS_CHECK_ON_STARTUP=1 to suppress).
 {"logfile": "/home/cinovador/Documents/practice_0/logs_cinovador/logs0/Job2.log"}
[2024-10-17 15:20:33.161 -0300] [INFO] [cadence.virtuoso.ade.gui] - Point completed {"history": "ExplorerRun.0", "point": 1, "testname": "lab1_inverter_1"}
[2024-10-17 15:20:33.227 -0300] [EVENT] [cadence.virtuoso.ade.gui] - HistoryFinished {"point": 1, "testname": "lab1_inverter_1", "event": "HistoryFinished", "EventSource": "ADE GUI", "HistoryName": "ExplorerRun.0"}
[2024-10-17 15:33:40.617 -0300] [PROCESS] [cadence.virtuoso.ade.gui] - Logging Service '48933' stopped with exit code '0' {"logfile": "/home/cinovador/Documents/practice_0/logs_cinovador/logs0/LoggingService0.log"}
