
Cadence Innovus(TM) Implementation System.
Copyright 2021 Cadence Design Systems, Inc. All rights reserved worldwide.

Version:	v21.15-s110_1, built Fri Sep 23 13:08:12 PDT 2022
Options:	
Date:		Thu Feb 27 17:57:21 2025
Host:		cinova05.lesc.ufc.br (x86_64 w/Linux 4.18.0-553.36.1.el8_10.x86_64) (14cores*20cpus*13th Gen Intel(R) Core(TM) i5-13500 24576KB)
OS:		Rocky Linux release 8.10 (Green Obsidian)

License:
		[17:57:21.201657] Configured Lic search path (21.01-s002): 5280@192.168.0.10

		invs	Innovus Implementation System	21.1	checkout succeeded
		8 CPU jobs allowed with the current license(s). Use setMultiCpuUsage to set your required CPU count.
Change the soft stacksize limit to 0.2%RAM (63 mbytes). Set global soft_stack_size_limit to change the value.

**INFO:  MMMC transition support version v31-84 

<CMD> set_global _enable_mmmc_by_default_flow      $CTE::mmmc_default
<CMD> suppressMessage ENCEXT-2799
<CMD> getVersion
[INFO] Loading PVS 23.11 fill procedures
<CMD> win
**INFO (INTERRUPT): The current script will stop before next command.
**INFO (INTERRUPT): One more Ctrl-C to exit Innovus ...
invalid command name "/home/cinovador/Documents/course_files/physical_synthesis/synthesis/backend/layout/scripts/layout.tcl"
<CMD> read_activity_file -format VCD -scope multiplier32/DUT frontend/work/multiplier32FP_MAX_tb.vcd
'read_activity_file' finished successfully.
<CMD> read_activity_file -format VCD -scope multiplier32_tb/DUT frontend/work/multiplier32FP_MAX_tb.vcd
'read_activity_file' finished successfully.

*** Memory Usage v#1 (Current mem = 1191.852M, initial mem = 483.914M) ***
*** Message Summary: 0 warning(s), 0 error(s)

--- Ending "Innovus" (totcpu=0:00:18.4, real=0:02:32, mem=1191.9M) ---
