\o Program:		@(#)$CDS: libManager version 23.1 - CAT38 08/20/2024 18:26 (cpgsrv14) $
\o Sub version:		sub-version  s091 
\o Arguments:		-unmapped -mpssession virtuoso76972 -mpshost cinova05.lesc.ufc.br -masterPID 76972 -ADVM 
\o Working Directory:	cinova05.lesc.ufc.br:/home/cinovador/Documents/course_files/practice_0
\o 64-bit offsets
\o Qt version: 		5.15.9
\o MPS virtuoso types registered: 68
\o changeWorkingDir("/home/cinovador/Documents/course_files/practice_0") unnecessary.
\o ddSetForcedLib("") unnecessary.
\o Session hidden cells enabled.
\o Log file is "/home/cinovador/Documents/course_files/practice_0/libManager.log".
\o Opening libManager window.
\a nrSetWindowVisibility(cdsLibManager "show")
\o MPS service: map window
\w Warning: The directory: '/home/cinovador/Documents/practice_0/lab1' does not exist
\w 	but was defined in libFile '/home/cinovador/Documents/course_files/practice_0/cds.lib' for Lib 'lab1'.
\o Library Manager customization server connected.
\a nrSetCurrentWindow(cdsLibManager)
\a nrResizeWindow(cdsLibManager list(1970 77 602 491))
\a cdsLibManager->FileNewLibButton->value = t
\a nrSetWindowVisibility(NewLibShell "show")
\a nrSetCurrentWindow(NewLibShell)
\a nrSetCurrentWindow(NewLibShell->subDialog)
\a nrResizeWindow(NewLibShell list(2008 27 507 559))
\a NewLibShell->newLibOKButton->value = t
\o ERROR (CLM-284): Provide a library name.
\a nrSetWindowVisibility(errorDialog "show")
\a nrSetCurrentWindow(errorDialog)
\a nrResizeWindow(errorDialog list(2175 262 192 122))
\a errorDialog->errorOkButton->value = t
\a nrSetCurrentWindow(cdsLibManager)
\a nrResizeWindow(errorDialog list(2175 225 192 122))
\a nrSetCurrentWindow(NewLibShell)
\a nrSetCurrentWindow(NewLibShell->subDialog)
\a NewLibShell->QLineEdit1->value = ""
\a NewLibShell->QLineEdit1->value = "/home/cinovador/Documents/course_files/practice_0/inverter.lvsdb"
\a NewLibShell->QLineEdit1->value = ""
\a NewLibShell->QLineEdit1->value = "/home/cinovador/Documents/course_files/practice_0"
\a NewLibShell->newLibOKButton->value = t
\o ERROR (CLM-284): Provide a library name.
\a nrSetCurrentWindow(errorDialog)
\a nrResizeWindow(errorDialog list(2175 262 192 122))
\a errorDialog->errorOkButton->value = t
\a nrSetCurrentWindow(cdsLibManager)
\a nrResizeWindow(errorDialog list(2175 225 192 122))
\a cdsLibManager->libListBox->value = "teste"
\a cdsLibManager->libLineEdit->value = "teste"
\a nrResizeWindow(cdsLibManager list(2222 189 602 491))
\a cdsLibManager->editLibraryPathButton->value = t
\o Starting the cdsLibEditor...
\o MPS request: update library list
\a cdsLibManager->libListBox->value = nil
\a cdsLibManager->libLineEdit->value = ""
\a cdsLibManager->libListBox->value = "teste"
\a cdsLibManager->libLineEdit->value = "teste"
\a nrSetCurrentWindow(cdsLibManager)
\a nrSetCurrentWindow(cdsLibManager)
\a cdsLibManager->libListBox->value = "lab1"
\a cdsLibManager->libLineEdit->value = "lab1"
\a nrSetWindowVisibility(cdsLibManager "hide")
\a _lmgrCloseIconify("cdsLibManager" 1)
\a cdsLibManager->libListBox->value = nil
\a cdsLibManager->libLineEdit->value = ""
\a cdsLibManager->libListBox->value = "lab1"
\a cdsLibManager->libLineEdit->value = "lab1"
\a cdsLibManager->libListBox->value = nil
\a cdsLibManager->libLineEdit->value = ""
\a cdsLibManager->libListBox->value = "lab1"
\a cdsLibManager->libLineEdit->value = "lab1"
\a cdsLibManager->libListBox->value = nil
\a cdsLibManager->libLineEdit->value = ""
\a cdsLibManager->libListBox->value = "lab1"
\a cdsLibManager->libLineEdit->value = "lab1"
\a nrSetWindowVisibility(cdsLibManager "show")
\o MPS service: map window
\a nrSetCurrentWindow(cdsLibManager)
\a cdsLibManager->libLineEdit->value = ""
\a cdsLibManager->libListBox->value = nil
\a cdsLibManager->libListBox->value = "lab1"
\a cdsLibManager->libLineEdit->value = "lab1"
\a cdsLibManager->cellListBox->value = "lab1"
\a cdsLibManager->cellLineEdit->value = "lab1"
\a cdsLibManager->viewListBox->value = "inverter"
\a cdsLibManager->viewLineEdit->value = "inverter"
\a cdsLibManager->viewSearchOptionsButton->value = t
\a cdsLibManager->viewListBox->value = nil
\a cdsLibManager->viewLineEdit->value = ""
\a cdsLibManager->viewListBox->value = "inverter"
\a cdsLibManager->viewLineEdit->value = "inverter"
\o MPS request: edit design
\a nrListItemAction(cdsLibManager->gdmXTView 0 0)
\a cdsLibManager->viewRefreshButton->value = t
\o MPS request: refresh library list
\a cdsLibManager->libListBox->value = nil
\a cdsLibManager->libLineEdit->value = ""
\a cdsLibManager->cellListBox->value = nil
\a cdsLibManager->viewLineEdit->value = ""
\a cdsLibManager->viewListBox->value = nil
\a cdsLibManager->cellLineEdit->value = ""
\a cdsLibManager->libListBox->value = "lab1"
\a cdsLibManager->libLineEdit->value = "lab1"
\a cdsLibManager->cellListBox->value = "lab1"
\a cdsLibManager->cellLineEdit->value = "lab1"
\a cdsLibManager->viewListBox->value = "inverter"
\a cdsLibManager->viewLineEdit->value = "inverter"
\a cdsLibManager->viewLineEdit->value = ""
\a cdsLibManager->viewListBox->value = nil
\a cdsLibManager->viewListBox->value = "inverter"
\a cdsLibManager->viewLineEdit->value = "inverter"
\a cdsLibManager->workAreaUpdateButton->value = t
\a nrSetWindowVisibility(updateDialog "show")
\a nrSetCurrentWindow(updateDialog)
\a nrResizeWindow(updateDialog list(2387 330 253 128))
\a updateDialog->updateCancelButton->value = t
\a nrSetCurrentWindow(cdsLibManager)
\a nrResizeWindow(updateDialog list(2387 293 253 128))
\a nrSetWindowVisibility(cdsLibManager "hide")
\a _lmgrCloseIconify("cdsLibManager" 1)
\a cdsLibManager->libListBox->value = nil
\a cdsLibManager->libLineEdit->value = ""
\a cdsLibManager->cellListBox->value = nil
\a cdsLibManager->viewLineEdit->value = ""
\a cdsLibManager->viewListBox->value = nil
\a cdsLibManager->cellLineEdit->value = ""
\a cdsLibManager->libListBox->value = "lab1"
\a cdsLibManager->libLineEdit->value = "lab1"
\a cdsLibManager->cellListBox->value = "lab1"
\a cdsLibManager->cellLineEdit->value = "lab1"
\a cdsLibManager->viewListBox->value = "inverter"
\a cdsLibManager->viewLineEdit->value = "inverter"
\a cdsLibManager->viewLineEdit->value = ""
\a cdsLibManager->viewListBox->value = nil
\a cdsLibManager->viewListBox->value = "inverter"
\a cdsLibManager->viewLineEdit->value = "inverter"
\a cdsLibManager->libListBox->value = nil
\a cdsLibManager->libLineEdit->value = ""
\a cdsLibManager->cellListBox->value = nil
\a cdsLibManager->viewLineEdit->value = ""
\a cdsLibManager->viewListBox->value = nil
\a cdsLibManager->cellLineEdit->value = ""
\a cdsLibManager->libListBox->value = "lab1"
\a cdsLibManager->libLineEdit->value = "lab1"
\a cdsLibManager->cellListBox->value = "lab1"
\a cdsLibManager->cellLineEdit->value = "lab1"
\a cdsLibManager->viewListBox->value = "inverter"
\a cdsLibManager->viewLineEdit->value = "inverter"
\a cdsLibManager->viewLineEdit->value = ""
\a cdsLibManager->viewListBox->value = nil
\a cdsLibManager->viewListBox->value = "inverter"
\a cdsLibManager->viewLineEdit->value = "inverter"
\a nrSetWindowVisibility(cdsLibManager "show")
\o MPS service: map window
\a nrSetCurrentWindow(cdsLibManager)
\a lmgrLogShowPopup("mainListPopup2" 71 9 2 "inverter")
\a cdsLibManager->editPropertiesButton->value = t
\o MPS request: edit property
\a nrSetCurrentWindow(cdsLibManager)
\a cdsLibManager->viewReanalyzeStatesButton->value = t
\a cdsLibManager->cellListBox->value = "logs_cinovador"
\a cdsLibManager->cellLineEdit->value = "logs_cinovador"
\a cdsLibManager->viewLineEdit->value = ""
\a cdsLibManager->viewListBox->value = nil
\a cdsLibManager->viewListBox->value = "logs0"
\a cdsLibManager->viewLineEdit->value = "logs0"
\a cdsLibManager->viewReanalyzeStatesButton->value = t
\a cdsLibManager->editChangeRefsButton->value = t
\a nrSetCurrentWindow(changeRefDialog)
\a nrResizeWindow(changeRefDialog list(2168 128 690 533))
\a changeRefDialog->inLibsListWidget->value = '("lab1" )
\a changeRefDialog->fromLibsListWidget->value = '("lab1" )
\a changeRefDialog->toLibListWidget->value = "lab1"
\a changeRefDialog->Cancel->value = t
\a nrSetCurrentWindow(cdsLibManager)
\a nrResizeWindow(changeRefDialog list(2168 91 690 533))
\a nrSetWindowVisibility(cdsLibManager "hide")
\a _lmgrCloseIconify("cdsLibManager" 1)
\a cdsLibManager->libListBox->value = nil
\a cdsLibManager->libLineEdit->value = ""
\a cdsLibManager->cellListBox->value = nil
\a cdsLibManager->viewLineEdit->value = ""
\a cdsLibManager->viewListBox->value = nil
\a cdsLibManager->cellLineEdit->value = ""
\a cdsLibManager->libListBox->value = "lab1"
\a cdsLibManager->libLineEdit->value = "lab1"
\a cdsLibManager->cellListBox->value = "logs_cinovador"
\a cdsLibManager->cellLineEdit->value = "logs_cinovador"
\a cdsLibManager->viewListBox->value = "logs0"
\a cdsLibManager->viewLineEdit->value = "logs0"
\a cdsLibManager->viewLineEdit->value = ""
\a cdsLibManager->viewListBox->value = nil
\a cdsLibManager->viewListBox->value = "logs0"
\a cdsLibManager->viewLineEdit->value = "logs0"
\o MPS request: update library list
\a cdsLibManager->libListBox->value = nil
\a cdsLibManager->libLineEdit->value = ""
\a cdsLibManager->cellListBox->value = nil
\a cdsLibManager->viewLineEdit->value = ""
\a cdsLibManager->viewListBox->value = nil
\a cdsLibManager->cellLineEdit->value = ""
\a cdsLibManager->libListBox->value = "lab1"
\a cdsLibManager->libLineEdit->value = "lab1"
\a cdsLibManager->libListBox->value = nil
\a cdsLibManager->libLineEdit->value = ""
\a cdsLibManager->libListBox->value = "lab1"
\a cdsLibManager->libLineEdit->value = "lab1"
\a cdsLibManager->libListBox->value = nil
\a cdsLibManager->libLineEdit->value = ""
\a cdsLibManager->libListBox->value = "lab1"
\a cdsLibManager->libLineEdit->value = "lab1"
\a cdsLibManager->libListBox->value = nil
\a cdsLibManager->libLineEdit->value = ""
\a cdsLibManager->libListBox->value = "lab1"
\a cdsLibManager->libLineEdit->value = "lab1"
\a cdsLibManager->libListBox->value = nil
\a cdsLibManager->libLineEdit->value = ""
\a cdsLibManager->libListBox->value = "lab1"
\a cdsLibManager->libLineEdit->value = "lab1"
\o MPS service: shutdown
\o libManager is exiting.
\a exit(0)
