xrun(64): 22.09-s013: (c) Copyright 1995-2023 Cadence Design Systems, Inc.
TOOL:	xrun(64)	22.09-s013: Started on Nov 12, 2024 at 18:19:06 -03
xrun
	-64bit
	andgate_tb.sv
	andgate.sv
	+gui
	+access+rw
xmsim: *W,NOMTDGUI: Multi-Threaded Dumping is disabled for interactive debug mode.
xmsim: *W,DSEM2009: This SystemVerilog design is simulated as per IEEE 1800-2009 SystemVerilog simulation semantics. Use -disable_sem2009 option for turning off SV 2009 simulation semantics.

-------------------------------------
Relinquished control to SimVision...
xcelium> 
xcelium> source /home/tools/cadence/installs/XCELIUM2209/tools/xcelium/files/xmsimrc
xcelium> database -open waves -into waves.shm -default
Created default SHM database waves
xcelium> probe -create -shm andgate_tb.andg.a andgate_tb.andg.b andgate_tb.andg.c
Created probe 1
xcelium> run
                Tempo   Entradas    Saídas
                         a    b       c
                ====   ==========  =======
                   0     0    0       0
                   5     0    1       0
                  10     1    0       0
                  15     1    1       1
Simulation complete via $finish(1) at time 20 NS + 0
./andgate_tb.sv:27       $finish;
xcelium> ^C
xcelium> exit
TOOL:	xrun(64)	22.09-s013: Exiting on Nov 12, 2024 at 18:19:36 -03  (total: 00:00:30)
