irun(64): 15.20-s086: (c) Copyright 1995-2020 Cadence Design Systems, Inc.
TOOL:	irun(64)	15.20-s086: Started on Jan 30, 2025 at 10:22:39 -03
irun
	-uvm
	top.sv
	+UVM_VERBOSITY=HIGH

   User defined plus("+") options:
	+UVM_VERBOSITY=HIGH

Loading snapshot worklib.top:sv .................... Done
SVSEED default: 1
ncsim: *E,IMPDLL: Unable to load the implicit shared object.
OSDLERROR: (null)/top/sv/_sv_export.so: cannot open shared object file: No such file or directory or file is not valid ELFCLASS64 library..
ncsim: *W,DSEM2009: This SystemVerilog design is simulated as per IEEE 1800-2009 SystemVerilog simulation semantics. Use -disable_sem2009 option for turning off SV 2009 simulation semantics.
ncsim> source /home/tools/cadence/installs/INCISIVE152/tools/inca/files/ncsimrc
ncsim> source /home/tools/cadence/installs/INCISIVE152/tools/methodology/UVM/CDNS-1.1d/additions/sv/files/tcl/uvm_sim.tcl
ncsim> run
----------------------------------------------------------------
CDNS-UVM-1.1d (15.20-s086)
(C) 2007-2013 Mentor Graphics Corporation
(C) 2007-2013 Cadence Design Systems, Inc.
(C) 2006-2013 Synopsys, Inc.
(C) 2011-2013 Cypress Semiconductor Corp.
----------------------------------------------------------------

  ***********       IMPORTANT RELEASE NOTES         ************

  You are using a version of the UVM library that has been compiled
  with `UVM_NO_DEPRECATED undefined.
  See http://www.eda.org/svdb/view.php?id=3313 for more details.

  You are using a version of the UVM library that has been compiled
  with `UVM_OBJECT_MUST_HAVE_CONSTRUCTOR undefined.
  See http://www.eda.org/svdb/view.php?id=3770 for more details.

      (Specify +UVM_NO_RELNOTES to turn off this notice)

UVM_INFO @ 0: reporter [RNTST] Running test ...
UVM_INFO source.svh(18) @ 0: source_h [SOURCE] Sending transaction
UVM_INFO sink.svh(16) @ 0: sink_h [SINK                          ] Transaction received:          82
UVM_INFO source.svh(18) @ 0: source_h [SOURCE] Sending transaction
UVM_INFO sink.svh(16) @ 0: sink_h [SINK                          ] Transaction received:           5
UVM_INFO source.svh(18) @ 0: source_h [SOURCE] Sending transaction
UVM_INFO sink.svh(16) @ 0: sink_h [SINK                          ] Transaction received:          64
UVM_INFO source.svh(18) @ 0: source_h [SOURCE] Sending transaction
UVM_INFO sink.svh(16) @ 0: sink_h [SINK                          ] Transaction received:          75
UVM_INFO source.svh(18) @ 0: source_h [SOURCE] Sending transaction
UVM_INFO sink.svh(16) @ 0: sink_h [SINK                          ] Transaction received:          24

--- UVM Report catcher Summary ---


Number of demoted UVM_FATAL reports  :    0
Number of demoted UVM_ERROR reports  :    0
Number of demoted UVM_WARNING reports:    0
Number of caught UVM_FATAL reports   :    0
Number of caught UVM_ERROR reports   :    0
Number of caught UVM_WARNING reports :    0

--- UVM Report Summary ---

** Report counts by severity
UVM_INFO :   11
UVM_WARNING :    0
UVM_ERROR :    0
UVM_FATAL :    0
** Report counts by id
[RNTST]     1
[SINK                          ]     5
[SOURCE]     5
Simulation complete via $finish(1) at time 0 FS + 179
/home/tools/cadence/installs/INCISIVE152/tools/methodology/UVM/CDNS-1.1d/sv/src/base/uvm_root.svh:457     $finish;
ncsim> exit
TOOL:	irun(64)	15.20-s086: Exiting on Jan 30, 2025 at 10:22:49 -03  (total: 00:00:10)
