============================================================
  Generated by:           Genus(TM) Synthesis Solution 21.10-p002_1
  Generated on:           Feb 28 2025  04:22:04 pm
  Module:                 multiplier32FP
  Operating conditions:   PVT_0P9V_125C 
  Operating conditions:   PVT_1P32V_0C 
  Interconnect mode:      global
  Area mode:              physical library
============================================================


Path 1: MET (6868 ps) Setup Check with Pin product_o_reg[1]/CK->D
          Group: clk
     Startpoint: (R) product_o_reg[1]/CK
          Clock: (R) clk
       Endpoint: (R) product_o_reg[1]/D
          Clock: (R) clk

                     Capture       Launch     
        Clock Edge:+   10000            0     
       Src Latency:+       0            0     
       Net Latency:+     105 (I)      105 (I) 
           Arrival:=   10105          105     
                                              
             Setup:-     171                  
       Uncertainty:-      44                  
     Required Time:=    9890                  
      Launch Clock:-     105                  
         Data Path:-    2917                  
             Slack:=    6868                  

#--------------------------------------------------------------------------------------------
#    Timing Point     Flags   Arc   Edge   Cell     Fanout Load Trans Delay Arrival Instance 
#                                                          (fF)  (ps)  (ps)   (ps)  Location 
#--------------------------------------------------------------------------------------------
  product_o_reg[1]/CK <<<     -     R     (arrival)     40    -     0     0     105    (-,-) 
  product_o_reg[1]/Q  -       CK->Q F     DFFRHQX1       1  3.6   101   247     352    (-,-) 
  g5285/Y             -       A->Y  F     BUFX8          3 51.4   192   204     556    (-,-) 
  g5227__9945/Y       -       A->Y  F     OR4X1          1  3.1   112   395     950    (-,-) 
  g5219__1881/Y       -       D->Y  F     OR4X1          1  3.1   112   282    1233    (-,-) 
  g5187__7098/Y       -       C->Y  F     OR4X1          2  5.4   168   354    1587    (-,-) 
  g5162__5122/Y       -       B->Y  R     NOR2BX1        2  5.0   259   238    1824    (-,-) 
  g5120__1705/Y       -       B0->Y F     AOI21X1        1  3.2   223   211    2035    (-,-) 
  g5118__1617/Y       -       B->Y  R     NOR2BX1        1  3.7   209   234    2270    (-,-) 
  g5116__3680/Y       -       A->Y  R     OR3X8         32 59.8   177   285    2554    (-,-) 
  g5108__5477/Y       -       A0->Y F     AOI22X1        1  3.2   258   273    2828    (-,-) 
  g5075__2883/Y       -       B->Y  R     NAND2X1        1  3.2   126   194    3022    (-,-) 
  product_o_reg[1]/D  <<<     -     R     DFFRHQX1       1    -     -     0    3022    (-,-) 
#--------------------------------------------------------------------------------------------

