============================================================
  Generated by:           Genus(TM) Synthesis Solution 21.10-p002_1
  Generated on:           Feb 27 2025  11:09:00 pm
  Module:                 multiplier32FP
  Operating conditions:   PVT_0P9V_125C 
  Operating conditions:   PVT_1P32V_0C 
  Interconnect mode:      global
  Area mode:              physical library
============================================================

Timing
--------

Clock  Period 
--------------
clk   10000.0 


  Cost    Critical         Violating 
 Group   Path Slack  TNS     Paths   
-------------------------------------
clk          6426.7   0.0          0 
default    No paths   0.0            
-------------------------------------
Total                 0.0          0 

Instance Count
--------------
Leaf Instance Count             1325 
Physical Instance count            0 
Sequential Instance Count         73 
Combinational Instance Count    1252 
Hierarchical Instance Count        0 

Area
----
Cell Area                          4024.314
Physical Cell Area                 0.000
Total Cell Area (Cell+Physical)    4024.314
Net Area                           1952.037
Total Area (Cell+Physical+Net)     5976.351

Max Fanout                         40 (clk)
Min Fanout                         1 (a_i[23])
Average Fanout                     2.2
Terms to net ratio                 3.1430
Terms to instance ratio            4.0468
Runtime                            30.256291999999995 seconds
Elapsed Runtime                    44 seconds
Genus peak memory usage            1707.79 
Innovus peak memory usage          no_value 
Hostname                           cinova05.lesc.ufc.br
