============================================================
  Generated by:           Genus(TM) Synthesis Solution 21.10-p002_1
  Generated on:           Feb 28 2025  04:22:04 pm
  Module:                 multiplier32FP
  Operating conditions:   PVT_0P9V_125C 
  Operating conditions:   PVT_1P32V_0C 
  Interconnect mode:      global
  Area mode:              physical library
============================================================


Path 1: MET (6427 ps) Setup Check with Pin product_o_reg[30]/CK->D
          Group: clk
     Startpoint: (R) product_o_reg[16]/CK
          Clock: (R) clk
       Endpoint: (R) product_o_reg[30]/D
          Clock: (R) clk

                     Capture       Launch     
        Clock Edge:+   10000            0     
       Src Latency:+       0            0     
       Net Latency:+     105 (I)      105 (I) 
           Arrival:=   10105          105     
                                              
             Setup:-     171                  
       Uncertainty:-      44                  
     Required Time:=    9890                  
      Launch Clock:-     105                  
         Data Path:-    3358                  
             Slack:=    6427                  

#---------------------------------------------------------------------------------------------
#    Timing Point      Flags   Arc   Edge   Cell     Fanout Load Trans Delay Arrival Instance 
#                                                           (fF)  (ps)  (ps)   (ps)  Location 
#---------------------------------------------------------------------------------------------
  product_o_reg[16]/CK -       -     R     (arrival)     40    -     0     0     105    (-,-) 
  product_o_reg[16]/Q  -       CK->Q F     DFFRHQX1       1  3.6   101   247     352    (-,-) 
  g5300/Y              -       A->Y  F     BUFX8          3 51.9   194   205     556    (-,-) 
  g5249__5122/Y        -       A->Y  R     NOR4X2         1  3.3   240   296     853    (-,-) 
  g5231__2346/Y        -       B->Y  F     NAND2BX1       1  3.1   219   254    1107    (-,-) 
  g5222__7482/Y        -       D->Y  F     OR4X1          1  3.1   112   326    1432    (-,-) 
  g5213__2802/Y        -       D->Y  F     OR4X1          1  3.1   112   282    1715    (-,-) 
  g5187__7098/Y        -       D->Y  F     OR4X1          2  5.4   168   313    2028    (-,-) 
  g5162__5122/Y        -       B->Y  R     NOR2BX1        2  5.0   259   238    2265    (-,-) 
  g5120__1705/Y        -       B0->Y F     AOI21X1        1  3.2   223   211    2476    (-,-) 
  g5118__1617/Y        -       B->Y  R     NOR2BX1        1  3.7   209   234    2711    (-,-) 
  g5116__3680/Y        -       A->Y  R     OR3X8         32 59.8   177   285    2996    (-,-) 
  g5106__7410/Y        -       A0->Y F     AOI22X1        1  3.2   258   273    3269    (-,-) 
  g5074__9945/Y        -       B->Y  R     NAND2X1        1  3.2   126   195    3464    (-,-) 
  product_o_reg[30]/D  <<<     -     R     DFFRHQX1       1    -     -     0    3464    (-,-) 
#---------------------------------------------------------------------------------------------

