###############################################################
#  Generated by:      Cadence Innovus 21.15-s110_1
#  OS:                Linux x86_64(Host ID cinova05.lesc.ufc.br)
#  Generated on:      Thu Feb 27 19:24:37 2025
#  Design:            multiplier32FP
#  Command:           report_timing > ${BACKEND_DIR}/layout/deliverables/reports/report_timing.rpt
###############################################################
Path 1: MET (0.133 ns) Hold Check with Pin product_o_reg[1]/CK->D
               View: analysis_normal_fast_min
              Group: clk
         Startpoint: (R) product_o_reg[1]/CK
              Clock: (R) clk
           Endpoint: (F) product_o_reg[1]/D
              Clock: (R) clk

                       Capture       Launch
         Clock Edge:+    0.000        0.000
        Src Latency:+    0.000        0.105
        Net Latency:+    0.000 (P)    0.000 (P)
            Arrival:=    0.000        0.105

               Hold:+    0.000
        Uncertainty:+    0.044
      Required Time:=    0.044
       Launch Clock:=    0.105
          Data Path:+    0.073
              Slack:=    0.133

#-----------------------------------------------------------------------------------
# Timing Point         Flags  Arc    Edge  Cell       Fanout  Trans   Delay  Arrival  
#                                                              (ns)    (ns)     (ns)  
#-----------------------------------------------------------------------------------
  product_o_reg[1]/CK  -      CK     R     (arrival)      40  0.004       -    0.105  
  product_o_reg[1]/Q   -      CK->Q  F     DFFRHQX1        2  0.004   0.043    0.147  
  g5510__5477/Y        -      A1->Y  R     AOI22X1         1  0.009   0.018    0.165  
  g5477__2883/Y        -      B->Y   F     NAND2X1         1  0.017   0.012    0.178  
  product_o_reg[1]/D   -      D      F     DFFRHQX1        1  0.012   0.000    0.178  
#-----------------------------------------------------------------------------------

