[Simulation Monitor: 16]
[2024-11-07 11:19:29.601 -0300] [PROCESS] [cadence.virtuoso.ade.simulationMonitor] - Started the simulation monitor process {"hostname": "cinova05.lesc.ufc.br", "processid": 56786, "logfile": "/home/cinovador/Documents/course_files/digital_logic/practice_2/logs_cinovador/logs0/Job16.log", "simulation monitor command line": "/home/tools/cadence/installs/IC231/tools.lnx86/dfII/bin/64bit/spectreMonitor --davinciService DaVinciService_7767_1730980369 --axlsession fnxSession4 -lscs 000175E1894CBE06FF0966E38F1FFC06BC4D7EED88199869CA2C7EEDDC43CC33CA2C39A0A173FC06867D66E38F1FFC06BC4D66E38F1FFC06BC4D01CF436F3076DB6100001E67 -beanhost cinova05.lesc.ufc.br -beanport 11371 -beanLogFile /home/cinovador/Documents/course_files/digital_logic/practice_2/logs_cinovador/logs0/amps_Job16.log -beanbinlog  --domain 0 --interactive yes --netlistOpt no --useMultiPointEvaluation yes --exprEvalShowJobStderr yes --evalSimParallel no --maxSims 0 --historyName ExplorerRun.0 --historyUUID  --exprEvaluator vds --mcMapping mc1.mapping --checkLogStatusInterval 0 --checkSimulatorLogTimeout 1200 --exprEvalMaxTries 3 --maxNFSSyncWait 60 -adeBrokerAddress cinova05.lesc.ufc.br:42937 --fromADE true --virtuosoBinary virtuoso --guiDisplay cinova05.lesc.ufc.br:0 --globalStatus 60 --evaluateMultiMC yes --evalOnSimFail SkipFailedAnalyses --numRetriesOnError 1 --fenixMode explorer --lingertimeout 300 -ahdlLockTimeout 60 --sdbLib logic_gates --sdbCell lab3_nor --sdbView maestro --heartBeatFileDir /dev/shm --id 16 --uuid 00d482ba-6a6e-4d6a-a34b-f441c3d33605 --log /home/cinovador/Documents/course_files/digital_logic/practice_2/logs_cinovador/logs0/Job16.log "}
[2024-11-07 11:19:29.601 -0300] [PROCESS] [cadence.virtuoso.ade.simulationMonitor] - Started the simulation monitor process {"hostname": "cinova05.lesc.ufc.br", "processid": 56786, "logfile": "/home/cinovador/Documents/course_files/digital_logic/practice_2/logs_cinovador/logs0/Job16.log", "current directory": "/home/cinovador/Documents/course_files/digital_logic/practice_2"}
[2024-11-07 11:19:29.601 -0300] [PROCESS] [cadence.virtuoso.ade.simulationMonitor] - Simulation Monitor has successfully started up. Trying to set up communication channels to other components ... {"hostname": "cinova05.lesc.ufc.br", "processid": 56786, "logfile": "/home/cinovador/Documents/course_files/digital_logic/practice_2/logs_cinovador/logs0/Job16.log"}
[2024-11-07 11:19:29.736 -0300] [PROCESS] [cadence.virtuoso.ade.simulationMonitor] - Communication channels have been successfully set up. Start processing events ... {"hostname": "cinova05.lesc.ufc.br", "processid": 56786, "logfile": "/home/cinovador/Documents/course_files/digital_logic/practice_2/logs_cinovador/logs0/Job16.log"}
[2024-11-07 11:19:29.736 -0300] [PROCESS] [cadence.virtuoso.ade.simulationMonitor] - Considering to start history {"hostname": "cinova05.lesc.ufc.br", "processid": 56786, "history": "ExplorerRun.0", "logfile": "/home/cinovador/Documents/course_files/digital_logic/practice_2/logs_cinovador/logs0/Job16.log"}
[2024-11-07 11:19:29.737 -0300] [PROCESS] [cadence.virtuoso.ade.simulationMonitor] - HostInfo:
Host name (type):	cinova05.lesc.ufc.br (x86_64)
Operating system:	Linux 4.18.0-553.22.1.el8_10.x86_64 #1 SMP Wed Sep 25 09:20:43 UTC 2024 {"hostname": "cinova05.lesc.ufc.br", "processid": 56786, "history": "ExplorerRun.0", "logfile": "/home/cinovador/Documents/course_files/digital_logic/practice_2/logs_cinovador/logs0/Job16.log", "nodename": "cinova05.lesc.ufc.br", "domainname": "(none)", "machine": "x86_64", "sysname": "Linux", "release": "4.18.0-553.22.1.el8_10.x86_64", "version": "#1 SMP Wed Sep 25 09:20:43 UTC 2024"}
[2024-11-07 11:19:29.737 -0300] [PROCESS] [cadence.virtuoso.ade.simulationMonitor] - UsageInfo:
pid=56786
totalPhysicalMemory=30.835907GB,Used=13.081032GB,totalVirtualMemory=46.441372GB,Used=13.081032GB
Cpu: Cores=20, Load average:0.280000,0.420000,0.430000 {"hostname": "cinova05.lesc.ufc.br", "processid": 56786, "history": "ExplorerRun.0", "logfile": "/home/cinovador/Documents/course_files/digital_logic/practice_2/logs_cinovador/logs0/Job16.log", "pid": "56786", "totalPhysicalMemory": "30.835907", "physicalMemoryUsed": "13.081032", "totalVirtualMemory": "46.441372", "virtualMemoryUsed": "13.081032", "cpuCores": "20", "processes": "1453", "loadAverage1": "0.280000", "loadAverage5": "0.420000", "loadAverage15": "0.430000", "loadAverage1Percent": "0.014000"}
[2024-11-07 11:19:29.737 -0300] [EVENT] [cadence.virtuoso.ade.simulationMonitor] - NewPoint {"history": "ExplorerRun.0", "point": 1, "testname": "logic_gates_lab3_nor_1", "cornername": "Nominal", "event": "NewPoint", "EventSource": "Simulation Monitor", "HistoryName": "ExplorerRun.0", "logFile": "/home/cinovador/Documents/course_files/digital_logic/practice_2/logs_cinovador/logs0/Job16.log", "logFileSize": "4437", "category": "simulation"}
[2024-11-07 11:19:29.838 -0300] [EVENT] [cadence.virtuoso.ade.simulationMonitor] - NewPoint {"history": "ExplorerRun.0", "point": 1, "testname": "logic_gates_lab3_nor_1", "cornername": "Nominal", "event": "NewPoint", "EventSource": "spectre", "HistoryName": "ExplorerRun.0", "logFile": "/home/cinovador/Documents/course_files/digital_logic/practice_2/logic_gates/lab3_nand_report/logic_gates/lab3_nor/maestro/results/maestro/ExplorerRun.0/1/logic_gates_lab3_nor_1/psf/spectre.out", "logFileSize": "-1", "category": "simulation"}
[2024-11-07 11:19:30.995 -0300] [PROCESS] [cadence.virtuoso.ade.simulationMonitor] - Simulator launched {"hostname": "cinova05.lesc.ufc.br", "processid": 56786, "history": "ExplorerRun.0", "testname": "logic_gates_lab3_nor_1", "cornername": "Nominal", "point": 1, "logfile": "/home/cinovador/Documents/course_files/digital_logic/practice_2/logs_cinovador/logs0/Job16.log", "simid": "1", "event": "launch", "category": "simulation"}
[2024-11-07 11:19:30.996 -0300] [PROCESS] [cadence.virtuoso.ade.simulationMonitor] - Expression evaluator launched {"hostname": "cinova05.lesc.ufc.br", "processid": 56786, "history": "ExplorerRun.0", "testname": "logic_gates_lab3_nor_1", "cornername": "Nominal", "point": 1, "logfile": "/home/cinovador/Documents/course_files/digital_logic/practice_2/logs_cinovador/logs0/Job16.log"}
[2024-11-07 11:19:31.029 -0300] [PROCESS] [cadence.virtuoso.ade.simulationMonitor] - Started Simulation {"hostname": "cinova05.lesc.ufc.br", "processid": 56786, "history": "ExplorerRun.0", "testname": "logic_gates_lab3_nor_1", "cornername": "Nominal", "point": 1, "logfile": "/home/cinovador/Documents/course_files/digital_logic/practice_2/logs_cinovador/logs0/Job16.log", "event": "start", "category": "simulation"}
[2024-11-07 11:19:34.030 -0300] [INFO] [cadence.virtuoso.ade.simulationMonitor] - Peak resident memory used = 189 Mbytes. {"history": "ExplorerRun.0", "point": 1, "testname": "logic_gates_lab3_nor_1", "cornername": "Nominal"}
[2024-11-07 11:19:34.030 -0300] [INFO] [cadence.virtuoso.ade.simulationMonitor] - Peak resident memory used = 201 Mbytes. {"history": "ExplorerRun.0", "point": 1, "testname": "logic_gates_lab3_nor_1", "cornername": "Nominal"}
[2024-11-07 11:19:34.030 -0300] [INFO] [cadence.virtuoso.ade.simulationMonitor] - Notice from spectre during hierarchy flattening.
    The value 'psf' specified for the 'checklimitdest' option will no longer be supported in future releases. Use 'spectre -h' to see other recommended values for the 'checklimitdest' option. {"history": "ExplorerRun.0", "point": 1, "testname": "logic_gates_lab3_nor_1", "cornername": "Nominal"}
[2024-11-07 11:19:34.030 -0300] [INFO] [cadence.virtuoso.ade.simulationMonitor] - Peak resident memory used = 203 Mbytes. {"history": "ExplorerRun.0", "point": 1, "testname": "logic_gates_lab3_nor_1", "cornername": "Nominal"}
[2024-11-07 11:19:34.530 -0300] [INFO] [cadence.virtuoso.ade.simulationMonitor] - Notice from spectre during topology check.
    Only one connection to node `net2'. {"history": "ExplorerRun.0", "point": 1, "testname": "logic_gates_lab3_nor_1", "cornername": "Nominal"}
[2024-11-07 11:19:34.530 -0300] [INFO] [cadence.virtuoso.ade.simulationMonitor] - Notice from spectre during initial setup.
    Multithreading is disabled due to the size of the design being too small. {"history": "ExplorerRun.0", "point": 1, "testname": "logic_gates_lab3_nor_1", "cornername": "Nominal"}
[2024-11-07 11:19:34.530 -0300] [INFO] [cadence.virtuoso.ade.simulationMonitor] -               nodes 11 {"history": "ExplorerRun.0", "point": 1, "testname": "logic_gates_lab3_nor_1", "cornername": "Nominal"}
[2024-11-07 11:19:34.530 -0300] [INFO] [cadence.virtuoso.ade.simulationMonitor] - Notice from spectre during initial setup.
    Protected devices exist and are not included in the circuit inventory.
    1 vsources are shorted because their absolute value is less than or equal to 'vabsshort'.
    APS enabled. {"history": "ExplorerRun.0", "point": 1, "testname": "logic_gates_lab3_nor_1", "cornername": "Nominal"}
[2024-11-07 11:19:34.531 -0300] [INFO] [cadence.virtuoso.ade.simulationMonitor] - Peak resident memory used = 206 Mbytes. {"history": "ExplorerRun.0", "point": 1, "testname": "logic_gates_lab3_nor_1", "cornername": "Nominal"}
[2024-11-07 11:19:34.531 -0300] [INFO] [cadence.virtuoso.ade.simulationMonitor] -    -   (APS) Multi-threading. The recommended number of threads is 1, consider adding +mt=1 on command line. {"history": "ExplorerRun.0", "point": 1, "testname": "logic_gates_lab3_nor_1", "cornername": "Nominal"}
[2024-11-07 11:19:34.531 -0300] [INFO] [cadence.virtuoso.ade.simulationMonitor] - Notice from spectre during transient analysis `tran'.
    Multithreading is disabled due to the size of the design being too small. {"history": "ExplorerRun.0", "point": 1, "testname": "logic_gates_lab3_nor_1", "cornername": "Nominal"}
[2024-11-07 11:19:34.531 -0300] [INFO] [cadence.virtuoso.ade.simulationMonitor] - Notice from spectre at time = 510.663 ns during transient analysis `tran'.
    Found trapezoidal ringing on node net1. {"history": "ExplorerRun.0", "point": 1, "testname": "logic_gates_lab3_nor_1", "cornername": "Nominal"}
[2024-11-07 11:19:34.531 -0300] [INFO] [cadence.virtuoso.ade.simulationMonitor] - Notice from spectre at time = 518.245 ns during transient analysis `tran'.
    Found trapezoidal ringing on node net1. {"history": "ExplorerRun.0", "point": 1, "testname": "logic_gates_lab3_nor_1", "cornername": "Nominal"}
[2024-11-07 11:19:34.531 -0300] [INFO] [cadence.virtuoso.ade.simulationMonitor] - Notice from spectre at time = 531.718 ns during transient analysis `tran'.
    Found trapezoidal ringing on node net1. {"history": "ExplorerRun.0", "point": 1, "testname": "logic_gates_lab3_nor_1", "cornername": "Nominal"}
[2024-11-07 11:19:34.531 -0300] [INFO] [cadence.virtuoso.ade.simulationMonitor] - Notice from spectre at time = 556.104 ns during transient analysis `tran'.
    Found trapezoidal ringing on node net1. {"history": "ExplorerRun.0", "point": 1, "testname": "logic_gates_lab3_nor_1", "cornername": "Nominal"}
[2024-11-07 11:19:34.531 -0300] [INFO] [cadence.virtuoso.ade.simulationMonitor] - Notice from spectre at time = 599.923 ns during transient analysis `tran'.
    Found trapezoidal ringing on node net1.
        Further occurrences of this notice will be suppressed. {"history": "ExplorerRun.0", "point": 1, "testname": "logic_gates_lab3_nor_1", "cornername": "Nominal"}
[2024-11-07 11:19:35.031 -0300] [INFO] [cadence.virtuoso.ade.simulationMonitor] - Notice from spectre during transient analysis `tran'.
    Trapezoidal ringing is detected during tran analysis.
        Please use method=trap for better results and performance. {"history": "ExplorerRun.0", "point": 1, "testname": "logic_gates_lab3_nor_1", "cornername": "Nominal"}
[2024-11-07 11:19:35.031 -0300] [INFO] [cadence.virtuoso.ade.simulationMonitor] - Intrinsic tran analysis time:    CPU = 390.161 ms, elapsed = 393.234 ms. {"history": "ExplorerRun.0", "point": 1, "testname": "logic_gates_lab3_nor_1", "cornername": "Nominal"}
[2024-11-07 11:19:35.031 -0300] [INFO] [cadence.virtuoso.ade.simulationMonitor] - Total time required for tran analysis `tran': CPU = 391.202 ms, elapsed = 394.276 ms, util. = 99.2%. {"history": "ExplorerRun.0", "point": 1, "testname": "logic_gates_lab3_nor_1", "cornername": "Nominal"}
[2024-11-07 11:19:35.031 -0300] [INFO] [cadence.virtuoso.ade.simulationMonitor] - Peak resident memory used = 223 Mbytes. {"history": "ExplorerRun.0", "point": 1, "testname": "logic_gates_lab3_nor_1", "cornername": "Nominal"}
[2024-11-07 11:19:35.031 -0300] [INFO] [cadence.virtuoso.ade.simulationMonitor] - Notice from spectre.
    1103 notices suppressed. {"history": "ExplorerRun.0", "point": 1, "testname": "logic_gates_lab3_nor_1", "cornername": "Nominal"}
[2024-11-07 11:19:35.032 -0300] [INFO] [cadence.virtuoso.ade.simulationMonitor] - Time used: CPU = 711 ms, elapsed = 3.24 s, util. = 21.9%. {"history": "ExplorerRun.0", "point": 1, "testname": "logic_gates_lab3_nor_1", "cornername": "Nominal"}
[2024-11-07 11:19:35.032 -0300] [INFO] [cadence.virtuoso.ade.simulationMonitor] - Time spent in licensing: elapsed = 1.49 s, percentage of total = 45.9%. {"history": "ExplorerRun.0", "point": 1, "testname": "logic_gates_lab3_nor_1", "cornername": "Nominal"}
[2024-11-07 11:19:35.032 -0300] [INFO] [cadence.virtuoso.ade.simulationMonitor] - Peak memory used = 224 Mbytes. {"history": "ExplorerRun.0", "point": 1, "testname": "logic_gates_lab3_nor_1", "cornername": "Nominal"}
[2024-11-07 11:19:35.032 -0300] [PROCESS] [cadence.virtuoso.ade.simulationMonitor] - Simulation started at: 11:19:31 AM, Thur Nov 7, 2024, ended at: 11:19:34 AM, Thur Nov 7, 2024, with elapsed time (wall clock): 3.24 s. {"history": "ExplorerRun.0", "point": 1, "testname": "logic_gates_lab3_nor_1", "cornername": "Nominal"}
[2024-11-07 11:19:35.032 -0300] [PROCESS] [cadence.virtuoso.ade.simulationMonitor] - spectre completes with 0 errors, 0 warnings, and 15 notices. {"history": "ExplorerRun.0", "point": 1, "testname": "logic_gates_lab3_nor_1", "cornername": "Nominal"}
[2024-11-07 11:19:35.032 -0300] [PROCESS] [cadence.virtuoso.ade.simulationMonitor] - Finished simulating for one point {"hostname": "cinova05.lesc.ufc.br", "processid": 56786, "history": "ExplorerRun.0", "testname": "logic_gates_lab3_nor_1", "cornername": "Nominal", "point": 1, "logfile": "/home/cinovador/Documents/course_files/digital_logic/practice_2/logs_cinovador/logs0/Job16.log", "simid": "1", "event": "finish", "category": "simulation"}
[2024-11-07 11:19:35.032 -0300] [PROCESS] [cadence.virtuoso.ade.simulationMonitor] - Simulator exited {"hostname": "cinova05.lesc.ufc.br", "processid": 56786, "history": "ExplorerRun.0", "testname": "logic_gates_lab3_nor_1", "cornername": "Nominal", "point": 1, "logfile": "/home/cinovador/Documents/course_files/digital_logic/practice_2/logs_cinovador/logs0/Job16.log", "exitStatus": "0"}
[2024-11-07 11:19:35.032 -0300] [PROCESS] [cadence.virtuoso.ade.simulationMonitor] - Finished Simulation {"hostname": "cinova05.lesc.ufc.br", "processid": 56786, "history": "ExplorerRun.0", "testname": "logic_gates_lab3_nor_1", "cornername": "Nominal", "point": 1, "logfile": "/home/cinovador/Documents/course_files/digital_logic/practice_2/logs_cinovador/logs0/Job16.log", "simid": "1", "event": "finish", "category": "obsolete"}
[2024-11-07 11:19:35.532 -0300] [PROCESS] [cadence.virtuoso.ade.simulationMonitor] - Point Finished {"hostname": "cinova05.lesc.ufc.br", "processid": 56786, "history": "ExplorerRun.0", "testname": "logic_gates_lab3_nor_1", "cornername": "Nominal", "point": 1, "logfile": "/home/cinovador/Documents/course_files/digital_logic/practice_2/logs_cinovador/logs0/Job16.log", "event": "finish", "category": "sim-eval"}
[2024-11-07 11:24:36.137 -0300] [PROCESS] [cadence.virtuoso.ade.simulationMonitor] - Current memory used: 82.4844 MBytes, peak memory used: 82.4844 MBytes {"hostname": "cinova05.lesc.ufc.br", "processid": 56786, "history": "ExplorerRun.0", "testname": "logic_gates_lab3_nor_1", "cornername": "Nominal", "point": 1, "logfile": "/home/cinovador/Documents/course_files/digital_logic/practice_2/logs_cinovador/logs0/Job16.log"}
[2024-11-07 11:24:36.137 -0300] [PROCESS] [cadence.virtuoso.ade.simulationMonitor] - Simulation Monitor process exits. {"hostname": "cinova05.lesc.ufc.br", "processid": 56786, "history": "ExplorerRun.0", "testname": "logic_gates_lab3_nor_1", "cornername": "Nominal", "point": 1, "logfile": "/home/cinovador/Documents/course_files/digital_logic/practice_2/logs_cinovador/logs0/Job16.log"}
