[Simulation Monitor: 14]
[2024-11-05 17:17:40.248 -0300] [PROCESS] [cadence.virtuoso.ade.simulationMonitor] - Started the simulation monitor process {"hostname": "cinova05.lesc.ufc.br", "processid": 98337, "logfile": "/home/cinovador/Documents/course_files/digital_logic/practice_2/logs_cinovador/logs0/Job14.log", "simulation monitor command line": "/home/tools/cadence/installs/IC231/tools.lnx86/dfII/bin/64bit/spectreMonitor --davinciService DaVinciService_14928_1730827588 --axlsession fnxSession2 -lscs 000175E1894CBE06FF0966E38F1FFC06BC4D7EED88199869CA2C7EEDDC43CC33CA2C39A0A173FC06867D66E38F1FFC06BC4D66E38F1FFC06BC4D01C9F27C8165DB6700001E73 -beanhost cinova05.lesc.ufc.br -beanport 11834 -beanLogFile /home/cinovador/Documents/course_files/digital_logic/practice_2/logs_cinovador/logs0/amps_Job14.log -beanbinlog  --domain 0 --interactive yes --netlistOpt no --useMultiPointEvaluation yes --exprEvalShowJobStderr yes --evalSimParallel no --maxSims 0 --historyName ExplorerRun.0 --historyUUID  --exprEvaluator vds --mcMapping mc1.mapping --checkLogStatusInterval 0 --checkSimulatorLogTimeout 1200 --exprEvalMaxTries 3 --maxNFSSyncWait 60 -adeBrokerAddress cinova05.lesc.ufc.br:40141 --statdbType h5v2 --fromADE true --virtuosoBinary virtuoso --guiDisplay cinova05.lesc.ufc.br:0 --globalStatus 60 --evaluateMultiMC yes --evalOnSimFail SkipFailedAnalyses --numRetriesOnError 1 --fenixMode explorer --lingertimeout 300 -ahdlLockTimeout 60 --sdbLib logic_gates --sdbCell lab3_nor --sdbView maestro --heartBeatFileDir /dev/shm --id 14 --uuid e0d39cb4-3a8b-4405-a1f3-846488f0880c --log /home/cinovador/Documents/course_files/digital_logic/practice_2/logs_cinovador/logs0/Job14.log "}
[2024-11-05 17:17:40.248 -0300] [PROCESS] [cadence.virtuoso.ade.simulationMonitor] - Started the simulation monitor process {"hostname": "cinova05.lesc.ufc.br", "processid": 98337, "logfile": "/home/cinovador/Documents/course_files/digital_logic/practice_2/logs_cinovador/logs0/Job14.log", "current directory": "/home/cinovador/Documents/course_files/digital_logic/practice_2"}
[2024-11-05 17:17:40.248 -0300] [PROCESS] [cadence.virtuoso.ade.simulationMonitor] - Simulation Monitor has successfully started up. Trying to set up communication channels to other components ... {"hostname": "cinova05.lesc.ufc.br", "processid": 98337, "logfile": "/home/cinovador/Documents/course_files/digital_logic/practice_2/logs_cinovador/logs0/Job14.log"}
[2024-11-05 17:17:40.378 -0300] [PROCESS] [cadence.virtuoso.ade.simulationMonitor] - Communication channels have been successfully set up. Start processing events ... {"hostname": "cinova05.lesc.ufc.br", "processid": 98337, "logfile": "/home/cinovador/Documents/course_files/digital_logic/practice_2/logs_cinovador/logs0/Job14.log"}
[2024-11-05 17:17:40.378 -0300] [PROCESS] [cadence.virtuoso.ade.simulationMonitor] - Considering to start history {"hostname": "cinova05.lesc.ufc.br", "processid": 98337, "history": "ExplorerRun.0", "logfile": "/home/cinovador/Documents/course_files/digital_logic/practice_2/logs_cinovador/logs0/Job14.log"}
[2024-11-05 17:17:40.379 -0300] [PROCESS] [cadence.virtuoso.ade.simulationMonitor] - HostInfo:
Host name (type):	cinova05.lesc.ufc.br (x86_64)
Operating system:	Linux 4.18.0-553.22.1.el8_10.x86_64 #1 SMP Wed Sep 25 09:20:43 UTC 2024 {"hostname": "cinova05.lesc.ufc.br", "processid": 98337, "history": "ExplorerRun.0", "logfile": "/home/cinovador/Documents/course_files/digital_logic/practice_2/logs_cinovador/logs0/Job14.log", "nodename": "cinova05.lesc.ufc.br", "domainname": "(none)", "machine": "x86_64", "sysname": "Linux", "release": "4.18.0-553.22.1.el8_10.x86_64", "version": "#1 SMP Wed Sep 25 09:20:43 UTC 2024"}
[2024-11-05 17:17:40.379 -0300] [PROCESS] [cadence.virtuoso.ade.simulationMonitor] - UsageInfo:
pid=98337
totalPhysicalMemory=30.835907GB,Used=15.921906GB,totalVirtualMemory=46.441372GB,Used=15.921906GB
Cpu: Cores=20, Load average:0.120000,0.140000,0.200000 {"hostname": "cinova05.lesc.ufc.br", "processid": 98337, "history": "ExplorerRun.0", "logfile": "/home/cinovador/Documents/course_files/digital_logic/practice_2/logs_cinovador/logs0/Job14.log", "pid": "98337", "totalPhysicalMemory": "30.835907", "physicalMemoryUsed": "15.921906", "totalVirtualMemory": "46.441372", "virtualMemoryUsed": "15.921906", "cpuCores": "20", "processes": "1582", "loadAverage1": "0.120000", "loadAverage5": "0.140000", "loadAverage15": "0.200000", "loadAverage1Percent": "0.006000"}
[2024-11-05 17:18:39.392 -0300] [EVENT] [cadence.virtuoso.ade.simulationMonitor] - NewPoint {"history": "ExplorerRun.0", "point": 1, "testname": "logic_gates_lab3_nor_1", "cornername": "Nominal", "event": "NewPoint", "EventSource": "Simulation Monitor", "HistoryName": "ExplorerRun.0", "logFile": "/home/cinovador/Documents/course_files/digital_logic/practice_2/logs_cinovador/logs0/Job14.log", "logFileSize": "4456", "category": "simulation"}
[2024-11-05 17:18:39.493 -0300] [EVENT] [cadence.virtuoso.ade.simulationMonitor] - NewPoint {"history": "ExplorerRun.0", "point": 1, "testname": "logic_gates_lab3_nor_1", "cornername": "Nominal", "event": "NewPoint", "EventSource": "spectre", "HistoryName": "ExplorerRun.0", "logFile": "/home/cinovador/Documents/course_files/digital_logic/practice_2/logic_gates/lab3_nor/maestro/logic_gates/lab3_nor/maestro/results/maestro/ExplorerRun.0/1/logic_gates_lab3_nor_1/psf/spectre.out", "logFileSize": "-1", "category": "simulation"}
[2024-11-05 17:19:38.531 -0300] [PROCESS] [cadence.virtuoso.ade.simulationMonitor] - Simulator launched {"hostname": "cinova05.lesc.ufc.br", "processid": 98337, "history": "ExplorerRun.0", "testname": "logic_gates_lab3_nor_1", "cornername": "Nominal", "point": 1, "logfile": "/home/cinovador/Documents/course_files/digital_logic/practice_2/logs_cinovador/logs0/Job14.log", "simid": "1", "event": "launch", "category": "simulation"}
[2024-11-05 17:19:38.532 -0300] [PROCESS] [cadence.virtuoso.ade.simulationMonitor] - Expression evaluator launched {"hostname": "cinova05.lesc.ufc.br", "processid": 98337, "history": "ExplorerRun.0", "testname": "logic_gates_lab3_nor_1", "cornername": "Nominal", "point": 1, "logfile": "/home/cinovador/Documents/course_files/digital_logic/practice_2/logs_cinovador/logs0/Job14.log"}
[2024-11-05 17:19:51.731 -0300] [INFO] [cadence.virtuoso.ade.simulationMonitor] - SimulationMonitor has terminated the  process '98772', reason: 'Marked this point as failed for license checking failure ' {"history": "ExplorerRun.0", "point": 1, "testname": "logic_gates_lab3_nor_1", "cornername": "Nominal"}
[2024-11-05 17:19:51.731 -0300] [ERROR] [cadence.virtuoso.ade.simulationMonitor] - Check simulation {"history": "ExplorerRun.0", "point": 1, "testname": "logic_gates_lab3_nor_1", "cornername": "Nominal", "Failed to finish simulation": "Marked this point as failed for license checking failure "}
[2024-11-05 17:19:51.731 -0300] [PROCESS] [cadence.virtuoso.ade.simulationMonitor] - Finished simulating for one point {"hostname": "cinova05.lesc.ufc.br", "processid": 98337, "history": "ExplorerRun.0", "testname": "logic_gates_lab3_nor_1", "cornername": "Nominal", "point": 1, "logfile": "/home/cinovador/Documents/course_files/digital_logic/practice_2/logs_cinovador/logs0/Job14.log", "simid": "1", "event": "finish", "category": "simulation"}
[2024-11-05 17:19:51.731 -0300] [PROCESS] [cadence.virtuoso.ade.simulationMonitor] - Simulator exited {"hostname": "cinova05.lesc.ufc.br", "processid": 98337, "history": "ExplorerRun.0", "testname": "logic_gates_lab3_nor_1", "cornername": "Nominal", "point": 1, "logfile": "/home/cinovador/Documents/course_files/digital_logic/practice_2/logs_cinovador/logs0/Job14.log", "exitStatus": "0"}
[2024-11-05 17:19:51.731 -0300] [PROCESS] [cadence.virtuoso.ade.simulationMonitor] - Finished Simulation {"hostname": "cinova05.lesc.ufc.br", "processid": 98337, "history": "ExplorerRun.0", "testname": "logic_gates_lab3_nor_1", "cornername": "Nominal", "point": 1, "logfile": "/home/cinovador/Documents/course_files/digital_logic/practice_2/logs_cinovador/logs0/Job14.log", "simid": "1", "event": "finish", "category": "obsolete"}
[2024-11-05 17:19:51.732 -0300] [PROCESS] [cadence.virtuoso.ade.simulationMonitor] - Expression evaluator launched {"hostname": "cinova05.lesc.ufc.br", "processid": 98337, "history": "ExplorerRun.0", "testname": "logic_gates_lab3_nor_1", "cornername": "Nominal", "point": 1, "logfile": "/home/cinovador/Documents/course_files/digital_logic/practice_2/logs_cinovador/logs0/Job14.log"}
[2024-11-05 17:19:51.732 -0300] [PROCESS] [cadence.virtuoso.ade.simulationMonitor] - Point Finished {"hostname": "cinova05.lesc.ufc.br", "processid": 98337, "history": "ExplorerRun.0", "testname": "logic_gates_lab3_nor_1", "cornername": "Nominal", "point": 1, "logfile": "/home/cinovador/Documents/course_files/digital_logic/practice_2/logs_cinovador/logs0/Job14.log", "event": "finish", "category": "sim-eval"}
[2024-11-05 17:20:17.280 -0300] [INFO] [cadence.virtuoso.ade.simulationMonitor] - SimulationMonitor has terminated the vds process '98983', reason: 'Force to stop the expression evalutor process because of new run' {"history": "ExplorerRun.0", "point": 1, "testname": "logic_gates_lab3_nor_1", "cornername": "Nominal"}
[2024-11-05 17:20:17.280 -0300] [PROCESS] [cadence.virtuoso.ade.simulationMonitor] - HostInfo:
Host name (type):	cinova05.lesc.ufc.br (x86_64)
Operating system:	Linux 4.18.0-553.22.1.el8_10.x86_64 #1 SMP Wed Sep 25 09:20:43 UTC 2024 {"hostname": "cinova05.lesc.ufc.br", "processid": 98337, "history": "ExplorerRun.0", "testname": "logic_gates_lab3_nor_1", "cornername": "Nominal", "point": 1, "logfile": "/home/cinovador/Documents/course_files/digital_logic/practice_2/logs_cinovador/logs0/Job14.log", "nodename": "cinova05.lesc.ufc.br", "domainname": "(none)", "machine": "x86_64", "sysname": "Linux", "release": "4.18.0-553.22.1.el8_10.x86_64", "version": "#1 SMP Wed Sep 25 09:20:43 UTC 2024"}
[2024-11-05 17:20:17.280 -0300] [PROCESS] [cadence.virtuoso.ade.simulationMonitor] - UsageInfo:
pid=98337
totalPhysicalMemory=30.835907GB,Used=16.039898GB,totalVirtualMemory=46.441372GB,Used=16.039898GB
Cpu: Cores=20, Load average:0.310000,0.220000,0.220000 {"hostname": "cinova05.lesc.ufc.br", "processid": 98337, "history": "ExplorerRun.0", "testname": "logic_gates_lab3_nor_1", "cornername": "Nominal", "point": 1, "logfile": "/home/cinovador/Documents/course_files/digital_logic/practice_2/logs_cinovador/logs0/Job14.log", "pid": "98337", "totalPhysicalMemory": "30.835907", "physicalMemoryUsed": "16.039898", "totalVirtualMemory": "46.441372", "virtualMemoryUsed": "16.039898", "cpuCores": "20", "processes": "1609", "loadAverage1": "0.310000", "loadAverage5": "0.220000", "loadAverage15": "0.220000", "loadAverage1Percent": "0.015500"}
[2024-11-05 17:20:17.280 -0300] [EVENT] [cadence.virtuoso.ade.simulationMonitor] - NewPoint {"history": "ExplorerRun.0", "point": 1, "testname": "logic_gates_lab3_nor_1", "cornername": "Nominal", "event": "NewPoint", "EventSource": "Simulation Monitor", "HistoryName": "ExplorerRun.0", "logFile": "/home/cinovador/Documents/course_files/digital_logic/practice_2/logs_cinovador/logs0/Job14.log", "logFileSize": "10772", "category": "simulation"}
[2024-11-05 17:20:17.380 -0300] [EVENT] [cadence.virtuoso.ade.simulationMonitor] - NewPoint {"history": "ExplorerRun.0", "point": 1, "testname": "logic_gates_lab3_nor_1", "cornername": "Nominal", "event": "NewPoint", "EventSource": "spectre", "HistoryName": "ExplorerRun.0", "logFile": "/home/cinovador/Documents/course_files/digital_logic/practice_2/logic_gates/lab3_nor/maestro/logic_gates/lab3_nor/maestro/results/maestro/ExplorerRun.0/1/logic_gates_lab3_nor_1/psf/spectre.out", "logFileSize": "-1", "category": "simulation"}
[2024-11-05 17:20:18.329 -0300] [PROCESS] [cadence.virtuoso.ade.simulationMonitor] - Simulator launched {"hostname": "cinova05.lesc.ufc.br", "processid": 98337, "history": "ExplorerRun.0", "testname": "logic_gates_lab3_nor_1", "cornername": "Nominal", "point": 1, "logfile": "/home/cinovador/Documents/course_files/digital_logic/practice_2/logs_cinovador/logs0/Job14.log", "simid": "2", "event": "launch", "category": "simulation"}
[2024-11-05 17:20:18.329 -0300] [PROCESS] [cadence.virtuoso.ade.simulationMonitor] - Expression evaluator launched {"hostname": "cinova05.lesc.ufc.br", "processid": 98337, "history": "ExplorerRun.0", "testname": "logic_gates_lab3_nor_1", "cornername": "Nominal", "point": 1, "logfile": "/home/cinovador/Documents/course_files/digital_logic/practice_2/logs_cinovador/logs0/Job14.log"}
[2024-11-05 17:20:18.365 -0300] [PROCESS] [cadence.virtuoso.ade.simulationMonitor] - Started Simulation {"hostname": "cinova05.lesc.ufc.br", "processid": 98337, "history": "ExplorerRun.0", "testname": "logic_gates_lab3_nor_1", "cornername": "Nominal", "point": 1, "logfile": "/home/cinovador/Documents/course_files/digital_logic/practice_2/logs_cinovador/logs0/Job14.log", "event": "start", "category": "simulation"}
[2024-11-05 17:20:21.366 -0300] [INFO] [cadence.virtuoso.ade.simulationMonitor] - Peak resident memory used = 190 Mbytes. {"history": "ExplorerRun.0", "point": 1, "testname": "logic_gates_lab3_nor_1", "cornername": "Nominal"}
[2024-11-05 17:20:21.366 -0300] [INFO] [cadence.virtuoso.ade.simulationMonitor] - Peak resident memory used = 204 Mbytes. {"history": "ExplorerRun.0", "point": 1, "testname": "logic_gates_lab3_nor_1", "cornername": "Nominal"}
[2024-11-05 17:20:21.366 -0300] [INFO] [cadence.virtuoso.ade.simulationMonitor] - Notice from spectre during hierarchy flattening.
    The value 'psf' specified for the 'checklimitdest' option will no longer be supported in future releases. Use 'spectre -h' to see other recommended values for the 'checklimitdest' option. {"history": "ExplorerRun.0", "point": 1, "testname": "logic_gates_lab3_nor_1", "cornername": "Nominal"}
[2024-11-05 17:20:21.366 -0300] [INFO] [cadence.virtuoso.ade.simulationMonitor] - Peak resident memory used = 205 Mbytes. {"history": "ExplorerRun.0", "point": 1, "testname": "logic_gates_lab3_nor_1", "cornername": "Nominal"}
[2024-11-05 17:20:21.366 -0300] [INFO] [cadence.virtuoso.ade.simulationMonitor] - Notice from spectre during topology check.
    Only one connection to node `net2'. {"history": "ExplorerRun.0", "point": 1, "testname": "logic_gates_lab3_nor_1", "cornername": "Nominal"}
[2024-11-05 17:20:21.366 -0300] [INFO] [cadence.virtuoso.ade.simulationMonitor] - Notice from spectre during initial setup.
    Multithreading is disabled due to the size of the design being too small. {"history": "ExplorerRun.0", "point": 1, "testname": "logic_gates_lab3_nor_1", "cornername": "Nominal"}
[2024-11-05 17:20:21.366 -0300] [INFO] [cadence.virtuoso.ade.simulationMonitor] -               nodes 11 {"history": "ExplorerRun.0", "point": 1, "testname": "logic_gates_lab3_nor_1", "cornername": "Nominal"}
[2024-11-05 17:20:21.366 -0300] [INFO] [cadence.virtuoso.ade.simulationMonitor] - Notice from spectre during initial setup.
    Protected devices exist and are not included in the circuit inventory.
    1 vsources are shorted because their absolute value is less than or equal to 'vabsshort'.
    APS enabled. {"history": "ExplorerRun.0", "point": 1, "testname": "logic_gates_lab3_nor_1", "cornername": "Nominal"}
[2024-11-05 17:20:21.366 -0300] [INFO] [cadence.virtuoso.ade.simulationMonitor] - Peak resident memory used = 209 Mbytes. {"history": "ExplorerRun.0", "point": 1, "testname": "logic_gates_lab3_nor_1", "cornername": "Nominal"}
[2024-11-05 17:20:21.366 -0300] [INFO] [cadence.virtuoso.ade.simulationMonitor] -    -   (APS) Multi-threading. The recommended number of threads is 1, consider adding +mt=1 on command line. {"history": "ExplorerRun.0", "point": 1, "testname": "logic_gates_lab3_nor_1", "cornername": "Nominal"}
[2024-11-05 17:20:21.366 -0300] [INFO] [cadence.virtuoso.ade.simulationMonitor] - Notice from spectre during transient analysis `tran'.
    Multithreading is disabled due to the size of the design being too small. {"history": "ExplorerRun.0", "point": 1, "testname": "logic_gates_lab3_nor_1", "cornername": "Nominal"}
[2024-11-05 17:20:21.366 -0300] [INFO] [cadence.virtuoso.ade.simulationMonitor] - Notice from spectre at time = 508.271 ns during transient analysis `tran'.
    Found trapezoidal ringing on node net1. {"history": "ExplorerRun.0", "point": 1, "testname": "logic_gates_lab3_nor_1", "cornername": "Nominal"}
[2024-11-05 17:20:21.366 -0300] [INFO] [cadence.virtuoso.ade.simulationMonitor] - Notice from spectre at time = 513.142 ns during transient analysis `tran'.
    Found trapezoidal ringing on node net1. {"history": "ExplorerRun.0", "point": 1, "testname": "logic_gates_lab3_nor_1", "cornername": "Nominal"}
[2024-11-05 17:20:21.366 -0300] [INFO] [cadence.virtuoso.ade.simulationMonitor] - Notice from spectre at time = 521.142 ns during transient analysis `tran'.
    Found trapezoidal ringing on node net1. {"history": "ExplorerRun.0", "point": 1, "testname": "logic_gates_lab3_nor_1", "cornername": "Nominal"}
[2024-11-05 17:20:21.366 -0300] [INFO] [cadence.virtuoso.ade.simulationMonitor] - Notice from spectre at time = 534.685 ns during transient analysis `tran'.
    Found trapezoidal ringing on node net1. {"history": "ExplorerRun.0", "point": 1, "testname": "logic_gates_lab3_nor_1", "cornername": "Nominal"}
[2024-11-05 17:20:21.366 -0300] [INFO] [cadence.virtuoso.ade.simulationMonitor] - Notice from spectre at time = 557.316 ns during transient analysis `tran'.
    Found trapezoidal ringing on node net1.
        Further occurrences of this notice will be suppressed. {"history": "ExplorerRun.0", "point": 1, "testname": "logic_gates_lab3_nor_1", "cornername": "Nominal"}
[2024-11-05 17:20:21.867 -0300] [INFO] [cadence.virtuoso.ade.simulationMonitor] - Notice from spectre during transient analysis `tran'.
    Trapezoidal ringing is detected during tran analysis.
        Please use method=trap for better results and performance. {"history": "ExplorerRun.0", "point": 1, "testname": "logic_gates_lab3_nor_1", "cornername": "Nominal"}
[2024-11-05 17:20:21.867 -0300] [INFO] [cadence.virtuoso.ade.simulationMonitor] - Intrinsic tran analysis time:    CPU = 198.973 ms, elapsed = 200.662 ms. {"history": "ExplorerRun.0", "point": 1, "testname": "logic_gates_lab3_nor_1", "cornername": "Nominal"}
[2024-11-05 17:20:21.867 -0300] [INFO] [cadence.virtuoso.ade.simulationMonitor] - Total time required for tran analysis `tran': CPU = 199.998 ms, elapsed = 201.686 ms, util. = 99.2%. {"history": "ExplorerRun.0", "point": 1, "testname": "logic_gates_lab3_nor_1", "cornername": "Nominal"}
[2024-11-05 17:20:21.867 -0300] [INFO] [cadence.virtuoso.ade.simulationMonitor] - Peak resident memory used = 220 Mbytes. {"history": "ExplorerRun.0", "point": 1, "testname": "logic_gates_lab3_nor_1", "cornername": "Nominal"}
[2024-11-05 17:20:21.867 -0300] [INFO] [cadence.virtuoso.ade.simulationMonitor] - Notice from spectre.
    995 notices suppressed. {"history": "ExplorerRun.0", "point": 1, "testname": "logic_gates_lab3_nor_1", "cornername": "Nominal"}
[2024-11-05 17:20:21.867 -0300] [INFO] [cadence.virtuoso.ade.simulationMonitor] - Time used: CPU = 523 ms, elapsed = 2.96 s, util. = 17.7%. {"history": "ExplorerRun.0", "point": 1, "testname": "logic_gates_lab3_nor_1", "cornername": "Nominal"}
[2024-11-05 17:20:21.867 -0300] [INFO] [cadence.virtuoso.ade.simulationMonitor] - Time spent in licensing: elapsed = 1.44 s, percentage of total = 48.5%. {"history": "ExplorerRun.0", "point": 1, "testname": "logic_gates_lab3_nor_1", "cornername": "Nominal"}
[2024-11-05 17:20:21.867 -0300] [INFO] [cadence.virtuoso.ade.simulationMonitor] - Peak memory used = 221 Mbytes. {"history": "ExplorerRun.0", "point": 1, "testname": "logic_gates_lab3_nor_1", "cornername": "Nominal"}
[2024-11-05 17:20:21.867 -0300] [PROCESS] [cadence.virtuoso.ade.simulationMonitor] - Simulation started at: 5:20:18 PM, Tue Nov 5, 2024, ended at: 5:20:21 PM, Tue Nov 5, 2024, with elapsed time (wall clock): 2.96 s. {"history": "ExplorerRun.0", "point": 1, "testname": "logic_gates_lab3_nor_1", "cornername": "Nominal"}
[2024-11-05 17:20:21.867 -0300] [PROCESS] [cadence.virtuoso.ade.simulationMonitor] - spectre completes with 0 errors, 0 warnings, and 15 notices. {"history": "ExplorerRun.0", "point": 1, "testname": "logic_gates_lab3_nor_1", "cornername": "Nominal"}
[2024-11-05 17:20:21.867 -0300] [PROCESS] [cadence.virtuoso.ade.simulationMonitor] - Finished simulating for one point {"hostname": "cinova05.lesc.ufc.br", "processid": 98337, "history": "ExplorerRun.0", "testname": "logic_gates_lab3_nor_1", "cornername": "Nominal", "point": 1, "logfile": "/home/cinovador/Documents/course_files/digital_logic/practice_2/logs_cinovador/logs0/Job14.log", "simid": "2", "event": "finish", "category": "simulation"}
[2024-11-05 17:20:21.868 -0300] [PROCESS] [cadence.virtuoso.ade.simulationMonitor] - Simulator exited {"hostname": "cinova05.lesc.ufc.br", "processid": 98337, "history": "ExplorerRun.0", "testname": "logic_gates_lab3_nor_1", "cornername": "Nominal", "point": 1, "logfile": "/home/cinovador/Documents/course_files/digital_logic/practice_2/logs_cinovador/logs0/Job14.log", "exitStatus": "0"}
[2024-11-05 17:20:21.868 -0300] [PROCESS] [cadence.virtuoso.ade.simulationMonitor] - Finished Simulation {"hostname": "cinova05.lesc.ufc.br", "processid": 98337, "history": "ExplorerRun.0", "testname": "logic_gates_lab3_nor_1", "cornername": "Nominal", "point": 1, "logfile": "/home/cinovador/Documents/course_files/digital_logic/practice_2/logs_cinovador/logs0/Job14.log", "simid": "2", "event": "finish", "category": "obsolete"}
[2024-11-05 17:20:22.868 -0300] [PROCESS] [cadence.virtuoso.ade.simulationMonitor] - Point Finished {"hostname": "cinova05.lesc.ufc.br", "processid": 98337, "history": "ExplorerRun.0", "testname": "logic_gates_lab3_nor_1", "cornername": "Nominal", "point": 1, "logfile": "/home/cinovador/Documents/course_files/digital_logic/practice_2/logs_cinovador/logs0/Job14.log", "event": "finish", "category": "sim-eval"}
[2024-11-05 17:20:31.798 -0300] [INFO] [cadence.virtuoso.ade.simulationMonitor] - SimulationMonitor has terminated the vds process '99396', reason: 'Force to stop the expression evalutor process because of new run' {"history": "ExplorerRun.0", "point": 1, "testname": "logic_gates_lab3_nor_1", "cornername": "Nominal"}
[2024-11-05 17:20:31.798 -0300] [PROCESS] [cadence.virtuoso.ade.simulationMonitor] - HostInfo:
Host name (type):	cinova05.lesc.ufc.br (x86_64)
Operating system:	Linux 4.18.0-553.22.1.el8_10.x86_64 #1 SMP Wed Sep 25 09:20:43 UTC 2024 {"hostname": "cinova05.lesc.ufc.br", "processid": 98337, "history": "ExplorerRun.0", "testname": "logic_gates_lab3_nor_1", "cornername": "Nominal", "point": 1, "logfile": "/home/cinovador/Documents/course_files/digital_logic/practice_2/logs_cinovador/logs0/Job14.log", "nodename": "cinova05.lesc.ufc.br", "domainname": "(none)", "machine": "x86_64", "sysname": "Linux", "release": "4.18.0-553.22.1.el8_10.x86_64", "version": "#1 SMP Wed Sep 25 09:20:43 UTC 2024"}
[2024-11-05 17:20:31.798 -0300] [PROCESS] [cadence.virtuoso.ade.simulationMonitor] - UsageInfo:
pid=98337
totalPhysicalMemory=30.835907GB,Used=15.423698GB,totalVirtualMemory=46.441372GB,Used=15.423698GB
Cpu: Cores=20, Load average:0.310000,0.230000,0.220000 {"hostname": "cinova05.lesc.ufc.br", "processid": 98337, "history": "ExplorerRun.0", "testname": "logic_gates_lab3_nor_1", "cornername": "Nominal", "point": 1, "logfile": "/home/cinovador/Documents/course_files/digital_logic/practice_2/logs_cinovador/logs0/Job14.log", "pid": "98337", "totalPhysicalMemory": "30.835907", "physicalMemoryUsed": "15.423698", "totalVirtualMemory": "46.441372", "virtualMemoryUsed": "15.423698", "cpuCores": "20", "processes": "1622", "loadAverage1": "0.310000", "loadAverage5": "0.230000", "loadAverage15": "0.220000", "loadAverage1Percent": "0.015500"}
[2024-11-05 17:20:31.798 -0300] [EVENT] [cadence.virtuoso.ade.simulationMonitor] - NewPoint {"history": "ExplorerRun.0", "point": 1, "testname": "logic_gates_lab3_nor_1", "cornername": "Nominal", "event": "NewPoint", "EventSource": "Simulation Monitor", "HistoryName": "ExplorerRun.0", "logFile": "/home/cinovador/Documents/course_files/digital_logic/practice_2/logs_cinovador/logs0/Job14.log", "logFileSize": "23908", "category": "simulation"}
[2024-11-05 17:20:31.899 -0300] [EVENT] [cadence.virtuoso.ade.simulationMonitor] - NewPoint {"history": "ExplorerRun.0", "point": 1, "testname": "logic_gates_lab3_nor_1", "cornername": "Nominal", "event": "NewPoint", "EventSource": "spectre", "HistoryName": "ExplorerRun.0", "logFile": "/home/cinovador/Documents/course_files/digital_logic/practice_2/logic_gates/lab3_nor/maestro/logic_gates/lab3_nor/maestro/results/maestro/ExplorerRun.0/1/logic_gates_lab3_nor_1/psf/spectre.out", "logFileSize": "-1", "category": "simulation"}
[2024-11-05 17:20:32.841 -0300] [PROCESS] [cadence.virtuoso.ade.simulationMonitor] - Simulator launched {"hostname": "cinova05.lesc.ufc.br", "processid": 98337, "history": "ExplorerRun.0", "testname": "logic_gates_lab3_nor_1", "cornername": "Nominal", "point": 1, "logfile": "/home/cinovador/Documents/course_files/digital_logic/practice_2/logs_cinovador/logs0/Job14.log", "simid": "3", "event": "launch", "category": "simulation"}
[2024-11-05 17:20:32.842 -0300] [PROCESS] [cadence.virtuoso.ade.simulationMonitor] - Expression evaluator launched {"hostname": "cinova05.lesc.ufc.br", "processid": 98337, "history": "ExplorerRun.0", "testname": "logic_gates_lab3_nor_1", "cornername": "Nominal", "point": 1, "logfile": "/home/cinovador/Documents/course_files/digital_logic/practice_2/logs_cinovador/logs0/Job14.log"}
[2024-11-05 17:20:32.875 -0300] [PROCESS] [cadence.virtuoso.ade.simulationMonitor] - Started Simulation {"hostname": "cinova05.lesc.ufc.br", "processid": 98337, "history": "ExplorerRun.0", "testname": "logic_gates_lab3_nor_1", "cornername": "Nominal", "point": 1, "logfile": "/home/cinovador/Documents/course_files/digital_logic/practice_2/logs_cinovador/logs0/Job14.log", "event": "start", "category": "simulation"}
[2024-11-05 17:20:35.876 -0300] [INFO] [cadence.virtuoso.ade.simulationMonitor] - Peak resident memory used = 190 Mbytes. {"history": "ExplorerRun.0", "point": 1, "testname": "logic_gates_lab3_nor_1", "cornername": "Nominal"}
[2024-11-05 17:20:35.876 -0300] [INFO] [cadence.virtuoso.ade.simulationMonitor] - Peak resident memory used = 204 Mbytes. {"history": "ExplorerRun.0", "point": 1, "testname": "logic_gates_lab3_nor_1", "cornername": "Nominal"}
[2024-11-05 17:20:35.876 -0300] [INFO] [cadence.virtuoso.ade.simulationMonitor] - Notice from spectre during hierarchy flattening.
    The value 'psf' specified for the 'checklimitdest' option will no longer be supported in future releases. Use 'spectre -h' to see other recommended values for the 'checklimitdest' option. {"history": "ExplorerRun.0", "point": 1, "testname": "logic_gates_lab3_nor_1", "cornername": "Nominal"}
[2024-11-05 17:20:35.876 -0300] [INFO] [cadence.virtuoso.ade.simulationMonitor] - Peak resident memory used = 205 Mbytes. {"history": "ExplorerRun.0", "point": 1, "testname": "logic_gates_lab3_nor_1", "cornername": "Nominal"}
[2024-11-05 17:20:35.876 -0300] [INFO] [cadence.virtuoso.ade.simulationMonitor] - Notice from spectre during topology check.
    Only one connection to node `net2'. {"history": "ExplorerRun.0", "point": 1, "testname": "logic_gates_lab3_nor_1", "cornername": "Nominal"}
[2024-11-05 17:20:35.876 -0300] [INFO] [cadence.virtuoso.ade.simulationMonitor] - Notice from spectre during initial setup.
    Multithreading is disabled due to the size of the design being too small. {"history": "ExplorerRun.0", "point": 1, "testname": "logic_gates_lab3_nor_1", "cornername": "Nominal"}
[2024-11-05 17:20:35.876 -0300] [INFO] [cadence.virtuoso.ade.simulationMonitor] -               nodes 11 {"history": "ExplorerRun.0", "point": 1, "testname": "logic_gates_lab3_nor_1", "cornername": "Nominal"}
[2024-11-05 17:20:35.876 -0300] [INFO] [cadence.virtuoso.ade.simulationMonitor] - Notice from spectre during initial setup.
    Protected devices exist and are not included in the circuit inventory.
    1 vsources are shorted because their absolute value is less than or equal to 'vabsshort'.
    APS enabled. {"history": "ExplorerRun.0", "point": 1, "testname": "logic_gates_lab3_nor_1", "cornername": "Nominal"}
[2024-11-05 17:20:35.876 -0300] [INFO] [cadence.virtuoso.ade.simulationMonitor] - Peak resident memory used = 208 Mbytes. {"history": "ExplorerRun.0", "point": 1, "testname": "logic_gates_lab3_nor_1", "cornername": "Nominal"}
[2024-11-05 17:20:35.876 -0300] [INFO] [cadence.virtuoso.ade.simulationMonitor] -    -   (APS) Multi-threading. The recommended number of threads is 1, consider adding +mt=1 on command line. {"history": "ExplorerRun.0", "point": 1, "testname": "logic_gates_lab3_nor_1", "cornername": "Nominal"}
[2024-11-05 17:20:35.876 -0300] [INFO] [cadence.virtuoso.ade.simulationMonitor] - Notice from spectre during transient analysis `tran'.
    Multithreading is disabled due to the size of the design being too small. {"history": "ExplorerRun.0", "point": 1, "testname": "logic_gates_lab3_nor_1", "cornername": "Nominal"}
[2024-11-05 17:20:35.876 -0300] [INFO] [cadence.virtuoso.ade.simulationMonitor] - Notice from spectre at time = 508.271 ns during transient analysis `tran'.
    Found trapezoidal ringing on node net1. {"history": "ExplorerRun.0", "point": 1, "testname": "logic_gates_lab3_nor_1", "cornername": "Nominal"}
[2024-11-05 17:20:35.876 -0300] [INFO] [cadence.virtuoso.ade.simulationMonitor] - Notice from spectre at time = 513.142 ns during transient analysis `tran'.
    Found trapezoidal ringing on node net1. {"history": "ExplorerRun.0", "point": 1, "testname": "logic_gates_lab3_nor_1", "cornername": "Nominal"}
[2024-11-05 17:20:35.876 -0300] [INFO] [cadence.virtuoso.ade.simulationMonitor] - Notice from spectre at time = 521.142 ns during transient analysis `tran'.
    Found trapezoidal ringing on node net1. {"history": "ExplorerRun.0", "point": 1, "testname": "logic_gates_lab3_nor_1", "cornername": "Nominal"}
[2024-11-05 17:20:35.876 -0300] [INFO] [cadence.virtuoso.ade.simulationMonitor] - Notice from spectre at time = 534.685 ns during transient analysis `tran'.
    Found trapezoidal ringing on node net1. {"history": "ExplorerRun.0", "point": 1, "testname": "logic_gates_lab3_nor_1", "cornername": "Nominal"}
[2024-11-05 17:20:35.876 -0300] [INFO] [cadence.virtuoso.ade.simulationMonitor] - Notice from spectre at time = 557.316 ns during transient analysis `tran'.
    Found trapezoidal ringing on node net1.
        Further occurrences of this notice will be suppressed. {"history": "ExplorerRun.0", "point": 1, "testname": "logic_gates_lab3_nor_1", "cornername": "Nominal"}
[2024-11-05 17:20:36.376 -0300] [INFO] [cadence.virtuoso.ade.simulationMonitor] - Notice from spectre during transient analysis `tran'.
    Trapezoidal ringing is detected during tran analysis.
        Please use method=trap for better results and performance. {"history": "ExplorerRun.0", "point": 1, "testname": "logic_gates_lab3_nor_1", "cornername": "Nominal"}
[2024-11-05 17:20:36.376 -0300] [INFO] [cadence.virtuoso.ade.simulationMonitor] - Intrinsic tran analysis time:    CPU = 200.54 ms, elapsed = 202.571 ms. {"history": "ExplorerRun.0", "point": 1, "testname": "logic_gates_lab3_nor_1", "cornername": "Nominal"}
[2024-11-05 17:20:36.376 -0300] [INFO] [cadence.virtuoso.ade.simulationMonitor] - Total time required for tran analysis `tran': CPU = 201.591 ms, elapsed = 203.621 ms, util. = 99%. {"history": "ExplorerRun.0", "point": 1, "testname": "logic_gates_lab3_nor_1", "cornername": "Nominal"}
[2024-11-05 17:20:36.376 -0300] [INFO] [cadence.virtuoso.ade.simulationMonitor] - Peak resident memory used = 220 Mbytes. {"history": "ExplorerRun.0", "point": 1, "testname": "logic_gates_lab3_nor_1", "cornername": "Nominal"}
[2024-11-05 17:20:36.376 -0300] [INFO] [cadence.virtuoso.ade.simulationMonitor] - Notice from spectre.
    995 notices suppressed. {"history": "ExplorerRun.0", "point": 1, "testname": "logic_gates_lab3_nor_1", "cornername": "Nominal"}
[2024-11-05 17:20:36.376 -0300] [INFO] [cadence.virtuoso.ade.simulationMonitor] - Time used: CPU = 525 ms, elapsed = 2.87 s, util. = 18.3%. {"history": "ExplorerRun.0", "point": 1, "testname": "logic_gates_lab3_nor_1", "cornername": "Nominal"}
[2024-11-05 17:20:36.376 -0300] [INFO] [cadence.virtuoso.ade.simulationMonitor] - Time spent in licensing: elapsed = 1.43 s, percentage of total = 49.8%. {"history": "ExplorerRun.0", "point": 1, "testname": "logic_gates_lab3_nor_1", "cornername": "Nominal"}
[2024-11-05 17:20:36.376 -0300] [INFO] [cadence.virtuoso.ade.simulationMonitor] - Peak memory used = 221 Mbytes. {"history": "ExplorerRun.0", "point": 1, "testname": "logic_gates_lab3_nor_1", "cornername": "Nominal"}
[2024-11-05 17:20:36.377 -0300] [PROCESS] [cadence.virtuoso.ade.simulationMonitor] - Simulation started at: 5:20:33 PM, Tue Nov 5, 2024, ended at: 5:20:35 PM, Tue Nov 5, 2024, with elapsed time (wall clock): 2.87 s. {"history": "ExplorerRun.0", "point": 1, "testname": "logic_gates_lab3_nor_1", "cornername": "Nominal"}
[2024-11-05 17:20:36.377 -0300] [PROCESS] [cadence.virtuoso.ade.simulationMonitor] - spectre completes with 0 errors, 0 warnings, and 15 notices. {"history": "ExplorerRun.0", "point": 1, "testname": "logic_gates_lab3_nor_1", "cornername": "Nominal"}
[2024-11-05 17:20:36.377 -0300] [PROCESS] [cadence.virtuoso.ade.simulationMonitor] - Finished simulating for one point {"hostname": "cinova05.lesc.ufc.br", "processid": 98337, "history": "ExplorerRun.0", "testname": "logic_gates_lab3_nor_1", "cornername": "Nominal", "point": 1, "logfile": "/home/cinovador/Documents/course_files/digital_logic/practice_2/logs_cinovador/logs0/Job14.log", "simid": "3", "event": "finish", "category": "simulation"}
[2024-11-05 17:20:36.377 -0300] [PROCESS] [cadence.virtuoso.ade.simulationMonitor] - Simulator exited {"hostname": "cinova05.lesc.ufc.br", "processid": 98337, "history": "ExplorerRun.0", "testname": "logic_gates_lab3_nor_1", "cornername": "Nominal", "point": 1, "logfile": "/home/cinovador/Documents/course_files/digital_logic/practice_2/logs_cinovador/logs0/Job14.log", "exitStatus": "0"}
[2024-11-05 17:20:36.377 -0300] [PROCESS] [cadence.virtuoso.ade.simulationMonitor] - Finished Simulation {"hostname": "cinova05.lesc.ufc.br", "processid": 98337, "history": "ExplorerRun.0", "testname": "logic_gates_lab3_nor_1", "cornername": "Nominal", "point": 1, "logfile": "/home/cinovador/Documents/course_files/digital_logic/practice_2/logs_cinovador/logs0/Job14.log", "simid": "3", "event": "finish", "category": "obsolete"}
[2024-11-05 17:20:37.377 -0300] [PROCESS] [cadence.virtuoso.ade.simulationMonitor] - Point Finished {"hostname": "cinova05.lesc.ufc.br", "processid": 98337, "history": "ExplorerRun.0", "testname": "logic_gates_lab3_nor_1", "cornername": "Nominal", "point": 1, "logfile": "/home/cinovador/Documents/course_files/digital_logic/practice_2/logs_cinovador/logs0/Job14.log", "event": "finish", "category": "sim-eval"}
[2024-11-05 17:21:54.023 -0300] [INFO] [cadence.virtuoso.ade.simulationMonitor] - SimulationMonitor has terminated the vds process '99860', reason: 'Force to stop the expression evalutor process because of new run' {"history": "ExplorerRun.0", "point": 1, "testname": "logic_gates_lab3_nor_1", "cornername": "Nominal"}
[2024-11-05 17:21:54.023 -0300] [PROCESS] [cadence.virtuoso.ade.simulationMonitor] - HostInfo:
Host name (type):	cinova05.lesc.ufc.br (x86_64)
Operating system:	Linux 4.18.0-553.22.1.el8_10.x86_64 #1 SMP Wed Sep 25 09:20:43 UTC 2024 {"hostname": "cinova05.lesc.ufc.br", "processid": 98337, "history": "ExplorerRun.0", "testname": "logic_gates_lab3_nor_1", "cornername": "Nominal", "point": 1, "logfile": "/home/cinovador/Documents/course_files/digital_logic/practice_2/logs_cinovador/logs0/Job14.log", "nodename": "cinova05.lesc.ufc.br", "domainname": "(none)", "machine": "x86_64", "sysname": "Linux", "release": "4.18.0-553.22.1.el8_10.x86_64", "version": "#1 SMP Wed Sep 25 09:20:43 UTC 2024"}
[2024-11-05 17:21:54.023 -0300] [PROCESS] [cadence.virtuoso.ade.simulationMonitor] - UsageInfo:
pid=98337
totalPhysicalMemory=30.835907GB,Used=15.480415GB,totalVirtualMemory=46.441372GB,Used=15.480415GB
Cpu: Cores=20, Load average:0.110000,0.190000,0.200000 {"hostname": "cinova05.lesc.ufc.br", "processid": 98337, "history": "ExplorerRun.0", "testname": "logic_gates_lab3_nor_1", "cornername": "Nominal", "point": 1, "logfile": "/home/cinovador/Documents/course_files/digital_logic/practice_2/logs_cinovador/logs0/Job14.log", "pid": "98337", "totalPhysicalMemory": "30.835907", "physicalMemoryUsed": "15.480415", "totalVirtualMemory": "46.441372", "virtualMemoryUsed": "15.480415", "cpuCores": "20", "processes": "1614", "loadAverage1": "0.110000", "loadAverage5": "0.190000", "loadAverage15": "0.200000", "loadAverage1Percent": "0.005500"}
[2024-11-05 17:21:54.024 -0300] [EVENT] [cadence.virtuoso.ade.simulationMonitor] - NewPoint {"history": "ExplorerRun.0", "point": 1, "testname": "logic_gates_lab3_nor_1", "cornername": "Nominal", "event": "NewPoint", "EventSource": "Simulation Monitor", "HistoryName": "ExplorerRun.0", "logFile": "/home/cinovador/Documents/course_files/digital_logic/practice_2/logs_cinovador/logs0/Job14.log", "logFileSize": "37041", "category": "simulation"}
[2024-11-05 17:21:54.124 -0300] [EVENT] [cadence.virtuoso.ade.simulationMonitor] - NewPoint {"history": "ExplorerRun.0", "point": 1, "testname": "logic_gates_lab3_nor_1", "cornername": "Nominal", "event": "NewPoint", "EventSource": "spectre", "HistoryName": "ExplorerRun.0", "logFile": "/home/cinovador/Documents/course_files/digital_logic/practice_2/logic_gates/lab3_nor/maestro/logic_gates/lab3_nor/maestro/results/maestro/ExplorerRun.0/1/logic_gates_lab3_nor_1/psf/spectre.out", "logFileSize": "-1", "category": "simulation"}
[2024-11-05 17:22:04.064 -0300] [PROCESS] [cadence.virtuoso.ade.simulationMonitor] - Simulator launched {"hostname": "cinova05.lesc.ufc.br", "processid": 98337, "history": "ExplorerRun.0", "testname": "logic_gates_lab3_nor_1", "cornername": "Nominal", "point": 1, "logfile": "/home/cinovador/Documents/course_files/digital_logic/practice_2/logs_cinovador/logs0/Job14.log", "simid": "4", "event": "launch", "category": "simulation"}
[2024-11-05 17:22:04.065 -0300] [PROCESS] [cadence.virtuoso.ade.simulationMonitor] - Expression evaluator launched {"hostname": "cinova05.lesc.ufc.br", "processid": 98337, "history": "ExplorerRun.0", "testname": "logic_gates_lab3_nor_1", "cornername": "Nominal", "point": 1, "logfile": "/home/cinovador/Documents/course_files/digital_logic/practice_2/logs_cinovador/logs0/Job14.log"}
[2024-11-05 17:22:04.101 -0300] [PROCESS] [cadence.virtuoso.ade.simulationMonitor] - Started Simulation {"hostname": "cinova05.lesc.ufc.br", "processid": 98337, "history": "ExplorerRun.0", "testname": "logic_gates_lab3_nor_1", "cornername": "Nominal", "point": 1, "logfile": "/home/cinovador/Documents/course_files/digital_logic/practice_2/logs_cinovador/logs0/Job14.log", "event": "start", "category": "simulation"}
[2024-11-05 17:22:07.102 -0300] [INFO] [cadence.virtuoso.ade.simulationMonitor] - Peak resident memory used = 188 Mbytes. {"history": "ExplorerRun.0", "point": 1, "testname": "logic_gates_lab3_nor_1", "cornername": "Nominal"}
[2024-11-05 17:22:07.102 -0300] [INFO] [cadence.virtuoso.ade.simulationMonitor] - Peak resident memory used = 201 Mbytes. {"history": "ExplorerRun.0", "point": 1, "testname": "logic_gates_lab3_nor_1", "cornername": "Nominal"}
[2024-11-05 17:22:07.102 -0300] [INFO] [cadence.virtuoso.ade.simulationMonitor] - Notice from spectre during hierarchy flattening.
    The value 'psf' specified for the 'checklimitdest' option will no longer be supported in future releases. Use 'spectre -h' to see other recommended values for the 'checklimitdest' option. {"history": "ExplorerRun.0", "point": 1, "testname": "logic_gates_lab3_nor_1", "cornername": "Nominal"}
[2024-11-05 17:22:07.102 -0300] [INFO] [cadence.virtuoso.ade.simulationMonitor] - Peak resident memory used = 201 Mbytes. {"history": "ExplorerRun.0", "point": 1, "testname": "logic_gates_lab3_nor_1", "cornername": "Nominal"}
[2024-11-05 17:22:07.102 -0300] [INFO] [cadence.virtuoso.ade.simulationMonitor] - Notice from spectre during topology check.
    Only one connection to node `net2'. {"history": "ExplorerRun.0", "point": 1, "testname": "logic_gates_lab3_nor_1", "cornername": "Nominal"}
[2024-11-05 17:22:07.102 -0300] [INFO] [cadence.virtuoso.ade.simulationMonitor] - Notice from spectre during initial setup.
    Multithreading is disabled due to the size of the design being too small. {"history": "ExplorerRun.0", "point": 1, "testname": "logic_gates_lab3_nor_1", "cornername": "Nominal"}
[2024-11-05 17:22:07.103 -0300] [INFO] [cadence.virtuoso.ade.simulationMonitor] -               nodes 11 {"history": "ExplorerRun.0", "point": 1, "testname": "logic_gates_lab3_nor_1", "cornername": "Nominal"}
[2024-11-05 17:22:07.103 -0300] [INFO] [cadence.virtuoso.ade.simulationMonitor] - Notice from spectre during initial setup.
    Protected devices exist and are not included in the circuit inventory.
    1 vsources are shorted because their absolute value is less than or equal to 'vabsshort'.
    APS enabled. {"history": "ExplorerRun.0", "point": 1, "testname": "logic_gates_lab3_nor_1", "cornername": "Nominal"}
[2024-11-05 17:22:07.103 -0300] [INFO] [cadence.virtuoso.ade.simulationMonitor] - Peak resident memory used = 203 Mbytes. {"history": "ExplorerRun.0", "point": 1, "testname": "logic_gates_lab3_nor_1", "cornername": "Nominal"}
[2024-11-05 17:22:07.103 -0300] [INFO] [cadence.virtuoso.ade.simulationMonitor] -    -   (APS) Multi-threading. The recommended number of threads is 1, consider adding +mt=1 on command line. {"history": "ExplorerRun.0", "point": 1, "testname": "logic_gates_lab3_nor_1", "cornername": "Nominal"}
[2024-11-05 17:22:07.103 -0300] [INFO] [cadence.virtuoso.ade.simulationMonitor] - Notice from spectre during transient analysis `tran'.
    Multithreading is disabled due to the size of the design being too small. {"history": "ExplorerRun.0", "point": 1, "testname": "logic_gates_lab3_nor_1", "cornername": "Nominal"}
[2024-11-05 17:22:07.103 -0300] [INFO] [cadence.virtuoso.ade.simulationMonitor] - Notice from spectre at time = 508.271 ns during transient analysis `tran'.
    Found trapezoidal ringing on node net1. {"history": "ExplorerRun.0", "point": 1, "testname": "logic_gates_lab3_nor_1", "cornername": "Nominal"}
[2024-11-05 17:22:07.103 -0300] [INFO] [cadence.virtuoso.ade.simulationMonitor] - Notice from spectre at time = 513.142 ns during transient analysis `tran'.
    Found trapezoidal ringing on node net1. {"history": "ExplorerRun.0", "point": 1, "testname": "logic_gates_lab3_nor_1", "cornername": "Nominal"}
[2024-11-05 17:22:07.103 -0300] [INFO] [cadence.virtuoso.ade.simulationMonitor] - Notice from spectre at time = 521.142 ns during transient analysis `tran'.
    Found trapezoidal ringing on node net1. {"history": "ExplorerRun.0", "point": 1, "testname": "logic_gates_lab3_nor_1", "cornername": "Nominal"}
[2024-11-05 17:22:07.103 -0300] [INFO] [cadence.virtuoso.ade.simulationMonitor] - Notice from spectre at time = 534.685 ns during transient analysis `tran'.
    Found trapezoidal ringing on node net1. {"history": "ExplorerRun.0", "point": 1, "testname": "logic_gates_lab3_nor_1", "cornername": "Nominal"}
[2024-11-05 17:22:07.103 -0300] [INFO] [cadence.virtuoso.ade.simulationMonitor] - Notice from spectre at time = 557.316 ns during transient analysis `tran'.
    Found trapezoidal ringing on node net1.
        Further occurrences of this notice will be suppressed. {"history": "ExplorerRun.0", "point": 1, "testname": "logic_gates_lab3_nor_1", "cornername": "Nominal"}
[2024-11-05 17:22:07.604 -0300] [INFO] [cadence.virtuoso.ade.simulationMonitor] - Notice from spectre during transient analysis `tran'.
    Trapezoidal ringing is detected during tran analysis.
        Please use method=trap for better results and performance. {"history": "ExplorerRun.0", "point": 1, "testname": "logic_gates_lab3_nor_1", "cornername": "Nominal"}
[2024-11-05 17:22:07.604 -0300] [INFO] [cadence.virtuoso.ade.simulationMonitor] - Intrinsic tran analysis time:    CPU = 198.904 ms, elapsed = 200.965 ms. {"history": "ExplorerRun.0", "point": 1, "testname": "logic_gates_lab3_nor_1", "cornername": "Nominal"}
[2024-11-05 17:22:07.604 -0300] [INFO] [cadence.virtuoso.ade.simulationMonitor] - Total time required for tran analysis `tran': CPU = 200.022 ms, elapsed = 202.082 ms, util. = 99%. {"history": "ExplorerRun.0", "point": 1, "testname": "logic_gates_lab3_nor_1", "cornername": "Nominal"}
[2024-11-05 17:22:07.604 -0300] [INFO] [cadence.virtuoso.ade.simulationMonitor] - Peak resident memory used = 218 Mbytes. {"history": "ExplorerRun.0", "point": 1, "testname": "logic_gates_lab3_nor_1", "cornername": "Nominal"}
[2024-11-05 17:22:07.604 -0300] [INFO] [cadence.virtuoso.ade.simulationMonitor] - Notice from spectre.
    995 notices suppressed. {"history": "ExplorerRun.0", "point": 1, "testname": "logic_gates_lab3_nor_1", "cornername": "Nominal"}
[2024-11-05 17:22:07.604 -0300] [INFO] [cadence.virtuoso.ade.simulationMonitor] - Time used: CPU = 519 ms, elapsed = 2.86 s, util. = 18.1%. {"history": "ExplorerRun.0", "point": 1, "testname": "logic_gates_lab3_nor_1", "cornername": "Nominal"}
[2024-11-05 17:22:07.604 -0300] [INFO] [cadence.virtuoso.ade.simulationMonitor] - Time spent in licensing: elapsed = 1.43 s, percentage of total = 49.9%. {"history": "ExplorerRun.0", "point": 1, "testname": "logic_gates_lab3_nor_1", "cornername": "Nominal"}
[2024-11-05 17:22:07.604 -0300] [INFO] [cadence.virtuoso.ade.simulationMonitor] - Peak memory used = 218 Mbytes. {"history": "ExplorerRun.0", "point": 1, "testname": "logic_gates_lab3_nor_1", "cornername": "Nominal"}
[2024-11-05 17:22:07.604 -0300] [PROCESS] [cadence.virtuoso.ade.simulationMonitor] - Simulation started at: 5:22:04 PM, Tue Nov 5, 2024, ended at: 5:22:07 PM, Tue Nov 5, 2024, with elapsed time (wall clock): 2.86 s. {"history": "ExplorerRun.0", "point": 1, "testname": "logic_gates_lab3_nor_1", "cornername": "Nominal"}
[2024-11-05 17:22:07.604 -0300] [PROCESS] [cadence.virtuoso.ade.simulationMonitor] - spectre completes with 0 errors, 0 warnings, and 15 notices. {"history": "ExplorerRun.0", "point": 1, "testname": "logic_gates_lab3_nor_1", "cornername": "Nominal"}
[2024-11-05 17:22:07.604 -0300] [PROCESS] [cadence.virtuoso.ade.simulationMonitor] - Finished simulating for one point {"hostname": "cinova05.lesc.ufc.br", "processid": 98337, "history": "ExplorerRun.0", "testname": "logic_gates_lab3_nor_1", "cornername": "Nominal", "point": 1, "logfile": "/home/cinovador/Documents/course_files/digital_logic/practice_2/logs_cinovador/logs0/Job14.log", "simid": "4", "event": "finish", "category": "simulation"}
[2024-11-05 17:22:07.604 -0300] [PROCESS] [cadence.virtuoso.ade.simulationMonitor] - Simulator exited {"hostname": "cinova05.lesc.ufc.br", "processid": 98337, "history": "ExplorerRun.0", "testname": "logic_gates_lab3_nor_1", "cornername": "Nominal", "point": 1, "logfile": "/home/cinovador/Documents/course_files/digital_logic/practice_2/logs_cinovador/logs0/Job14.log", "exitStatus": "0"}
[2024-11-05 17:22:07.604 -0300] [PROCESS] [cadence.virtuoso.ade.simulationMonitor] - Finished Simulation {"hostname": "cinova05.lesc.ufc.br", "processid": 98337, "history": "ExplorerRun.0", "testname": "logic_gates_lab3_nor_1", "cornername": "Nominal", "point": 1, "logfile": "/home/cinovador/Documents/course_files/digital_logic/practice_2/logs_cinovador/logs0/Job14.log", "simid": "4", "event": "finish", "category": "obsolete"}
[2024-11-05 17:22:08.605 -0300] [PROCESS] [cadence.virtuoso.ade.simulationMonitor] - Point Finished {"hostname": "cinova05.lesc.ufc.br", "processid": 98337, "history": "ExplorerRun.0", "testname": "logic_gates_lab3_nor_1", "cornername": "Nominal", "point": 1, "logfile": "/home/cinovador/Documents/course_files/digital_logic/practice_2/logs_cinovador/logs0/Job14.log", "event": "finish", "category": "sim-eval"}
[2024-11-05 17:23:49.143 -0300] [INFO] [cadence.virtuoso.ade.simulationMonitor] - SimulationMonitor has terminated the vds process '100657', reason: 'Force to stop the expression evalutor process because of new run' {"history": "ExplorerRun.0", "point": 1, "testname": "logic_gates_lab3_nor_1", "cornername": "Nominal"}
[2024-11-05 17:23:49.143 -0300] [PROCESS] [cadence.virtuoso.ade.simulationMonitor] - HostInfo:
Host name (type):	cinova05.lesc.ufc.br (x86_64)
Operating system:	Linux 4.18.0-553.22.1.el8_10.x86_64 #1 SMP Wed Sep 25 09:20:43 UTC 2024 {"hostname": "cinova05.lesc.ufc.br", "processid": 98337, "history": "ExplorerRun.0", "testname": "logic_gates_lab3_nor_1", "cornername": "Nominal", "point": 1, "logfile": "/home/cinovador/Documents/course_files/digital_logic/practice_2/logs_cinovador/logs0/Job14.log", "nodename": "cinova05.lesc.ufc.br", "domainname": "(none)", "machine": "x86_64", "sysname": "Linux", "release": "4.18.0-553.22.1.el8_10.x86_64", "version": "#1 SMP Wed Sep 25 09:20:43 UTC 2024"}
[2024-11-05 17:23:49.143 -0300] [PROCESS] [cadence.virtuoso.ade.simulationMonitor] - UsageInfo:
pid=98337
totalPhysicalMemory=30.835907GB,Used=15.468380GB,totalVirtualMemory=46.441372GB,Used=15.468380GB
Cpu: Cores=20, Load average:0.220000,0.190000,0.200000 {"hostname": "cinova05.lesc.ufc.br", "processid": 98337, "history": "ExplorerRun.0", "testname": "logic_gates_lab3_nor_1", "cornername": "Nominal", "point": 1, "logfile": "/home/cinovador/Documents/course_files/digital_logic/practice_2/logs_cinovador/logs0/Job14.log", "pid": "98337", "totalPhysicalMemory": "30.835907", "physicalMemoryUsed": "15.468380", "totalVirtualMemory": "46.441372", "virtualMemoryUsed": "15.468380", "cpuCores": "20", "processes": "1609", "loadAverage1": "0.220000", "loadAverage5": "0.190000", "loadAverage15": "0.200000", "loadAverage1Percent": "0.011000"}
[2024-11-05 17:23:49.144 -0300] [EVENT] [cadence.virtuoso.ade.simulationMonitor] - NewPoint {"history": "ExplorerRun.0", "point": 1, "testname": "logic_gates_lab3_nor_1", "cornername": "Nominal", "event": "NewPoint", "EventSource": "Simulation Monitor", "HistoryName": "ExplorerRun.0", "logFile": "/home/cinovador/Documents/course_files/digital_logic/practice_2/logs_cinovador/logs0/Job14.log", "logFileSize": "50176", "category": "simulation"}
[2024-11-05 17:23:49.244 -0300] [EVENT] [cadence.virtuoso.ade.simulationMonitor] - NewPoint {"history": "ExplorerRun.0", "point": 1, "testname": "logic_gates_lab3_nor_1", "cornername": "Nominal", "event": "NewPoint", "EventSource": "spectre", "HistoryName": "ExplorerRun.0", "logFile": "/home/cinovador/Documents/course_files/digital_logic/practice_2/logic_gates/lab3_nor/maestro/logic_gates/lab3_nor/maestro/results/maestro/ExplorerRun.0/1/logic_gates_lab3_nor_1/psf/spectre.out", "logFileSize": "-1", "category": "simulation"}
[2024-11-05 17:23:59.190 -0300] [PROCESS] [cadence.virtuoso.ade.simulationMonitor] - Simulator launched {"hostname": "cinova05.lesc.ufc.br", "processid": 98337, "history": "ExplorerRun.0", "testname": "logic_gates_lab3_nor_1", "cornername": "Nominal", "point": 1, "logfile": "/home/cinovador/Documents/course_files/digital_logic/practice_2/logs_cinovador/logs0/Job14.log", "simid": "5", "event": "launch", "category": "simulation"}
[2024-11-05 17:23:59.191 -0300] [PROCESS] [cadence.virtuoso.ade.simulationMonitor] - Expression evaluator launched {"hostname": "cinova05.lesc.ufc.br", "processid": 98337, "history": "ExplorerRun.0", "testname": "logic_gates_lab3_nor_1", "cornername": "Nominal", "point": 1, "logfile": "/home/cinovador/Documents/course_files/digital_logic/practice_2/logs_cinovador/logs0/Job14.log"}
[2024-11-05 17:23:59.228 -0300] [PROCESS] [cadence.virtuoso.ade.simulationMonitor] - Started Simulation {"hostname": "cinova05.lesc.ufc.br", "processid": 98337, "history": "ExplorerRun.0", "testname": "logic_gates_lab3_nor_1", "cornername": "Nominal", "point": 1, "logfile": "/home/cinovador/Documents/course_files/digital_logic/practice_2/logs_cinovador/logs0/Job14.log", "event": "start", "category": "simulation"}
[2024-11-05 17:24:02.229 -0300] [INFO] [cadence.virtuoso.ade.simulationMonitor] - Peak resident memory used = 190 Mbytes. {"history": "ExplorerRun.0", "point": 1, "testname": "logic_gates_lab3_nor_1", "cornername": "Nominal"}
[2024-11-05 17:24:02.229 -0300] [INFO] [cadence.virtuoso.ade.simulationMonitor] - Peak resident memory used = 201 Mbytes. {"history": "ExplorerRun.0", "point": 1, "testname": "logic_gates_lab3_nor_1", "cornername": "Nominal"}
[2024-11-05 17:24:02.229 -0300] [INFO] [cadence.virtuoso.ade.simulationMonitor] - Notice from spectre during hierarchy flattening.
    The value 'psf' specified for the 'checklimitdest' option will no longer be supported in future releases. Use 'spectre -h' to see other recommended values for the 'checklimitdest' option. {"history": "ExplorerRun.0", "point": 1, "testname": "logic_gates_lab3_nor_1", "cornername": "Nominal"}
[2024-11-05 17:24:02.229 -0300] [INFO] [cadence.virtuoso.ade.simulationMonitor] - Peak resident memory used = 203 Mbytes. {"history": "ExplorerRun.0", "point": 1, "testname": "logic_gates_lab3_nor_1", "cornername": "Nominal"}
[2024-11-05 17:24:02.229 -0300] [INFO] [cadence.virtuoso.ade.simulationMonitor] - Notice from spectre during topology check.
    Only one connection to node `net2'. {"history": "ExplorerRun.0", "point": 1, "testname": "logic_gates_lab3_nor_1", "cornername": "Nominal"}
[2024-11-05 17:24:02.229 -0300] [INFO] [cadence.virtuoso.ade.simulationMonitor] - Notice from spectre during initial setup.
    Multithreading is disabled due to the size of the design being too small. {"history": "ExplorerRun.0", "point": 1, "testname": "logic_gates_lab3_nor_1", "cornername": "Nominal"}
[2024-11-05 17:24:02.229 -0300] [INFO] [cadence.virtuoso.ade.simulationMonitor] -               nodes 11 {"history": "ExplorerRun.0", "point": 1, "testname": "logic_gates_lab3_nor_1", "cornername": "Nominal"}
[2024-11-05 17:24:02.229 -0300] [INFO] [cadence.virtuoso.ade.simulationMonitor] - Notice from spectre during initial setup.
    Protected devices exist and are not included in the circuit inventory.
    1 vsources are shorted because their absolute value is less than or equal to 'vabsshort'.
    APS enabled. {"history": "ExplorerRun.0", "point": 1, "testname": "logic_gates_lab3_nor_1", "cornername": "Nominal"}
[2024-11-05 17:24:02.229 -0300] [INFO] [cadence.virtuoso.ade.simulationMonitor] - Peak resident memory used = 206 Mbytes. {"history": "ExplorerRun.0", "point": 1, "testname": "logic_gates_lab3_nor_1", "cornername": "Nominal"}
[2024-11-05 17:24:02.229 -0300] [INFO] [cadence.virtuoso.ade.simulationMonitor] -    -   (APS) Multi-threading. The recommended number of threads is 1, consider adding +mt=1 on command line. {"history": "ExplorerRun.0", "point": 1, "testname": "logic_gates_lab3_nor_1", "cornername": "Nominal"}
[2024-11-05 17:24:02.229 -0300] [INFO] [cadence.virtuoso.ade.simulationMonitor] - Notice from spectre during transient analysis `tran'.
    Multithreading is disabled due to the size of the design being too small. {"history": "ExplorerRun.0", "point": 1, "testname": "logic_gates_lab3_nor_1", "cornername": "Nominal"}
[2024-11-05 17:24:02.229 -0300] [INFO] [cadence.virtuoso.ade.simulationMonitor] - Notice from spectre at time = 508.271 ns during transient analysis `tran'.
    Found trapezoidal ringing on node net1. {"history": "ExplorerRun.0", "point": 1, "testname": "logic_gates_lab3_nor_1", "cornername": "Nominal"}
[2024-11-05 17:24:02.229 -0300] [INFO] [cadence.virtuoso.ade.simulationMonitor] - Notice from spectre at time = 513.142 ns during transient analysis `tran'.
    Found trapezoidal ringing on node net1. {"history": "ExplorerRun.0", "point": 1, "testname": "logic_gates_lab3_nor_1", "cornername": "Nominal"}
[2024-11-05 17:24:02.229 -0300] [INFO] [cadence.virtuoso.ade.simulationMonitor] - Notice from spectre at time = 521.142 ns during transient analysis `tran'.
    Found trapezoidal ringing on node net1. {"history": "ExplorerRun.0", "point": 1, "testname": "logic_gates_lab3_nor_1", "cornername": "Nominal"}
[2024-11-05 17:24:02.229 -0300] [INFO] [cadence.virtuoso.ade.simulationMonitor] - Notice from spectre at time = 534.685 ns during transient analysis `tran'.
    Found trapezoidal ringing on node net1. {"history": "ExplorerRun.0", "point": 1, "testname": "logic_gates_lab3_nor_1", "cornername": "Nominal"}
[2024-11-05 17:24:02.229 -0300] [INFO] [cadence.virtuoso.ade.simulationMonitor] - Notice from spectre at time = 557.316 ns during transient analysis `tran'.
    Found trapezoidal ringing on node net1.
        Further occurrences of this notice will be suppressed. {"history": "ExplorerRun.0", "point": 1, "testname": "logic_gates_lab3_nor_1", "cornername": "Nominal"}
[2024-11-05 17:24:02.729 -0300] [INFO] [cadence.virtuoso.ade.simulationMonitor] - Notice from spectre during transient analysis `tran'.
    Trapezoidal ringing is detected during tran analysis.
        Please use method=trap for better results and performance. {"history": "ExplorerRun.0", "point": 1, "testname": "logic_gates_lab3_nor_1", "cornername": "Nominal"}
[2024-11-05 17:24:02.729 -0300] [INFO] [cadence.virtuoso.ade.simulationMonitor] - Intrinsic tran analysis time:    CPU = 199.128 ms, elapsed = 200.942 ms. {"history": "ExplorerRun.0", "point": 1, "testname": "logic_gates_lab3_nor_1", "cornername": "Nominal"}
[2024-11-05 17:24:02.729 -0300] [INFO] [cadence.virtuoso.ade.simulationMonitor] - Total time required for tran analysis `tran': CPU = 200.157 ms, elapsed = 201.97 ms, util. = 99.1%. {"history": "ExplorerRun.0", "point": 1, "testname": "logic_gates_lab3_nor_1", "cornername": "Nominal"}
[2024-11-05 17:24:02.729 -0300] [INFO] [cadence.virtuoso.ade.simulationMonitor] - Peak resident memory used = 218 Mbytes. {"history": "ExplorerRun.0", "point": 1, "testname": "logic_gates_lab3_nor_1", "cornername": "Nominal"}
[2024-11-05 17:24:02.729 -0300] [INFO] [cadence.virtuoso.ade.simulationMonitor] - Notice from spectre.
    995 notices suppressed. {"history": "ExplorerRun.0", "point": 1, "testname": "logic_gates_lab3_nor_1", "cornername": "Nominal"}
[2024-11-05 17:24:02.729 -0300] [INFO] [cadence.virtuoso.ade.simulationMonitor] - Time used: CPU = 529 ms, elapsed = 2.97 s, util. = 17.8%. {"history": "ExplorerRun.0", "point": 1, "testname": "logic_gates_lab3_nor_1", "cornername": "Nominal"}
[2024-11-05 17:24:02.729 -0300] [INFO] [cadence.virtuoso.ade.simulationMonitor] - Time spent in licensing: elapsed = 1.63 s, percentage of total = 54.9%. {"history": "ExplorerRun.0", "point": 1, "testname": "logic_gates_lab3_nor_1", "cornername": "Nominal"}
[2024-11-05 17:24:02.729 -0300] [INFO] [cadence.virtuoso.ade.simulationMonitor] - Peak memory used = 218 Mbytes. {"history": "ExplorerRun.0", "point": 1, "testname": "logic_gates_lab3_nor_1", "cornername": "Nominal"}
[2024-11-05 17:24:02.729 -0300] [PROCESS] [cadence.virtuoso.ade.simulationMonitor] - Simulation started at: 5:23:59 PM, Tue Nov 5, 2024, ended at: 5:24:02 PM, Tue Nov 5, 2024, with elapsed time (wall clock): 2.97 s. {"history": "ExplorerRun.0", "point": 1, "testname": "logic_gates_lab3_nor_1", "cornername": "Nominal"}
[2024-11-05 17:24:02.729 -0300] [PROCESS] [cadence.virtuoso.ade.simulationMonitor] - spectre completes with 0 errors, 0 warnings, and 15 notices. {"history": "ExplorerRun.0", "point": 1, "testname": "logic_gates_lab3_nor_1", "cornername": "Nominal"}
[2024-11-05 17:24:02.730 -0300] [PROCESS] [cadence.virtuoso.ade.simulationMonitor] - Finished simulating for one point {"hostname": "cinova05.lesc.ufc.br", "processid": 98337, "history": "ExplorerRun.0", "testname": "logic_gates_lab3_nor_1", "cornername": "Nominal", "point": 1, "logfile": "/home/cinovador/Documents/course_files/digital_logic/practice_2/logs_cinovador/logs0/Job14.log", "simid": "5", "event": "finish", "category": "simulation"}
[2024-11-05 17:24:02.730 -0300] [PROCESS] [cadence.virtuoso.ade.simulationMonitor] - Simulator exited {"hostname": "cinova05.lesc.ufc.br", "processid": 98337, "history": "ExplorerRun.0", "testname": "logic_gates_lab3_nor_1", "cornername": "Nominal", "point": 1, "logfile": "/home/cinovador/Documents/course_files/digital_logic/practice_2/logs_cinovador/logs0/Job14.log", "exitStatus": "0"}
[2024-11-05 17:24:02.730 -0300] [PROCESS] [cadence.virtuoso.ade.simulationMonitor] - Finished Simulation {"hostname": "cinova05.lesc.ufc.br", "processid": 98337, "history": "ExplorerRun.0", "testname": "logic_gates_lab3_nor_1", "cornername": "Nominal", "point": 1, "logfile": "/home/cinovador/Documents/course_files/digital_logic/practice_2/logs_cinovador/logs0/Job14.log", "simid": "5", "event": "finish", "category": "obsolete"}
[2024-11-05 17:24:03.730 -0300] [PROCESS] [cadence.virtuoso.ade.simulationMonitor] - Point Finished {"hostname": "cinova05.lesc.ufc.br", "processid": 98337, "history": "ExplorerRun.0", "testname": "logic_gates_lab3_nor_1", "cornername": "Nominal", "point": 1, "logfile": "/home/cinovador/Documents/course_files/digital_logic/practice_2/logs_cinovador/logs0/Job14.log", "event": "finish", "category": "sim-eval"}
[2024-11-05 17:25:35.883 -0300] [INFO] [cadence.virtuoso.ade.simulationMonitor] - SimulationMonitor has terminated the vds process '101557', reason: 'Force to stop the expression evalutor process because of new run' {"history": "ExplorerRun.0", "point": 1, "testname": "logic_gates_lab3_nor_1", "cornername": "Nominal"}
[2024-11-05 17:25:35.883 -0300] [PROCESS] [cadence.virtuoso.ade.simulationMonitor] - HostInfo:
Host name (type):	cinova05.lesc.ufc.br (x86_64)
Operating system:	Linux 4.18.0-553.22.1.el8_10.x86_64 #1 SMP Wed Sep 25 09:20:43 UTC 2024 {"hostname": "cinova05.lesc.ufc.br", "processid": 98337, "history": "ExplorerRun.0", "testname": "logic_gates_lab3_nor_1", "cornername": "Nominal", "point": 1, "logfile": "/home/cinovador/Documents/course_files/digital_logic/practice_2/logs_cinovador/logs0/Job14.log", "nodename": "cinova05.lesc.ufc.br", "domainname": "(none)", "machine": "x86_64", "sysname": "Linux", "release": "4.18.0-553.22.1.el8_10.x86_64", "version": "#1 SMP Wed Sep 25 09:20:43 UTC 2024"}
[2024-11-05 17:25:35.883 -0300] [PROCESS] [cadence.virtuoso.ade.simulationMonitor] - UsageInfo:
pid=98337
totalPhysicalMemory=30.835907GB,Used=15.517963GB,totalVirtualMemory=46.441372GB,Used=15.517963GB
Cpu: Cores=20, Load average:0.150000,0.190000,0.190000 {"hostname": "cinova05.lesc.ufc.br", "processid": 98337, "history": "ExplorerRun.0", "testname": "logic_gates_lab3_nor_1", "cornername": "Nominal", "point": 1, "logfile": "/home/cinovador/Documents/course_files/digital_logic/practice_2/logs_cinovador/logs0/Job14.log", "pid": "98337", "totalPhysicalMemory": "30.835907", "physicalMemoryUsed": "15.517963", "totalVirtualMemory": "46.441372", "virtualMemoryUsed": "15.517963", "cpuCores": "20", "processes": "1601", "loadAverage1": "0.150000", "loadAverage5": "0.190000", "loadAverage15": "0.190000", "loadAverage1Percent": "0.007500"}
[2024-11-05 17:25:35.883 -0300] [EVENT] [cadence.virtuoso.ade.simulationMonitor] - NewPoint {"history": "ExplorerRun.0", "point": 1, "testname": "logic_gates_lab3_nor_1", "cornername": "Nominal", "event": "NewPoint", "EventSource": "Simulation Monitor", "HistoryName": "ExplorerRun.0", "logFile": "/home/cinovador/Documents/course_files/digital_logic/practice_2/logs_cinovador/logs0/Job14.log", "logFileSize": "63312", "category": "simulation"}
[2024-11-05 17:25:35.984 -0300] [EVENT] [cadence.virtuoso.ade.simulationMonitor] - NewPoint {"history": "ExplorerRun.0", "point": 1, "testname": "logic_gates_lab3_nor_1", "cornername": "Nominal", "event": "NewPoint", "EventSource": "spectre", "HistoryName": "ExplorerRun.0", "logFile": "/home/cinovador/Documents/course_files/digital_logic/practice_2/logic_gates/lab3_nor/maestro/logic_gates/lab3_nor/maestro/results/maestro/ExplorerRun.0/1/logic_gates_lab3_nor_1/psf/spectre.out", "logFileSize": "-1", "category": "simulation"}
[2024-11-05 17:25:36.918 -0300] [PROCESS] [cadence.virtuoso.ade.simulationMonitor] - Simulator launched {"hostname": "cinova05.lesc.ufc.br", "processid": 98337, "history": "ExplorerRun.0", "testname": "logic_gates_lab3_nor_1", "cornername": "Nominal", "point": 1, "logfile": "/home/cinovador/Documents/course_files/digital_logic/practice_2/logs_cinovador/logs0/Job14.log", "simid": "6", "event": "launch", "category": "simulation"}
[2024-11-05 17:25:36.918 -0300] [PROCESS] [cadence.virtuoso.ade.simulationMonitor] - Expression evaluator launched {"hostname": "cinova05.lesc.ufc.br", "processid": 98337, "history": "ExplorerRun.0", "testname": "logic_gates_lab3_nor_1", "cornername": "Nominal", "point": 1, "logfile": "/home/cinovador/Documents/course_files/digital_logic/practice_2/logs_cinovador/logs0/Job14.log"}
[2024-11-05 17:25:36.953 -0300] [PROCESS] [cadence.virtuoso.ade.simulationMonitor] - Started Simulation {"hostname": "cinova05.lesc.ufc.br", "processid": 98337, "history": "ExplorerRun.0", "testname": "logic_gates_lab3_nor_1", "cornername": "Nominal", "point": 1, "logfile": "/home/cinovador/Documents/course_files/digital_logic/practice_2/logs_cinovador/logs0/Job14.log", "event": "start", "category": "simulation"}
[2024-11-05 17:25:39.954 -0300] [INFO] [cadence.virtuoso.ade.simulationMonitor] - Peak resident memory used = 186 Mbytes. {"history": "ExplorerRun.0", "point": 1, "testname": "logic_gates_lab3_nor_1", "cornername": "Nominal"}
[2024-11-05 17:25:39.954 -0300] [INFO] [cadence.virtuoso.ade.simulationMonitor] - Peak resident memory used = 198 Mbytes. {"history": "ExplorerRun.0", "point": 1, "testname": "logic_gates_lab3_nor_1", "cornername": "Nominal"}
[2024-11-05 17:25:39.954 -0300] [INFO] [cadence.virtuoso.ade.simulationMonitor] - Notice from spectre during hierarchy flattening.
    The value 'psf' specified for the 'checklimitdest' option will no longer be supported in future releases. Use 'spectre -h' to see other recommended values for the 'checklimitdest' option. {"history": "ExplorerRun.0", "point": 1, "testname": "logic_gates_lab3_nor_1", "cornername": "Nominal"}
[2024-11-05 17:25:39.954 -0300] [INFO] [cadence.virtuoso.ade.simulationMonitor] - Peak resident memory used = 199 Mbytes. {"history": "ExplorerRun.0", "point": 1, "testname": "logic_gates_lab3_nor_1", "cornername": "Nominal"}
[2024-11-05 17:25:39.954 -0300] [INFO] [cadence.virtuoso.ade.simulationMonitor] - Notice from spectre during topology check.
    Only one connection to node `net2'. {"history": "ExplorerRun.0", "point": 1, "testname": "logic_gates_lab3_nor_1", "cornername": "Nominal"}
[2024-11-05 17:25:39.954 -0300] [INFO] [cadence.virtuoso.ade.simulationMonitor] - Notice from spectre during initial setup.
    Multithreading is disabled due to the size of the design being too small. {"history": "ExplorerRun.0", "point": 1, "testname": "logic_gates_lab3_nor_1", "cornername": "Nominal"}
[2024-11-05 17:25:39.954 -0300] [INFO] [cadence.virtuoso.ade.simulationMonitor] -               nodes 11 {"history": "ExplorerRun.0", "point": 1, "testname": "logic_gates_lab3_nor_1", "cornername": "Nominal"}
[2024-11-05 17:25:39.954 -0300] [INFO] [cadence.virtuoso.ade.simulationMonitor] - Notice from spectre during initial setup.
    Protected devices exist and are not included in the circuit inventory.
    1 vsources are shorted because their absolute value is less than or equal to 'vabsshort'.
    APS enabled. {"history": "ExplorerRun.0", "point": 1, "testname": "logic_gates_lab3_nor_1", "cornername": "Nominal"}
[2024-11-05 17:25:39.954 -0300] [INFO] [cadence.virtuoso.ade.simulationMonitor] - Peak resident memory used = 202 Mbytes. {"history": "ExplorerRun.0", "point": 1, "testname": "logic_gates_lab3_nor_1", "cornername": "Nominal"}
[2024-11-05 17:25:39.954 -0300] [INFO] [cadence.virtuoso.ade.simulationMonitor] -    -   (APS) Multi-threading. The recommended number of threads is 1, consider adding +mt=1 on command line. {"history": "ExplorerRun.0", "point": 1, "testname": "logic_gates_lab3_nor_1", "cornername": "Nominal"}
[2024-11-05 17:25:39.954 -0300] [INFO] [cadence.virtuoso.ade.simulationMonitor] - Notice from spectre during transient analysis `tran'.
    Multithreading is disabled due to the size of the design being too small. {"history": "ExplorerRun.0", "point": 1, "testname": "logic_gates_lab3_nor_1", "cornername": "Nominal"}
[2024-11-05 17:25:39.954 -0300] [INFO] [cadence.virtuoso.ade.simulationMonitor] - Notice from spectre at time = 508.271 ns during transient analysis `tran'.
    Found trapezoidal ringing on node net1. {"history": "ExplorerRun.0", "point": 1, "testname": "logic_gates_lab3_nor_1", "cornername": "Nominal"}
[2024-11-05 17:25:39.954 -0300] [INFO] [cadence.virtuoso.ade.simulationMonitor] - Notice from spectre at time = 513.142 ns during transient analysis `tran'.
    Found trapezoidal ringing on node net1. {"history": "ExplorerRun.0", "point": 1, "testname": "logic_gates_lab3_nor_1", "cornername": "Nominal"}
[2024-11-05 17:25:39.954 -0300] [INFO] [cadence.virtuoso.ade.simulationMonitor] - Notice from spectre at time = 521.142 ns during transient analysis `tran'.
    Found trapezoidal ringing on node net1. {"history": "ExplorerRun.0", "point": 1, "testname": "logic_gates_lab3_nor_1", "cornername": "Nominal"}
[2024-11-05 17:25:39.954 -0300] [INFO] [cadence.virtuoso.ade.simulationMonitor] - Notice from spectre at time = 534.685 ns during transient analysis `tran'.
    Found trapezoidal ringing on node net1. {"history": "ExplorerRun.0", "point": 1, "testname": "logic_gates_lab3_nor_1", "cornername": "Nominal"}
[2024-11-05 17:25:39.954 -0300] [INFO] [cadence.virtuoso.ade.simulationMonitor] - Notice from spectre at time = 557.316 ns during transient analysis `tran'.
    Found trapezoidal ringing on node net1.
        Further occurrences of this notice will be suppressed. {"history": "ExplorerRun.0", "point": 1, "testname": "logic_gates_lab3_nor_1", "cornername": "Nominal"}
[2024-11-05 17:25:40.455 -0300] [INFO] [cadence.virtuoso.ade.simulationMonitor] - Notice from spectre during transient analysis `tran'.
    Trapezoidal ringing is detected during tran analysis.
        Please use method=trap for better results and performance. {"history": "ExplorerRun.0", "point": 1, "testname": "logic_gates_lab3_nor_1", "cornername": "Nominal"}
[2024-11-05 17:25:40.455 -0300] [INFO] [cadence.virtuoso.ade.simulationMonitor] - Intrinsic tran analysis time:    CPU = 202.927 ms, elapsed = 205.073 ms. {"history": "ExplorerRun.0", "point": 1, "testname": "logic_gates_lab3_nor_1", "cornername": "Nominal"}
[2024-11-05 17:25:40.455 -0300] [INFO] [cadence.virtuoso.ade.simulationMonitor] - Total time required for tran analysis `tran': CPU = 204.023 ms, elapsed = 206.171 ms, util. = 99%. {"history": "ExplorerRun.0", "point": 1, "testname": "logic_gates_lab3_nor_1", "cornername": "Nominal"}
[2024-11-05 17:25:40.455 -0300] [INFO] [cadence.virtuoso.ade.simulationMonitor] - Peak resident memory used = 215 Mbytes. {"history": "ExplorerRun.0", "point": 1, "testname": "logic_gates_lab3_nor_1", "cornername": "Nominal"}
[2024-11-05 17:25:40.455 -0300] [INFO] [cadence.virtuoso.ade.simulationMonitor] - Notice from spectre.
    995 notices suppressed. {"history": "ExplorerRun.0", "point": 1, "testname": "logic_gates_lab3_nor_1", "cornername": "Nominal"}
[2024-11-05 17:25:40.455 -0300] [INFO] [cadence.virtuoso.ade.simulationMonitor] - Time used: CPU = 530 ms, elapsed = 2.85 s, util. = 18.6%. {"history": "ExplorerRun.0", "point": 1, "testname": "logic_gates_lab3_nor_1", "cornername": "Nominal"}
[2024-11-05 17:25:40.455 -0300] [INFO] [cadence.virtuoso.ade.simulationMonitor] - Time spent in licensing: elapsed = 1.42 s, percentage of total = 49.8%. {"history": "ExplorerRun.0", "point": 1, "testname": "logic_gates_lab3_nor_1", "cornername": "Nominal"}
[2024-11-05 17:25:40.455 -0300] [INFO] [cadence.virtuoso.ade.simulationMonitor] - Peak memory used = 215 Mbytes. {"history": "ExplorerRun.0", "point": 1, "testname": "logic_gates_lab3_nor_1", "cornername": "Nominal"}
[2024-11-05 17:25:40.455 -0300] [PROCESS] [cadence.virtuoso.ade.simulationMonitor] - Simulation started at: 5:25:37 PM, Tue Nov 5, 2024, ended at: 5:25:39 PM, Tue Nov 5, 2024, with elapsed time (wall clock): 2.85 s. {"history": "ExplorerRun.0", "point": 1, "testname": "logic_gates_lab3_nor_1", "cornername": "Nominal"}
[2024-11-05 17:25:40.455 -0300] [PROCESS] [cadence.virtuoso.ade.simulationMonitor] - spectre completes with 0 errors, 0 warnings, and 15 notices. {"history": "ExplorerRun.0", "point": 1, "testname": "logic_gates_lab3_nor_1", "cornername": "Nominal"}
[2024-11-05 17:25:40.455 -0300] [PROCESS] [cadence.virtuoso.ade.simulationMonitor] - Finished simulating for one point {"hostname": "cinova05.lesc.ufc.br", "processid": 98337, "history": "ExplorerRun.0", "testname": "logic_gates_lab3_nor_1", "cornername": "Nominal", "point": 1, "logfile": "/home/cinovador/Documents/course_files/digital_logic/practice_2/logs_cinovador/logs0/Job14.log", "simid": "6", "event": "finish", "category": "simulation"}
[2024-11-05 17:25:40.455 -0300] [PROCESS] [cadence.virtuoso.ade.simulationMonitor] - Simulator exited {"hostname": "cinova05.lesc.ufc.br", "processid": 98337, "history": "ExplorerRun.0", "testname": "logic_gates_lab3_nor_1", "cornername": "Nominal", "point": 1, "logfile": "/home/cinovador/Documents/course_files/digital_logic/practice_2/logs_cinovador/logs0/Job14.log", "exitStatus": "0"}
[2024-11-05 17:25:40.455 -0300] [PROCESS] [cadence.virtuoso.ade.simulationMonitor] - Finished Simulation {"hostname": "cinova05.lesc.ufc.br", "processid": 98337, "history": "ExplorerRun.0", "testname": "logic_gates_lab3_nor_1", "cornername": "Nominal", "point": 1, "logfile": "/home/cinovador/Documents/course_files/digital_logic/practice_2/logs_cinovador/logs0/Job14.log", "simid": "6", "event": "finish", "category": "obsolete"}
[2024-11-05 17:25:41.456 -0300] [PROCESS] [cadence.virtuoso.ade.simulationMonitor] - Point Finished {"hostname": "cinova05.lesc.ufc.br", "processid": 98337, "history": "ExplorerRun.0", "testname": "logic_gates_lab3_nor_1", "cornername": "Nominal", "point": 1, "logfile": "/home/cinovador/Documents/course_files/digital_logic/practice_2/logs_cinovador/logs0/Job14.log", "event": "finish", "category": "sim-eval"}
[2024-11-05 17:26:26.531 -0300] [INFO] [cadence.virtuoso.ade.simulationMonitor] - SimulationMonitor has terminated the vds process '102434', reason: 'Force to stop the expression evalutor process because of new run' {"history": "ExplorerRun.0", "point": 1, "testname": "logic_gates_lab3_nor_1", "cornername": "Nominal"}
[2024-11-05 17:26:26.531 -0300] [PROCESS] [cadence.virtuoso.ade.simulationMonitor] - HostInfo:
Host name (type):	cinova05.lesc.ufc.br (x86_64)
Operating system:	Linux 4.18.0-553.22.1.el8_10.x86_64 #1 SMP Wed Sep 25 09:20:43 UTC 2024 {"hostname": "cinova05.lesc.ufc.br", "processid": 98337, "history": "ExplorerRun.0", "testname": "logic_gates_lab3_nor_1", "cornername": "Nominal", "point": 1, "logfile": "/home/cinovador/Documents/course_files/digital_logic/practice_2/logs_cinovador/logs0/Job14.log", "nodename": "cinova05.lesc.ufc.br", "domainname": "(none)", "machine": "x86_64", "sysname": "Linux", "release": "4.18.0-553.22.1.el8_10.x86_64", "version": "#1 SMP Wed Sep 25 09:20:43 UTC 2024"}
[2024-11-05 17:26:26.531 -0300] [PROCESS] [cadence.virtuoso.ade.simulationMonitor] - UsageInfo:
pid=98337
totalPhysicalMemory=30.835907GB,Used=15.482956GB,totalVirtualMemory=46.441372GB,Used=15.482956GB
Cpu: Cores=20, Load average:0.230000,0.200000,0.190000 {"hostname": "cinova05.lesc.ufc.br", "processid": 98337, "history": "ExplorerRun.0", "testname": "logic_gates_lab3_nor_1", "cornername": "Nominal", "point": 1, "logfile": "/home/cinovador/Documents/course_files/digital_logic/practice_2/logs_cinovador/logs0/Job14.log", "pid": "98337", "totalPhysicalMemory": "30.835907", "physicalMemoryUsed": "15.482956", "totalVirtualMemory": "46.441372", "virtualMemoryUsed": "15.482956", "cpuCores": "20", "processes": "1595", "loadAverage1": "0.230000", "loadAverage5": "0.200000", "loadAverage15": "0.190000", "loadAverage1Percent": "0.011500"}
[2024-11-05 17:26:26.531 -0300] [EVENT] [cadence.virtuoso.ade.simulationMonitor] - NewPoint {"history": "ExplorerRun.0", "point": 1, "testname": "logic_gates_lab3_nor_1", "cornername": "Nominal", "event": "NewPoint", "EventSource": "Simulation Monitor", "HistoryName": "ExplorerRun.0", "logFile": "/home/cinovador/Documents/course_files/digital_logic/practice_2/logs_cinovador/logs0/Job14.log", "logFileSize": "76447", "category": "simulation"}
[2024-11-05 17:26:26.632 -0300] [EVENT] [cadence.virtuoso.ade.simulationMonitor] - NewPoint {"history": "ExplorerRun.0", "point": 1, "testname": "logic_gates_lab3_nor_1", "cornername": "Nominal", "event": "NewPoint", "EventSource": "spectre", "HistoryName": "ExplorerRun.0", "logFile": "/home/cinovador/Documents/course_files/digital_logic/practice_2/logic_gates/lab3_nor/maestro/logic_gates/lab3_nor/maestro/results/maestro/ExplorerRun.0/1/logic_gates_lab3_nor_1/psf/spectre.out", "logFileSize": "-1", "category": "simulation"}
[2024-11-05 17:26:27.569 -0300] [PROCESS] [cadence.virtuoso.ade.simulationMonitor] - Simulator launched {"hostname": "cinova05.lesc.ufc.br", "processid": 98337, "history": "ExplorerRun.0", "testname": "logic_gates_lab3_nor_1", "cornername": "Nominal", "point": 1, "logfile": "/home/cinovador/Documents/course_files/digital_logic/practice_2/logs_cinovador/logs0/Job14.log", "simid": "7", "event": "launch", "category": "simulation"}
[2024-11-05 17:26:27.570 -0300] [PROCESS] [cadence.virtuoso.ade.simulationMonitor] - Expression evaluator launched {"hostname": "cinova05.lesc.ufc.br", "processid": 98337, "history": "ExplorerRun.0", "testname": "logic_gates_lab3_nor_1", "cornername": "Nominal", "point": 1, "logfile": "/home/cinovador/Documents/course_files/digital_logic/practice_2/logs_cinovador/logs0/Job14.log"}
[2024-11-05 17:26:27.605 -0300] [PROCESS] [cadence.virtuoso.ade.simulationMonitor] - Started Simulation {"hostname": "cinova05.lesc.ufc.br", "processid": 98337, "history": "ExplorerRun.0", "testname": "logic_gates_lab3_nor_1", "cornername": "Nominal", "point": 1, "logfile": "/home/cinovador/Documents/course_files/digital_logic/practice_2/logs_cinovador/logs0/Job14.log", "event": "start", "category": "simulation"}
[2024-11-05 17:26:30.606 -0300] [INFO] [cadence.virtuoso.ade.simulationMonitor] - Peak resident memory used = 191 Mbytes. {"history": "ExplorerRun.0", "point": 1, "testname": "logic_gates_lab3_nor_1", "cornername": "Nominal"}
[2024-11-05 17:26:30.606 -0300] [INFO] [cadence.virtuoso.ade.simulationMonitor] - Peak resident memory used = 203 Mbytes. {"history": "ExplorerRun.0", "point": 1, "testname": "logic_gates_lab3_nor_1", "cornername": "Nominal"}
[2024-11-05 17:26:30.606 -0300] [INFO] [cadence.virtuoso.ade.simulationMonitor] - Notice from spectre during hierarchy flattening.
    The value 'psf' specified for the 'checklimitdest' option will no longer be supported in future releases. Use 'spectre -h' to see other recommended values for the 'checklimitdest' option. {"history": "ExplorerRun.0", "point": 1, "testname": "logic_gates_lab3_nor_1", "cornername": "Nominal"}
[2024-11-05 17:26:30.606 -0300] [INFO] [cadence.virtuoso.ade.simulationMonitor] - Peak resident memory used = 203 Mbytes. {"history": "ExplorerRun.0", "point": 1, "testname": "logic_gates_lab3_nor_1", "cornername": "Nominal"}
[2024-11-05 17:26:30.606 -0300] [INFO] [cadence.virtuoso.ade.simulationMonitor] - Notice from spectre during topology check.
    Only one connection to node `net2'. {"history": "ExplorerRun.0", "point": 1, "testname": "logic_gates_lab3_nor_1", "cornername": "Nominal"}
[2024-11-05 17:26:30.606 -0300] [INFO] [cadence.virtuoso.ade.simulationMonitor] - Notice from spectre during initial setup.
    Multithreading is disabled due to the size of the design being too small. {"history": "ExplorerRun.0", "point": 1, "testname": "logic_gates_lab3_nor_1", "cornername": "Nominal"}
[2024-11-05 17:26:30.606 -0300] [INFO] [cadence.virtuoso.ade.simulationMonitor] -               nodes 11 {"history": "ExplorerRun.0", "point": 1, "testname": "logic_gates_lab3_nor_1", "cornername": "Nominal"}
[2024-11-05 17:26:30.606 -0300] [INFO] [cadence.virtuoso.ade.simulationMonitor] - Notice from spectre during initial setup.
    Protected devices exist and are not included in the circuit inventory.
    1 vsources are shorted because their absolute value is less than or equal to 'vabsshort'.
    APS enabled. {"history": "ExplorerRun.0", "point": 1, "testname": "logic_gates_lab3_nor_1", "cornername": "Nominal"}
[2024-11-05 17:26:30.606 -0300] [INFO] [cadence.virtuoso.ade.simulationMonitor] - Peak resident memory used = 206 Mbytes. {"history": "ExplorerRun.0", "point": 1, "testname": "logic_gates_lab3_nor_1", "cornername": "Nominal"}
[2024-11-05 17:26:30.606 -0300] [INFO] [cadence.virtuoso.ade.simulationMonitor] -    -   (APS) Multi-threading. The recommended number of threads is 1, consider adding +mt=1 on command line. {"history": "ExplorerRun.0", "point": 1, "testname": "logic_gates_lab3_nor_1", "cornername": "Nominal"}
[2024-11-05 17:26:30.606 -0300] [INFO] [cadence.virtuoso.ade.simulationMonitor] - Notice from spectre during transient analysis `tran'.
    Multithreading is disabled due to the size of the design being too small. {"history": "ExplorerRun.0", "point": 1, "testname": "logic_gates_lab3_nor_1", "cornername": "Nominal"}
[2024-11-05 17:26:30.606 -0300] [INFO] [cadence.virtuoso.ade.simulationMonitor] - Notice from spectre at time = 508.271 ns during transient analysis `tran'.
    Found trapezoidal ringing on node net1. {"history": "ExplorerRun.0", "point": 1, "testname": "logic_gates_lab3_nor_1", "cornername": "Nominal"}
[2024-11-05 17:26:30.606 -0300] [INFO] [cadence.virtuoso.ade.simulationMonitor] - Notice from spectre at time = 513.142 ns during transient analysis `tran'.
    Found trapezoidal ringing on node net1. {"history": "ExplorerRun.0", "point": 1, "testname": "logic_gates_lab3_nor_1", "cornername": "Nominal"}
[2024-11-05 17:26:30.606 -0300] [INFO] [cadence.virtuoso.ade.simulationMonitor] - Notice from spectre at time = 521.142 ns during transient analysis `tran'.
    Found trapezoidal ringing on node net1. {"history": "ExplorerRun.0", "point": 1, "testname": "logic_gates_lab3_nor_1", "cornername": "Nominal"}
[2024-11-05 17:26:30.606 -0300] [INFO] [cadence.virtuoso.ade.simulationMonitor] - Notice from spectre at time = 534.685 ns during transient analysis `tran'.
    Found trapezoidal ringing on node net1. {"history": "ExplorerRun.0", "point": 1, "testname": "logic_gates_lab3_nor_1", "cornername": "Nominal"}
[2024-11-05 17:26:30.606 -0300] [INFO] [cadence.virtuoso.ade.simulationMonitor] - Notice from spectre at time = 557.316 ns during transient analysis `tran'.
    Found trapezoidal ringing on node net1.
        Further occurrences of this notice will be suppressed. {"history": "ExplorerRun.0", "point": 1, "testname": "logic_gates_lab3_nor_1", "cornername": "Nominal"}
[2024-11-05 17:26:31.107 -0300] [INFO] [cadence.virtuoso.ade.simulationMonitor] - Notice from spectre during transient analysis `tran'.
    Trapezoidal ringing is detected during tran analysis.
        Please use method=trap for better results and performance. {"history": "ExplorerRun.0", "point": 1, "testname": "logic_gates_lab3_nor_1", "cornername": "Nominal"}
[2024-11-05 17:26:31.107 -0300] [INFO] [cadence.virtuoso.ade.simulationMonitor] - Intrinsic tran analysis time:    CPU = 197.584 ms, elapsed = 199.23 ms. {"history": "ExplorerRun.0", "point": 1, "testname": "logic_gates_lab3_nor_1", "cornername": "Nominal"}
[2024-11-05 17:26:31.107 -0300] [INFO] [cadence.virtuoso.ade.simulationMonitor] - Total time required for tran analysis `tran': CPU = 198.663 ms, elapsed = 200.314 ms, util. = 99.2%. {"history": "ExplorerRun.0", "point": 1, "testname": "logic_gates_lab3_nor_1", "cornername": "Nominal"}
[2024-11-05 17:26:31.107 -0300] [INFO] [cadence.virtuoso.ade.simulationMonitor] - Peak resident memory used = 220 Mbytes. {"history": "ExplorerRun.0", "point": 1, "testname": "logic_gates_lab3_nor_1", "cornername": "Nominal"}
[2024-11-05 17:26:31.107 -0300] [INFO] [cadence.virtuoso.ade.simulationMonitor] - Notice from spectre.
    995 notices suppressed. {"history": "ExplorerRun.0", "point": 1, "testname": "logic_gates_lab3_nor_1", "cornername": "Nominal"}
[2024-11-05 17:26:31.108 -0300] [INFO] [cadence.virtuoso.ade.simulationMonitor] - Time used: CPU = 520 ms, elapsed = 2.85 s, util. = 18.3%. {"history": "ExplorerRun.0", "point": 1, "testname": "logic_gates_lab3_nor_1", "cornername": "Nominal"}
[2024-11-05 17:26:31.108 -0300] [INFO] [cadence.virtuoso.ade.simulationMonitor] - Time spent in licensing: elapsed = 1.42 s, percentage of total = 49.9%. {"history": "ExplorerRun.0", "point": 1, "testname": "logic_gates_lab3_nor_1", "cornername": "Nominal"}
[2024-11-05 17:26:31.108 -0300] [INFO] [cadence.virtuoso.ade.simulationMonitor] - Peak memory used = 220 Mbytes. {"history": "ExplorerRun.0", "point": 1, "testname": "logic_gates_lab3_nor_1", "cornername": "Nominal"}
[2024-11-05 17:26:31.108 -0300] [PROCESS] [cadence.virtuoso.ade.simulationMonitor] - Simulation started at: 5:26:27 PM, Tue Nov 5, 2024, ended at: 5:26:30 PM, Tue Nov 5, 2024, with elapsed time (wall clock): 2.85 s. {"history": "ExplorerRun.0", "point": 1, "testname": "logic_gates_lab3_nor_1", "cornername": "Nominal"}
[2024-11-05 17:26:31.108 -0300] [PROCESS] [cadence.virtuoso.ade.simulationMonitor] - spectre completes with 0 errors, 0 warnings, and 15 notices. {"history": "ExplorerRun.0", "point": 1, "testname": "logic_gates_lab3_nor_1", "cornername": "Nominal"}
[2024-11-05 17:26:31.108 -0300] [PROCESS] [cadence.virtuoso.ade.simulationMonitor] - Finished simulating for one point {"hostname": "cinova05.lesc.ufc.br", "processid": 98337, "history": "ExplorerRun.0", "testname": "logic_gates_lab3_nor_1", "cornername": "Nominal", "point": 1, "logfile": "/home/cinovador/Documents/course_files/digital_logic/practice_2/logs_cinovador/logs0/Job14.log", "simid": "7", "event": "finish", "category": "simulation"}
[2024-11-05 17:26:31.108 -0300] [PROCESS] [cadence.virtuoso.ade.simulationMonitor] - Simulator exited {"hostname": "cinova05.lesc.ufc.br", "processid": 98337, "history": "ExplorerRun.0", "testname": "logic_gates_lab3_nor_1", "cornername": "Nominal", "point": 1, "logfile": "/home/cinovador/Documents/course_files/digital_logic/practice_2/logs_cinovador/logs0/Job14.log", "exitStatus": "0"}
[2024-11-05 17:26:31.108 -0300] [PROCESS] [cadence.virtuoso.ade.simulationMonitor] - Finished Simulation {"hostname": "cinova05.lesc.ufc.br", "processid": 98337, "history": "ExplorerRun.0", "testname": "logic_gates_lab3_nor_1", "cornername": "Nominal", "point": 1, "logfile": "/home/cinovador/Documents/course_files/digital_logic/practice_2/logs_cinovador/logs0/Job14.log", "simid": "7", "event": "finish", "category": "obsolete"}
[2024-11-05 17:26:32.109 -0300] [PROCESS] [cadence.virtuoso.ade.simulationMonitor] - Point Finished {"hostname": "cinova05.lesc.ufc.br", "processid": 98337, "history": "ExplorerRun.0", "testname": "logic_gates_lab3_nor_1", "cornername": "Nominal", "point": 1, "logfile": "/home/cinovador/Documents/course_files/digital_logic/practice_2/logs_cinovador/logs0/Job14.log", "event": "finish", "category": "sim-eval"}
[2024-11-05 17:31:32.537 -0300] [PROCESS] [cadence.virtuoso.ade.simulationMonitor] - Current memory used: 82.1367 MBytes, peak memory used: 82.1367 MBytes {"hostname": "cinova05.lesc.ufc.br", "processid": 98337, "history": "ExplorerRun.0", "testname": "logic_gates_lab3_nor_1", "cornername": "Nominal", "point": 1, "logfile": "/home/cinovador/Documents/course_files/digital_logic/practice_2/logs_cinovador/logs0/Job14.log"}
[2024-11-05 17:31:32.537 -0300] [PROCESS] [cadence.virtuoso.ade.simulationMonitor] - Simulation Monitor process exits. {"hostname": "cinova05.lesc.ufc.br", "processid": 98337, "history": "ExplorerRun.0", "testname": "logic_gates_lab3_nor_1", "cornername": "Nominal", "point": 1, "logfile": "/home/cinovador/Documents/course_files/digital_logic/practice_2/logs_cinovador/logs0/Job14.log"}
