[Simulation Monitor: 11]
[2024-11-05 16:58:06.794 -0300] [PROCESS] [cadence.virtuoso.ade.simulationMonitor] - Started the simulation monitor process {"hostname": "cinova05.lesc.ufc.br", "processid": 89669, "logfile": "/home/cinovador/Documents/course_files/digital_logic/practice_2/logs_cinovador/logs0/Job11.log", "simulation monitor command line": "/home/tools/cadence/installs/IC231/tools.lnx86/dfII/bin/64bit/spectreMonitor --davinciService DaVinciService_14928_1730827588 --axlsession fnxSession1 -lscs 000175E1894CBE06FF0966E38F1FFC06BC4D7EED88199869CA2C7EEDDC43CC33CA2C39A0A173FC06867D66E38F1FFC06BC4D66E38F1FFC06BC4D01C9F7D184C8DB6700001E86 -beanhost cinova05.lesc.ufc.br -beanport 11834 -beanLogFile /home/cinovador/Documents/course_files/digital_logic/practice_2/logs_cinovador/logs0/amps_Job11.log -beanbinlog  --domain 0 --interactive yes --netlistOpt no --useMultiPointEvaluation yes --exprEvalShowJobStderr yes --evalSimParallel no --maxSims 0 --historyName ExplorerRun.0 --historyUUID  --exprEvaluator vds --mcMapping mc1.mapping --checkLogStatusInterval 0 --checkSimulatorLogTimeout 1200 --exprEvalMaxTries 3 --maxNFSSyncWait 60 -adeBrokerAddress cinova05.lesc.ufc.br:40141 --statdbType h5v2 --fromADE true --virtuosoBinary virtuoso --guiDisplay cinova05.lesc.ufc.br:0 --globalStatus 60 --evaluateMultiMC yes --evalOnSimFail SkipFailedAnalyses --numRetriesOnError 1 --fenixMode explorer --lingertimeout 300 -ahdlLockTimeout 60 --sdbLib logic_gates --sdbCell lab3_nor_report --sdbView maestro --heartBeatFileDir /dev/shm --id 11 --uuid cf49e5e6-5286-4919-9189-883e0c9f05cc --log /home/cinovador/Documents/course_files/digital_logic/practice_2/logs_cinovador/logs0/Job11.log "}
[2024-11-05 16:58:06.794 -0300] [PROCESS] [cadence.virtuoso.ade.simulationMonitor] - Started the simulation monitor process {"hostname": "cinova05.lesc.ufc.br", "processid": 89669, "logfile": "/home/cinovador/Documents/course_files/digital_logic/practice_2/logs_cinovador/logs0/Job11.log", "current directory": "/home/cinovador/Documents/course_files/digital_logic/practice_2"}
[2024-11-05 16:58:06.794 -0300] [PROCESS] [cadence.virtuoso.ade.simulationMonitor] - Simulation Monitor has successfully started up. Trying to set up communication channels to other components ... {"hostname": "cinova05.lesc.ufc.br", "processid": 89669, "logfile": "/home/cinovador/Documents/course_files/digital_logic/practice_2/logs_cinovador/logs0/Job11.log"}
[2024-11-05 16:58:06.924 -0300] [PROCESS] [cadence.virtuoso.ade.simulationMonitor] - Communication channels have been successfully set up. Start processing events ... {"hostname": "cinova05.lesc.ufc.br", "processid": 89669, "logfile": "/home/cinovador/Documents/course_files/digital_logic/practice_2/logs_cinovador/logs0/Job11.log"}
[2024-11-05 16:58:06.924 -0300] [PROCESS] [cadence.virtuoso.ade.simulationMonitor] - Considering to start history {"hostname": "cinova05.lesc.ufc.br", "processid": 89669, "history": "ExplorerRun.0", "logfile": "/home/cinovador/Documents/course_files/digital_logic/practice_2/logs_cinovador/logs0/Job11.log"}
[2024-11-05 16:58:06.925 -0300] [PROCESS] [cadence.virtuoso.ade.simulationMonitor] - HostInfo:
Host name (type):	cinova05.lesc.ufc.br (x86_64)
Operating system:	Linux 4.18.0-553.22.1.el8_10.x86_64 #1 SMP Wed Sep 25 09:20:43 UTC 2024 {"hostname": "cinova05.lesc.ufc.br", "processid": 89669, "history": "ExplorerRun.0", "logfile": "/home/cinovador/Documents/course_files/digital_logic/practice_2/logs_cinovador/logs0/Job11.log", "nodename": "cinova05.lesc.ufc.br", "domainname": "(none)", "machine": "x86_64", "sysname": "Linux", "release": "4.18.0-553.22.1.el8_10.x86_64", "version": "#1 SMP Wed Sep 25 09:20:43 UTC 2024"}
[2024-11-05 16:58:06.925 -0300] [PROCESS] [cadence.virtuoso.ade.simulationMonitor] - UsageInfo:
pid=89669
totalPhysicalMemory=30.835907GB,Used=15.726749GB,totalVirtualMemory=46.441372GB,Used=15.726749GB
Cpu: Cores=20, Load average:0.290000,0.360000,0.330000 {"hostname": "cinova05.lesc.ufc.br", "processid": 89669, "history": "ExplorerRun.0", "logfile": "/home/cinovador/Documents/course_files/digital_logic/practice_2/logs_cinovador/logs0/Job11.log", "pid": "89669", "totalPhysicalMemory": "30.835907", "physicalMemoryUsed": "15.726749", "totalVirtualMemory": "46.441372", "virtualMemoryUsed": "15.726749", "cpuCores": "20", "processes": "1656", "loadAverage1": "0.290000", "loadAverage5": "0.360000", "loadAverage15": "0.330000", "loadAverage1Percent": "0.014500"}
[2024-11-05 16:58:06.925 -0300] [EVENT] [cadence.virtuoso.ade.simulationMonitor] - NewPoint {"history": "ExplorerRun.0", "point": 1, "testname": "logic_gates_lab3_nor_report_1", "cornername": "Nominal", "event": "NewPoint", "EventSource": "Simulation Monitor", "HistoryName": "ExplorerRun.0", "logFile": "/home/cinovador/Documents/course_files/digital_logic/practice_2/logs_cinovador/logs0/Job11.log", "logFileSize": "4463", "category": "simulation"}
[2024-11-05 16:58:07.025 -0300] [EVENT] [cadence.virtuoso.ade.simulationMonitor] - NewPoint {"history": "ExplorerRun.0", "point": 1, "testname": "logic_gates_lab3_nor_report_1", "cornername": "Nominal", "event": "NewPoint", "EventSource": "spectre", "HistoryName": "ExplorerRun.0", "logFile": "/home/cinovador/Documents/course_files/digital_logic/practice_2/logic_gates/lab3_nor/maestro/logic_gates/lab3_nor_report/maestro/results/maestro/ExplorerRun.0/1/logic_gates_lab3_nor_report_1/psf/spectre.out", "logFileSize": "-1", "category": "simulation"}
[2024-11-05 16:58:07.973 -0300] [PROCESS] [cadence.virtuoso.ade.simulationMonitor] - Simulator launched {"hostname": "cinova05.lesc.ufc.br", "processid": 89669, "history": "ExplorerRun.0", "testname": "logic_gates_lab3_nor_report_1", "cornername": "Nominal", "point": 1, "logfile": "/home/cinovador/Documents/course_files/digital_logic/practice_2/logs_cinovador/logs0/Job11.log", "simid": "1", "event": "launch", "category": "simulation"}
[2024-11-05 16:58:07.973 -0300] [PROCESS] [cadence.virtuoso.ade.simulationMonitor] - Expression evaluator launched {"hostname": "cinova05.lesc.ufc.br", "processid": 89669, "history": "ExplorerRun.0", "testname": "logic_gates_lab3_nor_report_1", "cornername": "Nominal", "point": 1, "logfile": "/home/cinovador/Documents/course_files/digital_logic/practice_2/logs_cinovador/logs0/Job11.log"}
[2024-11-05 16:58:08.010 -0300] [PROCESS] [cadence.virtuoso.ade.simulationMonitor] - Started Simulation {"hostname": "cinova05.lesc.ufc.br", "processid": 89669, "history": "ExplorerRun.0", "testname": "logic_gates_lab3_nor_report_1", "cornername": "Nominal", "point": 1, "logfile": "/home/cinovador/Documents/course_files/digital_logic/practice_2/logs_cinovador/logs0/Job11.log", "event": "start", "category": "simulation"}
[2024-11-05 16:58:11.010 -0300] [INFO] [cadence.virtuoso.ade.simulationMonitor] - Peak resident memory used = 190 Mbytes. {"history": "ExplorerRun.0", "point": 1, "testname": "logic_gates_lab3_nor_report_1", "cornername": "Nominal"}
[2024-11-05 16:58:11.010 -0300] [INFO] [cadence.virtuoso.ade.simulationMonitor] - Peak resident memory used = 204 Mbytes. {"history": "ExplorerRun.0", "point": 1, "testname": "logic_gates_lab3_nor_report_1", "cornername": "Nominal"}
[2024-11-05 16:58:11.010 -0300] [INFO] [cadence.virtuoso.ade.simulationMonitor] - Notice from spectre during hierarchy flattening.
    The value 'psf' specified for the 'checklimitdest' option will no longer be supported in future releases. Use 'spectre -h' to see other recommended values for the 'checklimitdest' option. {"history": "ExplorerRun.0", "point": 1, "testname": "logic_gates_lab3_nor_report_1", "cornername": "Nominal"}
[2024-11-05 16:58:11.010 -0300] [INFO] [cadence.virtuoso.ade.simulationMonitor] - Peak resident memory used = 205 Mbytes. {"history": "ExplorerRun.0", "point": 1, "testname": "logic_gates_lab3_nor_report_1", "cornername": "Nominal"}
[2024-11-05 16:58:11.011 -0300] [INFO] [cadence.virtuoso.ade.simulationMonitor] - Notice from spectre during initial setup.
    Multithreading is disabled due to the size of the design being too small. {"history": "ExplorerRun.0", "point": 1, "testname": "logic_gates_lab3_nor_report_1", "cornername": "Nominal"}
[2024-11-05 16:58:11.011 -0300] [INFO] [cadence.virtuoso.ade.simulationMonitor] -               nodes 11 {"history": "ExplorerRun.0", "point": 1, "testname": "logic_gates_lab3_nor_report_1", "cornername": "Nominal"}
[2024-11-05 16:58:11.011 -0300] [INFO] [cadence.virtuoso.ade.simulationMonitor] - Notice from spectre during initial setup.
    Protected devices exist and are not included in the circuit inventory.
    2 vsources are shorted because their absolute value is less than or equal to 'vabsshort'.
    APS enabled. {"history": "ExplorerRun.0", "point": 1, "testname": "logic_gates_lab3_nor_report_1", "cornername": "Nominal"}
[2024-11-05 16:58:11.011 -0300] [INFO] [cadence.virtuoso.ade.simulationMonitor] - Peak resident memory used = 209 Mbytes. {"history": "ExplorerRun.0", "point": 1, "testname": "logic_gates_lab3_nor_report_1", "cornername": "Nominal"}
[2024-11-05 16:58:11.011 -0300] [INFO] [cadence.virtuoso.ade.simulationMonitor] -    -   (APS) Multi-threading. The recommended number of threads is 1, consider adding +mt=1 on command line. {"history": "ExplorerRun.0", "point": 1, "testname": "logic_gates_lab3_nor_report_1", "cornername": "Nominal"}
[2024-11-05 16:58:11.011 -0300] [INFO] [cadence.virtuoso.ade.simulationMonitor] - Notice from spectre during IC analysis, during transient analysis `tran'.
    GminDC = 1 pS is large enough to noticeably affect the DC solution.
        dV(net1) = -1.6016 mV
        Use the `gmin_check' option to eliminate or expand this report. {"history": "ExplorerRun.0", "point": 1, "testname": "logic_gates_lab3_nor_report_1", "cornername": "Nominal"}
[2024-11-05 16:58:11.011 -0300] [INFO] [cadence.virtuoso.ade.simulationMonitor] - Notice from spectre during transient analysis `tran'.
    Multithreading is disabled due to the size of the design being too small. {"history": "ExplorerRun.0", "point": 1, "testname": "logic_gates_lab3_nor_report_1", "cornername": "Nominal"}
[2024-11-05 16:58:11.011 -0300] [INFO] [cadence.virtuoso.ade.simulationMonitor] - Notice from spectre at time = 15.3001 ns during transient analysis `tran'.
    Found trapezoidal ringing on node out. {"history": "ExplorerRun.0", "point": 1, "testname": "logic_gates_lab3_nor_report_1", "cornername": "Nominal"}
[2024-11-05 16:58:11.011 -0300] [INFO] [cadence.virtuoso.ade.simulationMonitor] - Notice from spectre at time = 30.421 ns during transient analysis `tran'.
    Found trapezoidal ringing on node out. {"history": "ExplorerRun.0", "point": 1, "testname": "logic_gates_lab3_nor_report_1", "cornername": "Nominal"}
[2024-11-05 16:58:11.011 -0300] [INFO] [cadence.virtuoso.ade.simulationMonitor] - Notice from spectre at time = 60.6629 ns during transient analysis `tran'.
    Found trapezoidal ringing on node out. {"history": "ExplorerRun.0", "point": 1, "testname": "logic_gates_lab3_nor_report_1", "cornername": "Nominal"}
[2024-11-05 16:58:11.011 -0300] [INFO] [cadence.virtuoso.ade.simulationMonitor] - Notice from spectre at time = 121.147 ns during transient analysis `tran'.
    Found trapezoidal ringing on node out. {"history": "ExplorerRun.0", "point": 1, "testname": "logic_gates_lab3_nor_report_1", "cornername": "Nominal"}
[2024-11-05 16:58:11.011 -0300] [INFO] [cadence.virtuoso.ade.simulationMonitor] - Notice from spectre at time = 185.624 ns during transient analysis `tran'.
    Found trapezoidal ringing on node out.
        Further occurrences of this notice will be suppressed. {"history": "ExplorerRun.0", "point": 1, "testname": "logic_gates_lab3_nor_report_1", "cornername": "Nominal"}
[2024-11-05 16:58:11.511 -0300] [INFO] [cadence.virtuoso.ade.simulationMonitor] - Notice from spectre during transient analysis `tran'.
    Trapezoidal ringing is detected during tran analysis.
        Please use method=trap for better results and performance. {"history": "ExplorerRun.0", "point": 1, "testname": "logic_gates_lab3_nor_report_1", "cornername": "Nominal"}
[2024-11-05 16:58:11.511 -0300] [INFO] [cadence.virtuoso.ade.simulationMonitor] - Intrinsic tran analysis time:    CPU = 241.647 ms, elapsed = 243.589 ms. {"history": "ExplorerRun.0", "point": 1, "testname": "logic_gates_lab3_nor_report_1", "cornername": "Nominal"}
[2024-11-05 16:58:11.512 -0300] [INFO] [cadence.virtuoso.ade.simulationMonitor] - Total time required for tran analysis `tran': CPU = 243.484 ms, elapsed = 245.43 ms, util. = 99.2%. {"history": "ExplorerRun.0", "point": 1, "testname": "logic_gates_lab3_nor_report_1", "cornername": "Nominal"}
[2024-11-05 16:58:11.512 -0300] [INFO] [cadence.virtuoso.ade.simulationMonitor] - Peak resident memory used = 218 Mbytes. {"history": "ExplorerRun.0", "point": 1, "testname": "logic_gates_lab3_nor_report_1", "cornername": "Nominal"}
[2024-11-05 16:58:11.512 -0300] [INFO] [cadence.virtuoso.ade.simulationMonitor] - Notice from spectre.
    1004 notices suppressed. {"history": "ExplorerRun.0", "point": 1, "testname": "logic_gates_lab3_nor_report_1", "cornername": "Nominal"}
[2024-11-05 16:58:11.512 -0300] [INFO] [cadence.virtuoso.ade.simulationMonitor] - Time used: CPU = 574 ms, elapsed = 2.92 s, util. = 19.7%. {"history": "ExplorerRun.0", "point": 1, "testname": "logic_gates_lab3_nor_report_1", "cornername": "Nominal"}
[2024-11-05 16:58:11.512 -0300] [INFO] [cadence.virtuoso.ade.simulationMonitor] - Time spent in licensing: elapsed = 1.43 s, percentage of total = 48.9%. {"history": "ExplorerRun.0", "point": 1, "testname": "logic_gates_lab3_nor_report_1", "cornername": "Nominal"}
[2024-11-05 16:58:11.512 -0300] [INFO] [cadence.virtuoso.ade.simulationMonitor] - Peak memory used = 219 Mbytes. {"history": "ExplorerRun.0", "point": 1, "testname": "logic_gates_lab3_nor_report_1", "cornername": "Nominal"}
[2024-11-05 16:58:11.512 -0300] [PROCESS] [cadence.virtuoso.ade.simulationMonitor] - Simulation started at: 4:58:08 PM, Tue Nov 5, 2024, ended at: 4:58:11 PM, Tue Nov 5, 2024, with elapsed time (wall clock): 2.92 s. {"history": "ExplorerRun.0", "point": 1, "testname": "logic_gates_lab3_nor_report_1", "cornername": "Nominal"}
[2024-11-05 16:58:11.512 -0300] [PROCESS] [cadence.virtuoso.ade.simulationMonitor] - spectre completes with 0 errors, 0 warnings, and 15 notices. {"history": "ExplorerRun.0", "point": 1, "testname": "logic_gates_lab3_nor_report_1", "cornername": "Nominal"}
[2024-11-05 16:58:11.512 -0300] [PROCESS] [cadence.virtuoso.ade.simulationMonitor] - Finished simulating for one point {"hostname": "cinova05.lesc.ufc.br", "processid": 89669, "history": "ExplorerRun.0", "testname": "logic_gates_lab3_nor_report_1", "cornername": "Nominal", "point": 1, "logfile": "/home/cinovador/Documents/course_files/digital_logic/practice_2/logs_cinovador/logs0/Job11.log", "simid": "1", "event": "finish", "category": "simulation"}
[2024-11-05 16:58:11.512 -0300] [PROCESS] [cadence.virtuoso.ade.simulationMonitor] - Simulator exited {"hostname": "cinova05.lesc.ufc.br", "processid": 89669, "history": "ExplorerRun.0", "testname": "logic_gates_lab3_nor_report_1", "cornername": "Nominal", "point": 1, "logfile": "/home/cinovador/Documents/course_files/digital_logic/practice_2/logs_cinovador/logs0/Job11.log", "exitStatus": "0"}
[2024-11-05 16:58:11.512 -0300] [PROCESS] [cadence.virtuoso.ade.simulationMonitor] - Finished Simulation {"hostname": "cinova05.lesc.ufc.br", "processid": 89669, "history": "ExplorerRun.0", "testname": "logic_gates_lab3_nor_report_1", "cornername": "Nominal", "point": 1, "logfile": "/home/cinovador/Documents/course_files/digital_logic/practice_2/logs_cinovador/logs0/Job11.log", "simid": "1", "event": "finish", "category": "obsolete"}
[2024-11-05 16:58:12.513 -0300] [PROCESS] [cadence.virtuoso.ade.simulationMonitor] - Point Finished {"hostname": "cinova05.lesc.ufc.br", "processid": 89669, "history": "ExplorerRun.0", "testname": "logic_gates_lab3_nor_report_1", "cornername": "Nominal", "point": 1, "logfile": "/home/cinovador/Documents/course_files/digital_logic/practice_2/logs_cinovador/logs0/Job11.log", "event": "finish", "category": "sim-eval"}
[2024-11-05 16:59:54.860 -0300] [INFO] [cadence.virtuoso.ade.simulationMonitor] - SimulationMonitor has terminated the vds process '89737', reason: 'Force to stop the expression evalutor process because of new run' {"history": "ExplorerRun.0", "point": 1, "testname": "logic_gates_lab3_nor_report_1", "cornername": "Nominal"}
[2024-11-05 16:59:54.860 -0300] [PROCESS] [cadence.virtuoso.ade.simulationMonitor] - HostInfo:
Host name (type):	cinova05.lesc.ufc.br (x86_64)
Operating system:	Linux 4.18.0-553.22.1.el8_10.x86_64 #1 SMP Wed Sep 25 09:20:43 UTC 2024 {"hostname": "cinova05.lesc.ufc.br", "processid": 89669, "history": "ExplorerRun.0", "testname": "logic_gates_lab3_nor_report_1", "cornername": "Nominal", "point": 1, "logfile": "/home/cinovador/Documents/course_files/digital_logic/practice_2/logs_cinovador/logs0/Job11.log", "nodename": "cinova05.lesc.ufc.br", "domainname": "(none)", "machine": "x86_64", "sysname": "Linux", "release": "4.18.0-553.22.1.el8_10.x86_64", "version": "#1 SMP Wed Sep 25 09:20:43 UTC 2024"}
[2024-11-05 16:59:54.860 -0300] [PROCESS] [cadence.virtuoso.ade.simulationMonitor] - UsageInfo:
pid=89669
totalPhysicalMemory=30.835907GB,Used=15.684216GB,totalVirtualMemory=46.441372GB,Used=15.684216GB
Cpu: Cores=20, Load average:0.280000,0.340000,0.330000 {"hostname": "cinova05.lesc.ufc.br", "processid": 89669, "history": "ExplorerRun.0", "testname": "logic_gates_lab3_nor_report_1", "cornername": "Nominal", "point": 1, "logfile": "/home/cinovador/Documents/course_files/digital_logic/practice_2/logs_cinovador/logs0/Job11.log", "pid": "89669", "totalPhysicalMemory": "30.835907", "physicalMemoryUsed": "15.684216", "totalVirtualMemory": "46.441372", "virtualMemoryUsed": "15.684216", "cpuCores": "20", "processes": "1628", "loadAverage1": "0.280000", "loadAverage5": "0.340000", "loadAverage15": "0.330000", "loadAverage1Percent": "0.014000"}
[2024-11-05 16:59:54.860 -0300] [EVENT] [cadence.virtuoso.ade.simulationMonitor] - NewPoint {"history": "ExplorerRun.0", "point": 1, "testname": "logic_gates_lab3_nor_report_1", "cornername": "Nominal", "event": "NewPoint", "EventSource": "Simulation Monitor", "HistoryName": "ExplorerRun.0", "logFile": "/home/cinovador/Documents/course_files/digital_logic/practice_2/logs_cinovador/logs0/Job11.log", "logFileSize": "18037", "category": "simulation"}
[2024-11-05 16:59:54.961 -0300] [EVENT] [cadence.virtuoso.ade.simulationMonitor] - NewPoint {"history": "ExplorerRun.0", "point": 1, "testname": "logic_gates_lab3_nor_report_1", "cornername": "Nominal", "event": "NewPoint", "EventSource": "spectre", "HistoryName": "ExplorerRun.0", "logFile": "/home/cinovador/Documents/course_files/digital_logic/practice_2/logic_gates/lab3_nor/maestro/logic_gates/lab3_nor_report/maestro/results/maestro/ExplorerRun.0/1/logic_gates_lab3_nor_report_1/psf/spectre.out", "logFileSize": "-1", "category": "simulation"}
[2024-11-05 17:00:04.902 -0300] [PROCESS] [cadence.virtuoso.ade.simulationMonitor] - Simulator launched {"hostname": "cinova05.lesc.ufc.br", "processid": 89669, "history": "ExplorerRun.0", "testname": "logic_gates_lab3_nor_report_1", "cornername": "Nominal", "point": 1, "logfile": "/home/cinovador/Documents/course_files/digital_logic/practice_2/logs_cinovador/logs0/Job11.log", "simid": "2", "event": "launch", "category": "simulation"}
[2024-11-05 17:00:04.903 -0300] [PROCESS] [cadence.virtuoso.ade.simulationMonitor] - Expression evaluator launched {"hostname": "cinova05.lesc.ufc.br", "processid": 89669, "history": "ExplorerRun.0", "testname": "logic_gates_lab3_nor_report_1", "cornername": "Nominal", "point": 1, "logfile": "/home/cinovador/Documents/course_files/digital_logic/practice_2/logs_cinovador/logs0/Job11.log"}
[2024-11-05 17:00:04.939 -0300] [PROCESS] [cadence.virtuoso.ade.simulationMonitor] - Started Simulation {"hostname": "cinova05.lesc.ufc.br", "processid": 89669, "history": "ExplorerRun.0", "testname": "logic_gates_lab3_nor_report_1", "cornername": "Nominal", "point": 1, "logfile": "/home/cinovador/Documents/course_files/digital_logic/practice_2/logs_cinovador/logs0/Job11.log", "event": "start", "category": "simulation"}
[2024-11-05 17:00:07.940 -0300] [INFO] [cadence.virtuoso.ade.simulationMonitor] - Peak resident memory used = 190 Mbytes. {"history": "ExplorerRun.0", "point": 1, "testname": "logic_gates_lab3_nor_report_1", "cornername": "Nominal"}
[2024-11-05 17:00:07.940 -0300] [INFO] [cadence.virtuoso.ade.simulationMonitor] - Peak resident memory used = 204 Mbytes. {"history": "ExplorerRun.0", "point": 1, "testname": "logic_gates_lab3_nor_report_1", "cornername": "Nominal"}
[2024-11-05 17:00:07.940 -0300] [INFO] [cadence.virtuoso.ade.simulationMonitor] - Notice from spectre during hierarchy flattening.
    The value 'psf' specified for the 'checklimitdest' option will no longer be supported in future releases. Use 'spectre -h' to see other recommended values for the 'checklimitdest' option. {"history": "ExplorerRun.0", "point": 1, "testname": "logic_gates_lab3_nor_report_1", "cornername": "Nominal"}
[2024-11-05 17:00:07.940 -0300] [INFO] [cadence.virtuoso.ade.simulationMonitor] - Peak resident memory used = 205 Mbytes. {"history": "ExplorerRun.0", "point": 1, "testname": "logic_gates_lab3_nor_report_1", "cornername": "Nominal"}
[2024-11-05 17:00:07.940 -0300] [INFO] [cadence.virtuoso.ade.simulationMonitor] - Notice from spectre during initial setup.
    Multithreading is disabled due to the size of the design being too small. {"history": "ExplorerRun.0", "point": 1, "testname": "logic_gates_lab3_nor_report_1", "cornername": "Nominal"}
[2024-11-05 17:00:07.940 -0300] [INFO] [cadence.virtuoso.ade.simulationMonitor] -               nodes 11 {"history": "ExplorerRun.0", "point": 1, "testname": "logic_gates_lab3_nor_report_1", "cornername": "Nominal"}
[2024-11-05 17:00:07.940 -0300] [INFO] [cadence.virtuoso.ade.simulationMonitor] - Notice from spectre during initial setup.
    Protected devices exist and are not included in the circuit inventory.
    2 vsources are shorted because their absolute value is less than or equal to 'vabsshort'.
    APS enabled. {"history": "ExplorerRun.0", "point": 1, "testname": "logic_gates_lab3_nor_report_1", "cornername": "Nominal"}
[2024-11-05 17:00:07.940 -0300] [INFO] [cadence.virtuoso.ade.simulationMonitor] - Peak resident memory used = 208 Mbytes. {"history": "ExplorerRun.0", "point": 1, "testname": "logic_gates_lab3_nor_report_1", "cornername": "Nominal"}
[2024-11-05 17:00:07.940 -0300] [INFO] [cadence.virtuoso.ade.simulationMonitor] -    -   (APS) Multi-threading. The recommended number of threads is 1, consider adding +mt=1 on command line. {"history": "ExplorerRun.0", "point": 1, "testname": "logic_gates_lab3_nor_report_1", "cornername": "Nominal"}
[2024-11-05 17:00:07.940 -0300] [INFO] [cadence.virtuoso.ade.simulationMonitor] - Notice from spectre during transient analysis `tran'.
    Multithreading is disabled due to the size of the design being too small. {"history": "ExplorerRun.0", "point": 1, "testname": "logic_gates_lab3_nor_report_1", "cornername": "Nominal"}
[2024-11-05 17:00:07.940 -0300] [INFO] [cadence.virtuoso.ade.simulationMonitor] - Notice from spectre at time = 258.718 ns during transient analysis `tran'.
    Found trapezoidal ringing on node out. {"history": "ExplorerRun.0", "point": 1, "testname": "logic_gates_lab3_nor_report_1", "cornername": "Nominal"}
[2024-11-05 17:00:07.940 -0300] [INFO] [cadence.virtuoso.ade.simulationMonitor] - Notice from spectre at time = 267.177 ns during transient analysis `tran'.
    Found trapezoidal ringing on node out. {"history": "ExplorerRun.0", "point": 1, "testname": "logic_gates_lab3_nor_report_1", "cornername": "Nominal"}
[2024-11-05 17:00:07.940 -0300] [INFO] [cadence.virtuoso.ade.simulationMonitor] - Notice from spectre at time = 284.094 ns during transient analysis `tran'.
    Found trapezoidal ringing on node out. {"history": "ExplorerRun.0", "point": 1, "testname": "logic_gates_lab3_nor_report_1", "cornername": "Nominal"}
[2024-11-05 17:00:07.940 -0300] [INFO] [cadence.virtuoso.ade.simulationMonitor] - Notice from spectre at time = 317.928 ns during transient analysis `tran'.
    Found trapezoidal ringing on node out. {"history": "ExplorerRun.0", "point": 1, "testname": "logic_gates_lab3_nor_report_1", "cornername": "Nominal"}
[2024-11-05 17:00:07.940 -0300] [INFO] [cadence.virtuoso.ade.simulationMonitor] - Notice from spectre at time = 385.597 ns during transient analysis `tran'.
    Found trapezoidal ringing on node out.
        Further occurrences of this notice will be suppressed. {"history": "ExplorerRun.0", "point": 1, "testname": "logic_gates_lab3_nor_report_1", "cornername": "Nominal"}
[2024-11-05 17:00:08.441 -0300] [INFO] [cadence.virtuoso.ade.simulationMonitor] - Notice from spectre during transient analysis `tran'.
    Trapezoidal ringing is detected during tran analysis.
        Please use method=trap for better results and performance. {"history": "ExplorerRun.0", "point": 1, "testname": "logic_gates_lab3_nor_report_1", "cornername": "Nominal"}
[2024-11-05 17:00:08.441 -0300] [INFO] [cadence.virtuoso.ade.simulationMonitor] - Intrinsic tran analysis time:    CPU = 253.511 ms, elapsed = 255.619 ms. {"history": "ExplorerRun.0", "point": 1, "testname": "logic_gates_lab3_nor_report_1", "cornername": "Nominal"}
[2024-11-05 17:00:08.441 -0300] [INFO] [cadence.virtuoso.ade.simulationMonitor] - Total time required for tran analysis `tran': CPU = 255.343 ms, elapsed = 257.457 ms, util. = 99.2%. {"history": "ExplorerRun.0", "point": 1, "testname": "logic_gates_lab3_nor_report_1", "cornername": "Nominal"}
[2024-11-05 17:00:08.441 -0300] [INFO] [cadence.virtuoso.ade.simulationMonitor] - Peak resident memory used = 219 Mbytes. {"history": "ExplorerRun.0", "point": 1, "testname": "logic_gates_lab3_nor_report_1", "cornername": "Nominal"}
[2024-11-05 17:00:08.441 -0300] [INFO] [cadence.virtuoso.ade.simulationMonitor] - Notice from spectre.
    795 notices suppressed. {"history": "ExplorerRun.0", "point": 1, "testname": "logic_gates_lab3_nor_report_1", "cornername": "Nominal"}
[2024-11-05 17:00:08.441 -0300] [INFO] [cadence.virtuoso.ade.simulationMonitor] - Time used: CPU = 574 ms, elapsed = 2.91 s, util. = 19.7%. {"history": "ExplorerRun.0", "point": 1, "testname": "logic_gates_lab3_nor_report_1", "cornername": "Nominal"}
[2024-11-05 17:00:08.441 -0300] [INFO] [cadence.virtuoso.ade.simulationMonitor] - Time spent in licensing: elapsed = 1.43 s, percentage of total = 49%. {"history": "ExplorerRun.0", "point": 1, "testname": "logic_gates_lab3_nor_report_1", "cornername": "Nominal"}
[2024-11-05 17:00:08.441 -0300] [INFO] [cadence.virtuoso.ade.simulationMonitor] - Peak memory used = 219 Mbytes. {"history": "ExplorerRun.0", "point": 1, "testname": "logic_gates_lab3_nor_report_1", "cornername": "Nominal"}
[2024-11-05 17:00:08.441 -0300] [PROCESS] [cadence.virtuoso.ade.simulationMonitor] - Simulation started at: 5:00:05 PM, Tue Nov 5, 2024, ended at: 5:00:08 PM, Tue Nov 5, 2024, with elapsed time (wall clock): 2.91 s. {"history": "ExplorerRun.0", "point": 1, "testname": "logic_gates_lab3_nor_report_1", "cornername": "Nominal"}
[2024-11-05 17:00:08.441 -0300] [PROCESS] [cadence.virtuoso.ade.simulationMonitor] - spectre completes with 0 errors, 0 warnings, and 14 notices. {"history": "ExplorerRun.0", "point": 1, "testname": "logic_gates_lab3_nor_report_1", "cornername": "Nominal"}
[2024-11-05 17:00:08.441 -0300] [PROCESS] [cadence.virtuoso.ade.simulationMonitor] - Finished simulating for one point {"hostname": "cinova05.lesc.ufc.br", "processid": 89669, "history": "ExplorerRun.0", "testname": "logic_gates_lab3_nor_report_1", "cornername": "Nominal", "point": 1, "logfile": "/home/cinovador/Documents/course_files/digital_logic/practice_2/logs_cinovador/logs0/Job11.log", "simid": "2", "event": "finish", "category": "simulation"}
[2024-11-05 17:00:08.441 -0300] [PROCESS] [cadence.virtuoso.ade.simulationMonitor] - Simulator exited {"hostname": "cinova05.lesc.ufc.br", "processid": 89669, "history": "ExplorerRun.0", "testname": "logic_gates_lab3_nor_report_1", "cornername": "Nominal", "point": 1, "logfile": "/home/cinovador/Documents/course_files/digital_logic/practice_2/logs_cinovador/logs0/Job11.log", "exitStatus": "0"}
[2024-11-05 17:00:08.441 -0300] [PROCESS] [cadence.virtuoso.ade.simulationMonitor] - Finished Simulation {"hostname": "cinova05.lesc.ufc.br", "processid": 89669, "history": "ExplorerRun.0", "testname": "logic_gates_lab3_nor_report_1", "cornername": "Nominal", "point": 1, "logfile": "/home/cinovador/Documents/course_files/digital_logic/practice_2/logs_cinovador/logs0/Job11.log", "simid": "2", "event": "finish", "category": "obsolete"}
[2024-11-05 17:00:08.942 -0300] [PROCESS] [cadence.virtuoso.ade.simulationMonitor] - Point Finished {"hostname": "cinova05.lesc.ufc.br", "processid": 89669, "history": "ExplorerRun.0", "testname": "logic_gates_lab3_nor_report_1", "cornername": "Nominal", "point": 1, "logfile": "/home/cinovador/Documents/course_files/digital_logic/practice_2/logs_cinovador/logs0/Job11.log", "event": "finish", "category": "sim-eval"}
[2024-11-05 17:00:09.943 -0300] [PROCESS] [cadence.virtuoso.ade.simulationMonitor] - Stay with the runId '1', Linger time '300', currentRunSyn '3', currentTestSyn '4' {"hostname": "cinova05.lesc.ufc.br", "processid": 89669, "history": "ExplorerRun.0", "testname": "logic_gates_lab3_nor_report_1", "cornername": "Nominal", "point": 1, "logfile": "/home/cinovador/Documents/course_files/digital_logic/practice_2/logs_cinovador/logs0/Job11.log"}
[2024-11-05 17:02:44.012 -0300] [INFO] [cadence.virtuoso.ade.simulationMonitor] - SimulationMonitor has terminated the vds process '91037', reason: 'Force to stop the expression evalutor process because of new run' {"history": "ExplorerRun.0", "point": 1, "testname": "logic_gates_lab3_nor_report_1", "cornername": "Nominal"}
[2024-11-05 17:02:44.012 -0300] [PROCESS] [cadence.virtuoso.ade.simulationMonitor] - HostInfo:
Host name (type):	cinova05.lesc.ufc.br (x86_64)
Operating system:	Linux 4.18.0-553.22.1.el8_10.x86_64 #1 SMP Wed Sep 25 09:20:43 UTC 2024 {"hostname": "cinova05.lesc.ufc.br", "processid": 89669, "history": "ExplorerRun.0", "testname": "logic_gates_lab3_nor_report_1", "cornername": "Nominal", "point": 1, "logfile": "/home/cinovador/Documents/course_files/digital_logic/practice_2/logs_cinovador/logs0/Job11.log", "nodename": "cinova05.lesc.ufc.br", "domainname": "(none)", "machine": "x86_64", "sysname": "Linux", "release": "4.18.0-553.22.1.el8_10.x86_64", "version": "#1 SMP Wed Sep 25 09:20:43 UTC 2024"}
[2024-11-05 17:02:44.013 -0300] [PROCESS] [cadence.virtuoso.ade.simulationMonitor] - UsageInfo:
pid=89669
totalPhysicalMemory=30.835907GB,Used=15.470722GB,totalVirtualMemory=46.441372GB,Used=15.470722GB
Cpu: Cores=20, Load average:0.050000,0.200000,0.270000 {"hostname": "cinova05.lesc.ufc.br", "processid": 89669, "history": "ExplorerRun.0", "testname": "logic_gates_lab3_nor_report_1", "cornername": "Nominal", "point": 1, "logfile": "/home/cinovador/Documents/course_files/digital_logic/practice_2/logs_cinovador/logs0/Job11.log", "pid": "89669", "totalPhysicalMemory": "30.835907", "physicalMemoryUsed": "15.470722", "totalVirtualMemory": "46.441372", "virtualMemoryUsed": "15.470722", "cpuCores": "20", "processes": "1596", "loadAverage1": "0.050000", "loadAverage5": "0.200000", "loadAverage15": "0.270000", "loadAverage1Percent": "0.002500"}
[2024-11-05 17:02:44.013 -0300] [EVENT] [cadence.virtuoso.ade.simulationMonitor] - NewPoint {"history": "ExplorerRun.0", "point": 1, "testname": "logic_gates_lab3_nor_report_1", "cornername": "Nominal", "event": "NewPoint", "EventSource": "Simulation Monitor", "HistoryName": "ExplorerRun.0", "logFile": "/home/cinovador/Documents/course_files/digital_logic/practice_2/logs_cinovador/logs0/Job11.log", "logFileSize": "31613", "category": "simulation"}
[2024-11-05 17:02:44.114 -0300] [EVENT] [cadence.virtuoso.ade.simulationMonitor] - NewPoint {"history": "ExplorerRun.0", "point": 1, "testname": "logic_gates_lab3_nor_report_1", "cornername": "Nominal", "event": "NewPoint", "EventSource": "spectre", "HistoryName": "ExplorerRun.0", "logFile": "/home/cinovador/Documents/course_files/digital_logic/practice_2/logic_gates/lab3_nor/maestro/logic_gates/lab3_nor_report/maestro/results/maestro/ExplorerRun.0/1/logic_gates_lab3_nor_report_1/psf/spectre.out", "logFileSize": "-1", "category": "simulation"}
[2024-11-05 17:02:54.060 -0300] [PROCESS] [cadence.virtuoso.ade.simulationMonitor] - Simulator launched {"hostname": "cinova05.lesc.ufc.br", "processid": 89669, "history": "ExplorerRun.0", "testname": "logic_gates_lab3_nor_report_1", "cornername": "Nominal", "point": 1, "logfile": "/home/cinovador/Documents/course_files/digital_logic/practice_2/logs_cinovador/logs0/Job11.log", "simid": "3", "event": "launch", "category": "simulation"}
[2024-11-05 17:02:54.061 -0300] [PROCESS] [cadence.virtuoso.ade.simulationMonitor] - Expression evaluator launched {"hostname": "cinova05.lesc.ufc.br", "processid": 89669, "history": "ExplorerRun.0", "testname": "logic_gates_lab3_nor_report_1", "cornername": "Nominal", "point": 1, "logfile": "/home/cinovador/Documents/course_files/digital_logic/practice_2/logs_cinovador/logs0/Job11.log"}
[2024-11-05 17:02:54.096 -0300] [PROCESS] [cadence.virtuoso.ade.simulationMonitor] - Started Simulation {"hostname": "cinova05.lesc.ufc.br", "processid": 89669, "history": "ExplorerRun.0", "testname": "logic_gates_lab3_nor_report_1", "cornername": "Nominal", "point": 1, "logfile": "/home/cinovador/Documents/course_files/digital_logic/practice_2/logs_cinovador/logs0/Job11.log", "event": "start", "category": "simulation"}
[2024-11-05 17:02:57.097 -0300] [INFO] [cadence.virtuoso.ade.simulationMonitor] - Peak resident memory used = 189 Mbytes. {"history": "ExplorerRun.0", "point": 1, "testname": "logic_gates_lab3_nor_report_1", "cornername": "Nominal"}
[2024-11-05 17:02:57.097 -0300] [INFO] [cadence.virtuoso.ade.simulationMonitor] - Peak resident memory used = 202 Mbytes. {"history": "ExplorerRun.0", "point": 1, "testname": "logic_gates_lab3_nor_report_1", "cornername": "Nominal"}
[2024-11-05 17:02:57.097 -0300] [INFO] [cadence.virtuoso.ade.simulationMonitor] - Notice from spectre during hierarchy flattening.
    The value 'psf' specified for the 'checklimitdest' option will no longer be supported in future releases. Use 'spectre -h' to see other recommended values for the 'checklimitdest' option. {"history": "ExplorerRun.0", "point": 1, "testname": "logic_gates_lab3_nor_report_1", "cornername": "Nominal"}
[2024-11-05 17:02:57.097 -0300] [INFO] [cadence.virtuoso.ade.simulationMonitor] - Peak resident memory used = 203 Mbytes. {"history": "ExplorerRun.0", "point": 1, "testname": "logic_gates_lab3_nor_report_1", "cornername": "Nominal"}
[2024-11-05 17:02:57.097 -0300] [INFO] [cadence.virtuoso.ade.simulationMonitor] - Notice from spectre during initial setup.
    Multithreading is disabled due to the size of the design being too small. {"history": "ExplorerRun.0", "point": 1, "testname": "logic_gates_lab3_nor_report_1", "cornername": "Nominal"}
[2024-11-05 17:02:57.097 -0300] [INFO] [cadence.virtuoso.ade.simulationMonitor] -               nodes 11 {"history": "ExplorerRun.0", "point": 1, "testname": "logic_gates_lab3_nor_report_1", "cornername": "Nominal"}
[2024-11-05 17:02:57.097 -0300] [INFO] [cadence.virtuoso.ade.simulationMonitor] - Notice from spectre during initial setup.
    Protected devices exist and are not included in the circuit inventory.
    2 vsources are shorted because their absolute value is less than or equal to 'vabsshort'.
    APS enabled. {"history": "ExplorerRun.0", "point": 1, "testname": "logic_gates_lab3_nor_report_1", "cornername": "Nominal"}
[2024-11-05 17:02:57.097 -0300] [INFO] [cadence.virtuoso.ade.simulationMonitor] - Peak resident memory used = 206 Mbytes. {"history": "ExplorerRun.0", "point": 1, "testname": "logic_gates_lab3_nor_report_1", "cornername": "Nominal"}
[2024-11-05 17:02:57.097 -0300] [INFO] [cadence.virtuoso.ade.simulationMonitor] -    -   (APS) Multi-threading. The recommended number of threads is 1, consider adding +mt=1 on command line. {"history": "ExplorerRun.0", "point": 1, "testname": "logic_gates_lab3_nor_report_1", "cornername": "Nominal"}
[2024-11-05 17:02:57.097 -0300] [INFO] [cadence.virtuoso.ade.simulationMonitor] - Notice from spectre during transient analysis `tran'.
    Multithreading is disabled due to the size of the design being too small. {"history": "ExplorerRun.0", "point": 1, "testname": "logic_gates_lab3_nor_report_1", "cornername": "Nominal"}
[2024-11-05 17:02:57.097 -0300] [INFO] [cadence.virtuoso.ade.simulationMonitor] - Notice from spectre at time = 500.202 ns during transient analysis `tran'.
    Found trapezoidal ringing on node PM0.n1. {"history": "ExplorerRun.0", "point": 1, "testname": "logic_gates_lab3_nor_report_1", "cornername": "Nominal"}
[2024-11-05 17:02:57.097 -0300] [INFO] [cadence.virtuoso.ade.simulationMonitor] - Notice from spectre at time = 500.202 ns during transient analysis `tran'.
    Found trapezoidal ringing on node PM0.n1. {"history": "ExplorerRun.0", "point": 1, "testname": "logic_gates_lab3_nor_report_1", "cornername": "Nominal"}
[2024-11-05 17:02:57.097 -0300] [INFO] [cadence.virtuoso.ade.simulationMonitor] - Notice from spectre at time = 703.566 ns during transient analysis `tran'.
    Found trapezoidal ringing on node V3:p. {"history": "ExplorerRun.0", "point": 1, "testname": "logic_gates_lab3_nor_report_1", "cornername": "Nominal"}
[2024-11-05 17:02:57.097 -0300] [INFO] [cadence.virtuoso.ade.simulationMonitor] - Notice from spectre at time = 851.784 ns during transient analysis `tran'.
    Found trapezoidal ringing on node V3:p. {"history": "ExplorerRun.0", "point": 1, "testname": "logic_gates_lab3_nor_report_1", "cornername": "Nominal"}
[2024-11-05 17:02:57.097 -0300] [INFO] [cadence.virtuoso.ade.simulationMonitor] - Notice from spectre at time = 1 us during transient analysis `tran'.
    Found trapezoidal ringing on node V3:p.
        Further occurrences of this notice will be suppressed. {"history": "ExplorerRun.0", "point": 1, "testname": "logic_gates_lab3_nor_report_1", "cornername": "Nominal"}
[2024-11-05 17:02:57.598 -0300] [INFO] [cadence.virtuoso.ade.simulationMonitor] - Notice from spectre during transient analysis `tran'.
    Trapezoidal ringing is detected during tran analysis.
        Please use method=trap for better results and performance. {"history": "ExplorerRun.0", "point": 1, "testname": "logic_gates_lab3_nor_report_1", "cornername": "Nominal"}
[2024-11-05 17:02:57.598 -0300] [INFO] [cadence.virtuoso.ade.simulationMonitor] - Intrinsic tran analysis time:    CPU = 196.592 ms, elapsed = 197.986 ms. {"history": "ExplorerRun.0", "point": 1, "testname": "logic_gates_lab3_nor_report_1", "cornername": "Nominal"}
[2024-11-05 17:02:57.598 -0300] [INFO] [cadence.virtuoso.ade.simulationMonitor] - Total time required for tran analysis `tran': CPU = 198.547 ms, elapsed = 199.945 ms, util. = 99.3%. {"history": "ExplorerRun.0", "point": 1, "testname": "logic_gates_lab3_nor_report_1", "cornername": "Nominal"}
[2024-11-05 17:02:57.598 -0300] [INFO] [cadence.virtuoso.ade.simulationMonitor] - Peak resident memory used = 216 Mbytes. {"history": "ExplorerRun.0", "point": 1, "testname": "logic_gates_lab3_nor_report_1", "cornername": "Nominal"}
[2024-11-05 17:02:57.598 -0300] [INFO] [cadence.virtuoso.ade.simulationMonitor] - Notice from spectre.
    495 notices suppressed. {"history": "ExplorerRun.0", "point": 1, "testname": "logic_gates_lab3_nor_report_1", "cornername": "Nominal"}
[2024-11-05 17:02:57.598 -0300] [INFO] [cadence.virtuoso.ade.simulationMonitor] - Time used: CPU = 518 ms, elapsed = 2.85 s, util. = 18.1%. {"history": "ExplorerRun.0", "point": 1, "testname": "logic_gates_lab3_nor_report_1", "cornername": "Nominal"}
[2024-11-05 17:02:57.598 -0300] [INFO] [cadence.virtuoso.ade.simulationMonitor] - Time spent in licensing: elapsed = 1.43 s, percentage of total = 50%. {"history": "ExplorerRun.0", "point": 1, "testname": "logic_gates_lab3_nor_report_1", "cornername": "Nominal"}
[2024-11-05 17:02:57.598 -0300] [INFO] [cadence.virtuoso.ade.simulationMonitor] - Peak memory used = 217 Mbytes. {"history": "ExplorerRun.0", "point": 1, "testname": "logic_gates_lab3_nor_report_1", "cornername": "Nominal"}
[2024-11-05 17:02:57.598 -0300] [PROCESS] [cadence.virtuoso.ade.simulationMonitor] - Simulation started at: 5:02:54 PM, Tue Nov 5, 2024, ended at: 5:02:57 PM, Tue Nov 5, 2024, with elapsed time (wall clock): 2.85 s. {"history": "ExplorerRun.0", "point": 1, "testname": "logic_gates_lab3_nor_report_1", "cornername": "Nominal"}
[2024-11-05 17:02:57.598 -0300] [PROCESS] [cadence.virtuoso.ade.simulationMonitor] - spectre completes with 0 errors, 0 warnings, and 14 notices. {"history": "ExplorerRun.0", "point": 1, "testname": "logic_gates_lab3_nor_report_1", "cornername": "Nominal"}
[2024-11-05 17:02:57.598 -0300] [PROCESS] [cadence.virtuoso.ade.simulationMonitor] - Finished simulating for one point {"hostname": "cinova05.lesc.ufc.br", "processid": 89669, "history": "ExplorerRun.0", "testname": "logic_gates_lab3_nor_report_1", "cornername": "Nominal", "point": 1, "logfile": "/home/cinovador/Documents/course_files/digital_logic/practice_2/logs_cinovador/logs0/Job11.log", "simid": "3", "event": "finish", "category": "simulation"}
[2024-11-05 17:02:57.598 -0300] [PROCESS] [cadence.virtuoso.ade.simulationMonitor] - Simulator exited {"hostname": "cinova05.lesc.ufc.br", "processid": 89669, "history": "ExplorerRun.0", "testname": "logic_gates_lab3_nor_report_1", "cornername": "Nominal", "point": 1, "logfile": "/home/cinovador/Documents/course_files/digital_logic/practice_2/logs_cinovador/logs0/Job11.log", "exitStatus": "0"}
[2024-11-05 17:02:57.598 -0300] [PROCESS] [cadence.virtuoso.ade.simulationMonitor] - Finished Simulation {"hostname": "cinova05.lesc.ufc.br", "processid": 89669, "history": "ExplorerRun.0", "testname": "logic_gates_lab3_nor_report_1", "cornername": "Nominal", "point": 1, "logfile": "/home/cinovador/Documents/course_files/digital_logic/practice_2/logs_cinovador/logs0/Job11.log", "simid": "3", "event": "finish", "category": "obsolete"}
[2024-11-05 17:02:58.599 -0300] [PROCESS] [cadence.virtuoso.ade.simulationMonitor] - Point Finished {"hostname": "cinova05.lesc.ufc.br", "processid": 89669, "history": "ExplorerRun.0", "testname": "logic_gates_lab3_nor_report_1", "cornername": "Nominal", "point": 1, "logfile": "/home/cinovador/Documents/course_files/digital_logic/practice_2/logs_cinovador/logs0/Job11.log", "event": "finish", "category": "sim-eval"}
[2024-11-05 17:05:33.616 -0300] [INFO] [cadence.virtuoso.ade.simulationMonitor] - SimulationMonitor has terminated the vds process '92606', reason: 'Force to stop the expression evalutor process because of new run' {"history": "ExplorerRun.0", "point": 1, "testname": "logic_gates_lab3_nor_report_1", "cornername": "Nominal"}
[2024-11-05 17:05:33.616 -0300] [PROCESS] [cadence.virtuoso.ade.simulationMonitor] - HostInfo:
Host name (type):	cinova05.lesc.ufc.br (x86_64)
Operating system:	Linux 4.18.0-553.22.1.el8_10.x86_64 #1 SMP Wed Sep 25 09:20:43 UTC 2024 {"hostname": "cinova05.lesc.ufc.br", "processid": 89669, "history": "ExplorerRun.0", "testname": "logic_gates_lab3_nor_report_1", "cornername": "Nominal", "point": 1, "logfile": "/home/cinovador/Documents/course_files/digital_logic/practice_2/logs_cinovador/logs0/Job11.log", "nodename": "cinova05.lesc.ufc.br", "domainname": "(none)", "machine": "x86_64", "sysname": "Linux", "release": "4.18.0-553.22.1.el8_10.x86_64", "version": "#1 SMP Wed Sep 25 09:20:43 UTC 2024"}
[2024-11-05 17:05:33.616 -0300] [PROCESS] [cadence.virtuoso.ade.simulationMonitor] - UsageInfo:
pid=89669
totalPhysicalMemory=30.835907GB,Used=15.576572GB,totalVirtualMemory=46.441372GB,Used=15.576572GB
Cpu: Cores=20, Load average:0.690000,0.370000,0.320000 {"hostname": "cinova05.lesc.ufc.br", "processid": 89669, "history": "ExplorerRun.0", "testname": "logic_gates_lab3_nor_report_1", "cornername": "Nominal", "point": 1, "logfile": "/home/cinovador/Documents/course_files/digital_logic/practice_2/logs_cinovador/logs0/Job11.log", "pid": "89669", "totalPhysicalMemory": "30.835907", "physicalMemoryUsed": "15.576572", "totalVirtualMemory": "46.441372", "virtualMemoryUsed": "15.576572", "cpuCores": "20", "processes": "1604", "loadAverage1": "0.690000", "loadAverage5": "0.370000", "loadAverage15": "0.320000", "loadAverage1Percent": "0.034500"}
[2024-11-05 17:05:33.616 -0300] [EVENT] [cadence.virtuoso.ade.simulationMonitor] - NewPoint {"history": "ExplorerRun.0", "point": 1, "testname": "logic_gates_lab3_nor_report_1", "cornername": "Nominal", "event": "NewPoint", "EventSource": "Simulation Monitor", "HistoryName": "ExplorerRun.0", "logFile": "/home/cinovador/Documents/course_files/digital_logic/practice_2/logs_cinovador/logs0/Job11.log", "logFileSize": "44749", "category": "simulation"}
[2024-11-05 17:05:33.717 -0300] [EVENT] [cadence.virtuoso.ade.simulationMonitor] - NewPoint {"history": "ExplorerRun.0", "point": 1, "testname": "logic_gates_lab3_nor_report_1", "cornername": "Nominal", "event": "NewPoint", "EventSource": "spectre", "HistoryName": "ExplorerRun.0", "logFile": "/home/cinovador/Documents/course_files/digital_logic/practice_2/logic_gates/lab3_nor/maestro/logic_gates/lab3_nor_report/maestro/results/maestro/ExplorerRun.0/1/logic_gates_lab3_nor_report_1/psf/spectre.out", "logFileSize": "-1", "category": "simulation"}
[2024-11-05 17:05:43.654 -0300] [PROCESS] [cadence.virtuoso.ade.simulationMonitor] - Simulator launched {"hostname": "cinova05.lesc.ufc.br", "processid": 89669, "history": "ExplorerRun.0", "testname": "logic_gates_lab3_nor_report_1", "cornername": "Nominal", "point": 1, "logfile": "/home/cinovador/Documents/course_files/digital_logic/practice_2/logs_cinovador/logs0/Job11.log", "simid": "4", "event": "launch", "category": "simulation"}
[2024-11-05 17:05:43.654 -0300] [PROCESS] [cadence.virtuoso.ade.simulationMonitor] - Expression evaluator launched {"hostname": "cinova05.lesc.ufc.br", "processid": 89669, "history": "ExplorerRun.0", "testname": "logic_gates_lab3_nor_report_1", "cornername": "Nominal", "point": 1, "logfile": "/home/cinovador/Documents/course_files/digital_logic/practice_2/logs_cinovador/logs0/Job11.log"}
[2024-11-05 17:05:43.654 -0300] [PROCESS] [cadence.virtuoso.ade.simulationMonitor] - Started Simulation {"hostname": "cinova05.lesc.ufc.br", "processid": 89669, "history": "ExplorerRun.0", "testname": "logic_gates_lab3_nor_report_1", "cornername": "Nominal", "point": 1, "logfile": "/home/cinovador/Documents/course_files/digital_logic/practice_2/logs_cinovador/logs0/Job11.log", "event": "start", "category": "simulation"}
[2024-11-05 17:05:46.692 -0300] [INFO] [cadence.virtuoso.ade.simulationMonitor] - Peak resident memory used = 186 Mbytes. {"history": "ExplorerRun.0", "point": 1, "testname": "logic_gates_lab3_nor_report_1", "cornername": "Nominal"}
[2024-11-05 17:05:46.692 -0300] [INFO] [cadence.virtuoso.ade.simulationMonitor] - Peak resident memory used = 198 Mbytes. {"history": "ExplorerRun.0", "point": 1, "testname": "logic_gates_lab3_nor_report_1", "cornername": "Nominal"}
[2024-11-05 17:05:46.692 -0300] [INFO] [cadence.virtuoso.ade.simulationMonitor] - Notice from spectre during hierarchy flattening.
    The value 'psf' specified for the 'checklimitdest' option will no longer be supported in future releases. Use 'spectre -h' to see other recommended values for the 'checklimitdest' option. {"history": "ExplorerRun.0", "point": 1, "testname": "logic_gates_lab3_nor_report_1", "cornername": "Nominal"}
[2024-11-05 17:05:46.692 -0300] [INFO] [cadence.virtuoso.ade.simulationMonitor] - Peak resident memory used = 199 Mbytes. {"history": "ExplorerRun.0", "point": 1, "testname": "logic_gates_lab3_nor_report_1", "cornername": "Nominal"}
[2024-11-05 17:05:46.692 -0300] [INFO] [cadence.virtuoso.ade.simulationMonitor] - Notice from spectre during initial setup.
    Multithreading is disabled due to the size of the design being too small. {"history": "ExplorerRun.0", "point": 1, "testname": "logic_gates_lab3_nor_report_1", "cornername": "Nominal"}
[2024-11-05 17:05:46.692 -0300] [INFO] [cadence.virtuoso.ade.simulationMonitor] -               nodes 11 {"history": "ExplorerRun.0", "point": 1, "testname": "logic_gates_lab3_nor_report_1", "cornername": "Nominal"}
[2024-11-05 17:05:46.692 -0300] [INFO] [cadence.virtuoso.ade.simulationMonitor] - Notice from spectre during initial setup.
    Protected devices exist and are not included in the circuit inventory.
    2 vsources are shorted because their absolute value is less than or equal to 'vabsshort'.
    APS enabled. {"history": "ExplorerRun.0", "point": 1, "testname": "logic_gates_lab3_nor_report_1", "cornername": "Nominal"}
[2024-11-05 17:05:46.692 -0300] [INFO] [cadence.virtuoso.ade.simulationMonitor] - Peak resident memory used = 202 Mbytes. {"history": "ExplorerRun.0", "point": 1, "testname": "logic_gates_lab3_nor_report_1", "cornername": "Nominal"}
[2024-11-05 17:05:46.692 -0300] [INFO] [cadence.virtuoso.ade.simulationMonitor] -    -   (APS) Multi-threading. The recommended number of threads is 1, consider adding +mt=1 on command line. {"history": "ExplorerRun.0", "point": 1, "testname": "logic_gates_lab3_nor_report_1", "cornername": "Nominal"}
[2024-11-05 17:05:46.692 -0300] [INFO] [cadence.virtuoso.ade.simulationMonitor] - Notice from spectre during transient analysis `tran'.
    Multithreading is disabled due to the size of the design being too small. {"history": "ExplorerRun.0", "point": 1, "testname": "logic_gates_lab3_nor_report_1", "cornername": "Nominal"}
[2024-11-05 17:05:46.692 -0300] [INFO] [cadence.virtuoso.ade.simulationMonitor] - Notice from spectre at time = 514.659 ns during transient analysis `tran'.
    Found trapezoidal ringing on node net1. {"history": "ExplorerRun.0", "point": 1, "testname": "logic_gates_lab3_nor_report_1", "cornername": "Nominal"}
[2024-11-05 17:05:46.692 -0300] [INFO] [cadence.virtuoso.ade.simulationMonitor] - Notice from spectre at time = 523.704 ns during transient analysis `tran'.
    Found trapezoidal ringing on node net1. {"history": "ExplorerRun.0", "point": 1, "testname": "logic_gates_lab3_nor_report_1", "cornername": "Nominal"}
[2024-11-05 17:05:46.692 -0300] [INFO] [cadence.virtuoso.ade.simulationMonitor] - Notice from spectre at time = 538.862 ns during transient analysis `tran'.
    Found trapezoidal ringing on node net1. {"history": "ExplorerRun.0", "point": 1, "testname": "logic_gates_lab3_nor_report_1", "cornername": "Nominal"}
[2024-11-05 17:05:46.692 -0300] [INFO] [cadence.virtuoso.ade.simulationMonitor] - Notice from spectre at time = 564.389 ns during transient analysis `tran'.
    Found trapezoidal ringing on node net1. {"history": "ExplorerRun.0", "point": 1, "testname": "logic_gates_lab3_nor_report_1", "cornername": "Nominal"}
[2024-11-05 17:05:46.692 -0300] [INFO] [cadence.virtuoso.ade.simulationMonitor] - Notice from spectre at time = 607.355 ns during transient analysis `tran'.
    Found trapezoidal ringing on node net1.
        Further occurrences of this notice will be suppressed. {"history": "ExplorerRun.0", "point": 1, "testname": "logic_gates_lab3_nor_report_1", "cornername": "Nominal"}
[2024-11-05 17:05:46.692 -0300] [INFO] [cadence.virtuoso.ade.simulationMonitor] - Notice from spectre during transient analysis `tran'.
    Trapezoidal ringing is detected during tran analysis.
        Please use method=trap for better results and performance. {"history": "ExplorerRun.0", "point": 1, "testname": "logic_gates_lab3_nor_report_1", "cornername": "Nominal"}
[2024-11-05 17:05:46.692 -0300] [INFO] [cadence.virtuoso.ade.simulationMonitor] - Intrinsic tran analysis time:    CPU = 164.934 ms, elapsed = 166.769 ms. {"history": "ExplorerRun.0", "point": 1, "testname": "logic_gates_lab3_nor_report_1", "cornername": "Nominal"}
[2024-11-05 17:05:46.692 -0300] [INFO] [cadence.virtuoso.ade.simulationMonitor] - Total time required for tran analysis `tran': CPU = 165.81 ms, elapsed = 167.647 ms, util. = 98.9%. {"history": "ExplorerRun.0", "point": 1, "testname": "logic_gates_lab3_nor_report_1", "cornername": "Nominal"}
[2024-11-05 17:05:46.692 -0300] [INFO] [cadence.virtuoso.ade.simulationMonitor] - Peak resident memory used = 213 Mbytes. {"history": "ExplorerRun.0", "point": 1, "testname": "logic_gates_lab3_nor_report_1", "cornername": "Nominal"}
[2024-11-05 17:05:46.692 -0300] [INFO] [cadence.virtuoso.ade.simulationMonitor] - Notice from spectre.
    795 notices suppressed. {"history": "ExplorerRun.0", "point": 1, "testname": "logic_gates_lab3_nor_report_1", "cornername": "Nominal"}
[2024-11-05 17:05:47.193 -0300] [INFO] [cadence.virtuoso.ade.simulationMonitor] - Time used: CPU = 486 ms, elapsed = 2.83 s, util. = 17.2%. {"history": "ExplorerRun.0", "point": 1, "testname": "logic_gates_lab3_nor_report_1", "cornername": "Nominal"}
[2024-11-05 17:05:47.193 -0300] [INFO] [cadence.virtuoso.ade.simulationMonitor] - Time spent in licensing: elapsed = 1.43 s, percentage of total = 50.5%. {"history": "ExplorerRun.0", "point": 1, "testname": "logic_gates_lab3_nor_report_1", "cornername": "Nominal"}
[2024-11-05 17:05:47.193 -0300] [INFO] [cadence.virtuoso.ade.simulationMonitor] - Peak memory used = 213 Mbytes. {"history": "ExplorerRun.0", "point": 1, "testname": "logic_gates_lab3_nor_report_1", "cornername": "Nominal"}
[2024-11-05 17:05:47.193 -0300] [PROCESS] [cadence.virtuoso.ade.simulationMonitor] - Simulation started at: 5:05:43 PM, Tue Nov 5, 2024, ended at: 5:05:46 PM, Tue Nov 5, 2024, with elapsed time (wall clock): 2.83 s. {"history": "ExplorerRun.0", "point": 1, "testname": "logic_gates_lab3_nor_report_1", "cornername": "Nominal"}
[2024-11-05 17:05:47.193 -0300] [PROCESS] [cadence.virtuoso.ade.simulationMonitor] - spectre completes with 0 errors, 0 warnings, and 14 notices. {"history": "ExplorerRun.0", "point": 1, "testname": "logic_gates_lab3_nor_report_1", "cornername": "Nominal"}
[2024-11-05 17:05:47.193 -0300] [PROCESS] [cadence.virtuoso.ade.simulationMonitor] - Finished simulating for one point {"hostname": "cinova05.lesc.ufc.br", "processid": 89669, "history": "ExplorerRun.0", "testname": "logic_gates_lab3_nor_report_1", "cornername": "Nominal", "point": 1, "logfile": "/home/cinovador/Documents/course_files/digital_logic/practice_2/logs_cinovador/logs0/Job11.log", "simid": "4", "event": "finish", "category": "simulation"}
[2024-11-05 17:05:47.193 -0300] [PROCESS] [cadence.virtuoso.ade.simulationMonitor] - Simulator exited {"hostname": "cinova05.lesc.ufc.br", "processid": 89669, "history": "ExplorerRun.0", "testname": "logic_gates_lab3_nor_report_1", "cornername": "Nominal", "point": 1, "logfile": "/home/cinovador/Documents/course_files/digital_logic/practice_2/logs_cinovador/logs0/Job11.log", "exitStatus": "0"}
[2024-11-05 17:05:47.193 -0300] [PROCESS] [cadence.virtuoso.ade.simulationMonitor] - Finished Simulation {"hostname": "cinova05.lesc.ufc.br", "processid": 89669, "history": "ExplorerRun.0", "testname": "logic_gates_lab3_nor_report_1", "cornername": "Nominal", "point": 1, "logfile": "/home/cinovador/Documents/course_files/digital_logic/practice_2/logs_cinovador/logs0/Job11.log", "simid": "4", "event": "finish", "category": "obsolete"}
[2024-11-05 17:05:48.194 -0300] [PROCESS] [cadence.virtuoso.ade.simulationMonitor] - Point Finished {"hostname": "cinova05.lesc.ufc.br", "processid": 89669, "history": "ExplorerRun.0", "testname": "logic_gates_lab3_nor_report_1", "cornername": "Nominal", "point": 1, "logfile": "/home/cinovador/Documents/course_files/digital_logic/practice_2/logs_cinovador/logs0/Job11.log", "event": "finish", "category": "sim-eval"}
[2024-11-05 17:06:17.973 -0300] [INFO] [cadence.virtuoso.ade.simulationMonitor] - SimulationMonitor has terminated the vds process '93841', reason: 'Force to stop the expression evalutor process because of new run' {"history": "ExplorerRun.0", "point": 1, "testname": "logic_gates_lab3_nor_report_1", "cornername": "Nominal"}
[2024-11-05 17:06:17.973 -0300] [PROCESS] [cadence.virtuoso.ade.simulationMonitor] - HostInfo:
Host name (type):	cinova05.lesc.ufc.br (x86_64)
Operating system:	Linux 4.18.0-553.22.1.el8_10.x86_64 #1 SMP Wed Sep 25 09:20:43 UTC 2024 {"hostname": "cinova05.lesc.ufc.br", "processid": 89669, "history": "ExplorerRun.0", "testname": "logic_gates_lab3_nor_report_1", "cornername": "Nominal", "point": 1, "logfile": "/home/cinovador/Documents/course_files/digital_logic/practice_2/logs_cinovador/logs0/Job11.log", "nodename": "cinova05.lesc.ufc.br", "domainname": "(none)", "machine": "x86_64", "sysname": "Linux", "release": "4.18.0-553.22.1.el8_10.x86_64", "version": "#1 SMP Wed Sep 25 09:20:43 UTC 2024"}
[2024-11-05 17:06:17.973 -0300] [PROCESS] [cadence.virtuoso.ade.simulationMonitor] - UsageInfo:
pid=89669
totalPhysicalMemory=30.835907GB,Used=15.587696GB,totalVirtualMemory=46.441372GB,Used=15.587696GB
Cpu: Cores=20, Load average:0.460000,0.350000,0.310000 {"hostname": "cinova05.lesc.ufc.br", "processid": 89669, "history": "ExplorerRun.0", "testname": "logic_gates_lab3_nor_report_1", "cornername": "Nominal", "point": 1, "logfile": "/home/cinovador/Documents/course_files/digital_logic/practice_2/logs_cinovador/logs0/Job11.log", "pid": "89669", "totalPhysicalMemory": "30.835907", "physicalMemoryUsed": "15.587696", "totalVirtualMemory": "46.441372", "virtualMemoryUsed": "15.587696", "cpuCores": "20", "processes": "1615", "loadAverage1": "0.460000", "loadAverage5": "0.350000", "loadAverage15": "0.310000", "loadAverage1Percent": "0.023000"}
[2024-11-05 17:06:17.973 -0300] [EVENT] [cadence.virtuoso.ade.simulationMonitor] - NewPoint {"history": "ExplorerRun.0", "point": 1, "testname": "logic_gates_lab3_nor_report_1", "cornername": "Nominal", "event": "NewPoint", "EventSource": "Simulation Monitor", "HistoryName": "ExplorerRun.0", "logFile": "/home/cinovador/Documents/course_files/digital_logic/practice_2/logs_cinovador/logs0/Job11.log", "logFileSize": "57888", "category": "simulation"}
[2024-11-05 17:06:18.074 -0300] [EVENT] [cadence.virtuoso.ade.simulationMonitor] - NewPoint {"history": "ExplorerRun.0", "point": 1, "testname": "logic_gates_lab3_nor_report_1", "cornername": "Nominal", "event": "NewPoint", "EventSource": "spectre", "HistoryName": "ExplorerRun.0", "logFile": "/home/cinovador/Documents/course_files/digital_logic/practice_2/logic_gates/lab3_nor/maestro/logic_gates/lab3_nor_report/maestro/results/maestro/ExplorerRun.0/1/logic_gates_lab3_nor_report_1/psf/spectre.out", "logFileSize": "-1", "category": "simulation"}
[2024-11-05 17:06:19.015 -0300] [PROCESS] [cadence.virtuoso.ade.simulationMonitor] - Simulator launched {"hostname": "cinova05.lesc.ufc.br", "processid": 89669, "history": "ExplorerRun.0", "testname": "logic_gates_lab3_nor_report_1", "cornername": "Nominal", "point": 1, "logfile": "/home/cinovador/Documents/course_files/digital_logic/practice_2/logs_cinovador/logs0/Job11.log", "simid": "5", "event": "launch", "category": "simulation"}
[2024-11-05 17:06:19.015 -0300] [PROCESS] [cadence.virtuoso.ade.simulationMonitor] - Expression evaluator launched {"hostname": "cinova05.lesc.ufc.br", "processid": 89669, "history": "ExplorerRun.0", "testname": "logic_gates_lab3_nor_report_1", "cornername": "Nominal", "point": 1, "logfile": "/home/cinovador/Documents/course_files/digital_logic/practice_2/logs_cinovador/logs0/Job11.log"}
[2024-11-05 17:06:19.015 -0300] [PROCESS] [cadence.virtuoso.ade.simulationMonitor] - Started Simulation {"hostname": "cinova05.lesc.ufc.br", "processid": 89669, "history": "ExplorerRun.0", "testname": "logic_gates_lab3_nor_report_1", "cornername": "Nominal", "point": 1, "logfile": "/home/cinovador/Documents/course_files/digital_logic/practice_2/logs_cinovador/logs0/Job11.log", "event": "start", "category": "simulation"}
[2024-11-05 17:06:22.052 -0300] [INFO] [cadence.virtuoso.ade.simulationMonitor] - Peak resident memory used = 186 Mbytes. {"history": "ExplorerRun.0", "point": 1, "testname": "logic_gates_lab3_nor_report_1", "cornername": "Nominal"}
[2024-11-05 17:06:22.052 -0300] [INFO] [cadence.virtuoso.ade.simulationMonitor] - Peak resident memory used = 198 Mbytes. {"history": "ExplorerRun.0", "point": 1, "testname": "logic_gates_lab3_nor_report_1", "cornername": "Nominal"}
[2024-11-05 17:06:22.052 -0300] [INFO] [cadence.virtuoso.ade.simulationMonitor] - Notice from spectre during hierarchy flattening.
    The value 'psf' specified for the 'checklimitdest' option will no longer be supported in future releases. Use 'spectre -h' to see other recommended values for the 'checklimitdest' option. {"history": "ExplorerRun.0", "point": 1, "testname": "logic_gates_lab3_nor_report_1", "cornername": "Nominal"}
[2024-11-05 17:06:22.052 -0300] [INFO] [cadence.virtuoso.ade.simulationMonitor] - Peak resident memory used = 199 Mbytes. {"history": "ExplorerRun.0", "point": 1, "testname": "logic_gates_lab3_nor_report_1", "cornername": "Nominal"}
[2024-11-05 17:06:22.052 -0300] [INFO] [cadence.virtuoso.ade.simulationMonitor] - Notice from spectre during initial setup.
    Multithreading is disabled due to the size of the design being too small. {"history": "ExplorerRun.0", "point": 1, "testname": "logic_gates_lab3_nor_report_1", "cornername": "Nominal"}
[2024-11-05 17:06:22.052 -0300] [INFO] [cadence.virtuoso.ade.simulationMonitor] -               nodes 11 {"history": "ExplorerRun.0", "point": 1, "testname": "logic_gates_lab3_nor_report_1", "cornername": "Nominal"}
[2024-11-05 17:06:22.052 -0300] [INFO] [cadence.virtuoso.ade.simulationMonitor] - Notice from spectre during initial setup.
    Protected devices exist and are not included in the circuit inventory.
    2 vsources are shorted because their absolute value is less than or equal to 'vabsshort'.
    APS enabled. {"history": "ExplorerRun.0", "point": 1, "testname": "logic_gates_lab3_nor_report_1", "cornername": "Nominal"}
[2024-11-05 17:06:22.052 -0300] [INFO] [cadence.virtuoso.ade.simulationMonitor] - Peak resident memory used = 202 Mbytes. {"history": "ExplorerRun.0", "point": 1, "testname": "logic_gates_lab3_nor_report_1", "cornername": "Nominal"}
[2024-11-05 17:06:22.052 -0300] [INFO] [cadence.virtuoso.ade.simulationMonitor] -    -   (APS) Multi-threading. The recommended number of threads is 1, consider adding +mt=1 on command line. {"history": "ExplorerRun.0", "point": 1, "testname": "logic_gates_lab3_nor_report_1", "cornername": "Nominal"}
[2024-11-05 17:06:22.052 -0300] [INFO] [cadence.virtuoso.ade.simulationMonitor] - Notice from spectre during transient analysis `tran'.
    Multithreading is disabled due to the size of the design being too small. {"history": "ExplorerRun.0", "point": 1, "testname": "logic_gates_lab3_nor_report_1", "cornername": "Nominal"}
[2024-11-05 17:06:22.052 -0300] [INFO] [cadence.virtuoso.ade.simulationMonitor] - Notice from spectre at time = 500.197 ns during transient analysis `tran'.
    Found trapezoidal ringing on node PM1.n1. {"history": "ExplorerRun.0", "point": 1, "testname": "logic_gates_lab3_nor_report_1", "cornername": "Nominal"}
[2024-11-05 17:06:22.052 -0300] [INFO] [cadence.virtuoso.ade.simulationMonitor] - Notice from spectre at time = 500.197 ns during transient analysis `tran'.
    Found trapezoidal ringing on node PM1.n1. {"history": "ExplorerRun.0", "point": 1, "testname": "logic_gates_lab3_nor_report_1", "cornername": "Nominal"}
[2024-11-05 17:06:22.052 -0300] [INFO] [cadence.virtuoso.ade.simulationMonitor] - Notice from spectre at time = 500.197 ns during transient analysis `tran'.
    Found trapezoidal ringing on node PM1.n1. {"history": "ExplorerRun.0", "point": 1, "testname": "logic_gates_lab3_nor_report_1", "cornername": "Nominal"}
[2024-11-05 17:06:22.052 -0300] [INFO] [cadence.virtuoso.ade.simulationMonitor] - Notice from spectre at time = 500.197 ns during transient analysis `tran'.
    Found trapezoidal ringing on node PM1.n1. {"history": "ExplorerRun.0", "point": 1, "testname": "logic_gates_lab3_nor_report_1", "cornername": "Nominal"}
[2024-11-05 17:06:22.052 -0300] [INFO] [cadence.virtuoso.ade.simulationMonitor] - Notice from spectre at time = 500.197 ns during transient analysis `tran'.
    Found trapezoidal ringing on node PM1.n1.
        Further occurrences of this notice will be suppressed. {"history": "ExplorerRun.0", "point": 1, "testname": "logic_gates_lab3_nor_report_1", "cornername": "Nominal"}
[2024-11-05 17:06:22.052 -0300] [INFO] [cadence.virtuoso.ade.simulationMonitor] - Notice from spectre during transient analysis `tran'.
    Trapezoidal ringing is detected during tran analysis.
        Please use method=trap for better results and performance. {"history": "ExplorerRun.0", "point": 1, "testname": "logic_gates_lab3_nor_report_1", "cornername": "Nominal"}
[2024-11-05 17:06:22.052 -0300] [INFO] [cadence.virtuoso.ade.simulationMonitor] - Intrinsic tran analysis time:    CPU = 292.127 ms, elapsed = 293.614 ms. {"history": "ExplorerRun.0", "point": 1, "testname": "logic_gates_lab3_nor_report_1", "cornername": "Nominal"}
[2024-11-05 17:06:22.052 -0300] [INFO] [cadence.virtuoso.ade.simulationMonitor] - Total time required for tran analysis `tran': CPU = 293.058 ms, elapsed = 294.54 ms, util. = 99.5%. {"history": "ExplorerRun.0", "point": 1, "testname": "logic_gates_lab3_nor_report_1", "cornername": "Nominal"}
[2024-11-05 17:06:22.052 -0300] [INFO] [cadence.virtuoso.ade.simulationMonitor] - Peak resident memory used = 214 Mbytes. {"history": "ExplorerRun.0", "point": 1, "testname": "logic_gates_lab3_nor_report_1", "cornername": "Nominal"}
[2024-11-05 17:06:22.052 -0300] [INFO] [cadence.virtuoso.ade.simulationMonitor] - Notice from spectre.
    1995 notices suppressed. {"history": "ExplorerRun.0", "point": 1, "testname": "logic_gates_lab3_nor_report_1", "cornername": "Nominal"}
[2024-11-05 17:06:22.052 -0300] [INFO] [cadence.virtuoso.ade.simulationMonitor] - Time used: CPU = 616 ms, elapsed = 2.96 s, util. = 20.8%. {"history": "ExplorerRun.0", "point": 1, "testname": "logic_gates_lab3_nor_report_1", "cornername": "Nominal"}
[2024-11-05 17:06:22.052 -0300] [INFO] [cadence.virtuoso.ade.simulationMonitor] - Time spent in licensing: elapsed = 1.43 s, percentage of total = 48.4%. {"history": "ExplorerRun.0", "point": 1, "testname": "logic_gates_lab3_nor_report_1", "cornername": "Nominal"}
[2024-11-05 17:06:22.052 -0300] [INFO] [cadence.virtuoso.ade.simulationMonitor] - Peak memory used = 214 Mbytes. {"history": "ExplorerRun.0", "point": 1, "testname": "logic_gates_lab3_nor_report_1", "cornername": "Nominal"}
[2024-11-05 17:06:22.052 -0300] [PROCESS] [cadence.virtuoso.ade.simulationMonitor] - Simulation started at: 5:06:19 PM, Tue Nov 5, 2024, ended at: 5:06:22 PM, Tue Nov 5, 2024, with elapsed time (wall clock): 2.96 s. {"history": "ExplorerRun.0", "point": 1, "testname": "logic_gates_lab3_nor_report_1", "cornername": "Nominal"}
[2024-11-05 17:06:22.052 -0300] [PROCESS] [cadence.virtuoso.ade.simulationMonitor] - spectre completes with 0 errors, 0 warnings, and 14 notices. {"history": "ExplorerRun.0", "point": 1, "testname": "logic_gates_lab3_nor_report_1", "cornername": "Nominal"}
[2024-11-05 17:06:22.052 -0300] [PROCESS] [cadence.virtuoso.ade.simulationMonitor] - Finished simulating for one point {"hostname": "cinova05.lesc.ufc.br", "processid": 89669, "history": "ExplorerRun.0", "testname": "logic_gates_lab3_nor_report_1", "cornername": "Nominal", "point": 1, "logfile": "/home/cinovador/Documents/course_files/digital_logic/practice_2/logs_cinovador/logs0/Job11.log", "simid": "5", "event": "finish", "category": "simulation"}
[2024-11-05 17:06:22.052 -0300] [PROCESS] [cadence.virtuoso.ade.simulationMonitor] - Simulator exited {"hostname": "cinova05.lesc.ufc.br", "processid": 89669, "history": "ExplorerRun.0", "testname": "logic_gates_lab3_nor_report_1", "cornername": "Nominal", "point": 1, "logfile": "/home/cinovador/Documents/course_files/digital_logic/practice_2/logs_cinovador/logs0/Job11.log", "exitStatus": "0"}
[2024-11-05 17:06:22.052 -0300] [PROCESS] [cadence.virtuoso.ade.simulationMonitor] - Finished Simulation {"hostname": "cinova05.lesc.ufc.br", "processid": 89669, "history": "ExplorerRun.0", "testname": "logic_gates_lab3_nor_report_1", "cornername": "Nominal", "point": 1, "logfile": "/home/cinovador/Documents/course_files/digital_logic/practice_2/logs_cinovador/logs0/Job11.log", "simid": "5", "event": "finish", "category": "obsolete"}
[2024-11-05 17:06:23.054 -0300] [PROCESS] [cadence.virtuoso.ade.simulationMonitor] - Point Finished {"hostname": "cinova05.lesc.ufc.br", "processid": 89669, "history": "ExplorerRun.0", "testname": "logic_gates_lab3_nor_report_1", "cornername": "Nominal", "point": 1, "logfile": "/home/cinovador/Documents/course_files/digital_logic/practice_2/logs_cinovador/logs0/Job11.log", "event": "finish", "category": "sim-eval"}
[2024-11-05 17:06:24.056 -0300] [PROCESS] [cadence.virtuoso.ade.simulationMonitor] - Stay with the runId '4', Linger time '300', currentRunSyn '9', currentTestSyn '10' {"hostname": "cinova05.lesc.ufc.br", "processid": 89669, "history": "ExplorerRun.0", "testname": "logic_gates_lab3_nor_report_1", "cornername": "Nominal", "point": 1, "logfile": "/home/cinovador/Documents/course_files/digital_logic/practice_2/logs_cinovador/logs0/Job11.log"}
[2024-11-05 17:08:24.197 -0300] [INFO] [cadence.virtuoso.ade.simulationMonitor] - SimulationMonitor has terminated the vds process '94493', reason: 'Force to stop the expression evalutor process because of new run' {"history": "ExplorerRun.0", "point": 1, "testname": "logic_gates_lab3_nor_report_1", "cornername": "Nominal"}
[2024-11-05 17:08:24.197 -0300] [PROCESS] [cadence.virtuoso.ade.simulationMonitor] - HostInfo:
Host name (type):	cinova05.lesc.ufc.br (x86_64)
Operating system:	Linux 4.18.0-553.22.1.el8_10.x86_64 #1 SMP Wed Sep 25 09:20:43 UTC 2024 {"hostname": "cinova05.lesc.ufc.br", "processid": 89669, "history": "ExplorerRun.0", "testname": "logic_gates_lab3_nor_report_1", "cornername": "Nominal", "point": 1, "logfile": "/home/cinovador/Documents/course_files/digital_logic/practice_2/logs_cinovador/logs0/Job11.log", "nodename": "cinova05.lesc.ufc.br", "domainname": "(none)", "machine": "x86_64", "sysname": "Linux", "release": "4.18.0-553.22.1.el8_10.x86_64", "version": "#1 SMP Wed Sep 25 09:20:43 UTC 2024"}
[2024-11-05 17:08:24.197 -0300] [PROCESS] [cadence.virtuoso.ade.simulationMonitor] - UsageInfo:
pid=89669
totalPhysicalMemory=30.835907GB,Used=15.595852GB,totalVirtualMemory=46.441372GB,Used=15.595852GB
Cpu: Cores=20, Load average:0.150000,0.290000,0.290000 {"hostname": "cinova05.lesc.ufc.br", "processid": 89669, "history": "ExplorerRun.0", "testname": "logic_gates_lab3_nor_report_1", "cornername": "Nominal", "point": 1, "logfile": "/home/cinovador/Documents/course_files/digital_logic/practice_2/logs_cinovador/logs0/Job11.log", "pid": "89669", "totalPhysicalMemory": "30.835907", "physicalMemoryUsed": "15.595852", "totalVirtualMemory": "46.441372", "virtualMemoryUsed": "15.595852", "cpuCores": "20", "processes": "1596", "loadAverage1": "0.150000", "loadAverage5": "0.290000", "loadAverage15": "0.290000", "loadAverage1Percent": "0.007500"}
[2024-11-05 17:08:24.197 -0300] [EVENT] [cadence.virtuoso.ade.simulationMonitor] - NewPoint {"history": "ExplorerRun.0", "point": 1, "testname": "logic_gates_lab3_nor_report_1", "cornername": "Nominal", "event": "NewPoint", "EventSource": "Simulation Monitor", "HistoryName": "ExplorerRun.0", "logFile": "/home/cinovador/Documents/course_files/digital_logic/practice_2/logs_cinovador/logs0/Job11.log", "logFileSize": "71482", "category": "simulation"}
[2024-11-05 17:08:24.197 -0300] [EVENT] [cadence.virtuoso.ade.simulationMonitor] - NewPoint {"history": "ExplorerRun.0", "point": 1, "testname": "logic_gates_lab3_nor_report_1", "cornername": "Nominal", "event": "NewPoint", "EventSource": "spectre", "HistoryName": "ExplorerRun.0", "logFile": "/home/cinovador/Documents/course_files/digital_logic/practice_2/logic_gates/lab3_nor/maestro/logic_gates/lab3_nor_report/maestro/results/maestro/ExplorerRun.0/1/logic_gates_lab3_nor_report_1/psf/spectre.out", "logFileSize": "-1", "category": "simulation"}
[2024-11-05 17:08:34.243 -0300] [PROCESS] [cadence.virtuoso.ade.simulationMonitor] - Simulator launched {"hostname": "cinova05.lesc.ufc.br", "processid": 89669, "history": "ExplorerRun.0", "testname": "logic_gates_lab3_nor_report_1", "cornername": "Nominal", "point": 1, "logfile": "/home/cinovador/Documents/course_files/digital_logic/practice_2/logs_cinovador/logs0/Job11.log", "simid": "6", "event": "launch", "category": "simulation"}
[2024-11-05 17:08:34.243 -0300] [PROCESS] [cadence.virtuoso.ade.simulationMonitor] - Expression evaluator launched {"hostname": "cinova05.lesc.ufc.br", "processid": 89669, "history": "ExplorerRun.0", "testname": "logic_gates_lab3_nor_report_1", "cornername": "Nominal", "point": 1, "logfile": "/home/cinovador/Documents/course_files/digital_logic/practice_2/logs_cinovador/logs0/Job11.log"}
[2024-11-05 17:08:34.243 -0300] [PROCESS] [cadence.virtuoso.ade.simulationMonitor] - Started Simulation {"hostname": "cinova05.lesc.ufc.br", "processid": 89669, "history": "ExplorerRun.0", "testname": "logic_gates_lab3_nor_report_1", "cornername": "Nominal", "point": 1, "logfile": "/home/cinovador/Documents/course_files/digital_logic/practice_2/logs_cinovador/logs0/Job11.log", "event": "start", "category": "simulation"}
[2024-11-05 17:08:37.280 -0300] [INFO] [cadence.virtuoso.ade.simulationMonitor] - Peak resident memory used = 189 Mbytes. {"history": "ExplorerRun.0", "point": 1, "testname": "logic_gates_lab3_nor_report_1", "cornername": "Nominal"}
[2024-11-05 17:08:37.280 -0300] [INFO] [cadence.virtuoso.ade.simulationMonitor] - Peak resident memory used = 201 Mbytes. {"history": "ExplorerRun.0", "point": 1, "testname": "logic_gates_lab3_nor_report_1", "cornername": "Nominal"}
[2024-11-05 17:08:37.280 -0300] [INFO] [cadence.virtuoso.ade.simulationMonitor] - Notice from spectre during hierarchy flattening.
    The value 'psf' specified for the 'checklimitdest' option will no longer be supported in future releases. Use 'spectre -h' to see other recommended values for the 'checklimitdest' option. {"history": "ExplorerRun.0", "point": 1, "testname": "logic_gates_lab3_nor_report_1", "cornername": "Nominal"}
[2024-11-05 17:08:37.280 -0300] [INFO] [cadence.virtuoso.ade.simulationMonitor] - Peak resident memory used = 201 Mbytes. {"history": "ExplorerRun.0", "point": 1, "testname": "logic_gates_lab3_nor_report_1", "cornername": "Nominal"}
[2024-11-05 17:08:37.280 -0300] [INFO] [cadence.virtuoso.ade.simulationMonitor] - Notice from spectre during initial setup.
    Multithreading is disabled due to the size of the design being too small. {"history": "ExplorerRun.0", "point": 1, "testname": "logic_gates_lab3_nor_report_1", "cornername": "Nominal"}
[2024-11-05 17:08:37.280 -0300] [INFO] [cadence.virtuoso.ade.simulationMonitor] -               nodes 11 {"history": "ExplorerRun.0", "point": 1, "testname": "logic_gates_lab3_nor_report_1", "cornername": "Nominal"}
[2024-11-05 17:08:37.280 -0300] [INFO] [cadence.virtuoso.ade.simulationMonitor] - Notice from spectre during initial setup.
    Protected devices exist and are not included in the circuit inventory.
    2 vsources are shorted because their absolute value is less than or equal to 'vabsshort'.
    APS enabled. {"history": "ExplorerRun.0", "point": 1, "testname": "logic_gates_lab3_nor_report_1", "cornername": "Nominal"}
[2024-11-05 17:08:37.280 -0300] [INFO] [cadence.virtuoso.ade.simulationMonitor] - Peak resident memory used = 205 Mbytes. {"history": "ExplorerRun.0", "point": 1, "testname": "logic_gates_lab3_nor_report_1", "cornername": "Nominal"}
[2024-11-05 17:08:37.280 -0300] [INFO] [cadence.virtuoso.ade.simulationMonitor] -    -   (APS) Multi-threading. The recommended number of threads is 1, consider adding +mt=1 on command line. {"history": "ExplorerRun.0", "point": 1, "testname": "logic_gates_lab3_nor_report_1", "cornername": "Nominal"}
[2024-11-05 17:08:37.280 -0300] [INFO] [cadence.virtuoso.ade.simulationMonitor] - Notice from spectre during transient analysis `tran'.
    Multithreading is disabled due to the size of the design being too small. {"history": "ExplorerRun.0", "point": 1, "testname": "logic_gates_lab3_nor_report_1", "cornername": "Nominal"}
[2024-11-05 17:08:37.280 -0300] [INFO] [cadence.virtuoso.ade.simulationMonitor] - Notice from spectre at time = 500.197 ns during transient analysis `tran'.
    Found trapezoidal ringing on node PM1.n1. {"history": "ExplorerRun.0", "point": 1, "testname": "logic_gates_lab3_nor_report_1", "cornername": "Nominal"}
[2024-11-05 17:08:37.280 -0300] [INFO] [cadence.virtuoso.ade.simulationMonitor] - Notice from spectre at time = 500.197 ns during transient analysis `tran'.
    Found trapezoidal ringing on node PM1.n1. {"history": "ExplorerRun.0", "point": 1, "testname": "logic_gates_lab3_nor_report_1", "cornername": "Nominal"}
[2024-11-05 17:08:37.280 -0300] [INFO] [cadence.virtuoso.ade.simulationMonitor] - Notice from spectre at time = 500.197 ns during transient analysis `tran'.
    Found trapezoidal ringing on node PM1.n1. {"history": "ExplorerRun.0", "point": 1, "testname": "logic_gates_lab3_nor_report_1", "cornername": "Nominal"}
[2024-11-05 17:08:37.280 -0300] [INFO] [cadence.virtuoso.ade.simulationMonitor] - Notice from spectre at time = 500.197 ns during transient analysis `tran'.
    Found trapezoidal ringing on node PM1.n1. {"history": "ExplorerRun.0", "point": 1, "testname": "logic_gates_lab3_nor_report_1", "cornername": "Nominal"}
[2024-11-05 17:08:37.280 -0300] [INFO] [cadence.virtuoso.ade.simulationMonitor] - Notice from spectre at time = 500.197 ns during transient analysis `tran'.
    Found trapezoidal ringing on node PM1.n1.
        Further occurrences of this notice will be suppressed. {"history": "ExplorerRun.0", "point": 1, "testname": "logic_gates_lab3_nor_report_1", "cornername": "Nominal"}
[2024-11-05 17:08:37.280 -0300] [INFO] [cadence.virtuoso.ade.simulationMonitor] - Notice from spectre during transient analysis `tran'.
    Trapezoidal ringing is detected during tran analysis.
        Please use method=trap for better results and performance. {"history": "ExplorerRun.0", "point": 1, "testname": "logic_gates_lab3_nor_report_1", "cornername": "Nominal"}
[2024-11-05 17:08:37.280 -0300] [INFO] [cadence.virtuoso.ade.simulationMonitor] - Intrinsic tran analysis time:    CPU = 289.967 ms, elapsed = 291.77 ms. {"history": "ExplorerRun.0", "point": 1, "testname": "logic_gates_lab3_nor_report_1", "cornername": "Nominal"}
[2024-11-05 17:08:37.280 -0300] [INFO] [cadence.virtuoso.ade.simulationMonitor] - Total time required for tran analysis `tran': CPU = 290.829 ms, elapsed = 292.632 ms, util. = 99.4%. {"history": "ExplorerRun.0", "point": 1, "testname": "logic_gates_lab3_nor_report_1", "cornername": "Nominal"}
[2024-11-05 17:08:37.280 -0300] [INFO] [cadence.virtuoso.ade.simulationMonitor] - Peak resident memory used = 217 Mbytes. {"history": "ExplorerRun.0", "point": 1, "testname": "logic_gates_lab3_nor_report_1", "cornername": "Nominal"}
[2024-11-05 17:08:37.280 -0300] [INFO] [cadence.virtuoso.ade.simulationMonitor] - Notice from spectre.
    1995 notices suppressed. {"history": "ExplorerRun.0", "point": 1, "testname": "logic_gates_lab3_nor_report_1", "cornername": "Nominal"}
[2024-11-05 17:08:37.280 -0300] [INFO] [cadence.virtuoso.ade.simulationMonitor] - Time used: CPU = 614 ms, elapsed = 2.95 s, util. = 20.8%. {"history": "ExplorerRun.0", "point": 1, "testname": "logic_gates_lab3_nor_report_1", "cornername": "Nominal"}
[2024-11-05 17:08:37.280 -0300] [INFO] [cadence.virtuoso.ade.simulationMonitor] - Time spent in licensing: elapsed = 1.43 s, percentage of total = 48.4%. {"history": "ExplorerRun.0", "point": 1, "testname": "logic_gates_lab3_nor_report_1", "cornername": "Nominal"}
[2024-11-05 17:08:37.280 -0300] [INFO] [cadence.virtuoso.ade.simulationMonitor] - Peak memory used = 217 Mbytes. {"history": "ExplorerRun.0", "point": 1, "testname": "logic_gates_lab3_nor_report_1", "cornername": "Nominal"}
[2024-11-05 17:08:37.280 -0300] [PROCESS] [cadence.virtuoso.ade.simulationMonitor] - Simulation started at: 5:08:34 PM, Tue Nov 5, 2024, ended at: 5:08:37 PM, Tue Nov 5, 2024, with elapsed time (wall clock): 2.95 s. {"history": "ExplorerRun.0", "point": 1, "testname": "logic_gates_lab3_nor_report_1", "cornername": "Nominal"}
[2024-11-05 17:08:37.280 -0300] [PROCESS] [cadence.virtuoso.ade.simulationMonitor] - spectre completes with 0 errors, 0 warnings, and 14 notices. {"history": "ExplorerRun.0", "point": 1, "testname": "logic_gates_lab3_nor_report_1", "cornername": "Nominal"}
[2024-11-05 17:08:37.280 -0300] [PROCESS] [cadence.virtuoso.ade.simulationMonitor] - Finished simulating for one point {"hostname": "cinova05.lesc.ufc.br", "processid": 89669, "history": "ExplorerRun.0", "testname": "logic_gates_lab3_nor_report_1", "cornername": "Nominal", "point": 1, "logfile": "/home/cinovador/Documents/course_files/digital_logic/practice_2/logs_cinovador/logs0/Job11.log", "simid": "6", "event": "finish", "category": "simulation"}
[2024-11-05 17:08:37.280 -0300] [PROCESS] [cadence.virtuoso.ade.simulationMonitor] - Simulator exited {"hostname": "cinova05.lesc.ufc.br", "processid": 89669, "history": "ExplorerRun.0", "testname": "logic_gates_lab3_nor_report_1", "cornername": "Nominal", "point": 1, "logfile": "/home/cinovador/Documents/course_files/digital_logic/practice_2/logs_cinovador/logs0/Job11.log", "exitStatus": "0"}
[2024-11-05 17:08:37.280 -0300] [PROCESS] [cadence.virtuoso.ade.simulationMonitor] - Finished Simulation {"hostname": "cinova05.lesc.ufc.br", "processid": 89669, "history": "ExplorerRun.0", "testname": "logic_gates_lab3_nor_report_1", "cornername": "Nominal", "point": 1, "logfile": "/home/cinovador/Documents/course_files/digital_logic/practice_2/logs_cinovador/logs0/Job11.log", "simid": "6", "event": "finish", "category": "obsolete"}
[2024-11-05 17:08:38.782 -0300] [PROCESS] [cadence.virtuoso.ade.simulationMonitor] - Point Finished {"hostname": "cinova05.lesc.ufc.br", "processid": 89669, "history": "ExplorerRun.0", "testname": "logic_gates_lab3_nor_report_1", "cornername": "Nominal", "point": 1, "logfile": "/home/cinovador/Documents/course_files/digital_logic/practice_2/logs_cinovador/logs0/Job11.log", "event": "finish", "category": "sim-eval"}
[2024-11-05 17:11:37.149 -0300] [PROCESS] [cadence.virtuoso.ade.simulationMonitor] - get signal Terminated<15> from user:cinovador, which pid:89665:/home/tools/cadence/installs/IC231/tools/bin/64bit/cdsServIpc {"hostname": "cinova05.lesc.ufc.br", "processid": 89669, "history": "ExplorerRun.0", "testname": "logic_gates_lab3_nor_report_1", "cornername": "Nominal", "point": 1, "logfile": "/home/cinovador/Documents/course_files/digital_logic/practice_2/logs_cinovador/logs0/Job11.log", "signal": "15", "signalName": "Terminated", "which": "/home/tools/cadence/installs/IC231/tools/bin/64bit/cdsServIpc", "pid": "89665", "user": "cinovador", "uid": "1001"}
[2024-11-05 17:11:37.149 -0300] [INFO] [cadence.virtuoso.ade.simulationMonitor] - SimulationMonitor has terminated the  process '95479', reason: 'simulationMonitor is handling signal 15' {"history": "ExplorerRun.0", "point": 1, "testname": "logic_gates_lab3_nor_report_1", "cornername": "Nominal"}
