[Simulation Monitor: 17]
[2024-11-05 17:32:07.547 -0300] [PROCESS] [cadence.virtuoso.ade.simulationMonitor] - Started the simulation monitor process {"hostname": "cinova05.lesc.ufc.br", "processid": 105774, "logfile": "/home/cinovador/Documents/course_files/digital_logic/practice_2/logs_cinovador/logs0/Job17.log", "simulation monitor command line": "/home/tools/cadence/installs/IC231/tools.lnx86/dfII/bin/64bit/spectreMonitor --davinciService DaVinciService_14928_1730827588 --axlsession fnxSession3 -lscs 000175E1894CBE06FF0966E38F1FFC06BC4D7EED88199869CA2C7EEDDC43CC33CA2C39A0A173FC06867D66E38F1FFC06BC4D66E38F1FFC06BC4D01C90FD87CC1DB6700001E8D -beanhost cinova05.lesc.ufc.br -beanport 11834 -beanLogFile /home/cinovador/Documents/course_files/digital_logic/practice_2/logs_cinovador/logs0/amps_Job17.log -beanbinlog  --domain 0 --interactive yes --netlistOpt no --useMultiPointEvaluation yes --exprEvalShowJobStderr yes --evalSimParallel no --maxSims 0 --historyName ExplorerRun.0 --historyUUID  --exprEvaluator vds --mcMapping mc1.mapping --checkLogStatusInterval 0 --checkSimulatorLogTimeout 1200 --exprEvalMaxTries 3 --maxNFSSyncWait 60 -adeBrokerAddress cinova05.lesc.ufc.br:40141 --statdbType h5v2 --fromADE true --virtuosoBinary virtuoso --guiDisplay cinova05.lesc.ufc.br:0 --globalStatus 60 --evaluateMultiMC yes --evalOnSimFail SkipFailedAnalyses --numRetriesOnError 1 --fenixMode explorer --lingertimeout 300 -ahdlLockTimeout 60 --sdbLib logic_gates --sdbCell lab3_nor_report --sdbView maestro --heartBeatFileDir /dev/shm --id 17 --uuid 91400d82-baca-4aa5-91a7-a6b7dc9fa708 --log /home/cinovador/Documents/course_files/digital_logic/practice_2/logs_cinovador/logs0/Job17.log "}
[2024-11-05 17:32:07.547 -0300] [PROCESS] [cadence.virtuoso.ade.simulationMonitor] - Started the simulation monitor process {"hostname": "cinova05.lesc.ufc.br", "processid": 105774, "logfile": "/home/cinovador/Documents/course_files/digital_logic/practice_2/logs_cinovador/logs0/Job17.log", "current directory": "/home/cinovador/Documents/course_files/digital_logic/practice_2"}
[2024-11-05 17:32:07.547 -0300] [PROCESS] [cadence.virtuoso.ade.simulationMonitor] - Simulation Monitor has successfully started up. Trying to set up communication channels to other components ... {"hostname": "cinova05.lesc.ufc.br", "processid": 105774, "logfile": "/home/cinovador/Documents/course_files/digital_logic/practice_2/logs_cinovador/logs0/Job17.log"}
[2024-11-05 17:32:07.676 -0300] [PROCESS] [cadence.virtuoso.ade.simulationMonitor] - Communication channels have been successfully set up. Start processing events ... {"hostname": "cinova05.lesc.ufc.br", "processid": 105774, "logfile": "/home/cinovador/Documents/course_files/digital_logic/practice_2/logs_cinovador/logs0/Job17.log"}
[2024-11-05 17:32:07.676 -0300] [PROCESS] [cadence.virtuoso.ade.simulationMonitor] - Considering to start history {"hostname": "cinova05.lesc.ufc.br", "processid": 105774, "history": "ExplorerRun.0", "logfile": "/home/cinovador/Documents/course_files/digital_logic/practice_2/logs_cinovador/logs0/Job17.log"}
[2024-11-05 17:32:07.678 -0300] [PROCESS] [cadence.virtuoso.ade.simulationMonitor] - HostInfo:
Host name (type):	cinova05.lesc.ufc.br (x86_64)
Operating system:	Linux 4.18.0-553.22.1.el8_10.x86_64 #1 SMP Wed Sep 25 09:20:43 UTC 2024 {"hostname": "cinova05.lesc.ufc.br", "processid": 105774, "history": "ExplorerRun.0", "logfile": "/home/cinovador/Documents/course_files/digital_logic/practice_2/logs_cinovador/logs0/Job17.log", "nodename": "cinova05.lesc.ufc.br", "domainname": "(none)", "machine": "x86_64", "sysname": "Linux", "release": "4.18.0-553.22.1.el8_10.x86_64", "version": "#1 SMP Wed Sep 25 09:20:43 UTC 2024"}
[2024-11-05 17:32:07.678 -0300] [PROCESS] [cadence.virtuoso.ade.simulationMonitor] - UsageInfo:
pid=105774
totalPhysicalMemory=30.835907GB,Used=15.958862GB,totalVirtualMemory=46.441372GB,Used=15.958862GB
Cpu: Cores=20, Load average:0.330000,0.270000,0.220000 {"hostname": "cinova05.lesc.ufc.br", "processid": 105774, "history": "ExplorerRun.0", "logfile": "/home/cinovador/Documents/course_files/digital_logic/practice_2/logs_cinovador/logs0/Job17.log", "pid": "105774", "totalPhysicalMemory": "30.835907", "physicalMemoryUsed": "15.958862", "totalVirtualMemory": "46.441372", "virtualMemoryUsed": "15.958862", "cpuCores": "20", "processes": "1653", "loadAverage1": "0.330000", "loadAverage5": "0.270000", "loadAverage15": "0.220000", "loadAverage1Percent": "0.016500"}
[2024-11-05 17:32:07.679 -0300] [EVENT] [cadence.virtuoso.ade.simulationMonitor] - NewPoint {"history": "ExplorerRun.0", "point": 1, "testname": "logic_gates_lab3_nor_report_1", "cornername": "Nominal", "event": "NewPoint", "EventSource": "Simulation Monitor", "HistoryName": "ExplorerRun.0", "logFile": "/home/cinovador/Documents/course_files/digital_logic/practice_2/logs_cinovador/logs0/Job17.log", "logFileSize": "4472", "category": "simulation"}
[2024-11-05 17:32:07.779 -0300] [EVENT] [cadence.virtuoso.ade.simulationMonitor] - NewPoint {"history": "ExplorerRun.0", "point": 1, "testname": "logic_gates_lab3_nor_report_1", "cornername": "Nominal", "event": "NewPoint", "EventSource": "spectre", "HistoryName": "ExplorerRun.0", "logFile": "/home/cinovador/Documents/course_files/digital_logic/practice_2/logic_gates/lab3_nor/maestro/logic_gates/lab3_nor_report/maestro/results/maestro/ExplorerRun.0/1/logic_gates_lab3_nor_report_1/psf/spectre.out", "logFileSize": "-1", "category": "simulation"}
[2024-11-05 17:32:08.715 -0300] [PROCESS] [cadence.virtuoso.ade.simulationMonitor] - Simulator launched {"hostname": "cinova05.lesc.ufc.br", "processid": 105774, "history": "ExplorerRun.0", "testname": "logic_gates_lab3_nor_report_1", "cornername": "Nominal", "point": 1, "logfile": "/home/cinovador/Documents/course_files/digital_logic/practice_2/logs_cinovador/logs0/Job17.log", "simid": "1", "event": "launch", "category": "simulation"}
[2024-11-05 17:32:08.716 -0300] [PROCESS] [cadence.virtuoso.ade.simulationMonitor] - Expression evaluator launched {"hostname": "cinova05.lesc.ufc.br", "processid": 105774, "history": "ExplorerRun.0", "testname": "logic_gates_lab3_nor_report_1", "cornername": "Nominal", "point": 1, "logfile": "/home/cinovador/Documents/course_files/digital_logic/practice_2/logs_cinovador/logs0/Job17.log"}
[2024-11-05 17:32:08.750 -0300] [PROCESS] [cadence.virtuoso.ade.simulationMonitor] - Started Simulation {"hostname": "cinova05.lesc.ufc.br", "processid": 105774, "history": "ExplorerRun.0", "testname": "logic_gates_lab3_nor_report_1", "cornername": "Nominal", "point": 1, "logfile": "/home/cinovador/Documents/course_files/digital_logic/practice_2/logs_cinovador/logs0/Job17.log", "event": "start", "category": "simulation"}
[2024-11-05 17:32:11.751 -0300] [INFO] [cadence.virtuoso.ade.simulationMonitor] - Peak resident memory used = 188 Mbytes. {"history": "ExplorerRun.0", "point": 1, "testname": "logic_gates_lab3_nor_report_1", "cornername": "Nominal"}
[2024-11-05 17:32:11.751 -0300] [INFO] [cadence.virtuoso.ade.simulationMonitor] - Peak resident memory used = 202 Mbytes. {"history": "ExplorerRun.0", "point": 1, "testname": "logic_gates_lab3_nor_report_1", "cornername": "Nominal"}
[2024-11-05 17:32:11.751 -0300] [INFO] [cadence.virtuoso.ade.simulationMonitor] - Notice from spectre during hierarchy flattening.
    The value 'psf' specified for the 'checklimitdest' option will no longer be supported in future releases. Use 'spectre -h' to see other recommended values for the 'checklimitdest' option. {"history": "ExplorerRun.0", "point": 1, "testname": "logic_gates_lab3_nor_report_1", "cornername": "Nominal"}
[2024-11-05 17:32:11.751 -0300] [INFO] [cadence.virtuoso.ade.simulationMonitor] - Peak resident memory used = 204 Mbytes. {"history": "ExplorerRun.0", "point": 1, "testname": "logic_gates_lab3_nor_report_1", "cornername": "Nominal"}
[2024-11-05 17:32:11.751 -0300] [INFO] [cadence.virtuoso.ade.simulationMonitor] - Notice from spectre during initial setup.
    Multithreading is disabled due to the size of the design being too small. {"history": "ExplorerRun.0", "point": 1, "testname": "logic_gates_lab3_nor_report_1", "cornername": "Nominal"}
[2024-11-05 17:32:11.752 -0300] [INFO] [cadence.virtuoso.ade.simulationMonitor] -               nodes 11 {"history": "ExplorerRun.0", "point": 1, "testname": "logic_gates_lab3_nor_report_1", "cornername": "Nominal"}
[2024-11-05 17:32:11.752 -0300] [INFO] [cadence.virtuoso.ade.simulationMonitor] - Notice from spectre during initial setup.
    Protected devices exist and are not included in the circuit inventory.
    2 vsources are shorted because their absolute value is less than or equal to 'vabsshort'.
    APS enabled. {"history": "ExplorerRun.0", "point": 1, "testname": "logic_gates_lab3_nor_report_1", "cornername": "Nominal"}
[2024-11-05 17:32:11.752 -0300] [INFO] [cadence.virtuoso.ade.simulationMonitor] - Peak resident memory used = 204 Mbytes. {"history": "ExplorerRun.0", "point": 1, "testname": "logic_gates_lab3_nor_report_1", "cornername": "Nominal"}
[2024-11-05 17:32:11.752 -0300] [INFO] [cadence.virtuoso.ade.simulationMonitor] -    -   (APS) Multi-threading. The recommended number of threads is 1, consider adding +mt=1 on command line. {"history": "ExplorerRun.0", "point": 1, "testname": "logic_gates_lab3_nor_report_1", "cornername": "Nominal"}
[2024-11-05 17:32:11.752 -0300] [INFO] [cadence.virtuoso.ade.simulationMonitor] - Notice from spectre during transient analysis `tran'.
    Multithreading is disabled due to the size of the design being too small. {"history": "ExplorerRun.0", "point": 1, "testname": "logic_gates_lab3_nor_report_1", "cornername": "Nominal"}
[2024-11-05 17:32:11.752 -0300] [INFO] [cadence.virtuoso.ade.simulationMonitor] - Notice from spectre at time = 500.197 ns during transient analysis `tran'.
    Found trapezoidal ringing on node PM1.n1. {"history": "ExplorerRun.0", "point": 1, "testname": "logic_gates_lab3_nor_report_1", "cornername": "Nominal"}
[2024-11-05 17:32:11.752 -0300] [INFO] [cadence.virtuoso.ade.simulationMonitor] - Notice from spectre at time = 500.197 ns during transient analysis `tran'.
    Found trapezoidal ringing on node PM1.n1. {"history": "ExplorerRun.0", "point": 1, "testname": "logic_gates_lab3_nor_report_1", "cornername": "Nominal"}
[2024-11-05 17:32:11.752 -0300] [INFO] [cadence.virtuoso.ade.simulationMonitor] - Notice from spectre at time = 500.197 ns during transient analysis `tran'.
    Found trapezoidal ringing on node PM1.n1. {"history": "ExplorerRun.0", "point": 1, "testname": "logic_gates_lab3_nor_report_1", "cornername": "Nominal"}
[2024-11-05 17:32:11.752 -0300] [INFO] [cadence.virtuoso.ade.simulationMonitor] - Notice from spectre at time = 500.197 ns during transient analysis `tran'.
    Found trapezoidal ringing on node PM1.n1. {"history": "ExplorerRun.0", "point": 1, "testname": "logic_gates_lab3_nor_report_1", "cornername": "Nominal"}
[2024-11-05 17:32:11.752 -0300] [INFO] [cadence.virtuoso.ade.simulationMonitor] - Notice from spectre at time = 500.197 ns during transient analysis `tran'.
    Found trapezoidal ringing on node PM1.n1.
        Further occurrences of this notice will be suppressed. {"history": "ExplorerRun.0", "point": 1, "testname": "logic_gates_lab3_nor_report_1", "cornername": "Nominal"}
[2024-11-05 17:32:12.252 -0300] [INFO] [cadence.virtuoso.ade.simulationMonitor] - Notice from spectre during transient analysis `tran'.
    Trapezoidal ringing is detected during tran analysis.
        Please use method=trap for better results and performance. {"history": "ExplorerRun.0", "point": 1, "testname": "logic_gates_lab3_nor_report_1", "cornername": "Nominal"}
[2024-11-05 17:32:12.252 -0300] [INFO] [cadence.virtuoso.ade.simulationMonitor] - Intrinsic tran analysis time:    CPU = 282.441 ms, elapsed = 284.577 ms. {"history": "ExplorerRun.0", "point": 1, "testname": "logic_gates_lab3_nor_report_1", "cornername": "Nominal"}
[2024-11-05 17:32:12.252 -0300] [INFO] [cadence.virtuoso.ade.simulationMonitor] - Total time required for tran analysis `tran': CPU = 283.277 ms, elapsed = 285.418 ms, util. = 99.2%. {"history": "ExplorerRun.0", "point": 1, "testname": "logic_gates_lab3_nor_report_1", "cornername": "Nominal"}
[2024-11-05 17:32:12.252 -0300] [INFO] [cadence.virtuoso.ade.simulationMonitor] - Peak resident memory used = 218 Mbytes. {"history": "ExplorerRun.0", "point": 1, "testname": "logic_gates_lab3_nor_report_1", "cornername": "Nominal"}
[2024-11-05 17:32:12.252 -0300] [INFO] [cadence.virtuoso.ade.simulationMonitor] - Notice from spectre.
    1995 notices suppressed. {"history": "ExplorerRun.0", "point": 1, "testname": "logic_gates_lab3_nor_report_1", "cornername": "Nominal"}
[2024-11-05 17:32:12.252 -0300] [INFO] [cadence.virtuoso.ade.simulationMonitor] - Time used: CPU = 617 ms, elapsed = 2.96 s, util. = 20.9%. {"history": "ExplorerRun.0", "point": 1, "testname": "logic_gates_lab3_nor_report_1", "cornername": "Nominal"}
[2024-11-05 17:32:12.252 -0300] [INFO] [cadence.virtuoso.ade.simulationMonitor] - Time spent in licensing: elapsed = 1.42 s, percentage of total = 48.1%. {"history": "ExplorerRun.0", "point": 1, "testname": "logic_gates_lab3_nor_report_1", "cornername": "Nominal"}
[2024-11-05 17:32:12.252 -0300] [INFO] [cadence.virtuoso.ade.simulationMonitor] - Peak memory used = 219 Mbytes. {"history": "ExplorerRun.0", "point": 1, "testname": "logic_gates_lab3_nor_report_1", "cornername": "Nominal"}
[2024-11-05 17:32:12.252 -0300] [PROCESS] [cadence.virtuoso.ade.simulationMonitor] - Simulation started at: 5:32:08 PM, Tue Nov 5, 2024, ended at: 5:32:11 PM, Tue Nov 5, 2024, with elapsed time (wall clock): 2.96 s. {"history": "ExplorerRun.0", "point": 1, "testname": "logic_gates_lab3_nor_report_1", "cornername": "Nominal"}
[2024-11-05 17:32:12.252 -0300] [PROCESS] [cadence.virtuoso.ade.simulationMonitor] - spectre completes with 0 errors, 0 warnings, and 14 notices. {"history": "ExplorerRun.0", "point": 1, "testname": "logic_gates_lab3_nor_report_1", "cornername": "Nominal"}
[2024-11-05 17:32:12.253 -0300] [PROCESS] [cadence.virtuoso.ade.simulationMonitor] - Finished simulating for one point {"hostname": "cinova05.lesc.ufc.br", "processid": 105774, "history": "ExplorerRun.0", "testname": "logic_gates_lab3_nor_report_1", "cornername": "Nominal", "point": 1, "logfile": "/home/cinovador/Documents/course_files/digital_logic/practice_2/logs_cinovador/logs0/Job17.log", "simid": "1", "event": "finish", "category": "simulation"}
[2024-11-05 17:32:12.253 -0300] [PROCESS] [cadence.virtuoso.ade.simulationMonitor] - Simulator exited {"hostname": "cinova05.lesc.ufc.br", "processid": 105774, "history": "ExplorerRun.0", "testname": "logic_gates_lab3_nor_report_1", "cornername": "Nominal", "point": 1, "logfile": "/home/cinovador/Documents/course_files/digital_logic/practice_2/logs_cinovador/logs0/Job17.log", "exitStatus": "0"}
[2024-11-05 17:32:12.253 -0300] [PROCESS] [cadence.virtuoso.ade.simulationMonitor] - Finished Simulation {"hostname": "cinova05.lesc.ufc.br", "processid": 105774, "history": "ExplorerRun.0", "testname": "logic_gates_lab3_nor_report_1", "cornername": "Nominal", "point": 1, "logfile": "/home/cinovador/Documents/course_files/digital_logic/practice_2/logs_cinovador/logs0/Job17.log", "simid": "1", "event": "finish", "category": "obsolete"}
[2024-11-05 17:32:13.253 -0300] [PROCESS] [cadence.virtuoso.ade.simulationMonitor] - Point Finished {"hostname": "cinova05.lesc.ufc.br", "processid": 105774, "history": "ExplorerRun.0", "testname": "logic_gates_lab3_nor_report_1", "cornername": "Nominal", "point": 1, "logfile": "/home/cinovador/Documents/course_files/digital_logic/practice_2/logs_cinovador/logs0/Job17.log", "event": "finish", "category": "sim-eval"}
[2024-11-05 17:33:33.483 -0300] [INFO] [cadence.virtuoso.ade.simulationMonitor] - SimulationMonitor has terminated the vds process '105837', reason: 'Force to stop the expression evalutor process because of new run' {"history": "ExplorerRun.0", "point": 1, "testname": "logic_gates_lab3_nor_report_1", "cornername": "Nominal"}
[2024-11-05 17:33:33.483 -0300] [PROCESS] [cadence.virtuoso.ade.simulationMonitor] - HostInfo:
Host name (type):	cinova05.lesc.ufc.br (x86_64)
Operating system:	Linux 4.18.0-553.22.1.el8_10.x86_64 #1 SMP Wed Sep 25 09:20:43 UTC 2024 {"hostname": "cinova05.lesc.ufc.br", "processid": 105774, "history": "ExplorerRun.0", "testname": "logic_gates_lab3_nor_report_1", "cornername": "Nominal", "point": 1, "logfile": "/home/cinovador/Documents/course_files/digital_logic/practice_2/logs_cinovador/logs0/Job17.log", "nodename": "cinova05.lesc.ufc.br", "domainname": "(none)", "machine": "x86_64", "sysname": "Linux", "release": "4.18.0-553.22.1.el8_10.x86_64", "version": "#1 SMP Wed Sep 25 09:20:43 UTC 2024"}
[2024-11-05 17:33:33.484 -0300] [PROCESS] [cadence.virtuoso.ade.simulationMonitor] - UsageInfo:
pid=105774
totalPhysicalMemory=30.835907GB,Used=15.978596GB,totalVirtualMemory=46.441372GB,Used=15.978596GB
Cpu: Cores=20, Load average:0.890000,0.430000,0.280000 {"hostname": "cinova05.lesc.ufc.br", "processid": 105774, "history": "ExplorerRun.0", "testname": "logic_gates_lab3_nor_report_1", "cornername": "Nominal", "point": 1, "logfile": "/home/cinovador/Documents/course_files/digital_logic/practice_2/logs_cinovador/logs0/Job17.log", "pid": "105774", "totalPhysicalMemory": "30.835907", "physicalMemoryUsed": "15.978596", "totalVirtualMemory": "46.441372", "virtualMemoryUsed": "15.978596", "cpuCores": "20", "processes": "1650", "loadAverage1": "0.890000", "loadAverage5": "0.430000", "loadAverage15": "0.280000", "loadAverage1Percent": "0.044500"}
[2024-11-05 17:33:33.484 -0300] [EVENT] [cadence.virtuoso.ade.simulationMonitor] - NewPoint {"history": "ExplorerRun.0", "point": 1, "testname": "logic_gates_lab3_nor_report_1", "cornername": "Nominal", "event": "NewPoint", "EventSource": "Simulation Monitor", "HistoryName": "ExplorerRun.0", "logFile": "/home/cinovador/Documents/course_files/digital_logic/practice_2/logs_cinovador/logs0/Job17.log", "logFileSize": "17634", "category": "simulation"}
[2024-11-05 17:33:33.584 -0300] [EVENT] [cadence.virtuoso.ade.simulationMonitor] - NewPoint {"history": "ExplorerRun.0", "point": 1, "testname": "logic_gates_lab3_nor_report_1", "cornername": "Nominal", "event": "NewPoint", "EventSource": "spectre", "HistoryName": "ExplorerRun.0", "logFile": "/home/cinovador/Documents/course_files/digital_logic/practice_2/logic_gates/lab3_nor/maestro/logic_gates/lab3_nor_report/maestro/results/maestro/ExplorerRun.0/1/logic_gates_lab3_nor_report_1/psf/spectre.out", "logFileSize": "-1", "category": "simulation"}
[2024-11-05 17:33:43.528 -0300] [PROCESS] [cadence.virtuoso.ade.simulationMonitor] - Simulator launched {"hostname": "cinova05.lesc.ufc.br", "processid": 105774, "history": "ExplorerRun.0", "testname": "logic_gates_lab3_nor_report_1", "cornername": "Nominal", "point": 1, "logfile": "/home/cinovador/Documents/course_files/digital_logic/practice_2/logs_cinovador/logs0/Job17.log", "simid": "2", "event": "launch", "category": "simulation"}
[2024-11-05 17:33:43.529 -0300] [PROCESS] [cadence.virtuoso.ade.simulationMonitor] - Expression evaluator launched {"hostname": "cinova05.lesc.ufc.br", "processid": 105774, "history": "ExplorerRun.0", "testname": "logic_gates_lab3_nor_report_1", "cornername": "Nominal", "point": 1, "logfile": "/home/cinovador/Documents/course_files/digital_logic/practice_2/logs_cinovador/logs0/Job17.log"}
[2024-11-05 17:33:43.565 -0300] [PROCESS] [cadence.virtuoso.ade.simulationMonitor] - Started Simulation {"hostname": "cinova05.lesc.ufc.br", "processid": 105774, "history": "ExplorerRun.0", "testname": "logic_gates_lab3_nor_report_1", "cornername": "Nominal", "point": 1, "logfile": "/home/cinovador/Documents/course_files/digital_logic/practice_2/logs_cinovador/logs0/Job17.log", "event": "start", "category": "simulation"}
[2024-11-05 17:33:46.566 -0300] [INFO] [cadence.virtuoso.ade.simulationMonitor] - Peak resident memory used = 186 Mbytes. {"history": "ExplorerRun.0", "point": 1, "testname": "logic_gates_lab3_nor_report_1", "cornername": "Nominal"}
[2024-11-05 17:33:46.566 -0300] [INFO] [cadence.virtuoso.ade.simulationMonitor] - Peak resident memory used = 198 Mbytes. {"history": "ExplorerRun.0", "point": 1, "testname": "logic_gates_lab3_nor_report_1", "cornername": "Nominal"}
[2024-11-05 17:33:46.566 -0300] [INFO] [cadence.virtuoso.ade.simulationMonitor] - Notice from spectre during hierarchy flattening.
    The value 'psf' specified for the 'checklimitdest' option will no longer be supported in future releases. Use 'spectre -h' to see other recommended values for the 'checklimitdest' option. {"history": "ExplorerRun.0", "point": 1, "testname": "logic_gates_lab3_nor_report_1", "cornername": "Nominal"}
[2024-11-05 17:33:46.566 -0300] [INFO] [cadence.virtuoso.ade.simulationMonitor] - Peak resident memory used = 199 Mbytes. {"history": "ExplorerRun.0", "point": 1, "testname": "logic_gates_lab3_nor_report_1", "cornername": "Nominal"}
[2024-11-05 17:33:46.566 -0300] [INFO] [cadence.virtuoso.ade.simulationMonitor] - Notice from spectre during initial setup.
    Multithreading is disabled due to the size of the design being too small. {"history": "ExplorerRun.0", "point": 1, "testname": "logic_gates_lab3_nor_report_1", "cornername": "Nominal"}
[2024-11-05 17:33:46.566 -0300] [INFO] [cadence.virtuoso.ade.simulationMonitor] -               nodes 11 {"history": "ExplorerRun.0", "point": 1, "testname": "logic_gates_lab3_nor_report_1", "cornername": "Nominal"}
[2024-11-05 17:33:46.567 -0300] [INFO] [cadence.virtuoso.ade.simulationMonitor] - Notice from spectre during initial setup.
    Protected devices exist and are not included in the circuit inventory.
    2 vsources are shorted because their absolute value is less than or equal to 'vabsshort'.
    APS enabled. {"history": "ExplorerRun.0", "point": 1, "testname": "logic_gates_lab3_nor_report_1", "cornername": "Nominal"}
[2024-11-05 17:33:46.567 -0300] [INFO] [cadence.virtuoso.ade.simulationMonitor] - Peak resident memory used = 202 Mbytes. {"history": "ExplorerRun.0", "point": 1, "testname": "logic_gates_lab3_nor_report_1", "cornername": "Nominal"}
[2024-11-05 17:33:46.567 -0300] [INFO] [cadence.virtuoso.ade.simulationMonitor] -    -   (APS) Multi-threading. The recommended number of threads is 1, consider adding +mt=1 on command line. {"history": "ExplorerRun.0", "point": 1, "testname": "logic_gates_lab3_nor_report_1", "cornername": "Nominal"}
[2024-11-05 17:33:46.567 -0300] [INFO] [cadence.virtuoso.ade.simulationMonitor] - Notice from spectre during transient analysis `tran'.
    Multithreading is disabled due to the size of the design being too small. {"history": "ExplorerRun.0", "point": 1, "testname": "logic_gates_lab3_nor_report_1", "cornername": "Nominal"}
[2024-11-05 17:33:46.567 -0300] [INFO] [cadence.virtuoso.ade.simulationMonitor] - Notice from spectre at time = 511.877 ns during transient analysis `tran'.
    Found trapezoidal ringing on node net1. {"history": "ExplorerRun.0", "point": 1, "testname": "logic_gates_lab3_nor_report_1", "cornername": "Nominal"}
[2024-11-05 17:33:46.567 -0300] [INFO] [cadence.virtuoso.ade.simulationMonitor] - Notice from spectre at time = 518.334 ns during transient analysis `tran'.
    Found trapezoidal ringing on node net1. {"history": "ExplorerRun.0", "point": 1, "testname": "logic_gates_lab3_nor_report_1", "cornername": "Nominal"}
[2024-11-05 17:33:46.567 -0300] [INFO] [cadence.virtuoso.ade.simulationMonitor] - Notice from spectre at time = 528.679 ns during transient analysis `tran'.
    Found trapezoidal ringing on node net1. {"history": "ExplorerRun.0", "point": 1, "testname": "logic_gates_lab3_nor_report_1", "cornername": "Nominal"}
[2024-11-05 17:33:46.567 -0300] [INFO] [cadence.virtuoso.ade.simulationMonitor] - Notice from spectre at time = 545.365 ns during transient analysis `tran'.
    Found trapezoidal ringing on node net1. {"history": "ExplorerRun.0", "point": 1, "testname": "logic_gates_lab3_nor_report_1", "cornername": "Nominal"}
[2024-11-05 17:33:46.567 -0300] [INFO] [cadence.virtuoso.ade.simulationMonitor] - Notice from spectre at time = 572.258 ns during transient analysis `tran'.
    Found trapezoidal ringing on node net1.
        Further occurrences of this notice will be suppressed. {"history": "ExplorerRun.0", "point": 1, "testname": "logic_gates_lab3_nor_report_1", "cornername": "Nominal"}
[2024-11-05 17:33:47.067 -0300] [INFO] [cadence.virtuoso.ade.simulationMonitor] - Notice from spectre during transient analysis `tran'.
    Trapezoidal ringing is detected during tran analysis.
        Please use method=trap for better results and performance. {"history": "ExplorerRun.0", "point": 1, "testname": "logic_gates_lab3_nor_report_1", "cornername": "Nominal"}
[2024-11-05 17:33:47.067 -0300] [INFO] [cadence.virtuoso.ade.simulationMonitor] - Intrinsic tran analysis time:    CPU = 342.405 ms, elapsed = 344.284 ms. {"history": "ExplorerRun.0", "point": 1, "testname": "logic_gates_lab3_nor_report_1", "cornername": "Nominal"}
[2024-11-05 17:33:47.068 -0300] [INFO] [cadence.virtuoso.ade.simulationMonitor] - Total time required for tran analysis `tran': CPU = 343.346 ms, elapsed = 345.224 ms, util. = 99.5%. {"history": "ExplorerRun.0", "point": 1, "testname": "logic_gates_lab3_nor_report_1", "cornername": "Nominal"}
[2024-11-05 17:33:47.068 -0300] [INFO] [cadence.virtuoso.ade.simulationMonitor] - Peak resident memory used = 217 Mbytes. {"history": "ExplorerRun.0", "point": 1, "testname": "logic_gates_lab3_nor_report_1", "cornername": "Nominal"}
[2024-11-05 17:33:47.068 -0300] [INFO] [cadence.virtuoso.ade.simulationMonitor] - Notice from spectre.
    1713 notices suppressed. {"history": "ExplorerRun.0", "point": 1, "testname": "logic_gates_lab3_nor_report_1", "cornername": "Nominal"}
[2024-11-05 17:33:47.068 -0300] [INFO] [cadence.virtuoso.ade.simulationMonitor] - Time used: CPU = 666 ms, elapsed = 2.99 s, util. = 22.3%. {"history": "ExplorerRun.0", "point": 1, "testname": "logic_gates_lab3_nor_report_1", "cornername": "Nominal"}
[2024-11-05 17:33:47.068 -0300] [INFO] [cadence.virtuoso.ade.simulationMonitor] - Time spent in licensing: elapsed = 1.43 s, percentage of total = 47.8%. {"history": "ExplorerRun.0", "point": 1, "testname": "logic_gates_lab3_nor_report_1", "cornername": "Nominal"}
[2024-11-05 17:33:47.068 -0300] [INFO] [cadence.virtuoso.ade.simulationMonitor] - Peak memory used = 217 Mbytes. {"history": "ExplorerRun.0", "point": 1, "testname": "logic_gates_lab3_nor_report_1", "cornername": "Nominal"}
[2024-11-05 17:33:47.068 -0300] [PROCESS] [cadence.virtuoso.ade.simulationMonitor] - Simulation started at: 5:33:43 PM, Tue Nov 5, 2024, ended at: 5:33:46 PM, Tue Nov 5, 2024, with elapsed time (wall clock): 2.99 s. {"history": "ExplorerRun.0", "point": 1, "testname": "logic_gates_lab3_nor_report_1", "cornername": "Nominal"}
[2024-11-05 17:33:47.068 -0300] [PROCESS] [cadence.virtuoso.ade.simulationMonitor] - spectre completes with 0 errors, 0 warnings, and 14 notices. {"history": "ExplorerRun.0", "point": 1, "testname": "logic_gates_lab3_nor_report_1", "cornername": "Nominal"}
[2024-11-05 17:33:47.068 -0300] [PROCESS] [cadence.virtuoso.ade.simulationMonitor] - Finished simulating for one point {"hostname": "cinova05.lesc.ufc.br", "processid": 105774, "history": "ExplorerRun.0", "testname": "logic_gates_lab3_nor_report_1", "cornername": "Nominal", "point": 1, "logfile": "/home/cinovador/Documents/course_files/digital_logic/practice_2/logs_cinovador/logs0/Job17.log", "simid": "2", "event": "finish", "category": "simulation"}
[2024-11-05 17:33:47.068 -0300] [PROCESS] [cadence.virtuoso.ade.simulationMonitor] - Simulator exited {"hostname": "cinova05.lesc.ufc.br", "processid": 105774, "history": "ExplorerRun.0", "testname": "logic_gates_lab3_nor_report_1", "cornername": "Nominal", "point": 1, "logfile": "/home/cinovador/Documents/course_files/digital_logic/practice_2/logs_cinovador/logs0/Job17.log", "exitStatus": "0"}
[2024-11-05 17:33:47.068 -0300] [PROCESS] [cadence.virtuoso.ade.simulationMonitor] - Finished Simulation {"hostname": "cinova05.lesc.ufc.br", "processid": 105774, "history": "ExplorerRun.0", "testname": "logic_gates_lab3_nor_report_1", "cornername": "Nominal", "point": 1, "logfile": "/home/cinovador/Documents/course_files/digital_logic/practice_2/logs_cinovador/logs0/Job17.log", "simid": "2", "event": "finish", "category": "obsolete"}
[2024-11-05 17:33:47.568 -0300] [PROCESS] [cadence.virtuoso.ade.simulationMonitor] - Point Finished {"hostname": "cinova05.lesc.ufc.br", "processid": 105774, "history": "ExplorerRun.0", "testname": "logic_gates_lab3_nor_report_1", "cornername": "Nominal", "point": 1, "logfile": "/home/cinovador/Documents/course_files/digital_logic/practice_2/logs_cinovador/logs0/Job17.log", "event": "finish", "category": "sim-eval"}
[2024-11-05 17:38:48.425 -0300] [PROCESS] [cadence.virtuoso.ade.simulationMonitor] - Current memory used: 83.3789 MBytes, peak memory used: 83.3789 MBytes {"hostname": "cinova05.lesc.ufc.br", "processid": 105774, "history": "ExplorerRun.0", "testname": "logic_gates_lab3_nor_report_1", "cornername": "Nominal", "point": 1, "logfile": "/home/cinovador/Documents/course_files/digital_logic/practice_2/logs_cinovador/logs0/Job17.log"}
[2024-11-05 17:38:48.425 -0300] [PROCESS] [cadence.virtuoso.ade.simulationMonitor] - Simulation Monitor process exits. {"hostname": "cinova05.lesc.ufc.br", "processid": 105774, "history": "ExplorerRun.0", "testname": "logic_gates_lab3_nor_report_1", "cornername": "Nominal", "point": 1, "logfile": "/home/cinovador/Documents/course_files/digital_logic/practice_2/logs_cinovador/logs0/Job17.log"}
