[Simulation Monitor: 12]
[2024-11-07 10:41:21.475 -0300] [PROCESS] [cadence.virtuoso.ade.simulationMonitor] - Started the simulation monitor process {"hostname": "cinova05.lesc.ufc.br", "processid": 45421, "logfile": "/home/cinovador/Documents/course_files/digital_logic/practice_2/logs_cinovador/logs0/Job12.log", "simulation monitor command line": "/home/tools/cadence/installs/IC231/tools.lnx86/dfII/bin/64bit/spectreMonitor --davinciService DaVinciService_7767_1730980369 --axlsession fnxSession3 -lscs 000175E1894CBE06FF0966E38F1FFC06BC4D7EED88199869CA2C7EEDDC43CC33CA2C39A0A173FC06867D66E38F1FFC06BC4D66E38F1FFC06BC4D01CF4C9F3F86DB6100001E91 -beanhost cinova05.lesc.ufc.br -beanport 11371 -beanLogFile /home/cinovador/Documents/course_files/digital_logic/practice_2/logs_cinovador/logs0/amps_Job12.log -beanbinlog  --domain 0 --interactive yes --netlistOpt no --useMultiPointEvaluation yes --exprEvalShowJobStderr yes --evalSimParallel no --maxSims 0 --historyName ExplorerRun.0 --historyUUID  --exprEvaluator vds --mcMapping mc1.mapping --checkLogStatusInterval 0 --checkSimulatorLogTimeout 1200 --exprEvalMaxTries 3 --maxNFSSyncWait 60 -adeBrokerAddress cinova05.lesc.ufc.br:42937 --statdbType h5v2 --fromADE true --virtuosoBinary virtuoso --guiDisplay cinova05.lesc.ufc.br:0 --globalStatus 60 --evaluateMultiMC yes --evalOnSimFail SkipFailedAnalyses --numRetriesOnError 1 --fenixMode explorer --lingertimeout 300 -ahdlLockTimeout 60 --sdbLib logic_gates --sdbCell lab3_nor --sdbView maestro --heartBeatFileDir /dev/shm --id 12 --uuid a7bdb82a-1904-418d-b18c-3064d4e2c5cf --log /home/cinovador/Documents/course_files/digital_logic/practice_2/logs_cinovador/logs0/Job12.log "}
[2024-11-07 10:41:21.475 -0300] [PROCESS] [cadence.virtuoso.ade.simulationMonitor] - Started the simulation monitor process {"hostname": "cinova05.lesc.ufc.br", "processid": 45421, "logfile": "/home/cinovador/Documents/course_files/digital_logic/practice_2/logs_cinovador/logs0/Job12.log", "current directory": "/home/cinovador/Documents/course_files/digital_logic/practice_2"}
[2024-11-07 10:41:21.476 -0300] [PROCESS] [cadence.virtuoso.ade.simulationMonitor] - Simulation Monitor has successfully started up. Trying to set up communication channels to other components ... {"hostname": "cinova05.lesc.ufc.br", "processid": 45421, "logfile": "/home/cinovador/Documents/course_files/digital_logic/practice_2/logs_cinovador/logs0/Job12.log"}
[2024-11-07 10:41:21.612 -0300] [PROCESS] [cadence.virtuoso.ade.simulationMonitor] - Communication channels have been successfully set up. Start processing events ... {"hostname": "cinova05.lesc.ufc.br", "processid": 45421, "logfile": "/home/cinovador/Documents/course_files/digital_logic/practice_2/logs_cinovador/logs0/Job12.log"}
[2024-11-07 10:41:21.612 -0300] [PROCESS] [cadence.virtuoso.ade.simulationMonitor] - Considering to start history {"hostname": "cinova05.lesc.ufc.br", "processid": 45421, "history": "ExplorerRun.0", "logfile": "/home/cinovador/Documents/course_files/digital_logic/practice_2/logs_cinovador/logs0/Job12.log"}
[2024-11-07 10:41:21.613 -0300] [PROCESS] [cadence.virtuoso.ade.simulationMonitor] - HostInfo:
Host name (type):	cinova05.lesc.ufc.br (x86_64)
Operating system:	Linux 4.18.0-553.22.1.el8_10.x86_64 #1 SMP Wed Sep 25 09:20:43 UTC 2024 {"hostname": "cinova05.lesc.ufc.br", "processid": 45421, "history": "ExplorerRun.0", "logfile": "/home/cinovador/Documents/course_files/digital_logic/practice_2/logs_cinovador/logs0/Job12.log", "nodename": "cinova05.lesc.ufc.br", "domainname": "(none)", "machine": "x86_64", "sysname": "Linux", "release": "4.18.0-553.22.1.el8_10.x86_64", "version": "#1 SMP Wed Sep 25 09:20:43 UTC 2024"}
[2024-11-07 10:41:21.613 -0300] [PROCESS] [cadence.virtuoso.ade.simulationMonitor] - UsageInfo:
pid=45421
totalPhysicalMemory=30.835907GB,Used=12.907738GB,totalVirtualMemory=46.441372GB,Used=12.907738GB
Cpu: Cores=20, Load average:0.410000,0.300000,0.340000 {"hostname": "cinova05.lesc.ufc.br", "processid": 45421, "history": "ExplorerRun.0", "logfile": "/home/cinovador/Documents/course_files/digital_logic/practice_2/logs_cinovador/logs0/Job12.log", "pid": "45421", "totalPhysicalMemory": "30.835907", "physicalMemoryUsed": "12.907738", "totalVirtualMemory": "46.441372", "virtualMemoryUsed": "12.907738", "cpuCores": "20", "processes": "1530", "loadAverage1": "0.410000", "loadAverage5": "0.300000", "loadAverage15": "0.340000", "loadAverage1Percent": "0.020500"}
[2024-11-07 10:41:21.613 -0300] [EVENT] [cadence.virtuoso.ade.simulationMonitor] - NewPoint {"history": "ExplorerRun.0", "point": 1, "testname": "logic_gates_lab3_nor_1", "cornername": "Nominal", "event": "NewPoint", "EventSource": "Simulation Monitor", "HistoryName": "ExplorerRun.0", "logFile": "/home/cinovador/Documents/course_files/digital_logic/practice_2/logs_cinovador/logs0/Job12.log", "logFileSize": "4455", "category": "simulation"}
[2024-11-07 10:41:21.714 -0300] [EVENT] [cadence.virtuoso.ade.simulationMonitor] - NewPoint {"history": "ExplorerRun.0", "point": 1, "testname": "logic_gates_lab3_nor_1", "cornername": "Nominal", "event": "NewPoint", "EventSource": "spectre", "HistoryName": "ExplorerRun.0", "logFile": "/home/cinovador/Documents/course_files/digital_logic/practice_2/logic_gates/lab3_nand_report/logic_gates/lab3_nor/maestro/results/maestro/ExplorerRun.0/1/logic_gates_lab3_nor_1/psf/spectre.out", "logFileSize": "-1", "category": "simulation"}
[2024-11-07 10:41:31.690 -0300] [PROCESS] [cadence.virtuoso.ade.simulationMonitor] - Simulator launched {"hostname": "cinova05.lesc.ufc.br", "processid": 45421, "history": "ExplorerRun.0", "testname": "logic_gates_lab3_nor_1", "cornername": "Nominal", "point": 1, "logfile": "/home/cinovador/Documents/course_files/digital_logic/practice_2/logs_cinovador/logs0/Job12.log", "simid": "1", "event": "launch", "category": "simulation"}
[2024-11-07 10:41:31.691 -0300] [PROCESS] [cadence.virtuoso.ade.simulationMonitor] - Expression evaluator launched {"hostname": "cinova05.lesc.ufc.br", "processid": 45421, "history": "ExplorerRun.0", "testname": "logic_gates_lab3_nor_1", "cornername": "Nominal", "point": 1, "logfile": "/home/cinovador/Documents/course_files/digital_logic/practice_2/logs_cinovador/logs0/Job12.log"}
[2024-11-07 10:41:31.726 -0300] [PROCESS] [cadence.virtuoso.ade.simulationMonitor] - Started Simulation {"hostname": "cinova05.lesc.ufc.br", "processid": 45421, "history": "ExplorerRun.0", "testname": "logic_gates_lab3_nor_1", "cornername": "Nominal", "point": 1, "logfile": "/home/cinovador/Documents/course_files/digital_logic/practice_2/logs_cinovador/logs0/Job12.log", "event": "start", "category": "simulation"}
[2024-11-07 10:41:34.727 -0300] [INFO] [cadence.virtuoso.ade.simulationMonitor] - Peak resident memory used = 187 Mbytes. {"history": "ExplorerRun.0", "point": 1, "testname": "logic_gates_lab3_nor_1", "cornername": "Nominal"}
[2024-11-07 10:41:34.727 -0300] [INFO] [cadence.virtuoso.ade.simulationMonitor] - Peak resident memory used = 201 Mbytes. {"history": "ExplorerRun.0", "point": 1, "testname": "logic_gates_lab3_nor_1", "cornername": "Nominal"}
[2024-11-07 10:41:34.727 -0300] [INFO] [cadence.virtuoso.ade.simulationMonitor] - Notice from spectre during hierarchy flattening.
    The value 'psf' specified for the 'checklimitdest' option will no longer be supported in future releases. Use 'spectre -h' to see other recommended values for the 'checklimitdest' option. {"history": "ExplorerRun.0", "point": 1, "testname": "logic_gates_lab3_nor_1", "cornername": "Nominal"}
[2024-11-07 10:41:34.727 -0300] [INFO] [cadence.virtuoso.ade.simulationMonitor] - Peak resident memory used = 203 Mbytes. {"history": "ExplorerRun.0", "point": 1, "testname": "logic_gates_lab3_nor_1", "cornername": "Nominal"}
[2024-11-07 10:41:35.227 -0300] [INFO] [cadence.virtuoso.ade.simulationMonitor] - Notice from spectre during topology check.
    Only one connection to node `net2'. {"history": "ExplorerRun.0", "point": 1, "testname": "logic_gates_lab3_nor_1", "cornername": "Nominal"}
[2024-11-07 10:41:35.227 -0300] [INFO] [cadence.virtuoso.ade.simulationMonitor] - Notice from spectre during initial setup.
    Multithreading is disabled due to the size of the design being too small. {"history": "ExplorerRun.0", "point": 1, "testname": "logic_gates_lab3_nor_1", "cornername": "Nominal"}
[2024-11-07 10:41:35.227 -0300] [INFO] [cadence.virtuoso.ade.simulationMonitor] -               nodes 11 {"history": "ExplorerRun.0", "point": 1, "testname": "logic_gates_lab3_nor_1", "cornername": "Nominal"}
[2024-11-07 10:41:35.228 -0300] [INFO] [cadence.virtuoso.ade.simulationMonitor] - Notice from spectre during initial setup.
    Protected devices exist and are not included in the circuit inventory.
    1 vsources are shorted because their absolute value is less than or equal to 'vabsshort'.
    APS enabled. {"history": "ExplorerRun.0", "point": 1, "testname": "logic_gates_lab3_nor_1", "cornername": "Nominal"}
[2024-11-07 10:41:35.228 -0300] [INFO] [cadence.virtuoso.ade.simulationMonitor] - Peak resident memory used = 206 Mbytes. {"history": "ExplorerRun.0", "point": 1, "testname": "logic_gates_lab3_nor_1", "cornername": "Nominal"}
[2024-11-07 10:41:35.228 -0300] [INFO] [cadence.virtuoso.ade.simulationMonitor] -    -   (APS) Multi-threading. The recommended number of threads is 1, consider adding +mt=1 on command line. {"history": "ExplorerRun.0", "point": 1, "testname": "logic_gates_lab3_nor_1", "cornername": "Nominal"}
[2024-11-07 10:41:35.228 -0300] [INFO] [cadence.virtuoso.ade.simulationMonitor] - Notice from spectre during transient analysis `tran'.
    Multithreading is disabled due to the size of the design being too small. {"history": "ExplorerRun.0", "point": 1, "testname": "logic_gates_lab3_nor_1", "cornername": "Nominal"}
[2024-11-07 10:41:35.228 -0300] [INFO] [cadence.virtuoso.ade.simulationMonitor] - Notice from spectre at time = 508.271 ns during transient analysis `tran'.
    Found trapezoidal ringing on node net1. {"history": "ExplorerRun.0", "point": 1, "testname": "logic_gates_lab3_nor_1", "cornername": "Nominal"}
[2024-11-07 10:41:35.228 -0300] [INFO] [cadence.virtuoso.ade.simulationMonitor] - Notice from spectre at time = 513.142 ns during transient analysis `tran'.
    Found trapezoidal ringing on node net1. {"history": "ExplorerRun.0", "point": 1, "testname": "logic_gates_lab3_nor_1", "cornername": "Nominal"}
[2024-11-07 10:41:35.228 -0300] [INFO] [cadence.virtuoso.ade.simulationMonitor] - Notice from spectre at time = 521.142 ns during transient analysis `tran'.
    Found trapezoidal ringing on node net1. {"history": "ExplorerRun.0", "point": 1, "testname": "logic_gates_lab3_nor_1", "cornername": "Nominal"}
[2024-11-07 10:41:35.228 -0300] [INFO] [cadence.virtuoso.ade.simulationMonitor] - Notice from spectre at time = 534.685 ns during transient analysis `tran'.
    Found trapezoidal ringing on node net1. {"history": "ExplorerRun.0", "point": 1, "testname": "logic_gates_lab3_nor_1", "cornername": "Nominal"}
[2024-11-07 10:41:35.228 -0300] [INFO] [cadence.virtuoso.ade.simulationMonitor] - Notice from spectre at time = 557.316 ns during transient analysis `tran'.
    Found trapezoidal ringing on node net1.
        Further occurrences of this notice will be suppressed. {"history": "ExplorerRun.0", "point": 1, "testname": "logic_gates_lab3_nor_1", "cornername": "Nominal"}
[2024-11-07 10:41:35.228 -0300] [INFO] [cadence.virtuoso.ade.simulationMonitor] - Notice from spectre during transient analysis `tran'.
    Trapezoidal ringing is detected during tran analysis.
        Please use method=trap for better results and performance. {"history": "ExplorerRun.0", "point": 1, "testname": "logic_gates_lab3_nor_1", "cornername": "Nominal"}
[2024-11-07 10:41:35.228 -0300] [INFO] [cadence.virtuoso.ade.simulationMonitor] - Intrinsic tran analysis time:    CPU = 200.157 ms, elapsed = 202.178 ms. {"history": "ExplorerRun.0", "point": 1, "testname": "logic_gates_lab3_nor_1", "cornername": "Nominal"}
[2024-11-07 10:41:35.228 -0300] [INFO] [cadence.virtuoso.ade.simulationMonitor] - Total time required for tran analysis `tran': CPU = 201.28 ms, elapsed = 203.302 ms, util. = 99%. {"history": "ExplorerRun.0", "point": 1, "testname": "logic_gates_lab3_nor_1", "cornername": "Nominal"}
[2024-11-07 10:41:35.228 -0300] [INFO] [cadence.virtuoso.ade.simulationMonitor] - Peak resident memory used = 217 Mbytes. {"history": "ExplorerRun.0", "point": 1, "testname": "logic_gates_lab3_nor_1", "cornername": "Nominal"}
[2024-11-07 10:41:35.228 -0300] [INFO] [cadence.virtuoso.ade.simulationMonitor] - Notice from spectre.
    995 notices suppressed. {"history": "ExplorerRun.0", "point": 1, "testname": "logic_gates_lab3_nor_1", "cornername": "Nominal"}
[2024-11-07 10:41:35.228 -0300] [INFO] [cadence.virtuoso.ade.simulationMonitor] - Time used: CPU = 529 ms, elapsed = 3.1 s, util. = 17.1%. {"history": "ExplorerRun.0", "point": 1, "testname": "logic_gates_lab3_nor_1", "cornername": "Nominal"}
[2024-11-07 10:41:35.228 -0300] [INFO] [cadence.virtuoso.ade.simulationMonitor] - Time spent in licensing: elapsed = 1.5 s, percentage of total = 48.3%. {"history": "ExplorerRun.0", "point": 1, "testname": "logic_gates_lab3_nor_1", "cornername": "Nominal"}
[2024-11-07 10:41:35.228 -0300] [INFO] [cadence.virtuoso.ade.simulationMonitor] - Peak memory used = 218 Mbytes. {"history": "ExplorerRun.0", "point": 1, "testname": "logic_gates_lab3_nor_1", "cornername": "Nominal"}
[2024-11-07 10:41:35.228 -0300] [PROCESS] [cadence.virtuoso.ade.simulationMonitor] - Simulation started at: 10:41:31 AM, Thur Nov 7, 2024, ended at: 10:41:34 AM, Thur Nov 7, 2024, with elapsed time (wall clock): 3.1 s. {"history": "ExplorerRun.0", "point": 1, "testname": "logic_gates_lab3_nor_1", "cornername": "Nominal"}
[2024-11-07 10:41:35.228 -0300] [PROCESS] [cadence.virtuoso.ade.simulationMonitor] - spectre completes with 0 errors, 0 warnings, and 15 notices. {"history": "ExplorerRun.0", "point": 1, "testname": "logic_gates_lab3_nor_1", "cornername": "Nominal"}
[2024-11-07 10:41:35.228 -0300] [PROCESS] [cadence.virtuoso.ade.simulationMonitor] - Finished simulating for one point {"hostname": "cinova05.lesc.ufc.br", "processid": 45421, "history": "ExplorerRun.0", "testname": "logic_gates_lab3_nor_1", "cornername": "Nominal", "point": 1, "logfile": "/home/cinovador/Documents/course_files/digital_logic/practice_2/logs_cinovador/logs0/Job12.log", "simid": "1", "event": "finish", "category": "simulation"}
[2024-11-07 10:41:35.228 -0300] [PROCESS] [cadence.virtuoso.ade.simulationMonitor] - Simulator exited {"hostname": "cinova05.lesc.ufc.br", "processid": 45421, "history": "ExplorerRun.0", "testname": "logic_gates_lab3_nor_1", "cornername": "Nominal", "point": 1, "logfile": "/home/cinovador/Documents/course_files/digital_logic/practice_2/logs_cinovador/logs0/Job12.log", "exitStatus": "0"}
[2024-11-07 10:41:35.228 -0300] [PROCESS] [cadence.virtuoso.ade.simulationMonitor] - Finished Simulation {"hostname": "cinova05.lesc.ufc.br", "processid": 45421, "history": "ExplorerRun.0", "testname": "logic_gates_lab3_nor_1", "cornername": "Nominal", "point": 1, "logfile": "/home/cinovador/Documents/course_files/digital_logic/practice_2/logs_cinovador/logs0/Job12.log", "simid": "1", "event": "finish", "category": "obsolete"}
[2024-11-07 10:41:36.229 -0300] [PROCESS] [cadence.virtuoso.ade.simulationMonitor] - Point Finished {"hostname": "cinova05.lesc.ufc.br", "processid": 45421, "history": "ExplorerRun.0", "testname": "logic_gates_lab3_nor_1", "cornername": "Nominal", "point": 1, "logfile": "/home/cinovador/Documents/course_files/digital_logic/practice_2/logs_cinovador/logs0/Job12.log", "event": "finish", "category": "sim-eval"}
[2024-11-07 10:44:45.334 -0300] [PROCESS] [cadence.virtuoso.ade.simulationMonitor] - get signal Terminated<15> from user:cinovador, which pid:45417:/home/tools/cadence/installs/IC231/tools/bin/64bit/cdsServIpc {"hostname": "cinova05.lesc.ufc.br", "processid": 45421, "history": "ExplorerRun.0", "testname": "logic_gates_lab3_nor_1", "cornername": "Nominal", "point": 1, "logfile": "/home/cinovador/Documents/course_files/digital_logic/practice_2/logs_cinovador/logs0/Job12.log", "signal": "15", "signalName": "Terminated", "which": "/home/tools/cadence/installs/IC231/tools/bin/64bit/cdsServIpc", "pid": "45417", "user": "cinovador", "uid": "1001"}
[2024-11-07 10:44:45.334 -0300] [INFO] [cadence.virtuoso.ade.simulationMonitor] - SimulationMonitor has terminated the  process '45539', reason: 'simulationMonitor is handling signal 15' {"history": "ExplorerRun.0", "point": 1, "testname": "logic_gates_lab3_nor_1", "cornername": "Nominal"}
