[Simulation Monitor: 10]
[2024-11-04 11:45:33.601 -0300] [PROCESS] [cadence.virtuoso.ade.simulationMonitor] - Started the simulation monitor process {"hostname": "cinova05.lesc.ufc.br", "processid": 51278, "logfile": "/home/cinovador/Documents/course_files/digital_logic/practice_2/logs_cinovador/logs0/Job10.log", "simulation monitor command line": "/home/tools/cadence/installs/IC231/tools.lnx86/dfII/bin/64bit/spectreMonitor --davinciService DaVinciService_13571_1730721718 --axlsession fnxSession2 -lscs 000175E1894CBE06FF0966E38F1FFC06BC4D7EED88199869CA2C7EEDDC43CC33CA2C39A0A173FC06867D66E38F1FFC06BC4D66E38F1FFC06BC4D01CB5112220BDB6500001E53 -beanhost cinova05.lesc.ufc.br -beanport 11927 -beanLogFile /home/cinovador/Documents/course_files/digital_logic/practice_2/logs_cinovador/logs0/amps_Job10.log -beanbinlog  --domain 0 --interactive yes --netlistOpt no --useMultiPointEvaluation yes --exprEvalShowJobStderr yes --evalSimParallel no --maxSims 0 --historyName ExplorerRun.0 --historyUUID  --exprEvaluator vds --mcMapping mc1.mapping --checkLogStatusInterval 0 --checkSimulatorLogTimeout 1200 --exprEvalMaxTries 3 --maxNFSSyncWait 60 -adeBrokerAddress cinova05.lesc.ufc.br:43719 --fromADE true --virtuosoBinary virtuoso --guiDisplay cinova05.lesc.ufc.br:0 --globalStatus 60 --evaluateMultiMC yes --evalOnSimFail SkipFailedAnalyses --numRetriesOnError 1 --fenixMode explorer --lingertimeout 300 -ahdlLockTimeout 60 --sdbLib logic_gates --sdbCell q4_expr --sdbView maestro --heartBeatFileDir /dev/shm --id 10 --uuid 417dbe6a-54a1-47a6-bb5d-d4c299f22ed5 --log /home/cinovador/Documents/course_files/digital_logic/practice_2/logs_cinovador/logs0/Job10.log "}
[2024-11-04 11:45:33.601 -0300] [PROCESS] [cadence.virtuoso.ade.simulationMonitor] - Started the simulation monitor process {"hostname": "cinova05.lesc.ufc.br", "processid": 51278, "logfile": "/home/cinovador/Documents/course_files/digital_logic/practice_2/logs_cinovador/logs0/Job10.log", "current directory": "/home/cinovador/Documents/course_files/digital_logic/practice_2"}
[2024-11-04 11:45:33.601 -0300] [PROCESS] [cadence.virtuoso.ade.simulationMonitor] - Simulation Monitor has successfully started up. Trying to set up communication channels to other components ... {"hostname": "cinova05.lesc.ufc.br", "processid": 51278, "logfile": "/home/cinovador/Documents/course_files/digital_logic/practice_2/logs_cinovador/logs0/Job10.log"}
[2024-11-04 11:45:33.725 -0300] [PROCESS] [cadence.virtuoso.ade.simulationMonitor] - Communication channels have been successfully set up. Start processing events ... {"hostname": "cinova05.lesc.ufc.br", "processid": 51278, "logfile": "/home/cinovador/Documents/course_files/digital_logic/practice_2/logs_cinovador/logs0/Job10.log"}
[2024-11-04 11:45:33.725 -0300] [PROCESS] [cadence.virtuoso.ade.simulationMonitor] - Considering to start history {"hostname": "cinova05.lesc.ufc.br", "processid": 51278, "history": "ExplorerRun.0", "logfile": "/home/cinovador/Documents/course_files/digital_logic/practice_2/logs_cinovador/logs0/Job10.log"}
[2024-11-04 11:45:33.726 -0300] [PROCESS] [cadence.virtuoso.ade.simulationMonitor] - HostInfo:
Host name (type):	cinova05.lesc.ufc.br (x86_64)
Operating system:	Linux 4.18.0-553.22.1.el8_10.x86_64 #1 SMP Wed Sep 25 09:20:43 UTC 2024 {"hostname": "cinova05.lesc.ufc.br", "processid": 51278, "history": "ExplorerRun.0", "logfile": "/home/cinovador/Documents/course_files/digital_logic/practice_2/logs_cinovador/logs0/Job10.log", "nodename": "cinova05.lesc.ufc.br", "domainname": "(none)", "machine": "x86_64", "sysname": "Linux", "release": "4.18.0-553.22.1.el8_10.x86_64", "version": "#1 SMP Wed Sep 25 09:20:43 UTC 2024"}
[2024-11-04 11:45:33.726 -0300] [PROCESS] [cadence.virtuoso.ade.simulationMonitor] - UsageInfo:
pid=51278
totalPhysicalMemory=30.835918GB,Used=13.646694GB,totalVirtualMemory=46.441383GB,Used=13.646694GB
Cpu: Cores=20, Load average:0.390000,0.320000,0.370000 {"hostname": "cinova05.lesc.ufc.br", "processid": 51278, "history": "ExplorerRun.0", "logfile": "/home/cinovador/Documents/course_files/digital_logic/practice_2/logs_cinovador/logs0/Job10.log", "pid": "51278", "totalPhysicalMemory": "30.835918", "physicalMemoryUsed": "13.646694", "totalVirtualMemory": "46.441383", "virtualMemoryUsed": "13.646694", "cpuCores": "20", "processes": "1507", "loadAverage1": "0.390000", "loadAverage5": "0.320000", "loadAverage15": "0.370000", "loadAverage1Percent": "0.019500"}
[2024-11-04 11:45:33.726 -0300] [EVENT] [cadence.virtuoso.ade.simulationMonitor] - NewPoint {"history": "ExplorerRun.0", "point": 1, "testname": "logic_gates_q4_expr_1", "cornername": "Nominal", "event": "NewPoint", "EventSource": "Simulation Monitor", "HistoryName": "ExplorerRun.0", "logFile": "/home/cinovador/Documents/course_files/digital_logic/practice_2/logs_cinovador/logs0/Job10.log", "logFileSize": "4437", "category": "simulation"}
[2024-11-04 11:45:33.826 -0300] [EVENT] [cadence.virtuoso.ade.simulationMonitor] - NewPoint {"history": "ExplorerRun.0", "point": 1, "testname": "logic_gates_q4_expr_1", "cornername": "Nominal", "event": "NewPoint", "EventSource": "spectre", "HistoryName": "ExplorerRun.0", "logFile": "/home/cinovador/Documents/course_files/digital_logic/practice_2/logic_gates/q4_expr/maestro/logic_gates/q4_expr/maestro/results/maestro/ExplorerRun.0/1/logic_gates_q4_expr_1/psf/spectre.out", "logFileSize": "-1", "category": "simulation"}
[2024-11-04 11:45:43.723 -0300] [PROCESS] [cadence.virtuoso.ade.simulationMonitor] - Simulator launched {"hostname": "cinova05.lesc.ufc.br", "processid": 51278, "history": "ExplorerRun.0", "testname": "logic_gates_q4_expr_1", "cornername": "Nominal", "point": 1, "logfile": "/home/cinovador/Documents/course_files/digital_logic/practice_2/logs_cinovador/logs0/Job10.log", "simid": "1", "event": "launch", "category": "simulation"}
[2024-11-04 11:45:43.724 -0300] [PROCESS] [cadence.virtuoso.ade.simulationMonitor] - Expression evaluator launched {"hostname": "cinova05.lesc.ufc.br", "processid": 51278, "history": "ExplorerRun.0", "testname": "logic_gates_q4_expr_1", "cornername": "Nominal", "point": 1, "logfile": "/home/cinovador/Documents/course_files/digital_logic/practice_2/logs_cinovador/logs0/Job10.log"}
[2024-11-04 11:45:43.760 -0300] [PROCESS] [cadence.virtuoso.ade.simulationMonitor] - Started Simulation {"hostname": "cinova05.lesc.ufc.br", "processid": 51278, "history": "ExplorerRun.0", "testname": "logic_gates_q4_expr_1", "cornername": "Nominal", "point": 1, "logfile": "/home/cinovador/Documents/course_files/digital_logic/practice_2/logs_cinovador/logs0/Job10.log", "event": "start", "category": "simulation"}
[2024-11-04 11:45:46.761 -0300] [INFO] [cadence.virtuoso.ade.simulationMonitor] - Peak resident memory used = 185 Mbytes. {"history": "ExplorerRun.0", "point": 1, "testname": "logic_gates_q4_expr_1", "cornername": "Nominal"}
[2024-11-04 11:45:46.761 -0300] [INFO] [cadence.virtuoso.ade.simulationMonitor] - Peak resident memory used = 198 Mbytes. {"history": "ExplorerRun.0", "point": 1, "testname": "logic_gates_q4_expr_1", "cornername": "Nominal"}
[2024-11-04 11:45:46.761 -0300] [INFO] [cadence.virtuoso.ade.simulationMonitor] - Notice from spectre during hierarchy flattening.
    The value 'psf' specified for the 'checklimitdest' option will no longer be supported in future releases. Use 'spectre -h' to see other recommended values for the 'checklimitdest' option. {"history": "ExplorerRun.0", "point": 1, "testname": "logic_gates_q4_expr_1", "cornername": "Nominal"}
[2024-11-04 11:45:46.761 -0300] [INFO] [cadence.virtuoso.ade.simulationMonitor] - Peak resident memory used = 199 Mbytes. {"history": "ExplorerRun.0", "point": 1, "testname": "logic_gates_q4_expr_1", "cornername": "Nominal"}
[2024-11-04 11:45:46.761 -0300] [INFO] [cadence.virtuoso.ade.simulationMonitor] - Notice from spectre during topology check.
    Only one connection to the following 2 nodes:
        net6
        net2
    No DC path from node `PM15.n1' to ground, Gmin installed to provide path.
    No DC path from node `NM17.n1' to ground, Gmin installed to provide path. {"history": "ExplorerRun.0", "point": 1, "testname": "logic_gates_q4_expr_1", "cornername": "Nominal"}
[2024-11-04 11:45:46.761 -0300] [INFO] [cadence.virtuoso.ade.simulationMonitor] - Notice from spectre during initial setup.
    Multithreading is disabled due to the size of the design being too small. {"history": "ExplorerRun.0", "point": 1, "testname": "logic_gates_q4_expr_1", "cornername": "Nominal"}
[2024-11-04 11:45:46.761 -0300] [INFO] [cadence.virtuoso.ade.simulationMonitor] -               nodes 24 {"history": "ExplorerRun.0", "point": 1, "testname": "logic_gates_q4_expr_1", "cornername": "Nominal"}
[2024-11-04 11:45:46.761 -0300] [INFO] [cadence.virtuoso.ade.simulationMonitor] - Notice from spectre during initial setup.
    Protected devices exist and are not included in the circuit inventory.
    APS enabled. {"history": "ExplorerRun.0", "point": 1, "testname": "logic_gates_q4_expr_1", "cornername": "Nominal"}
[2024-11-04 11:45:46.761 -0300] [INFO] [cadence.virtuoso.ade.simulationMonitor] - Peak resident memory used = 201 Mbytes. {"history": "ExplorerRun.0", "point": 1, "testname": "logic_gates_q4_expr_1", "cornername": "Nominal"}
[2024-11-04 11:45:46.761 -0300] [INFO] [cadence.virtuoso.ade.simulationMonitor] -    -   (APS) Multi-threading. The recommended number of threads is 1, consider adding +mt=1 on command line. {"history": "ExplorerRun.0", "point": 1, "testname": "logic_gates_q4_expr_1", "cornername": "Nominal"}
[2024-11-04 11:45:46.761 -0300] [INFO] [cadence.virtuoso.ade.simulationMonitor] - Notice from spectre during IC analysis, during transient analysis `tran'.
    GminDC = 1 pS is large enough to noticeably affect the DC solution.
        dV(net2) = -141.818 mV
        Use the `gmin_check' option to eliminate or expand this report. {"history": "ExplorerRun.0", "point": 1, "testname": "logic_gates_q4_expr_1", "cornername": "Nominal"}
[2024-11-04 11:45:46.761 -0300] [INFO] [cadence.virtuoso.ade.simulationMonitor] - Notice from spectre during transient analysis `tran'.
    Multithreading is disabled due to the size of the design being too small. {"history": "ExplorerRun.0", "point": 1, "testname": "logic_gates_q4_expr_1", "cornername": "Nominal"}
[2024-11-04 11:45:46.761 -0300] [INFO] [cadence.virtuoso.ade.simulationMonitor] - Notice from spectre at time = 2.26089 ps during transient analysis `tran'.
    Found trapezoidal ringing on node PM11.n1. {"history": "ExplorerRun.0", "point": 1, "testname": "logic_gates_q4_expr_1", "cornername": "Nominal"}
[2024-11-04 11:45:46.761 -0300] [INFO] [cadence.virtuoso.ade.simulationMonitor] - Notice from spectre at time = 2.37618 ps during transient analysis `tran'.
    Found trapezoidal ringing on node PM11.n1. {"history": "ExplorerRun.0", "point": 1, "testname": "logic_gates_q4_expr_1", "cornername": "Nominal"}
[2024-11-04 11:45:46.761 -0300] [INFO] [cadence.virtuoso.ade.simulationMonitor] - Notice from spectre at time = 2.42419 ps during transient analysis `tran'.
    Found trapezoidal ringing on node PM11.n1. {"history": "ExplorerRun.0", "point": 1, "testname": "logic_gates_q4_expr_1", "cornername": "Nominal"}
[2024-11-04 11:45:46.761 -0300] [INFO] [cadence.virtuoso.ade.simulationMonitor] - Notice from spectre at time = 2.52021 ps during transient analysis `tran'.
    Found trapezoidal ringing on node PM11.n1. {"history": "ExplorerRun.0", "point": 1, "testname": "logic_gates_q4_expr_1", "cornername": "Nominal"}
[2024-11-04 11:45:46.761 -0300] [INFO] [cadence.virtuoso.ade.simulationMonitor] - Notice from spectre at time = 2.71226 ps during transient analysis `tran'.
    Found trapezoidal ringing on node PM11.n1.
        Further occurrences of this notice will be suppressed. {"history": "ExplorerRun.0", "point": 1, "testname": "logic_gates_q4_expr_1", "cornername": "Nominal"}
[2024-11-04 11:45:47.761 -0300] [INFO] [cadence.virtuoso.ade.simulationMonitor] - Notice from spectre during transient analysis `tran'.
    Trapezoidal ringing is detected during tran analysis.
        Please use method=trap for better results and performance. {"history": "ExplorerRun.0", "point": 1, "testname": "logic_gates_q4_expr_1", "cornername": "Nominal"}
[2024-11-04 11:45:47.762 -0300] [INFO] [cadence.virtuoso.ade.simulationMonitor] - Intrinsic tran analysis time:    CPU = 769.974 ms, elapsed = 772.552 ms. {"history": "ExplorerRun.0", "point": 1, "testname": "logic_gates_q4_expr_1", "cornername": "Nominal"}
[2024-11-04 11:45:47.762 -0300] [INFO] [cadence.virtuoso.ade.simulationMonitor] - Total time required for tran analysis `tran': CPU = 773.626 ms, elapsed = 776.206 ms, util. = 99.7%. {"history": "ExplorerRun.0", "point": 1, "testname": "logic_gates_q4_expr_1", "cornername": "Nominal"}
[2024-11-04 11:45:47.762 -0300] [INFO] [cadence.virtuoso.ade.simulationMonitor] - Peak resident memory used = 219 Mbytes. {"history": "ExplorerRun.0", "point": 1, "testname": "logic_gates_q4_expr_1", "cornername": "Nominal"}
[2024-11-04 11:45:47.762 -0300] [INFO] [cadence.virtuoso.ade.simulationMonitor] - Notice from spectre.
    4545 notices suppressed. {"history": "ExplorerRun.0", "point": 1, "testname": "logic_gates_q4_expr_1", "cornername": "Nominal"}
[2024-11-04 11:45:47.762 -0300] [INFO] [cadence.virtuoso.ade.simulationMonitor] - Time used: CPU = 1.1 s, elapsed = 3.33 s, util. = 32.9%. {"history": "ExplorerRun.0", "point": 1, "testname": "logic_gates_q4_expr_1", "cornername": "Nominal"}
[2024-11-04 11:45:47.762 -0300] [INFO] [cadence.virtuoso.ade.simulationMonitor] - Time spent in licensing: elapsed = 1.37 s, percentage of total = 41%. {"history": "ExplorerRun.0", "point": 1, "testname": "logic_gates_q4_expr_1", "cornername": "Nominal"}
[2024-11-04 11:45:47.762 -0300] [INFO] [cadence.virtuoso.ade.simulationMonitor] - Peak memory used = 219 Mbytes. {"history": "ExplorerRun.0", "point": 1, "testname": "logic_gates_q4_expr_1", "cornername": "Nominal"}
[2024-11-04 11:45:47.762 -0300] [PROCESS] [cadence.virtuoso.ade.simulationMonitor] - Simulation started at: 11:45:43 AM, Mon Nov 4, 2024, ended at: 11:45:47 AM, Mon Nov 4, 2024, with elapsed time (wall clock): 3.33 s. {"history": "ExplorerRun.0", "point": 1, "testname": "logic_gates_q4_expr_1", "cornername": "Nominal"}
[2024-11-04 11:45:47.762 -0300] [PROCESS] [cadence.virtuoso.ade.simulationMonitor] - spectre completes with 0 errors, 0 warnings, and 17 notices. {"history": "ExplorerRun.0", "point": 1, "testname": "logic_gates_q4_expr_1", "cornername": "Nominal"}
[2024-11-04 11:45:47.762 -0300] [PROCESS] [cadence.virtuoso.ade.simulationMonitor] - Finished simulating for one point {"hostname": "cinova05.lesc.ufc.br", "processid": 51278, "history": "ExplorerRun.0", "testname": "logic_gates_q4_expr_1", "cornername": "Nominal", "point": 1, "logfile": "/home/cinovador/Documents/course_files/digital_logic/practice_2/logs_cinovador/logs0/Job10.log", "simid": "1", "event": "finish", "category": "simulation"}
[2024-11-04 11:45:47.762 -0300] [PROCESS] [cadence.virtuoso.ade.simulationMonitor] - Simulator exited {"hostname": "cinova05.lesc.ufc.br", "processid": 51278, "history": "ExplorerRun.0", "testname": "logic_gates_q4_expr_1", "cornername": "Nominal", "point": 1, "logfile": "/home/cinovador/Documents/course_files/digital_logic/practice_2/logs_cinovador/logs0/Job10.log", "exitStatus": "0"}
[2024-11-04 11:45:47.762 -0300] [PROCESS] [cadence.virtuoso.ade.simulationMonitor] - Finished Simulation {"hostname": "cinova05.lesc.ufc.br", "processid": 51278, "history": "ExplorerRun.0", "testname": "logic_gates_q4_expr_1", "cornername": "Nominal", "point": 1, "logfile": "/home/cinovador/Documents/course_files/digital_logic/practice_2/logs_cinovador/logs0/Job10.log", "simid": "1", "event": "finish", "category": "obsolete"}
[2024-11-04 11:45:48.762 -0300] [PROCESS] [cadence.virtuoso.ade.simulationMonitor] - Point Finished {"hostname": "cinova05.lesc.ufc.br", "processid": 51278, "history": "ExplorerRun.0", "testname": "logic_gates_q4_expr_1", "cornername": "Nominal", "point": 1, "logfile": "/home/cinovador/Documents/course_files/digital_logic/practice_2/logs_cinovador/logs0/Job10.log", "event": "finish", "category": "sim-eval"}
[2024-11-04 11:46:47.565 -0300] [INFO] [cadence.virtuoso.ade.simulationMonitor] - SimulationMonitor has terminated the vds process '51357', reason: 'Force to stop the expression evalutor process because of new run' {"history": "ExplorerRun.0", "point": 1, "testname": "logic_gates_q4_expr_1", "cornername": "Nominal"}
[2024-11-04 11:46:47.565 -0300] [PROCESS] [cadence.virtuoso.ade.simulationMonitor] - HostInfo:
Host name (type):	cinova05.lesc.ufc.br (x86_64)
Operating system:	Linux 4.18.0-553.22.1.el8_10.x86_64 #1 SMP Wed Sep 25 09:20:43 UTC 2024 {"hostname": "cinova05.lesc.ufc.br", "processid": 51278, "history": "ExplorerRun.0", "testname": "logic_gates_q4_expr_1", "cornername": "Nominal", "point": 1, "logfile": "/home/cinovador/Documents/course_files/digital_logic/practice_2/logs_cinovador/logs0/Job10.log", "nodename": "cinova05.lesc.ufc.br", "domainname": "(none)", "machine": "x86_64", "sysname": "Linux", "release": "4.18.0-553.22.1.el8_10.x86_64", "version": "#1 SMP Wed Sep 25 09:20:43 UTC 2024"}
[2024-11-04 11:46:47.565 -0300] [PROCESS] [cadence.virtuoso.ade.simulationMonitor] - UsageInfo:
pid=51278
totalPhysicalMemory=30.835918GB,Used=13.671001GB,totalVirtualMemory=46.441383GB,Used=13.671001GB
Cpu: Cores=20, Load average:0.430000,0.330000,0.370000 {"hostname": "cinova05.lesc.ufc.br", "processid": 51278, "history": "ExplorerRun.0", "testname": "logic_gates_q4_expr_1", "cornername": "Nominal", "point": 1, "logfile": "/home/cinovador/Documents/course_files/digital_logic/practice_2/logs_cinovador/logs0/Job10.log", "pid": "51278", "totalPhysicalMemory": "30.835918", "physicalMemoryUsed": "13.671001", "totalVirtualMemory": "46.441383", "virtualMemoryUsed": "13.671001", "cpuCores": "20", "processes": "1519", "loadAverage1": "0.430000", "loadAverage5": "0.330000", "loadAverage15": "0.370000", "loadAverage1Percent": "0.021500"}
[2024-11-04 11:46:47.565 -0300] [EVENT] [cadence.virtuoso.ade.simulationMonitor] - NewPoint {"history": "ExplorerRun.0", "point": 1, "testname": "logic_gates_q4_expr_1", "cornername": "Nominal", "event": "NewPoint", "EventSource": "Simulation Monitor", "HistoryName": "ExplorerRun.0", "logFile": "/home/cinovador/Documents/course_files/digital_logic/practice_2/logs_cinovador/logs0/Job10.log", "logFileSize": "18078", "category": "simulation"}
[2024-11-04 11:46:47.666 -0300] [EVENT] [cadence.virtuoso.ade.simulationMonitor] - NewPoint {"history": "ExplorerRun.0", "point": 1, "testname": "logic_gates_q4_expr_1", "cornername": "Nominal", "event": "NewPoint", "EventSource": "spectre", "HistoryName": "ExplorerRun.0", "logFile": "/home/cinovador/Documents/course_files/digital_logic/practice_2/logic_gates/q4_expr/maestro/logic_gates/q4_expr/maestro/results/maestro/ExplorerRun.0/1/logic_gates_q4_expr_1/psf/spectre.out", "logFileSize": "-1", "category": "simulation"}
[2024-11-04 11:46:48.565 -0300] [PROCESS] [cadence.virtuoso.ade.simulationMonitor] - Simulator launched {"hostname": "cinova05.lesc.ufc.br", "processid": 51278, "history": "ExplorerRun.0", "testname": "logic_gates_q4_expr_1", "cornername": "Nominal", "point": 1, "logfile": "/home/cinovador/Documents/course_files/digital_logic/practice_2/logs_cinovador/logs0/Job10.log", "simid": "2", "event": "launch", "category": "simulation"}
[2024-11-04 11:46:48.566 -0300] [PROCESS] [cadence.virtuoso.ade.simulationMonitor] - Expression evaluator launched {"hostname": "cinova05.lesc.ufc.br", "processid": 51278, "history": "ExplorerRun.0", "testname": "logic_gates_q4_expr_1", "cornername": "Nominal", "point": 1, "logfile": "/home/cinovador/Documents/course_files/digital_logic/practice_2/logs_cinovador/logs0/Job10.log"}
[2024-11-04 11:46:48.599 -0300] [PROCESS] [cadence.virtuoso.ade.simulationMonitor] - Started Simulation {"hostname": "cinova05.lesc.ufc.br", "processid": 51278, "history": "ExplorerRun.0", "testname": "logic_gates_q4_expr_1", "cornername": "Nominal", "point": 1, "logfile": "/home/cinovador/Documents/course_files/digital_logic/practice_2/logs_cinovador/logs0/Job10.log", "event": "start", "category": "simulation"}
[2024-11-04 11:46:51.600 -0300] [INFO] [cadence.virtuoso.ade.simulationMonitor] - Peak resident memory used = 188 Mbytes. {"history": "ExplorerRun.0", "point": 1, "testname": "logic_gates_q4_expr_1", "cornername": "Nominal"}
[2024-11-04 11:46:51.600 -0300] [INFO] [cadence.virtuoso.ade.simulationMonitor] - Peak resident memory used = 200 Mbytes. {"history": "ExplorerRun.0", "point": 1, "testname": "logic_gates_q4_expr_1", "cornername": "Nominal"}
[2024-11-04 11:46:51.600 -0300] [INFO] [cadence.virtuoso.ade.simulationMonitor] - Notice from spectre during hierarchy flattening.
    The value 'psf' specified for the 'checklimitdest' option will no longer be supported in future releases. Use 'spectre -h' to see other recommended values for the 'checklimitdest' option. {"history": "ExplorerRun.0", "point": 1, "testname": "logic_gates_q4_expr_1", "cornername": "Nominal"}
[2024-11-04 11:46:51.600 -0300] [INFO] [cadence.virtuoso.ade.simulationMonitor] - Peak resident memory used = 201 Mbytes. {"history": "ExplorerRun.0", "point": 1, "testname": "logic_gates_q4_expr_1", "cornername": "Nominal"}
[2024-11-04 11:46:51.600 -0300] [INFO] [cadence.virtuoso.ade.simulationMonitor] - Notice from spectre during initial setup.
    Multithreading is disabled due to the size of the design being too small. {"history": "ExplorerRun.0", "point": 1, "testname": "logic_gates_q4_expr_1", "cornername": "Nominal"}
[2024-11-04 11:46:51.600 -0300] [INFO] [cadence.virtuoso.ade.simulationMonitor] -               nodes 22 {"history": "ExplorerRun.0", "point": 1, "testname": "logic_gates_q4_expr_1", "cornername": "Nominal"}
[2024-11-04 11:46:51.600 -0300] [INFO] [cadence.virtuoso.ade.simulationMonitor] - Notice from spectre during initial setup.
    Protected devices exist and are not included in the circuit inventory.
    APS enabled. {"history": "ExplorerRun.0", "point": 1, "testname": "logic_gates_q4_expr_1", "cornername": "Nominal"}
[2024-11-04 11:46:51.600 -0300] [INFO] [cadence.virtuoso.ade.simulationMonitor] - Peak resident memory used = 203 Mbytes. {"history": "ExplorerRun.0", "point": 1, "testname": "logic_gates_q4_expr_1", "cornername": "Nominal"}
[2024-11-04 11:46:51.600 -0300] [INFO] [cadence.virtuoso.ade.simulationMonitor] -    -   (APS) Multi-threading. The recommended number of threads is 1, consider adding +mt=1 on command line. {"history": "ExplorerRun.0", "point": 1, "testname": "logic_gates_q4_expr_1", "cornername": "Nominal"}
[2024-11-04 11:46:51.600 -0300] [INFO] [cadence.virtuoso.ade.simulationMonitor] - Notice from spectre during IC analysis, during transient analysis `tran'.
    GminDC = 1 pS is large enough to noticeably affect the DC solution.
        dV(net1) = -12.0899 mV
        Use the `gmin_check' option to eliminate or expand this report. {"history": "ExplorerRun.0", "point": 1, "testname": "logic_gates_q4_expr_1", "cornername": "Nominal"}
[2024-11-04 11:46:51.600 -0300] [INFO] [cadence.virtuoso.ade.simulationMonitor] - Notice from spectre during transient analysis `tran'.
    Multithreading is disabled due to the size of the design being too small. {"history": "ExplorerRun.0", "point": 1, "testname": "logic_gates_q4_expr_1", "cornername": "Nominal"}
[2024-11-04 11:46:51.600 -0300] [INFO] [cadence.virtuoso.ade.simulationMonitor] - Notice from spectre at time = 2.26134 ps during transient analysis `tran'.
    Found trapezoidal ringing on node PM11.n1. {"history": "ExplorerRun.0", "point": 1, "testname": "logic_gates_q4_expr_1", "cornername": "Nominal"}
[2024-11-04 11:46:51.600 -0300] [INFO] [cadence.virtuoso.ade.simulationMonitor] - Notice from spectre at time = 2.37713 ps during transient analysis `tran'.
    Found trapezoidal ringing on node PM11.n1. {"history": "ExplorerRun.0", "point": 1, "testname": "logic_gates_q4_expr_1", "cornername": "Nominal"}
[2024-11-04 11:46:51.600 -0300] [INFO] [cadence.virtuoso.ade.simulationMonitor] - Notice from spectre at time = 2.42561 ps during transient analysis `tran'.
    Found trapezoidal ringing on node PM11.n1. {"history": "ExplorerRun.0", "point": 1, "testname": "logic_gates_q4_expr_1", "cornername": "Nominal"}
[2024-11-04 11:46:51.600 -0300] [INFO] [cadence.virtuoso.ade.simulationMonitor] - Notice from spectre at time = 2.52256 ps during transient analysis `tran'.
    Found trapezoidal ringing on node PM11.n1. {"history": "ExplorerRun.0", "point": 1, "testname": "logic_gates_q4_expr_1", "cornername": "Nominal"}
[2024-11-04 11:46:51.600 -0300] [INFO] [cadence.virtuoso.ade.simulationMonitor] - Notice from spectre at time = 2.71646 ps during transient analysis `tran'.
    Found trapezoidal ringing on node PM11.n1.
        Further occurrences of this notice will be suppressed. {"history": "ExplorerRun.0", "point": 1, "testname": "logic_gates_q4_expr_1", "cornername": "Nominal"}
[2024-11-04 11:46:52.601 -0300] [INFO] [cadence.virtuoso.ade.simulationMonitor] - Notice from spectre during transient analysis `tran'.
    Trapezoidal ringing is detected during tran analysis.
        Please use method=trap for better results and performance. {"history": "ExplorerRun.0", "point": 1, "testname": "logic_gates_q4_expr_1", "cornername": "Nominal"}
[2024-11-04 11:46:52.601 -0300] [INFO] [cadence.virtuoso.ade.simulationMonitor] - Intrinsic tran analysis time:    CPU = 875.924 ms, elapsed = 878.677 ms. {"history": "ExplorerRun.0", "point": 1, "testname": "logic_gates_q4_expr_1", "cornername": "Nominal"}
[2024-11-04 11:46:52.601 -0300] [INFO] [cadence.virtuoso.ade.simulationMonitor] - Total time required for tran analysis `tran': CPU = 880.248 ms, elapsed = 883.009 ms, util. = 99.7%. {"history": "ExplorerRun.0", "point": 1, "testname": "logic_gates_q4_expr_1", "cornername": "Nominal"}
[2024-11-04 11:46:52.601 -0300] [INFO] [cadence.virtuoso.ade.simulationMonitor] - Peak resident memory used = 221 Mbytes. {"history": "ExplorerRun.0", "point": 1, "testname": "logic_gates_q4_expr_1", "cornername": "Nominal"}
[2024-11-04 11:46:52.601 -0300] [INFO] [cadence.virtuoso.ade.simulationMonitor] - Notice from spectre.
    4322 notices suppressed. {"history": "ExplorerRun.0", "point": 1, "testname": "logic_gates_q4_expr_1", "cornername": "Nominal"}
[2024-11-04 11:46:52.601 -0300] [INFO] [cadence.virtuoso.ade.simulationMonitor] - Time used: CPU = 1.21 s, elapsed = 3.44 s, util. = 35.1%. {"history": "ExplorerRun.0", "point": 1, "testname": "logic_gates_q4_expr_1", "cornername": "Nominal"}
[2024-11-04 11:46:52.601 -0300] [INFO] [cadence.virtuoso.ade.simulationMonitor] - Time spent in licensing: elapsed = 1.37 s, percentage of total = 39.7%. {"history": "ExplorerRun.0", "point": 1, "testname": "logic_gates_q4_expr_1", "cornername": "Nominal"}
[2024-11-04 11:46:52.601 -0300] [INFO] [cadence.virtuoso.ade.simulationMonitor] - Peak memory used = 221 Mbytes. {"history": "ExplorerRun.0", "point": 1, "testname": "logic_gates_q4_expr_1", "cornername": "Nominal"}
[2024-11-04 11:46:52.601 -0300] [PROCESS] [cadence.virtuoso.ade.simulationMonitor] - Simulation started at: 11:46:48 AM, Mon Nov 4, 2024, ended at: 11:46:52 AM, Mon Nov 4, 2024, with elapsed time (wall clock): 3.44 s. {"history": "ExplorerRun.0", "point": 1, "testname": "logic_gates_q4_expr_1", "cornername": "Nominal"}
[2024-11-04 11:46:52.601 -0300] [PROCESS] [cadence.virtuoso.ade.simulationMonitor] - spectre completes with 0 errors, 0 warnings, and 14 notices. {"history": "ExplorerRun.0", "point": 1, "testname": "logic_gates_q4_expr_1", "cornername": "Nominal"}
[2024-11-04 11:46:52.601 -0300] [PROCESS] [cadence.virtuoso.ade.simulationMonitor] - Finished simulating for one point {"hostname": "cinova05.lesc.ufc.br", "processid": 51278, "history": "ExplorerRun.0", "testname": "logic_gates_q4_expr_1", "cornername": "Nominal", "point": 1, "logfile": "/home/cinovador/Documents/course_files/digital_logic/practice_2/logs_cinovador/logs0/Job10.log", "simid": "2", "event": "finish", "category": "simulation"}
[2024-11-04 11:46:52.601 -0300] [PROCESS] [cadence.virtuoso.ade.simulationMonitor] - Simulator exited {"hostname": "cinova05.lesc.ufc.br", "processid": 51278, "history": "ExplorerRun.0", "testname": "logic_gates_q4_expr_1", "cornername": "Nominal", "point": 1, "logfile": "/home/cinovador/Documents/course_files/digital_logic/practice_2/logs_cinovador/logs0/Job10.log", "exitStatus": "0"}
[2024-11-04 11:46:52.601 -0300] [PROCESS] [cadence.virtuoso.ade.simulationMonitor] - Finished Simulation {"hostname": "cinova05.lesc.ufc.br", "processid": 51278, "history": "ExplorerRun.0", "testname": "logic_gates_q4_expr_1", "cornername": "Nominal", "point": 1, "logfile": "/home/cinovador/Documents/course_files/digital_logic/practice_2/logs_cinovador/logs0/Job10.log", "simid": "2", "event": "finish", "category": "obsolete"}
[2024-11-04 11:46:53.101 -0300] [PROCESS] [cadence.virtuoso.ade.simulationMonitor] - Point Finished {"hostname": "cinova05.lesc.ufc.br", "processid": 51278, "history": "ExplorerRun.0", "testname": "logic_gates_q4_expr_1", "cornername": "Nominal", "point": 1, "logfile": "/home/cinovador/Documents/course_files/digital_logic/practice_2/logs_cinovador/logs0/Job10.log", "event": "finish", "category": "sim-eval"}
[2024-11-04 11:48:07.344 -0300] [INFO] [cadence.virtuoso.ade.simulationMonitor] - SimulationMonitor has terminated the vds process '52079', reason: 'Force to stop the expression evalutor process because of new run' {"history": "ExplorerRun.0", "point": 1, "testname": "logic_gates_q4_expr_1", "cornername": "Nominal"}
[2024-11-04 11:48:07.344 -0300] [PROCESS] [cadence.virtuoso.ade.simulationMonitor] - HostInfo:
Host name (type):	cinova05.lesc.ufc.br (x86_64)
Operating system:	Linux 4.18.0-553.22.1.el8_10.x86_64 #1 SMP Wed Sep 25 09:20:43 UTC 2024 {"hostname": "cinova05.lesc.ufc.br", "processid": 51278, "history": "ExplorerRun.0", "testname": "logic_gates_q4_expr_1", "cornername": "Nominal", "point": 1, "logfile": "/home/cinovador/Documents/course_files/digital_logic/practice_2/logs_cinovador/logs0/Job10.log", "nodename": "cinova05.lesc.ufc.br", "domainname": "(none)", "machine": "x86_64", "sysname": "Linux", "release": "4.18.0-553.22.1.el8_10.x86_64", "version": "#1 SMP Wed Sep 25 09:20:43 UTC 2024"}
[2024-11-04 11:48:07.344 -0300] [PROCESS] [cadence.virtuoso.ade.simulationMonitor] - UsageInfo:
pid=51278
totalPhysicalMemory=30.835918GB,Used=13.717709GB,totalVirtualMemory=46.441383GB,Used=13.717709GB
Cpu: Cores=20, Load average:0.520000,0.370000,0.370000 {"hostname": "cinova05.lesc.ufc.br", "processid": 51278, "history": "ExplorerRun.0", "testname": "logic_gates_q4_expr_1", "cornername": "Nominal", "point": 1, "logfile": "/home/cinovador/Documents/course_files/digital_logic/practice_2/logs_cinovador/logs0/Job10.log", "pid": "51278", "totalPhysicalMemory": "30.835918", "physicalMemoryUsed": "13.717709", "totalVirtualMemory": "46.441383", "virtualMemoryUsed": "13.717709", "cpuCores": "20", "processes": "1512", "loadAverage1": "0.520000", "loadAverage5": "0.370000", "loadAverage15": "0.370000", "loadAverage1Percent": "0.026000"}
[2024-11-04 11:48:07.344 -0300] [EVENT] [cadence.virtuoso.ade.simulationMonitor] - NewPoint {"history": "ExplorerRun.0", "point": 1, "testname": "logic_gates_q4_expr_1", "cornername": "Nominal", "event": "NewPoint", "EventSource": "Simulation Monitor", "HistoryName": "ExplorerRun.0", "logFile": "/home/cinovador/Documents/course_files/digital_logic/practice_2/logs_cinovador/logs0/Job10.log", "logFileSize": "31263", "category": "simulation"}
[2024-11-04 11:48:07.445 -0300] [EVENT] [cadence.virtuoso.ade.simulationMonitor] - NewPoint {"history": "ExplorerRun.0", "point": 1, "testname": "logic_gates_q4_expr_1", "cornername": "Nominal", "event": "NewPoint", "EventSource": "spectre", "HistoryName": "ExplorerRun.0", "logFile": "/home/cinovador/Documents/course_files/digital_logic/practice_2/logic_gates/q4_expr/maestro/logic_gates/q4_expr/maestro/results/maestro/ExplorerRun.0/1/logic_gates_q4_expr_1/psf/spectre.out", "logFileSize": "-1", "category": "simulation"}
[2024-11-04 11:48:17.343 -0300] [PROCESS] [cadence.virtuoso.ade.simulationMonitor] - Simulator launched {"hostname": "cinova05.lesc.ufc.br", "processid": 51278, "history": "ExplorerRun.0", "testname": "logic_gates_q4_expr_1", "cornername": "Nominal", "point": 1, "logfile": "/home/cinovador/Documents/course_files/digital_logic/practice_2/logs_cinovador/logs0/Job10.log", "simid": "3", "event": "launch", "category": "simulation"}
[2024-11-04 11:48:17.344 -0300] [PROCESS] [cadence.virtuoso.ade.simulationMonitor] - Expression evaluator launched {"hostname": "cinova05.lesc.ufc.br", "processid": 51278, "history": "ExplorerRun.0", "testname": "logic_gates_q4_expr_1", "cornername": "Nominal", "point": 1, "logfile": "/home/cinovador/Documents/course_files/digital_logic/practice_2/logs_cinovador/logs0/Job10.log"}
[2024-11-04 11:48:17.378 -0300] [PROCESS] [cadence.virtuoso.ade.simulationMonitor] - Started Simulation {"hostname": "cinova05.lesc.ufc.br", "processid": 51278, "history": "ExplorerRun.0", "testname": "logic_gates_q4_expr_1", "cornername": "Nominal", "point": 1, "logfile": "/home/cinovador/Documents/course_files/digital_logic/practice_2/logs_cinovador/logs0/Job10.log", "event": "start", "category": "simulation"}
[2024-11-04 11:48:20.379 -0300] [INFO] [cadence.virtuoso.ade.simulationMonitor] - Peak resident memory used = 184 Mbytes. {"history": "ExplorerRun.0", "point": 1, "testname": "logic_gates_q4_expr_1", "cornername": "Nominal"}
[2024-11-04 11:48:20.379 -0300] [INFO] [cadence.virtuoso.ade.simulationMonitor] - Peak resident memory used = 196 Mbytes. {"history": "ExplorerRun.0", "point": 1, "testname": "logic_gates_q4_expr_1", "cornername": "Nominal"}
[2024-11-04 11:48:20.379 -0300] [INFO] [cadence.virtuoso.ade.simulationMonitor] - Notice from spectre during hierarchy flattening.
    The value 'psf' specified for the 'checklimitdest' option will no longer be supported in future releases. Use 'spectre -h' to see other recommended values for the 'checklimitdest' option. {"history": "ExplorerRun.0", "point": 1, "testname": "logic_gates_q4_expr_1", "cornername": "Nominal"}
[2024-11-04 11:48:20.379 -0300] [INFO] [cadence.virtuoso.ade.simulationMonitor] - Peak resident memory used = 197 Mbytes. {"history": "ExplorerRun.0", "point": 1, "testname": "logic_gates_q4_expr_1", "cornername": "Nominal"}
[2024-11-04 11:48:20.379 -0300] [INFO] [cadence.virtuoso.ade.simulationMonitor] - Notice from spectre during initial setup.
    Multithreading is disabled due to the size of the design being too small. {"history": "ExplorerRun.0", "point": 1, "testname": "logic_gates_q4_expr_1", "cornername": "Nominal"}
[2024-11-04 11:48:20.379 -0300] [INFO] [cadence.virtuoso.ade.simulationMonitor] -               nodes 22 {"history": "ExplorerRun.0", "point": 1, "testname": "logic_gates_q4_expr_1", "cornername": "Nominal"}
[2024-11-04 11:48:20.379 -0300] [INFO] [cadence.virtuoso.ade.simulationMonitor] - Notice from spectre during initial setup.
    Protected devices exist and are not included in the circuit inventory.
    APS enabled. {"history": "ExplorerRun.0", "point": 1, "testname": "logic_gates_q4_expr_1", "cornername": "Nominal"}
[2024-11-04 11:48:20.379 -0300] [INFO] [cadence.virtuoso.ade.simulationMonitor] - Peak resident memory used = 200 Mbytes. {"history": "ExplorerRun.0", "point": 1, "testname": "logic_gates_q4_expr_1", "cornername": "Nominal"}
[2024-11-04 11:48:20.379 -0300] [INFO] [cadence.virtuoso.ade.simulationMonitor] -    -   (APS) Multi-threading. The recommended number of threads is 1, consider adding +mt=1 on command line. {"history": "ExplorerRun.0", "point": 1, "testname": "logic_gates_q4_expr_1", "cornername": "Nominal"}
[2024-11-04 11:48:20.379 -0300] [INFO] [cadence.virtuoso.ade.simulationMonitor] - Notice from spectre during IC analysis, during transient analysis `tran'.
    GminDC = 1 pS is large enough to noticeably affect the DC solution.
        dV(net1) = -12.0899 mV
        Use the `gmin_check' option to eliminate or expand this report. {"history": "ExplorerRun.0", "point": 1, "testname": "logic_gates_q4_expr_1", "cornername": "Nominal"}
[2024-11-04 11:48:20.379 -0300] [INFO] [cadence.virtuoso.ade.simulationMonitor] - Notice from spectre during transient analysis `tran'.
    Multithreading is disabled due to the size of the design being too small. {"history": "ExplorerRun.0", "point": 1, "testname": "logic_gates_q4_expr_1", "cornername": "Nominal"}
[2024-11-04 11:48:20.379 -0300] [INFO] [cadence.virtuoso.ade.simulationMonitor] - Notice from spectre at time = 2.26137 ps during transient analysis `tran'.
    Found trapezoidal ringing on node PM11.n1. {"history": "ExplorerRun.0", "point": 1, "testname": "logic_gates_q4_expr_1", "cornername": "Nominal"}
[2024-11-04 11:48:20.379 -0300] [INFO] [cadence.virtuoso.ade.simulationMonitor] - Notice from spectre at time = 2.3772 ps during transient analysis `tran'.
    Found trapezoidal ringing on node PM11.n1. {"history": "ExplorerRun.0", "point": 1, "testname": "logic_gates_q4_expr_1", "cornername": "Nominal"}
[2024-11-04 11:48:20.379 -0300] [INFO] [cadence.virtuoso.ade.simulationMonitor] - Notice from spectre at time = 2.4257 ps during transient analysis `tran'.
    Found trapezoidal ringing on node PM11.n1. {"history": "ExplorerRun.0", "point": 1, "testname": "logic_gates_q4_expr_1", "cornername": "Nominal"}
[2024-11-04 11:48:20.379 -0300] [INFO] [cadence.virtuoso.ade.simulationMonitor] - Notice from spectre at time = 2.5227 ps during transient analysis `tran'.
    Found trapezoidal ringing on node PM11.n1. {"history": "ExplorerRun.0", "point": 1, "testname": "logic_gates_q4_expr_1", "cornername": "Nominal"}
[2024-11-04 11:48:20.379 -0300] [INFO] [cadence.virtuoso.ade.simulationMonitor] - Notice from spectre at time = 2.71671 ps during transient analysis `tran'.
    Found trapezoidal ringing on node PM11.n1.
        Further occurrences of this notice will be suppressed. {"history": "ExplorerRun.0", "point": 1, "testname": "logic_gates_q4_expr_1", "cornername": "Nominal"}
[2024-11-04 11:48:21.380 -0300] [INFO] [cadence.virtuoso.ade.simulationMonitor] - Notice from spectre during transient analysis `tran'.
    Trapezoidal ringing is detected during tran analysis.
        Please use method=trap for better results and performance. {"history": "ExplorerRun.0", "point": 1, "testname": "logic_gates_q4_expr_1", "cornername": "Nominal"}
[2024-11-04 11:48:21.380 -0300] [INFO] [cadence.virtuoso.ade.simulationMonitor] - Intrinsic tran analysis time:    CPU = 819.109 ms, elapsed = 821.526 ms. {"history": "ExplorerRun.0", "point": 1, "testname": "logic_gates_q4_expr_1", "cornername": "Nominal"}
[2024-11-04 11:48:21.380 -0300] [INFO] [cadence.virtuoso.ade.simulationMonitor] - Total time required for tran analysis `tran': CPU = 823.165 ms, elapsed = 825.588 ms, util. = 99.7%. {"history": "ExplorerRun.0", "point": 1, "testname": "logic_gates_q4_expr_1", "cornername": "Nominal"}
[2024-11-04 11:48:21.380 -0300] [INFO] [cadence.virtuoso.ade.simulationMonitor] - Peak resident memory used = 217 Mbytes. {"history": "ExplorerRun.0", "point": 1, "testname": "logic_gates_q4_expr_1", "cornername": "Nominal"}
[2024-11-04 11:48:21.380 -0300] [INFO] [cadence.virtuoso.ade.simulationMonitor] - Notice from spectre.
    3969 notices suppressed. {"history": "ExplorerRun.0", "point": 1, "testname": "logic_gates_q4_expr_1", "cornername": "Nominal"}
[2024-11-04 11:48:21.380 -0300] [INFO] [cadence.virtuoso.ade.simulationMonitor] - Time used: CPU = 1.15 s, elapsed = 3.39 s, util. = 33.9%. {"history": "ExplorerRun.0", "point": 1, "testname": "logic_gates_q4_expr_1", "cornername": "Nominal"}
[2024-11-04 11:48:21.380 -0300] [INFO] [cadence.virtuoso.ade.simulationMonitor] - Time spent in licensing: elapsed = 1.37 s, percentage of total = 40.4%. {"history": "ExplorerRun.0", "point": 1, "testname": "logic_gates_q4_expr_1", "cornername": "Nominal"}
[2024-11-04 11:48:21.380 -0300] [INFO] [cadence.virtuoso.ade.simulationMonitor] - Peak memory used = 217 Mbytes. {"history": "ExplorerRun.0", "point": 1, "testname": "logic_gates_q4_expr_1", "cornername": "Nominal"}
[2024-11-04 11:48:21.380 -0300] [PROCESS] [cadence.virtuoso.ade.simulationMonitor] - Simulation started at: 11:48:17 AM, Mon Nov 4, 2024, ended at: 11:48:20 AM, Mon Nov 4, 2024, with elapsed time (wall clock): 3.39 s. {"history": "ExplorerRun.0", "point": 1, "testname": "logic_gates_q4_expr_1", "cornername": "Nominal"}
[2024-11-04 11:48:21.380 -0300] [PROCESS] [cadence.virtuoso.ade.simulationMonitor] - spectre completes with 0 errors, 0 warnings, and 14 notices. {"history": "ExplorerRun.0", "point": 1, "testname": "logic_gates_q4_expr_1", "cornername": "Nominal"}
[2024-11-04 11:48:21.380 -0300] [PROCESS] [cadence.virtuoso.ade.simulationMonitor] - Finished simulating for one point {"hostname": "cinova05.lesc.ufc.br", "processid": 51278, "history": "ExplorerRun.0", "testname": "logic_gates_q4_expr_1", "cornername": "Nominal", "point": 1, "logfile": "/home/cinovador/Documents/course_files/digital_logic/practice_2/logs_cinovador/logs0/Job10.log", "simid": "3", "event": "finish", "category": "simulation"}
[2024-11-04 11:48:21.380 -0300] [PROCESS] [cadence.virtuoso.ade.simulationMonitor] - Simulator exited {"hostname": "cinova05.lesc.ufc.br", "processid": 51278, "history": "ExplorerRun.0", "testname": "logic_gates_q4_expr_1", "cornername": "Nominal", "point": 1, "logfile": "/home/cinovador/Documents/course_files/digital_logic/practice_2/logs_cinovador/logs0/Job10.log", "exitStatus": "0"}
[2024-11-04 11:48:21.381 -0300] [PROCESS] [cadence.virtuoso.ade.simulationMonitor] - Finished Simulation {"hostname": "cinova05.lesc.ufc.br", "processid": 51278, "history": "ExplorerRun.0", "testname": "logic_gates_q4_expr_1", "cornername": "Nominal", "point": 1, "logfile": "/home/cinovador/Documents/course_files/digital_logic/practice_2/logs_cinovador/logs0/Job10.log", "simid": "3", "event": "finish", "category": "obsolete"}
[2024-11-04 11:48:21.881 -0300] [PROCESS] [cadence.virtuoso.ade.simulationMonitor] - Point Finished {"hostname": "cinova05.lesc.ufc.br", "processid": 51278, "history": "ExplorerRun.0", "testname": "logic_gates_q4_expr_1", "cornername": "Nominal", "point": 1, "logfile": "/home/cinovador/Documents/course_files/digital_logic/practice_2/logs_cinovador/logs0/Job10.log", "event": "finish", "category": "sim-eval"}
[2024-11-04 11:48:22.882 -0300] [PROCESS] [cadence.virtuoso.ade.simulationMonitor] - Stay with the runId '9', Linger time '300', currentRunSyn '19', currentTestSyn '20' {"hostname": "cinova05.lesc.ufc.br", "processid": 51278, "history": "ExplorerRun.0", "testname": "logic_gates_q4_expr_1", "cornername": "Nominal", "point": 1, "logfile": "/home/cinovador/Documents/course_files/digital_logic/practice_2/logs_cinovador/logs0/Job10.log"}
[2024-11-04 11:51:16.221 -0300] [INFO] [cadence.virtuoso.ade.simulationMonitor] - SimulationMonitor has terminated the vds process '52905', reason: 'Force to stop the expression evalutor process because of new run' {"history": "ExplorerRun.0", "point": 1, "testname": "logic_gates_q4_expr_1", "cornername": "Nominal"}
[2024-11-04 11:51:16.221 -0300] [PROCESS] [cadence.virtuoso.ade.simulationMonitor] - HostInfo:
Host name (type):	cinova05.lesc.ufc.br (x86_64)
Operating system:	Linux 4.18.0-553.22.1.el8_10.x86_64 #1 SMP Wed Sep 25 09:20:43 UTC 2024 {"hostname": "cinova05.lesc.ufc.br", "processid": 51278, "history": "ExplorerRun.0", "testname": "logic_gates_q4_expr_1", "cornername": "Nominal", "point": 1, "logfile": "/home/cinovador/Documents/course_files/digital_logic/practice_2/logs_cinovador/logs0/Job10.log", "nodename": "cinova05.lesc.ufc.br", "domainname": "(none)", "machine": "x86_64", "sysname": "Linux", "release": "4.18.0-553.22.1.el8_10.x86_64", "version": "#1 SMP Wed Sep 25 09:20:43 UTC 2024"}
[2024-11-04 11:51:16.221 -0300] [PROCESS] [cadence.virtuoso.ade.simulationMonitor] - UsageInfo:
pid=51278
totalPhysicalMemory=30.835918GB,Used=13.385181GB,totalVirtualMemory=46.441383GB,Used=13.385181GB
Cpu: Cores=20, Load average:0.310000,0.360000,0.360000 {"hostname": "cinova05.lesc.ufc.br", "processid": 51278, "history": "ExplorerRun.0", "testname": "logic_gates_q4_expr_1", "cornername": "Nominal", "point": 1, "logfile": "/home/cinovador/Documents/course_files/digital_logic/practice_2/logs_cinovador/logs0/Job10.log", "pid": "51278", "totalPhysicalMemory": "30.835918", "physicalMemoryUsed": "13.385181", "totalVirtualMemory": "46.441383", "virtualMemoryUsed": "13.385181", "cpuCores": "20", "processes": "1512", "loadAverage1": "0.310000", "loadAverage5": "0.360000", "loadAverage15": "0.360000", "loadAverage1Percent": "0.015500"}
[2024-11-04 11:51:16.222 -0300] [EVENT] [cadence.virtuoso.ade.simulationMonitor] - NewPoint {"history": "ExplorerRun.0", "point": 1, "testname": "logic_gates_q4_expr_1", "cornername": "Nominal", "event": "NewPoint", "EventSource": "Simulation Monitor", "HistoryName": "ExplorerRun.0", "logFile": "/home/cinovador/Documents/course_files/digital_logic/practice_2/logs_cinovador/logs0/Job10.log", "logFileSize": "44041", "category": "simulation"}
[2024-11-04 11:51:16.322 -0300] [EVENT] [cadence.virtuoso.ade.simulationMonitor] - NewPoint {"history": "ExplorerRun.0", "point": 1, "testname": "logic_gates_q4_expr_1", "cornername": "Nominal", "event": "NewPoint", "EventSource": "spectre", "HistoryName": "ExplorerRun.0", "logFile": "/home/cinovador/Documents/course_files/digital_logic/practice_2/logic_gates/q4_expr/maestro/logic_gates/q4_expr/maestro/results/maestro/ExplorerRun.0/1/logic_gates_q4_expr_1/psf/spectre.out", "logFileSize": "-1", "category": "simulation"}
[2024-11-04 11:51:26.297 -0300] [PROCESS] [cadence.virtuoso.ade.simulationMonitor] - Simulator launched {"hostname": "cinova05.lesc.ufc.br", "processid": 51278, "history": "ExplorerRun.0", "testname": "logic_gates_q4_expr_1", "cornername": "Nominal", "point": 1, "logfile": "/home/cinovador/Documents/course_files/digital_logic/practice_2/logs_cinovador/logs0/Job10.log", "simid": "4", "event": "launch", "category": "simulation"}
[2024-11-04 11:51:26.298 -0300] [PROCESS] [cadence.virtuoso.ade.simulationMonitor] - Expression evaluator launched {"hostname": "cinova05.lesc.ufc.br", "processid": 51278, "history": "ExplorerRun.0", "testname": "logic_gates_q4_expr_1", "cornername": "Nominal", "point": 1, "logfile": "/home/cinovador/Documents/course_files/digital_logic/practice_2/logs_cinovador/logs0/Job10.log"}
[2024-11-04 11:51:26.331 -0300] [PROCESS] [cadence.virtuoso.ade.simulationMonitor] - Started Simulation {"hostname": "cinova05.lesc.ufc.br", "processid": 51278, "history": "ExplorerRun.0", "testname": "logic_gates_q4_expr_1", "cornername": "Nominal", "point": 1, "logfile": "/home/cinovador/Documents/course_files/digital_logic/practice_2/logs_cinovador/logs0/Job10.log", "event": "start", "category": "simulation"}
[2024-11-04 11:51:29.331 -0300] [INFO] [cadence.virtuoso.ade.simulationMonitor] - Peak resident memory used = 188 Mbytes. {"history": "ExplorerRun.0", "point": 1, "testname": "logic_gates_q4_expr_1", "cornername": "Nominal"}
[2024-11-04 11:51:29.331 -0300] [INFO] [cadence.virtuoso.ade.simulationMonitor] - Peak resident memory used = 200 Mbytes. {"history": "ExplorerRun.0", "point": 1, "testname": "logic_gates_q4_expr_1", "cornername": "Nominal"}
[2024-11-04 11:51:29.331 -0300] [INFO] [cadence.virtuoso.ade.simulationMonitor] - Notice from spectre during hierarchy flattening.
    The value 'psf' specified for the 'checklimitdest' option will no longer be supported in future releases. Use 'spectre -h' to see other recommended values for the 'checklimitdest' option. {"history": "ExplorerRun.0", "point": 1, "testname": "logic_gates_q4_expr_1", "cornername": "Nominal"}
[2024-11-04 11:51:29.331 -0300] [INFO] [cadence.virtuoso.ade.simulationMonitor] - Peak resident memory used = 201 Mbytes. {"history": "ExplorerRun.0", "point": 1, "testname": "logic_gates_q4_expr_1", "cornername": "Nominal"}
[2024-11-04 11:51:29.331 -0300] [INFO] [cadence.virtuoso.ade.simulationMonitor] - Notice from spectre during initial setup.
    Multithreading is disabled due to the size of the design being too small. {"history": "ExplorerRun.0", "point": 1, "testname": "logic_gates_q4_expr_1", "cornername": "Nominal"}
[2024-11-04 11:51:29.331 -0300] [INFO] [cadence.virtuoso.ade.simulationMonitor] -               nodes 22 {"history": "ExplorerRun.0", "point": 1, "testname": "logic_gates_q4_expr_1", "cornername": "Nominal"}
[2024-11-04 11:51:29.332 -0300] [INFO] [cadence.virtuoso.ade.simulationMonitor] - Notice from spectre during initial setup.
    Protected devices exist and are not included in the circuit inventory.
    APS enabled. {"history": "ExplorerRun.0", "point": 1, "testname": "logic_gates_q4_expr_1", "cornername": "Nominal"}
[2024-11-04 11:51:29.332 -0300] [INFO] [cadence.virtuoso.ade.simulationMonitor] - Peak resident memory used = 204 Mbytes. {"history": "ExplorerRun.0", "point": 1, "testname": "logic_gates_q4_expr_1", "cornername": "Nominal"}
[2024-11-04 11:51:29.332 -0300] [INFO] [cadence.virtuoso.ade.simulationMonitor] -    -   (APS) Multi-threading. The recommended number of threads is 1, consider adding +mt=1 on command line. {"history": "ExplorerRun.0", "point": 1, "testname": "logic_gates_q4_expr_1", "cornername": "Nominal"}
[2024-11-04 11:51:29.332 -0300] [INFO] [cadence.virtuoso.ade.simulationMonitor] - Notice from spectre during IC analysis, during transient analysis `tran'.
    GminDC = 1 pS is large enough to noticeably affect the DC solution.
        dV(net1) = -12.0899 mV
        Use the `gmin_check' option to eliminate or expand this report. {"history": "ExplorerRun.0", "point": 1, "testname": "logic_gates_q4_expr_1", "cornername": "Nominal"}
[2024-11-04 11:51:29.332 -0300] [INFO] [cadence.virtuoso.ade.simulationMonitor] - Notice from spectre during transient analysis `tran'.
    Multithreading is disabled due to the size of the design being too small. {"history": "ExplorerRun.0", "point": 1, "testname": "logic_gates_q4_expr_1", "cornername": "Nominal"}
[2024-11-04 11:51:29.332 -0300] [INFO] [cadence.virtuoso.ade.simulationMonitor] - Notice from spectre at time = 2.26134 ps during transient analysis `tran'.
    Found trapezoidal ringing on node PM11.n1. {"history": "ExplorerRun.0", "point": 1, "testname": "logic_gates_q4_expr_1", "cornername": "Nominal"}
[2024-11-04 11:51:29.332 -0300] [INFO] [cadence.virtuoso.ade.simulationMonitor] - Notice from spectre at time = 2.37713 ps during transient analysis `tran'.
    Found trapezoidal ringing on node PM11.n1. {"history": "ExplorerRun.0", "point": 1, "testname": "logic_gates_q4_expr_1", "cornername": "Nominal"}
[2024-11-04 11:51:29.332 -0300] [INFO] [cadence.virtuoso.ade.simulationMonitor] - Notice from spectre at time = 2.42561 ps during transient analysis `tran'.
    Found trapezoidal ringing on node PM11.n1. {"history": "ExplorerRun.0", "point": 1, "testname": "logic_gates_q4_expr_1", "cornername": "Nominal"}
[2024-11-04 11:51:29.332 -0300] [INFO] [cadence.virtuoso.ade.simulationMonitor] - Notice from spectre at time = 2.52256 ps during transient analysis `tran'.
    Found trapezoidal ringing on node PM11.n1. {"history": "ExplorerRun.0", "point": 1, "testname": "logic_gates_q4_expr_1", "cornername": "Nominal"}
[2024-11-04 11:51:29.332 -0300] [INFO] [cadence.virtuoso.ade.simulationMonitor] - Notice from spectre at time = 2.71646 ps during transient analysis `tran'.
    Found trapezoidal ringing on node PM11.n1.
        Further occurrences of this notice will be suppressed. {"history": "ExplorerRun.0", "point": 1, "testname": "logic_gates_q4_expr_1", "cornername": "Nominal"}
[2024-11-04 11:51:30.332 -0300] [INFO] [cadence.virtuoso.ade.simulationMonitor] - Notice from spectre during transient analysis `tran'.
    Trapezoidal ringing is detected during tran analysis.
        Please use method=trap for better results and performance. {"history": "ExplorerRun.0", "point": 1, "testname": "logic_gates_q4_expr_1", "cornername": "Nominal"}
[2024-11-04 11:51:30.332 -0300] [INFO] [cadence.virtuoso.ade.simulationMonitor] - Intrinsic tran analysis time:    CPU = 869.143 ms, elapsed = 871.765 ms. {"history": "ExplorerRun.0", "point": 1, "testname": "logic_gates_q4_expr_1", "cornername": "Nominal"}
[2024-11-04 11:51:30.332 -0300] [INFO] [cadence.virtuoso.ade.simulationMonitor] - Total time required for tran analysis `tran': CPU = 873.241 ms, elapsed = 875.873 ms, util. = 99.7%. {"history": "ExplorerRun.0", "point": 1, "testname": "logic_gates_q4_expr_1", "cornername": "Nominal"}
[2024-11-04 11:51:30.332 -0300] [INFO] [cadence.virtuoso.ade.simulationMonitor] - Peak resident memory used = 221 Mbytes. {"history": "ExplorerRun.0", "point": 1, "testname": "logic_gates_q4_expr_1", "cornername": "Nominal"}
[2024-11-04 11:51:30.332 -0300] [INFO] [cadence.virtuoso.ade.simulationMonitor] - Notice from spectre.
    4322 notices suppressed. {"history": "ExplorerRun.0", "point": 1, "testname": "logic_gates_q4_expr_1", "cornername": "Nominal"}
[2024-11-04 11:51:30.332 -0300] [INFO] [cadence.virtuoso.ade.simulationMonitor] - Time used: CPU = 1.2 s, elapsed = 3.63 s, util. = 33%. {"history": "ExplorerRun.0", "point": 1, "testname": "logic_gates_q4_expr_1", "cornername": "Nominal"}
[2024-11-04 11:51:30.332 -0300] [INFO] [cadence.virtuoso.ade.simulationMonitor] - Time spent in licensing: elapsed = 1.49 s, percentage of total = 40.9%. {"history": "ExplorerRun.0", "point": 1, "testname": "logic_gates_q4_expr_1", "cornername": "Nominal"}
[2024-11-04 11:51:30.332 -0300] [INFO] [cadence.virtuoso.ade.simulationMonitor] - Peak memory used = 221 Mbytes. {"history": "ExplorerRun.0", "point": 1, "testname": "logic_gates_q4_expr_1", "cornername": "Nominal"}
[2024-11-04 11:51:30.332 -0300] [PROCESS] [cadence.virtuoso.ade.simulationMonitor] - Simulation started at: 11:51:26 AM, Mon Nov 4, 2024, ended at: 11:51:30 AM, Mon Nov 4, 2024, with elapsed time (wall clock): 3.63 s. {"history": "ExplorerRun.0", "point": 1, "testname": "logic_gates_q4_expr_1", "cornername": "Nominal"}
[2024-11-04 11:51:30.332 -0300] [PROCESS] [cadence.virtuoso.ade.simulationMonitor] - spectre completes with 0 errors, 0 warnings, and 14 notices. {"history": "ExplorerRun.0", "point": 1, "testname": "logic_gates_q4_expr_1", "cornername": "Nominal"}
[2024-11-04 11:51:30.332 -0300] [PROCESS] [cadence.virtuoso.ade.simulationMonitor] - Finished simulating for one point {"hostname": "cinova05.lesc.ufc.br", "processid": 51278, "history": "ExplorerRun.0", "testname": "logic_gates_q4_expr_1", "cornername": "Nominal", "point": 1, "logfile": "/home/cinovador/Documents/course_files/digital_logic/practice_2/logs_cinovador/logs0/Job10.log", "simid": "4", "event": "finish", "category": "simulation"}
[2024-11-04 11:51:30.332 -0300] [PROCESS] [cadence.virtuoso.ade.simulationMonitor] - Simulator exited {"hostname": "cinova05.lesc.ufc.br", "processid": 51278, "history": "ExplorerRun.0", "testname": "logic_gates_q4_expr_1", "cornername": "Nominal", "point": 1, "logfile": "/home/cinovador/Documents/course_files/digital_logic/practice_2/logs_cinovador/logs0/Job10.log", "exitStatus": "0"}
[2024-11-04 11:51:30.332 -0300] [PROCESS] [cadence.virtuoso.ade.simulationMonitor] - Finished Simulation {"hostname": "cinova05.lesc.ufc.br", "processid": 51278, "history": "ExplorerRun.0", "testname": "logic_gates_q4_expr_1", "cornername": "Nominal", "point": 1, "logfile": "/home/cinovador/Documents/course_files/digital_logic/practice_2/logs_cinovador/logs0/Job10.log", "simid": "4", "event": "finish", "category": "obsolete"}
[2024-11-04 11:51:30.833 -0300] [PROCESS] [cadence.virtuoso.ade.simulationMonitor] - Point Finished {"hostname": "cinova05.lesc.ufc.br", "processid": 51278, "history": "ExplorerRun.0", "testname": "logic_gates_q4_expr_1", "cornername": "Nominal", "point": 1, "logfile": "/home/cinovador/Documents/course_files/digital_logic/practice_2/logs_cinovador/logs0/Job10.log", "event": "finish", "category": "sim-eval"}
[2024-11-04 11:51:31.834 -0300] [PROCESS] [cadence.virtuoso.ade.simulationMonitor] - Stay with the runId '10', Linger time '300', currentRunSyn '21', currentTestSyn '22' {"hostname": "cinova05.lesc.ufc.br", "processid": 51278, "history": "ExplorerRun.0", "testname": "logic_gates_q4_expr_1", "cornername": "Nominal", "point": 1, "logfile": "/home/cinovador/Documents/course_files/digital_logic/practice_2/logs_cinovador/logs0/Job10.log"}
[2024-11-04 11:54:14.713 -0300] [INFO] [cadence.virtuoso.ade.simulationMonitor] - SimulationMonitor has terminated the vds process '53971', reason: 'Force to stop the expression evalutor process because of new run' {"history": "ExplorerRun.0", "point": 1, "testname": "logic_gates_q4_expr_1", "cornername": "Nominal"}
[2024-11-04 11:54:14.713 -0300] [PROCESS] [cadence.virtuoso.ade.simulationMonitor] - HostInfo:
Host name (type):	cinova05.lesc.ufc.br (x86_64)
Operating system:	Linux 4.18.0-553.22.1.el8_10.x86_64 #1 SMP Wed Sep 25 09:20:43 UTC 2024 {"hostname": "cinova05.lesc.ufc.br", "processid": 51278, "history": "ExplorerRun.0", "testname": "logic_gates_q4_expr_1", "cornername": "Nominal", "point": 1, "logfile": "/home/cinovador/Documents/course_files/digital_logic/practice_2/logs_cinovador/logs0/Job10.log", "nodename": "cinova05.lesc.ufc.br", "domainname": "(none)", "machine": "x86_64", "sysname": "Linux", "release": "4.18.0-553.22.1.el8_10.x86_64", "version": "#1 SMP Wed Sep 25 09:20:43 UTC 2024"}
[2024-11-04 11:54:14.713 -0300] [PROCESS] [cadence.virtuoso.ade.simulationMonitor] - UsageInfo:
pid=51278
totalPhysicalMemory=30.835918GB,Used=13.378109GB,totalVirtualMemory=46.441383GB,Used=13.378109GB
Cpu: Cores=20, Load average:0.410000,0.350000,0.360000 {"hostname": "cinova05.lesc.ufc.br", "processid": 51278, "history": "ExplorerRun.0", "testname": "logic_gates_q4_expr_1", "cornername": "Nominal", "point": 1, "logfile": "/home/cinovador/Documents/course_files/digital_logic/practice_2/logs_cinovador/logs0/Job10.log", "pid": "51278", "totalPhysicalMemory": "30.835918", "physicalMemoryUsed": "13.378109", "totalVirtualMemory": "46.441383", "virtualMemoryUsed": "13.378109", "cpuCores": "20", "processes": "1506", "loadAverage1": "0.410000", "loadAverage5": "0.350000", "loadAverage15": "0.360000", "loadAverage1Percent": "0.020500"}
[2024-11-04 11:54:14.713 -0300] [EVENT] [cadence.virtuoso.ade.simulationMonitor] - NewPoint {"history": "ExplorerRun.0", "point": 1, "testname": "logic_gates_q4_expr_1", "cornername": "Nominal", "event": "NewPoint", "EventSource": "Simulation Monitor", "HistoryName": "ExplorerRun.0", "logFile": "/home/cinovador/Documents/course_files/digital_logic/practice_2/logs_cinovador/logs0/Job10.log", "logFileSize": "58502", "category": "simulation"}
[2024-11-04 11:54:14.814 -0300] [EVENT] [cadence.virtuoso.ade.simulationMonitor] - NewPoint {"history": "ExplorerRun.0", "point": 1, "testname": "logic_gates_q4_expr_1", "cornername": "Nominal", "event": "NewPoint", "EventSource": "spectre", "HistoryName": "ExplorerRun.0", "logFile": "/home/cinovador/Documents/course_files/digital_logic/practice_2/logic_gates/q4_expr/maestro/logic_gates/q4_expr/maestro/results/maestro/ExplorerRun.0/1/logic_gates_q4_expr_1/psf/spectre.out", "logFileSize": "-1", "category": "simulation"}
[2024-11-04 11:54:24.790 -0300] [PROCESS] [cadence.virtuoso.ade.simulationMonitor] - Simulator launched {"hostname": "cinova05.lesc.ufc.br", "processid": 51278, "history": "ExplorerRun.0", "testname": "logic_gates_q4_expr_1", "cornername": "Nominal", "point": 1, "logfile": "/home/cinovador/Documents/course_files/digital_logic/practice_2/logs_cinovador/logs0/Job10.log", "simid": "5", "event": "launch", "category": "simulation"}
[2024-11-04 11:54:24.791 -0300] [PROCESS] [cadence.virtuoso.ade.simulationMonitor] - Expression evaluator launched {"hostname": "cinova05.lesc.ufc.br", "processid": 51278, "history": "ExplorerRun.0", "testname": "logic_gates_q4_expr_1", "cornername": "Nominal", "point": 1, "logfile": "/home/cinovador/Documents/course_files/digital_logic/practice_2/logs_cinovador/logs0/Job10.log"}
[2024-11-04 11:54:24.824 -0300] [PROCESS] [cadence.virtuoso.ade.simulationMonitor] - Started Simulation {"hostname": "cinova05.lesc.ufc.br", "processid": 51278, "history": "ExplorerRun.0", "testname": "logic_gates_q4_expr_1", "cornername": "Nominal", "point": 1, "logfile": "/home/cinovador/Documents/course_files/digital_logic/practice_2/logs_cinovador/logs0/Job10.log", "event": "start", "category": "simulation"}
[2024-11-04 11:54:27.825 -0300] [INFO] [cadence.virtuoso.ade.simulationMonitor] - Peak resident memory used = 187 Mbytes. {"history": "ExplorerRun.0", "point": 1, "testname": "logic_gates_q4_expr_1", "cornername": "Nominal"}
[2024-11-04 11:54:27.825 -0300] [INFO] [cadence.virtuoso.ade.simulationMonitor] - Peak resident memory used = 200 Mbytes. {"history": "ExplorerRun.0", "point": 1, "testname": "logic_gates_q4_expr_1", "cornername": "Nominal"}
[2024-11-04 11:54:27.825 -0300] [INFO] [cadence.virtuoso.ade.simulationMonitor] - Notice from spectre during hierarchy flattening.
    The value 'psf' specified for the 'checklimitdest' option will no longer be supported in future releases. Use 'spectre -h' to see other recommended values for the 'checklimitdest' option. {"history": "ExplorerRun.0", "point": 1, "testname": "logic_gates_q4_expr_1", "cornername": "Nominal"}
[2024-11-04 11:54:27.825 -0300] [INFO] [cadence.virtuoso.ade.simulationMonitor] - Peak resident memory used = 200 Mbytes. {"history": "ExplorerRun.0", "point": 1, "testname": "logic_gates_q4_expr_1", "cornername": "Nominal"}
[2024-11-04 11:54:27.825 -0300] [INFO] [cadence.virtuoso.ade.simulationMonitor] - Notice from spectre during initial setup.
    Multithreading is disabled due to the size of the design being too small. {"history": "ExplorerRun.0", "point": 1, "testname": "logic_gates_q4_expr_1", "cornername": "Nominal"}
[2024-11-04 11:54:27.825 -0300] [INFO] [cadence.virtuoso.ade.simulationMonitor] -               nodes 22 {"history": "ExplorerRun.0", "point": 1, "testname": "logic_gates_q4_expr_1", "cornername": "Nominal"}
[2024-11-04 11:54:27.825 -0300] [INFO] [cadence.virtuoso.ade.simulationMonitor] - Notice from spectre during initial setup.
    Protected devices exist and are not included in the circuit inventory.
    APS enabled. {"history": "ExplorerRun.0", "point": 1, "testname": "logic_gates_q4_expr_1", "cornername": "Nominal"}
[2024-11-04 11:54:27.825 -0300] [INFO] [cadence.virtuoso.ade.simulationMonitor] - Peak resident memory used = 203 Mbytes. {"history": "ExplorerRun.0", "point": 1, "testname": "logic_gates_q4_expr_1", "cornername": "Nominal"}
[2024-11-04 11:54:27.825 -0300] [INFO] [cadence.virtuoso.ade.simulationMonitor] -    -   (APS) Multi-threading. The recommended number of threads is 1, consider adding +mt=1 on command line. {"history": "ExplorerRun.0", "point": 1, "testname": "logic_gates_q4_expr_1", "cornername": "Nominal"}
[2024-11-04 11:54:27.825 -0300] [INFO] [cadence.virtuoso.ade.simulationMonitor] - Notice from spectre during IC analysis, during transient analysis `tran'.
    GminDC = 1 pS is large enough to noticeably affect the DC solution.
        dV(net1) = -12.0899 mV
        Use the `gmin_check' option to eliminate or expand this report. {"history": "ExplorerRun.0", "point": 1, "testname": "logic_gates_q4_expr_1", "cornername": "Nominal"}
[2024-11-04 11:54:27.825 -0300] [INFO] [cadence.virtuoso.ade.simulationMonitor] - Notice from spectre during transient analysis `tran'.
    Multithreading is disabled due to the size of the design being too small. {"history": "ExplorerRun.0", "point": 1, "testname": "logic_gates_q4_expr_1", "cornername": "Nominal"}
[2024-11-04 11:54:27.825 -0300] [INFO] [cadence.virtuoso.ade.simulationMonitor] - Notice from spectre at time = 2.26136 ps during transient analysis `tran'.
    Found trapezoidal ringing on node PM11.n1. {"history": "ExplorerRun.0", "point": 1, "testname": "logic_gates_q4_expr_1", "cornername": "Nominal"}
[2024-11-04 11:54:27.825 -0300] [INFO] [cadence.virtuoso.ade.simulationMonitor] - Notice from spectre at time = 2.37718 ps during transient analysis `tran'.
    Found trapezoidal ringing on node PM11.n1. {"history": "ExplorerRun.0", "point": 1, "testname": "logic_gates_q4_expr_1", "cornername": "Nominal"}
[2024-11-04 11:54:27.825 -0300] [INFO] [cadence.virtuoso.ade.simulationMonitor] - Notice from spectre at time = 2.42568 ps during transient analysis `tran'.
    Found trapezoidal ringing on node PM11.n1. {"history": "ExplorerRun.0", "point": 1, "testname": "logic_gates_q4_expr_1", "cornername": "Nominal"}
[2024-11-04 11:54:27.825 -0300] [INFO] [cadence.virtuoso.ade.simulationMonitor] - Notice from spectre at time = 2.52267 ps during transient analysis `tran'.
    Found trapezoidal ringing on node PM11.n1. {"history": "ExplorerRun.0", "point": 1, "testname": "logic_gates_q4_expr_1", "cornername": "Nominal"}
[2024-11-04 11:54:27.825 -0300] [INFO] [cadence.virtuoso.ade.simulationMonitor] - Notice from spectre at time = 2.71664 ps during transient analysis `tran'.
    Found trapezoidal ringing on node PM11.n1.
        Further occurrences of this notice will be suppressed. {"history": "ExplorerRun.0", "point": 1, "testname": "logic_gates_q4_expr_1", "cornername": "Nominal"}
[2024-11-04 11:54:28.826 -0300] [INFO] [cadence.virtuoso.ade.simulationMonitor] - Notice from spectre during transient analysis `tran'.
    Trapezoidal ringing is detected during tran analysis.
        Please use method=trap for better results and performance. {"history": "ExplorerRun.0", "point": 1, "testname": "logic_gates_q4_expr_1", "cornername": "Nominal"}
[2024-11-04 11:54:28.826 -0300] [INFO] [cadence.virtuoso.ade.simulationMonitor] - Intrinsic tran analysis time:    CPU = 828.829 ms, elapsed = 831.209 ms. {"history": "ExplorerRun.0", "point": 1, "testname": "logic_gates_q4_expr_1", "cornername": "Nominal"}
[2024-11-04 11:54:28.826 -0300] [INFO] [cadence.virtuoso.ade.simulationMonitor] - Total time required for tran analysis `tran': CPU = 833.107 ms, elapsed = 835.496 ms, util. = 99.7%. {"history": "ExplorerRun.0", "point": 1, "testname": "logic_gates_q4_expr_1", "cornername": "Nominal"}
[2024-11-04 11:54:28.826 -0300] [INFO] [cadence.virtuoso.ade.simulationMonitor] - Peak resident memory used = 220 Mbytes. {"history": "ExplorerRun.0", "point": 1, "testname": "logic_gates_q4_expr_1", "cornername": "Nominal"}
[2024-11-04 11:54:28.826 -0300] [INFO] [cadence.virtuoso.ade.simulationMonitor] - Notice from spectre.
    4722 notices suppressed. {"history": "ExplorerRun.0", "point": 1, "testname": "logic_gates_q4_expr_1", "cornername": "Nominal"}
[2024-11-04 11:54:28.826 -0300] [INFO] [cadence.virtuoso.ade.simulationMonitor] - Time used: CPU = 1.16 s, elapsed = 3.61 s, util. = 32.3%. {"history": "ExplorerRun.0", "point": 1, "testname": "logic_gates_q4_expr_1", "cornername": "Nominal"}
[2024-11-04 11:54:28.826 -0300] [INFO] [cadence.virtuoso.ade.simulationMonitor] - Time spent in licensing: elapsed = 1.49 s, percentage of total = 41.3%. {"history": "ExplorerRun.0", "point": 1, "testname": "logic_gates_q4_expr_1", "cornername": "Nominal"}
[2024-11-04 11:54:28.826 -0300] [INFO] [cadence.virtuoso.ade.simulationMonitor] - Peak memory used = 221 Mbytes. {"history": "ExplorerRun.0", "point": 1, "testname": "logic_gates_q4_expr_1", "cornername": "Nominal"}
[2024-11-04 11:54:28.826 -0300] [PROCESS] [cadence.virtuoso.ade.simulationMonitor] - Simulation started at: 11:54:24 AM, Mon Nov 4, 2024, ended at: 11:54:28 AM, Mon Nov 4, 2024, with elapsed time (wall clock): 3.61 s. {"history": "ExplorerRun.0", "point": 1, "testname": "logic_gates_q4_expr_1", "cornername": "Nominal"}
[2024-11-04 11:54:28.826 -0300] [PROCESS] [cadence.virtuoso.ade.simulationMonitor] - spectre completes with 0 errors, 0 warnings, and 14 notices. {"history": "ExplorerRun.0", "point": 1, "testname": "logic_gates_q4_expr_1", "cornername": "Nominal"}
[2024-11-04 11:54:28.826 -0300] [PROCESS] [cadence.virtuoso.ade.simulationMonitor] - Finished simulating for one point {"hostname": "cinova05.lesc.ufc.br", "processid": 51278, "history": "ExplorerRun.0", "testname": "logic_gates_q4_expr_1", "cornername": "Nominal", "point": 1, "logfile": "/home/cinovador/Documents/course_files/digital_logic/practice_2/logs_cinovador/logs0/Job10.log", "simid": "5", "event": "finish", "category": "simulation"}
[2024-11-04 11:54:28.826 -0300] [PROCESS] [cadence.virtuoso.ade.simulationMonitor] - Simulator exited {"hostname": "cinova05.lesc.ufc.br", "processid": 51278, "history": "ExplorerRun.0", "testname": "logic_gates_q4_expr_1", "cornername": "Nominal", "point": 1, "logfile": "/home/cinovador/Documents/course_files/digital_logic/practice_2/logs_cinovador/logs0/Job10.log", "exitStatus": "0"}
[2024-11-04 11:54:28.826 -0300] [PROCESS] [cadence.virtuoso.ade.simulationMonitor] - Finished Simulation {"hostname": "cinova05.lesc.ufc.br", "processid": 51278, "history": "ExplorerRun.0", "testname": "logic_gates_q4_expr_1", "cornername": "Nominal", "point": 1, "logfile": "/home/cinovador/Documents/course_files/digital_logic/practice_2/logs_cinovador/logs0/Job10.log", "simid": "5", "event": "finish", "category": "obsolete"}
[2024-11-04 11:54:29.327 -0300] [PROCESS] [cadence.virtuoso.ade.simulationMonitor] - Point Finished {"hostname": "cinova05.lesc.ufc.br", "processid": 51278, "history": "ExplorerRun.0", "testname": "logic_gates_q4_expr_1", "cornername": "Nominal", "point": 1, "logfile": "/home/cinovador/Documents/course_files/digital_logic/practice_2/logs_cinovador/logs0/Job10.log", "event": "finish", "category": "sim-eval"}
[2024-11-04 11:59:30.234 -0300] [PROCESS] [cadence.virtuoso.ade.simulationMonitor] - Current memory used: 84.0742 MBytes, peak memory used: 84.0742 MBytes {"hostname": "cinova05.lesc.ufc.br", "processid": 51278, "history": "ExplorerRun.0", "testname": "logic_gates_q4_expr_1", "cornername": "Nominal", "point": 1, "logfile": "/home/cinovador/Documents/course_files/digital_logic/practice_2/logs_cinovador/logs0/Job10.log"}
[2024-11-04 11:59:30.234 -0300] [PROCESS] [cadence.virtuoso.ade.simulationMonitor] - Simulation Monitor process exits. {"hostname": "cinova05.lesc.ufc.br", "processid": 51278, "history": "ExplorerRun.0", "testname": "logic_gates_q4_expr_1", "cornername": "Nominal", "point": 1, "logfile": "/home/cinovador/Documents/course_files/digital_logic/practice_2/logs_cinovador/logs0/Job10.log"}
