[Simulation Monitor: 7]
[2024-11-05 16:34:03.777 -0300] [PROCESS] [cadence.virtuoso.ade.simulationMonitor] - Started the simulation monitor process {"hostname": "cinova05.lesc.ufc.br", "processid": 80301, "logfile": "/home/cinovador/Documents/course_files/digital_logic/practice_2/logs_cinovador/logs0/Job7.log", "simulation monitor command line": "/home/tools/cadence/installs/IC231/tools.lnx86/dfII/bin/64bit/spectreMonitor --davinciService DaVinciService_14928_1730827588 --axlsession fnxSession0 -lscs 000175E1894CBE06FF0966E38F1FFC06BC4D7EED88199869CA2C7EEDDC43CC33CA2C39A0A173FC06867D66E38F1FFC06BC4D66E38F1FFC06BC4D01C9FC348F2DDB6700001E91 -beanhost cinova05.lesc.ufc.br -beanport 11834 -beanLogFile /home/cinovador/Documents/course_files/digital_logic/practice_2/logs_cinovador/logs0/amps_Job7.log -beanbinlog  --domain 0 --interactive yes --netlistOpt no --useMultiPointEvaluation yes --exprEvalShowJobStderr yes --evalSimParallel no --maxSims 0 --historyName ExplorerRun.0 --historyUUID  --exprEvaluator vds --mcMapping mc1.mapping --checkLogStatusInterval 0 --checkSimulatorLogTimeout 1200 --exprEvalMaxTries 3 --maxNFSSyncWait 60 -adeBrokerAddress cinova05.lesc.ufc.br:40141 --fromADE true --virtuosoBinary virtuoso --guiDisplay cinova05.lesc.ufc.br:0 --globalStatus 60 --evaluateMultiMC yes --evalOnSimFail SkipFailedAnalyses --numRetriesOnError 1 --fenixMode explorer --lingertimeout 300 -ahdlLockTimeout 60 --sdbLib logic_gates --sdbCell lab3_nor --sdbView maestro --heartBeatFileDir /dev/shm --id 7 --uuid 32884298-8443-4814-b1fa-2dd730a2b0a8 --log /home/cinovador/Documents/course_files/digital_logic/practice_2/logs_cinovador/logs0/Job7.log "}
[2024-11-05 16:34:03.777 -0300] [PROCESS] [cadence.virtuoso.ade.simulationMonitor] - Started the simulation monitor process {"hostname": "cinova05.lesc.ufc.br", "processid": 80301, "logfile": "/home/cinovador/Documents/course_files/digital_logic/practice_2/logs_cinovador/logs0/Job7.log", "current directory": "/home/cinovador/Documents/course_files/digital_logic/practice_2"}
[2024-11-05 16:34:03.777 -0300] [PROCESS] [cadence.virtuoso.ade.simulationMonitor] - Simulation Monitor has successfully started up. Trying to set up communication channels to other components ... {"hostname": "cinova05.lesc.ufc.br", "processid": 80301, "logfile": "/home/cinovador/Documents/course_files/digital_logic/practice_2/logs_cinovador/logs0/Job7.log"}
[2024-11-05 16:34:03.906 -0300] [PROCESS] [cadence.virtuoso.ade.simulationMonitor] - Communication channels have been successfully set up. Start processing events ... {"hostname": "cinova05.lesc.ufc.br", "processid": 80301, "logfile": "/home/cinovador/Documents/course_files/digital_logic/practice_2/logs_cinovador/logs0/Job7.log"}
[2024-11-05 16:34:03.906 -0300] [PROCESS] [cadence.virtuoso.ade.simulationMonitor] - Considering to start history {"hostname": "cinova05.lesc.ufc.br", "processid": 80301, "history": "ExplorerRun.0", "logfile": "/home/cinovador/Documents/course_files/digital_logic/practice_2/logs_cinovador/logs0/Job7.log"}
[2024-11-05 16:34:03.908 -0300] [PROCESS] [cadence.virtuoso.ade.simulationMonitor] - HostInfo:
Host name (type):	cinova05.lesc.ufc.br (x86_64)
Operating system:	Linux 4.18.0-553.22.1.el8_10.x86_64 #1 SMP Wed Sep 25 09:20:43 UTC 2024 {"hostname": "cinova05.lesc.ufc.br", "processid": 80301, "history": "ExplorerRun.0", "logfile": "/home/cinovador/Documents/course_files/digital_logic/practice_2/logs_cinovador/logs0/Job7.log", "nodename": "cinova05.lesc.ufc.br", "domainname": "(none)", "machine": "x86_64", "sysname": "Linux", "release": "4.18.0-553.22.1.el8_10.x86_64", "version": "#1 SMP Wed Sep 25 09:20:43 UTC 2024"}
[2024-11-05 16:34:03.908 -0300] [PROCESS] [cadence.virtuoso.ade.simulationMonitor] - UsageInfo:
pid=80301
totalPhysicalMemory=30.835907GB,Used=15.577179GB,totalVirtualMemory=46.441372GB,Used=15.577179GB
Cpu: Cores=20, Load average:0.280000,0.270000,0.340000 {"hostname": "cinova05.lesc.ufc.br", "processid": 80301, "history": "ExplorerRun.0", "logfile": "/home/cinovador/Documents/course_files/digital_logic/practice_2/logs_cinovador/logs0/Job7.log", "pid": "80301", "totalPhysicalMemory": "30.835907", "physicalMemoryUsed": "15.577179", "totalVirtualMemory": "46.441372", "virtualMemoryUsed": "15.577179", "cpuCores": "20", "processes": "1629", "loadAverage1": "0.280000", "loadAverage5": "0.270000", "loadAverage15": "0.340000", "loadAverage1Percent": "0.014000"}
[2024-11-05 16:34:03.908 -0300] [EVENT] [cadence.virtuoso.ade.simulationMonitor] - NewPoint {"history": "ExplorerRun.0", "point": 1, "testname": "logic_gates_lab3_nor_1", "cornername": "Nominal", "event": "NewPoint", "EventSource": "Simulation Monitor", "HistoryName": "ExplorerRun.0", "logFile": "/home/cinovador/Documents/course_files/digital_logic/practice_2/logs_cinovador/logs0/Job7.log", "logFileSize": "4427", "category": "simulation"}
[2024-11-05 16:34:04.009 -0300] [EVENT] [cadence.virtuoso.ade.simulationMonitor] - NewPoint {"history": "ExplorerRun.0", "point": 1, "testname": "logic_gates_lab3_nor_1", "cornername": "Nominal", "event": "NewPoint", "EventSource": "spectre", "HistoryName": "ExplorerRun.0", "logFile": "/home/cinovador/Documents/course_files/digital_logic/practice_2/logic_gates/lab3_nor/maestro/logic_gates/lab3_nor/maestro/results/maestro/ExplorerRun.0/1/logic_gates_lab3_nor_1/psf/spectre.out", "logFileSize": "-1", "category": "simulation"}
[2024-11-05 16:34:13.944 -0300] [PROCESS] [cadence.virtuoso.ade.simulationMonitor] - Simulator launched {"hostname": "cinova05.lesc.ufc.br", "processid": 80301, "history": "ExplorerRun.0", "testname": "logic_gates_lab3_nor_1", "cornername": "Nominal", "point": 1, "logfile": "/home/cinovador/Documents/course_files/digital_logic/practice_2/logs_cinovador/logs0/Job7.log", "simid": "1", "event": "launch", "category": "simulation"}
[2024-11-05 16:34:13.945 -0300] [PROCESS] [cadence.virtuoso.ade.simulationMonitor] - Expression evaluator launched {"hostname": "cinova05.lesc.ufc.br", "processid": 80301, "history": "ExplorerRun.0", "testname": "logic_gates_lab3_nor_1", "cornername": "Nominal", "point": 1, "logfile": "/home/cinovador/Documents/course_files/digital_logic/practice_2/logs_cinovador/logs0/Job7.log"}
[2024-11-05 16:34:13.982 -0300] [PROCESS] [cadence.virtuoso.ade.simulationMonitor] - Started Simulation {"hostname": "cinova05.lesc.ufc.br", "processid": 80301, "history": "ExplorerRun.0", "testname": "logic_gates_lab3_nor_1", "cornername": "Nominal", "point": 1, "logfile": "/home/cinovador/Documents/course_files/digital_logic/practice_2/logs_cinovador/logs0/Job7.log", "event": "start", "category": "simulation"}
[2024-11-05 16:34:16.983 -0300] [INFO] [cadence.virtuoso.ade.simulationMonitor] - Peak resident memory used = 187 Mbytes. {"history": "ExplorerRun.0", "point": 1, "testname": "logic_gates_lab3_nor_1", "cornername": "Nominal"}
[2024-11-05 16:34:16.983 -0300] [INFO] [cadence.virtuoso.ade.simulationMonitor] - Peak resident memory used = 199 Mbytes. {"history": "ExplorerRun.0", "point": 1, "testname": "logic_gates_lab3_nor_1", "cornername": "Nominal"}
[2024-11-05 16:34:16.983 -0300] [INFO] [cadence.virtuoso.ade.simulationMonitor] - Notice from spectre during hierarchy flattening.
    The value 'psf' specified for the 'checklimitdest' option will no longer be supported in future releases. Use 'spectre -h' to see other recommended values for the 'checklimitdest' option. {"history": "ExplorerRun.0", "point": 1, "testname": "logic_gates_lab3_nor_1", "cornername": "Nominal"}
[2024-11-05 16:34:16.983 -0300] [INFO] [cadence.virtuoso.ade.simulationMonitor] - Peak resident memory used = 199 Mbytes. {"history": "ExplorerRun.0", "point": 1, "testname": "logic_gates_lab3_nor_1", "cornername": "Nominal"}
[2024-11-05 16:34:16.983 -0300] [INFO] [cadence.virtuoso.ade.simulationMonitor] - Notice from spectre during initial setup.
    Multithreading is disabled due to the size of the design being too small. {"history": "ExplorerRun.0", "point": 1, "testname": "logic_gates_lab3_nor_1", "cornername": "Nominal"}
[2024-11-05 16:34:16.983 -0300] [INFO] [cadence.virtuoso.ade.simulationMonitor] -               nodes 10 {"history": "ExplorerRun.0", "point": 1, "testname": "logic_gates_lab3_nor_1", "cornername": "Nominal"}
[2024-11-05 16:34:16.983 -0300] [INFO] [cadence.virtuoso.ade.simulationMonitor] - Notice from spectre during initial setup.
    Protected devices exist and are not included in the circuit inventory.
    1 vsources are shorted because their absolute value is less than or equal to 'vabsshort'.
    APS enabled. {"history": "ExplorerRun.0", "point": 1, "testname": "logic_gates_lab3_nor_1", "cornername": "Nominal"}
[2024-11-05 16:34:16.983 -0300] [INFO] [cadence.virtuoso.ade.simulationMonitor] - Peak resident memory used = 203 Mbytes. {"history": "ExplorerRun.0", "point": 1, "testname": "logic_gates_lab3_nor_1", "cornername": "Nominal"}
[2024-11-05 16:34:16.983 -0300] [INFO] [cadence.virtuoso.ade.simulationMonitor] -    -   (APS) Multi-threading. The recommended number of threads is 1, consider adding +mt=1 on command line. {"history": "ExplorerRun.0", "point": 1, "testname": "logic_gates_lab3_nor_1", "cornername": "Nominal"}
[2024-11-05 16:34:16.983 -0300] [INFO] [cadence.virtuoso.ade.simulationMonitor] - Notice from spectre during transient analysis `tran'.
    Multithreading is disabled due to the size of the design being too small. {"history": "ExplorerRun.0", "point": 1, "testname": "logic_gates_lab3_nor_1", "cornername": "Nominal"}
[2024-11-05 16:34:16.983 -0300] [INFO] [cadence.virtuoso.ade.simulationMonitor] - Notice from spectre at time = 2.01562 ps during transient analysis `tran'.
    Found trapezoidal ringing on node PM1.n1. {"history": "ExplorerRun.0", "point": 1, "testname": "logic_gates_lab3_nor_1", "cornername": "Nominal"}
[2024-11-05 16:34:16.983 -0300] [INFO] [cadence.virtuoso.ade.simulationMonitor] - Notice from spectre at time = 2.39062 ps during transient analysis `tran'.
    Found trapezoidal ringing on node PM1.n1. {"history": "ExplorerRun.0", "point": 1, "testname": "logic_gates_lab3_nor_1", "cornername": "Nominal"}
[2024-11-05 16:34:16.983 -0300] [INFO] [cadence.virtuoso.ade.simulationMonitor] - Notice from spectre at time = 2.64062 ps during transient analysis `tran'.
    Found trapezoidal ringing on node PM1.n1. {"history": "ExplorerRun.0", "point": 1, "testname": "logic_gates_lab3_nor_1", "cornername": "Nominal"}
[2024-11-05 16:34:16.983 -0300] [INFO] [cadence.virtuoso.ade.simulationMonitor] - Notice from spectre at time = 510.54 ns during transient analysis `tran'.
    Found trapezoidal ringing on node net1. {"history": "ExplorerRun.0", "point": 1, "testname": "logic_gates_lab3_nor_1", "cornername": "Nominal"}
[2024-11-05 16:34:16.983 -0300] [INFO] [cadence.virtuoso.ade.simulationMonitor] - Notice from spectre at time = 516.441 ns during transient analysis `tran'.
    Found trapezoidal ringing on node net1.
        Further occurrences of this notice will be suppressed. {"history": "ExplorerRun.0", "point": 1, "testname": "logic_gates_lab3_nor_1", "cornername": "Nominal"}
[2024-11-05 16:34:17.484 -0300] [INFO] [cadence.virtuoso.ade.simulationMonitor] - Notice from spectre during transient analysis `tran'.
    Trapezoidal ringing is detected during tran analysis.
        Please use method=trap for better results and performance. {"history": "ExplorerRun.0", "point": 1, "testname": "logic_gates_lab3_nor_1", "cornername": "Nominal"}
[2024-11-05 16:34:17.484 -0300] [INFO] [cadence.virtuoso.ade.simulationMonitor] - Intrinsic tran analysis time:    CPU = 261.484 ms, elapsed = 263.432 ms. {"history": "ExplorerRun.0", "point": 1, "testname": "logic_gates_lab3_nor_1", "cornername": "Nominal"}
[2024-11-05 16:34:17.484 -0300] [INFO] [cadence.virtuoso.ade.simulationMonitor] - Total time required for tran analysis `tran': CPU = 262.507 ms, elapsed = 264.455 ms, util. = 99.3%. {"history": "ExplorerRun.0", "point": 1, "testname": "logic_gates_lab3_nor_1", "cornername": "Nominal"}
[2024-11-05 16:34:17.484 -0300] [INFO] [cadence.virtuoso.ade.simulationMonitor] - Peak resident memory used = 216 Mbytes. {"history": "ExplorerRun.0", "point": 1, "testname": "logic_gates_lab3_nor_1", "cornername": "Nominal"}
[2024-11-05 16:34:17.484 -0300] [INFO] [cadence.virtuoso.ade.simulationMonitor] - Notice from spectre.
    998 notices suppressed. {"history": "ExplorerRun.0", "point": 1, "testname": "logic_gates_lab3_nor_1", "cornername": "Nominal"}
[2024-11-05 16:34:17.484 -0300] [INFO] [cadence.virtuoso.ade.simulationMonitor] - Time used: CPU = 585 ms, elapsed = 2.93 s, util. = 20%. {"history": "ExplorerRun.0", "point": 1, "testname": "logic_gates_lab3_nor_1", "cornername": "Nominal"}
[2024-11-05 16:34:17.484 -0300] [INFO] [cadence.virtuoso.ade.simulationMonitor] - Time spent in licensing: elapsed = 1.43 s, percentage of total = 48.9%. {"history": "ExplorerRun.0", "point": 1, "testname": "logic_gates_lab3_nor_1", "cornername": "Nominal"}
[2024-11-05 16:34:17.484 -0300] [INFO] [cadence.virtuoso.ade.simulationMonitor] - Peak memory used = 216 Mbytes. {"history": "ExplorerRun.0", "point": 1, "testname": "logic_gates_lab3_nor_1", "cornername": "Nominal"}
[2024-11-05 16:34:17.484 -0300] [PROCESS] [cadence.virtuoso.ade.simulationMonitor] - Simulation started at: 4:34:14 PM, Tue Nov 5, 2024, ended at: 4:34:17 PM, Tue Nov 5, 2024, with elapsed time (wall clock): 2.93 s. {"history": "ExplorerRun.0", "point": 1, "testname": "logic_gates_lab3_nor_1", "cornername": "Nominal"}
[2024-11-05 16:34:17.484 -0300] [PROCESS] [cadence.virtuoso.ade.simulationMonitor] - spectre completes with 0 errors, 0 warnings, and 14 notices. {"history": "ExplorerRun.0", "point": 1, "testname": "logic_gates_lab3_nor_1", "cornername": "Nominal"}
[2024-11-05 16:34:17.484 -0300] [PROCESS] [cadence.virtuoso.ade.simulationMonitor] - Finished simulating for one point {"hostname": "cinova05.lesc.ufc.br", "processid": 80301, "history": "ExplorerRun.0", "testname": "logic_gates_lab3_nor_1", "cornername": "Nominal", "point": 1, "logfile": "/home/cinovador/Documents/course_files/digital_logic/practice_2/logs_cinovador/logs0/Job7.log", "simid": "1", "event": "finish", "category": "simulation"}
[2024-11-05 16:34:17.484 -0300] [PROCESS] [cadence.virtuoso.ade.simulationMonitor] - Simulator exited {"hostname": "cinova05.lesc.ufc.br", "processid": 80301, "history": "ExplorerRun.0", "testname": "logic_gates_lab3_nor_1", "cornername": "Nominal", "point": 1, "logfile": "/home/cinovador/Documents/course_files/digital_logic/practice_2/logs_cinovador/logs0/Job7.log", "exitStatus": "0"}
[2024-11-05 16:34:17.484 -0300] [PROCESS] [cadence.virtuoso.ade.simulationMonitor] - Finished Simulation {"hostname": "cinova05.lesc.ufc.br", "processid": 80301, "history": "ExplorerRun.0", "testname": "logic_gates_lab3_nor_1", "cornername": "Nominal", "point": 1, "logfile": "/home/cinovador/Documents/course_files/digital_logic/practice_2/logs_cinovador/logs0/Job7.log", "simid": "1", "event": "finish", "category": "obsolete"}
[2024-11-05 16:34:17.985 -0300] [PROCESS] [cadence.virtuoso.ade.simulationMonitor] - Point Finished {"hostname": "cinova05.lesc.ufc.br", "processid": 80301, "history": "ExplorerRun.0", "testname": "logic_gates_lab3_nor_1", "cornername": "Nominal", "point": 1, "logfile": "/home/cinovador/Documents/course_files/digital_logic/practice_2/logs_cinovador/logs0/Job7.log", "event": "finish", "category": "sim-eval"}
[2024-11-05 16:34:18.987 -0300] [PROCESS] [cadence.virtuoso.ade.simulationMonitor] - Stay with the runId '17', Linger time '300', currentRunSyn '35', currentTestSyn '36' {"hostname": "cinova05.lesc.ufc.br", "processid": 80301, "history": "ExplorerRun.0", "testname": "logic_gates_lab3_nor_1", "cornername": "Nominal", "point": 1, "logfile": "/home/cinovador/Documents/course_files/digital_logic/practice_2/logs_cinovador/logs0/Job7.log"}
[2024-11-05 16:39:19.135 -0300] [PROCESS] [cadence.virtuoso.ade.simulationMonitor] - Current memory used: 81.9453 MBytes, peak memory used: 81.9453 MBytes {"hostname": "cinova05.lesc.ufc.br", "processid": 80301, "history": "ExplorerRun.0", "testname": "logic_gates_lab3_nor_1", "cornername": "Nominal", "point": 1, "logfile": "/home/cinovador/Documents/course_files/digital_logic/practice_2/logs_cinovador/logs0/Job7.log"}
[2024-11-05 16:39:19.135 -0300] [PROCESS] [cadence.virtuoso.ade.simulationMonitor] - Simulation Monitor process exits. {"hostname": "cinova05.lesc.ufc.br", "processid": 80301, "history": "ExplorerRun.0", "testname": "logic_gates_lab3_nor_1", "cornername": "Nominal", "point": 1, "logfile": "/home/cinovador/Documents/course_files/digital_logic/practice_2/logs_cinovador/logs0/Job7.log"}
