[Simulation Monitor: 8]
[2024-11-05 16:45:11.442 -0300] [PROCESS] [cadence.virtuoso.ade.simulationMonitor] - Started the simulation monitor process {"hostname": "cinova05.lesc.ufc.br", "processid": 85537, "logfile": "/home/cinovador/Documents/course_files/digital_logic/practice_2/logs_cinovador/logs0/Job8.log", "simulation monitor command line": "/home/tools/cadence/installs/IC231/tools.lnx86/dfII/bin/64bit/spectreMonitor --davinciService DaVinciService_14928_1730827588 --axlsession fnxSession0 -lscs 000175E1894CBE06FF0966E38F1FFC06BC4D7EED88199869CA2C7EEDDC43CC33CA2C39A0A173FC06867D66E38F1FFC06BC4D66E38F1FFC06BC4D01C9FAD989C0DB6700001E95 -beanhost cinova05.lesc.ufc.br -beanport 11834 -beanLogFile /home/cinovador/Documents/course_files/digital_logic/practice_2/logs_cinovador/logs0/amps_Job8.log -beanbinlog  --domain 0 --interactive yes --netlistOpt no --useMultiPointEvaluation yes --exprEvalShowJobStderr yes --evalSimParallel no --maxSims 0 --historyName ExplorerRun.0 --historyUUID  --exprEvaluator vds --mcMapping mc1.mapping --checkLogStatusInterval 0 --checkSimulatorLogTimeout 1200 --exprEvalMaxTries 3 --maxNFSSyncWait 60 -adeBrokerAddress cinova05.lesc.ufc.br:40141 --fromADE true --virtuosoBinary virtuoso --guiDisplay cinova05.lesc.ufc.br:0 --globalStatus 60 --evaluateMultiMC yes --evalOnSimFail SkipFailedAnalyses --numRetriesOnError 1 --fenixMode explorer --lingertimeout 300 -ahdlLockTimeout 60 --sdbLib logic_gates --sdbCell lab3_nor --sdbView maestro --heartBeatFileDir /dev/shm --id 8 --uuid c5d5747c-cbf3-4f20-b2cd-2808c86978ea --log /home/cinovador/Documents/course_files/digital_logic/practice_2/logs_cinovador/logs0/Job8.log "}
[2024-11-05 16:45:11.442 -0300] [PROCESS] [cadence.virtuoso.ade.simulationMonitor] - Started the simulation monitor process {"hostname": "cinova05.lesc.ufc.br", "processid": 85537, "logfile": "/home/cinovador/Documents/course_files/digital_logic/practice_2/logs_cinovador/logs0/Job8.log", "current directory": "/home/cinovador/Documents/course_files/digital_logic/practice_2"}
[2024-11-05 16:45:11.442 -0300] [PROCESS] [cadence.virtuoso.ade.simulationMonitor] - Simulation Monitor has successfully started up. Trying to set up communication channels to other components ... {"hostname": "cinova05.lesc.ufc.br", "processid": 85537, "logfile": "/home/cinovador/Documents/course_files/digital_logic/practice_2/logs_cinovador/logs0/Job8.log"}
[2024-11-05 16:45:11.572 -0300] [PROCESS] [cadence.virtuoso.ade.simulationMonitor] - Communication channels have been successfully set up. Start processing events ... {"hostname": "cinova05.lesc.ufc.br", "processid": 85537, "logfile": "/home/cinovador/Documents/course_files/digital_logic/practice_2/logs_cinovador/logs0/Job8.log"}
[2024-11-05 16:45:11.572 -0300] [PROCESS] [cadence.virtuoso.ade.simulationMonitor] - Considering to start history {"hostname": "cinova05.lesc.ufc.br", "processid": 85537, "history": "ExplorerRun.0", "logfile": "/home/cinovador/Documents/course_files/digital_logic/practice_2/logs_cinovador/logs0/Job8.log"}
[2024-11-05 16:45:11.574 -0300] [PROCESS] [cadence.virtuoso.ade.simulationMonitor] - HostInfo:
Host name (type):	cinova05.lesc.ufc.br (x86_64)
Operating system:	Linux 4.18.0-553.22.1.el8_10.x86_64 #1 SMP Wed Sep 25 09:20:43 UTC 2024 {"hostname": "cinova05.lesc.ufc.br", "processid": 85537, "history": "ExplorerRun.0", "logfile": "/home/cinovador/Documents/course_files/digital_logic/practice_2/logs_cinovador/logs0/Job8.log", "nodename": "cinova05.lesc.ufc.br", "domainname": "(none)", "machine": "x86_64", "sysname": "Linux", "release": "4.18.0-553.22.1.el8_10.x86_64", "version": "#1 SMP Wed Sep 25 09:20:43 UTC 2024"}
[2024-11-05 16:45:11.574 -0300] [PROCESS] [cadence.virtuoso.ade.simulationMonitor] - UsageInfo:
pid=85537
totalPhysicalMemory=30.835907GB,Used=15.461132GB,totalVirtualMemory=46.441372GB,Used=15.461132GB
Cpu: Cores=20, Load average:0.410000,0.420000,0.350000 {"hostname": "cinova05.lesc.ufc.br", "processid": 85537, "history": "ExplorerRun.0", "logfile": "/home/cinovador/Documents/course_files/digital_logic/practice_2/logs_cinovador/logs0/Job8.log", "pid": "85537", "totalPhysicalMemory": "30.835907", "physicalMemoryUsed": "15.461132", "totalVirtualMemory": "46.441372", "virtualMemoryUsed": "15.461132", "cpuCores": "20", "processes": "1653", "loadAverage1": "0.410000", "loadAverage5": "0.420000", "loadAverage15": "0.350000", "loadAverage1Percent": "0.020500"}
[2024-11-05 16:45:11.574 -0300] [EVENT] [cadence.virtuoso.ade.simulationMonitor] - NewPoint {"history": "ExplorerRun.0", "point": 1, "testname": "logic_gates_lab3_nor_1", "cornername": "Nominal", "event": "NewPoint", "EventSource": "Simulation Monitor", "HistoryName": "ExplorerRun.0", "logFile": "/home/cinovador/Documents/course_files/digital_logic/practice_2/logs_cinovador/logs0/Job8.log", "logFileSize": "4427", "category": "simulation"}
[2024-11-05 16:45:11.675 -0300] [EVENT] [cadence.virtuoso.ade.simulationMonitor] - NewPoint {"history": "ExplorerRun.0", "point": 1, "testname": "logic_gates_lab3_nor_1", "cornername": "Nominal", "event": "NewPoint", "EventSource": "spectre", "HistoryName": "ExplorerRun.0", "logFile": "/home/cinovador/Documents/course_files/digital_logic/practice_2/logic_gates/lab3_nor/maestro/logic_gates/lab3_nor/maestro/results/maestro/ExplorerRun.0/1/logic_gates_lab3_nor_1/psf/spectre.out", "logFileSize": "-1", "category": "simulation"}
[2024-11-05 16:45:21.792 -0300] [PROCESS] [cadence.virtuoso.ade.simulationMonitor] - Simulator launched {"hostname": "cinova05.lesc.ufc.br", "processid": 85537, "history": "ExplorerRun.0", "testname": "logic_gates_lab3_nor_1", "cornername": "Nominal", "point": 1, "logfile": "/home/cinovador/Documents/course_files/digital_logic/practice_2/logs_cinovador/logs0/Job8.log", "simid": "1", "event": "launch", "category": "simulation"}
[2024-11-05 16:45:21.793 -0300] [PROCESS] [cadence.virtuoso.ade.simulationMonitor] - Expression evaluator launched {"hostname": "cinova05.lesc.ufc.br", "processid": 85537, "history": "ExplorerRun.0", "testname": "logic_gates_lab3_nor_1", "cornername": "Nominal", "point": 1, "logfile": "/home/cinovador/Documents/course_files/digital_logic/practice_2/logs_cinovador/logs0/Job8.log"}
[2024-11-05 16:45:21.830 -0300] [PROCESS] [cadence.virtuoso.ade.simulationMonitor] - Started Simulation {"hostname": "cinova05.lesc.ufc.br", "processid": 85537, "history": "ExplorerRun.0", "testname": "logic_gates_lab3_nor_1", "cornername": "Nominal", "point": 1, "logfile": "/home/cinovador/Documents/course_files/digital_logic/practice_2/logs_cinovador/logs0/Job8.log", "event": "start", "category": "simulation"}
[2024-11-05 16:45:24.831 -0300] [INFO] [cadence.virtuoso.ade.simulationMonitor] - Peak resident memory used = 188 Mbytes. {"history": "ExplorerRun.0", "point": 1, "testname": "logic_gates_lab3_nor_1", "cornername": "Nominal"}
[2024-11-05 16:45:24.831 -0300] [INFO] [cadence.virtuoso.ade.simulationMonitor] - Peak resident memory used = 201 Mbytes. {"history": "ExplorerRun.0", "point": 1, "testname": "logic_gates_lab3_nor_1", "cornername": "Nominal"}
[2024-11-05 16:45:24.831 -0300] [INFO] [cadence.virtuoso.ade.simulationMonitor] - Notice from spectre during hierarchy flattening.
    The value 'psf' specified for the 'checklimitdest' option will no longer be supported in future releases. Use 'spectre -h' to see other recommended values for the 'checklimitdest' option. {"history": "ExplorerRun.0", "point": 1, "testname": "logic_gates_lab3_nor_1", "cornername": "Nominal"}
[2024-11-05 16:45:24.831 -0300] [INFO] [cadence.virtuoso.ade.simulationMonitor] - Peak resident memory used = 202 Mbytes. {"history": "ExplorerRun.0", "point": 1, "testname": "logic_gates_lab3_nor_1", "cornername": "Nominal"}
[2024-11-05 16:45:24.832 -0300] [INFO] [cadence.virtuoso.ade.simulationMonitor] - Notice from spectre during topology check.
    Only one connection to node `net2'. {"history": "ExplorerRun.0", "point": 1, "testname": "logic_gates_lab3_nor_1", "cornername": "Nominal"}
[2024-11-05 16:45:24.832 -0300] [INFO] [cadence.virtuoso.ade.simulationMonitor] - Notice from spectre during initial setup.
    Multithreading is disabled due to the size of the design being too small. {"history": "ExplorerRun.0", "point": 1, "testname": "logic_gates_lab3_nor_1", "cornername": "Nominal"}
[2024-11-05 16:45:24.832 -0300] [INFO] [cadence.virtuoso.ade.simulationMonitor] -               nodes 11 {"history": "ExplorerRun.0", "point": 1, "testname": "logic_gates_lab3_nor_1", "cornername": "Nominal"}
[2024-11-05 16:45:24.832 -0300] [INFO] [cadence.virtuoso.ade.simulationMonitor] - Notice from spectre during initial setup.
    Protected devices exist and are not included in the circuit inventory.
    1 vsources are shorted because their absolute value is less than or equal to 'vabsshort'.
    APS enabled. {"history": "ExplorerRun.0", "point": 1, "testname": "logic_gates_lab3_nor_1", "cornername": "Nominal"}
[2024-11-05 16:45:24.832 -0300] [INFO] [cadence.virtuoso.ade.simulationMonitor] - Peak resident memory used = 204 Mbytes. {"history": "ExplorerRun.0", "point": 1, "testname": "logic_gates_lab3_nor_1", "cornername": "Nominal"}
[2024-11-05 16:45:24.832 -0300] [INFO] [cadence.virtuoso.ade.simulationMonitor] -    -   (APS) Multi-threading. The recommended number of threads is 1, consider adding +mt=1 on command line. {"history": "ExplorerRun.0", "point": 1, "testname": "logic_gates_lab3_nor_1", "cornername": "Nominal"}
[2024-11-05 16:45:24.832 -0300] [INFO] [cadence.virtuoso.ade.simulationMonitor] - Notice from spectre during transient analysis `tran'.
    Multithreading is disabled due to the size of the design being too small. {"history": "ExplorerRun.0", "point": 1, "testname": "logic_gates_lab3_nor_1", "cornername": "Nominal"}
[2024-11-05 16:45:24.832 -0300] [INFO] [cadence.virtuoso.ade.simulationMonitor] - Notice from spectre at time = 508.271 ns during transient analysis `tran'.
    Found trapezoidal ringing on node net1. {"history": "ExplorerRun.0", "point": 1, "testname": "logic_gates_lab3_nor_1", "cornername": "Nominal"}
[2024-11-05 16:45:24.832 -0300] [INFO] [cadence.virtuoso.ade.simulationMonitor] - Notice from spectre at time = 513.142 ns during transient analysis `tran'.
    Found trapezoidal ringing on node net1. {"history": "ExplorerRun.0", "point": 1, "testname": "logic_gates_lab3_nor_1", "cornername": "Nominal"}
[2024-11-05 16:45:24.832 -0300] [INFO] [cadence.virtuoso.ade.simulationMonitor] - Notice from spectre at time = 521.142 ns during transient analysis `tran'.
    Found trapezoidal ringing on node net1. {"history": "ExplorerRun.0", "point": 1, "testname": "logic_gates_lab3_nor_1", "cornername": "Nominal"}
[2024-11-05 16:45:24.832 -0300] [INFO] [cadence.virtuoso.ade.simulationMonitor] - Notice from spectre at time = 534.685 ns during transient analysis `tran'.
    Found trapezoidal ringing on node net1. {"history": "ExplorerRun.0", "point": 1, "testname": "logic_gates_lab3_nor_1", "cornername": "Nominal"}
[2024-11-05 16:45:24.832 -0300] [INFO] [cadence.virtuoso.ade.simulationMonitor] - Notice from spectre at time = 557.316 ns during transient analysis `tran'.
    Found trapezoidal ringing on node net1.
        Further occurrences of this notice will be suppressed. {"history": "ExplorerRun.0", "point": 1, "testname": "logic_gates_lab3_nor_1", "cornername": "Nominal"}
[2024-11-05 16:45:25.332 -0300] [INFO] [cadence.virtuoso.ade.simulationMonitor] - Notice from spectre during transient analysis `tran'.
    Trapezoidal ringing is detected during tran analysis.
        Please use method=trap for better results and performance. {"history": "ExplorerRun.0", "point": 1, "testname": "logic_gates_lab3_nor_1", "cornername": "Nominal"}
[2024-11-05 16:45:25.332 -0300] [INFO] [cadence.virtuoso.ade.simulationMonitor] - Intrinsic tran analysis time:    CPU = 198.643 ms, elapsed = 200.648 ms. {"history": "ExplorerRun.0", "point": 1, "testname": "logic_gates_lab3_nor_1", "cornername": "Nominal"}
[2024-11-05 16:45:25.332 -0300] [INFO] [cadence.virtuoso.ade.simulationMonitor] - Total time required for tran analysis `tran': CPU = 199.736 ms, elapsed = 201.742 ms, util. = 99%. {"history": "ExplorerRun.0", "point": 1, "testname": "logic_gates_lab3_nor_1", "cornername": "Nominal"}
[2024-11-05 16:45:25.333 -0300] [INFO] [cadence.virtuoso.ade.simulationMonitor] - Peak resident memory used = 218 Mbytes. {"history": "ExplorerRun.0", "point": 1, "testname": "logic_gates_lab3_nor_1", "cornername": "Nominal"}
[2024-11-05 16:45:25.333 -0300] [INFO] [cadence.virtuoso.ade.simulationMonitor] - Notice from spectre.
    995 notices suppressed. {"history": "ExplorerRun.0", "point": 1, "testname": "logic_gates_lab3_nor_1", "cornername": "Nominal"}
[2024-11-05 16:45:25.333 -0300] [INFO] [cadence.virtuoso.ade.simulationMonitor] - Time used: CPU = 518 ms, elapsed = 2.95 s, util. = 17.6%. {"history": "ExplorerRun.0", "point": 1, "testname": "logic_gates_lab3_nor_1", "cornername": "Nominal"}
[2024-11-05 16:45:25.333 -0300] [INFO] [cadence.virtuoso.ade.simulationMonitor] - Time spent in licensing: elapsed = 1.44 s, percentage of total = 48.7%. {"history": "ExplorerRun.0", "point": 1, "testname": "logic_gates_lab3_nor_1", "cornername": "Nominal"}
[2024-11-05 16:45:25.333 -0300] [INFO] [cadence.virtuoso.ade.simulationMonitor] - Peak memory used = 219 Mbytes. {"history": "ExplorerRun.0", "point": 1, "testname": "logic_gates_lab3_nor_1", "cornername": "Nominal"}
[2024-11-05 16:45:25.333 -0300] [PROCESS] [cadence.virtuoso.ade.simulationMonitor] - Simulation started at: 4:45:21 PM, Tue Nov 5, 2024, ended at: 4:45:24 PM, Tue Nov 5, 2024, with elapsed time (wall clock): 2.95 s. {"history": "ExplorerRun.0", "point": 1, "testname": "logic_gates_lab3_nor_1", "cornername": "Nominal"}
[2024-11-05 16:45:25.333 -0300] [PROCESS] [cadence.virtuoso.ade.simulationMonitor] - spectre completes with 0 errors, 0 warnings, and 15 notices. {"history": "ExplorerRun.0", "point": 1, "testname": "logic_gates_lab3_nor_1", "cornername": "Nominal"}
[2024-11-05 16:45:25.333 -0300] [PROCESS] [cadence.virtuoso.ade.simulationMonitor] - Finished simulating for one point {"hostname": "cinova05.lesc.ufc.br", "processid": 85537, "history": "ExplorerRun.0", "testname": "logic_gates_lab3_nor_1", "cornername": "Nominal", "point": 1, "logfile": "/home/cinovador/Documents/course_files/digital_logic/practice_2/logs_cinovador/logs0/Job8.log", "simid": "1", "event": "finish", "category": "simulation"}
[2024-11-05 16:45:25.333 -0300] [PROCESS] [cadence.virtuoso.ade.simulationMonitor] - Simulator exited {"hostname": "cinova05.lesc.ufc.br", "processid": 85537, "history": "ExplorerRun.0", "testname": "logic_gates_lab3_nor_1", "cornername": "Nominal", "point": 1, "logfile": "/home/cinovador/Documents/course_files/digital_logic/practice_2/logs_cinovador/logs0/Job8.log", "exitStatus": "0"}
[2024-11-05 16:45:25.333 -0300] [PROCESS] [cadence.virtuoso.ade.simulationMonitor] - Finished Simulation {"hostname": "cinova05.lesc.ufc.br", "processid": 85537, "history": "ExplorerRun.0", "testname": "logic_gates_lab3_nor_1", "cornername": "Nominal", "point": 1, "logfile": "/home/cinovador/Documents/course_files/digital_logic/practice_2/logs_cinovador/logs0/Job8.log", "simid": "1", "event": "finish", "category": "obsolete"}
[2024-11-05 16:45:26.333 -0300] [PROCESS] [cadence.virtuoso.ade.simulationMonitor] - Point Finished {"hostname": "cinova05.lesc.ufc.br", "processid": 85537, "history": "ExplorerRun.0", "testname": "logic_gates_lab3_nor_1", "cornername": "Nominal", "point": 1, "logfile": "/home/cinovador/Documents/course_files/digital_logic/practice_2/logs_cinovador/logs0/Job8.log", "event": "finish", "category": "sim-eval"}
[2024-11-05 16:47:36.385 -0300] [INFO] [cadence.virtuoso.ade.simulationMonitor] - SimulationMonitor has terminated the vds process '85611', reason: 'Force to stop the expression evalutor process because of new run' {"history": "ExplorerRun.0", "point": 1, "testname": "logic_gates_lab3_nor_1", "cornername": "Nominal"}
[2024-11-05 16:47:36.386 -0300] [PROCESS] [cadence.virtuoso.ade.simulationMonitor] - HostInfo:
Host name (type):	cinova05.lesc.ufc.br (x86_64)
Operating system:	Linux 4.18.0-553.22.1.el8_10.x86_64 #1 SMP Wed Sep 25 09:20:43 UTC 2024 {"hostname": "cinova05.lesc.ufc.br", "processid": 85537, "history": "ExplorerRun.0", "testname": "logic_gates_lab3_nor_1", "cornername": "Nominal", "point": 1, "logfile": "/home/cinovador/Documents/course_files/digital_logic/practice_2/logs_cinovador/logs0/Job8.log", "nodename": "cinova05.lesc.ufc.br", "domainname": "(none)", "machine": "x86_64", "sysname": "Linux", "release": "4.18.0-553.22.1.el8_10.x86_64", "version": "#1 SMP Wed Sep 25 09:20:43 UTC 2024"}
[2024-11-05 16:47:36.386 -0300] [PROCESS] [cadence.virtuoso.ade.simulationMonitor] - UsageInfo:
pid=85537
totalPhysicalMemory=30.835907GB,Used=15.604507GB,totalVirtualMemory=46.441372GB,Used=15.604507GB
Cpu: Cores=20, Load average:0.460000,0.410000,0.360000 {"hostname": "cinova05.lesc.ufc.br", "processid": 85537, "history": "ExplorerRun.0", "testname": "logic_gates_lab3_nor_1", "cornername": "Nominal", "point": 1, "logfile": "/home/cinovador/Documents/course_files/digital_logic/practice_2/logs_cinovador/logs0/Job8.log", "pid": "85537", "totalPhysicalMemory": "30.835907", "physicalMemoryUsed": "15.604507", "totalVirtualMemory": "46.441372", "virtualMemoryUsed": "15.604507", "cpuCores": "20", "processes": "1657", "loadAverage1": "0.460000", "loadAverage5": "0.410000", "loadAverage15": "0.360000", "loadAverage1Percent": "0.023000"}
[2024-11-05 16:47:36.386 -0300] [EVENT] [cadence.virtuoso.ade.simulationMonitor] - NewPoint {"history": "ExplorerRun.0", "point": 1, "testname": "logic_gates_lab3_nor_1", "cornername": "Nominal", "event": "NewPoint", "EventSource": "Simulation Monitor", "HistoryName": "ExplorerRun.0", "logFile": "/home/cinovador/Documents/course_files/digital_logic/practice_2/logs_cinovador/logs0/Job8.log", "logFileSize": "17550", "category": "simulation"}
[2024-11-05 16:47:36.487 -0300] [EVENT] [cadence.virtuoso.ade.simulationMonitor] - NewPoint {"history": "ExplorerRun.0", "point": 1, "testname": "logic_gates_lab3_nor_1", "cornername": "Nominal", "event": "NewPoint", "EventSource": "spectre", "HistoryName": "ExplorerRun.0", "logFile": "/home/cinovador/Documents/course_files/digital_logic/practice_2/logic_gates/lab3_nor/maestro/logic_gates/lab3_nor/maestro/results/maestro/ExplorerRun.0/1/logic_gates_lab3_nor_1/psf/spectre.out", "logFileSize": "-1", "category": "simulation"}
[2024-11-05 16:47:37.429 -0300] [PROCESS] [cadence.virtuoso.ade.simulationMonitor] - Simulator launched {"hostname": "cinova05.lesc.ufc.br", "processid": 85537, "history": "ExplorerRun.0", "testname": "logic_gates_lab3_nor_1", "cornername": "Nominal", "point": 1, "logfile": "/home/cinovador/Documents/course_files/digital_logic/practice_2/logs_cinovador/logs0/Job8.log", "simid": "2", "event": "launch", "category": "simulation"}
[2024-11-05 16:47:37.430 -0300] [PROCESS] [cadence.virtuoso.ade.simulationMonitor] - Expression evaluator launched {"hostname": "cinova05.lesc.ufc.br", "processid": 85537, "history": "ExplorerRun.0", "testname": "logic_gates_lab3_nor_1", "cornername": "Nominal", "point": 1, "logfile": "/home/cinovador/Documents/course_files/digital_logic/practice_2/logs_cinovador/logs0/Job8.log"}
[2024-11-05 16:47:37.467 -0300] [PROCESS] [cadence.virtuoso.ade.simulationMonitor] - Started Simulation {"hostname": "cinova05.lesc.ufc.br", "processid": 85537, "history": "ExplorerRun.0", "testname": "logic_gates_lab3_nor_1", "cornername": "Nominal", "point": 1, "logfile": "/home/cinovador/Documents/course_files/digital_logic/practice_2/logs_cinovador/logs0/Job8.log", "event": "start", "category": "simulation"}
[2024-11-05 16:47:40.468 -0300] [INFO] [cadence.virtuoso.ade.simulationMonitor] - Peak resident memory used = 186 Mbytes. {"history": "ExplorerRun.0", "point": 1, "testname": "logic_gates_lab3_nor_1", "cornername": "Nominal"}
[2024-11-05 16:47:40.468 -0300] [INFO] [cadence.virtuoso.ade.simulationMonitor] - Peak resident memory used = 198 Mbytes. {"history": "ExplorerRun.0", "point": 1, "testname": "logic_gates_lab3_nor_1", "cornername": "Nominal"}
[2024-11-05 16:47:40.468 -0300] [INFO] [cadence.virtuoso.ade.simulationMonitor] - Notice from spectre during hierarchy flattening.
    The value 'psf' specified for the 'checklimitdest' option will no longer be supported in future releases. Use 'spectre -h' to see other recommended values for the 'checklimitdest' option. {"history": "ExplorerRun.0", "point": 1, "testname": "logic_gates_lab3_nor_1", "cornername": "Nominal"}
[2024-11-05 16:47:40.468 -0300] [INFO] [cadence.virtuoso.ade.simulationMonitor] - Peak resident memory used = 199 Mbytes. {"history": "ExplorerRun.0", "point": 1, "testname": "logic_gates_lab3_nor_1", "cornername": "Nominal"}
[2024-11-05 16:47:40.468 -0300] [INFO] [cadence.virtuoso.ade.simulationMonitor] - Notice from spectre during topology check.
    Only one connection to node `net2'. {"history": "ExplorerRun.0", "point": 1, "testname": "logic_gates_lab3_nor_1", "cornername": "Nominal"}
[2024-11-05 16:47:40.468 -0300] [INFO] [cadence.virtuoso.ade.simulationMonitor] - Notice from spectre during initial setup.
    Multithreading is disabled due to the size of the design being too small. {"history": "ExplorerRun.0", "point": 1, "testname": "logic_gates_lab3_nor_1", "cornername": "Nominal"}
[2024-11-05 16:47:40.468 -0300] [INFO] [cadence.virtuoso.ade.simulationMonitor] -               nodes 11 {"history": "ExplorerRun.0", "point": 1, "testname": "logic_gates_lab3_nor_1", "cornername": "Nominal"}
[2024-11-05 16:47:40.468 -0300] [INFO] [cadence.virtuoso.ade.simulationMonitor] - Notice from spectre during initial setup.
    Protected devices exist and are not included in the circuit inventory.
    1 vsources are shorted because their absolute value is less than or equal to 'vabsshort'.
    APS enabled. {"history": "ExplorerRun.0", "point": 1, "testname": "logic_gates_lab3_nor_1", "cornername": "Nominal"}
[2024-11-05 16:47:40.468 -0300] [INFO] [cadence.virtuoso.ade.simulationMonitor] - Peak resident memory used = 202 Mbytes. {"history": "ExplorerRun.0", "point": 1, "testname": "logic_gates_lab3_nor_1", "cornername": "Nominal"}
[2024-11-05 16:47:40.468 -0300] [INFO] [cadence.virtuoso.ade.simulationMonitor] -    -   (APS) Multi-threading. The recommended number of threads is 1, consider adding +mt=1 on command line. {"history": "ExplorerRun.0", "point": 1, "testname": "logic_gates_lab3_nor_1", "cornername": "Nominal"}
[2024-11-05 16:47:40.468 -0300] [INFO] [cadence.virtuoso.ade.simulationMonitor] - Notice from spectre during transient analysis `tran'.
    Multithreading is disabled due to the size of the design being too small. {"history": "ExplorerRun.0", "point": 1, "testname": "logic_gates_lab3_nor_1", "cornername": "Nominal"}
[2024-11-05 16:47:40.468 -0300] [INFO] [cadence.virtuoso.ade.simulationMonitor] - Notice from spectre at time = 514.215 ns during transient analysis `tran'.
    Found trapezoidal ringing on node net1. {"history": "ExplorerRun.0", "point": 1, "testname": "logic_gates_lab3_nor_1", "cornername": "Nominal"}
[2024-11-05 16:47:40.468 -0300] [INFO] [cadence.virtuoso.ade.simulationMonitor] - Notice from spectre at time = 522.488 ns during transient analysis `tran'.
    Found trapezoidal ringing on node net1. {"history": "ExplorerRun.0", "point": 1, "testname": "logic_gates_lab3_nor_1", "cornername": "Nominal"}
[2024-11-05 16:47:40.468 -0300] [INFO] [cadence.virtuoso.ade.simulationMonitor] - Notice from spectre at time = 536.058 ns during transient analysis `tran'.
    Found trapezoidal ringing on node net1. {"history": "ExplorerRun.0", "point": 1, "testname": "logic_gates_lab3_nor_1", "cornername": "Nominal"}
[2024-11-05 16:47:40.468 -0300] [INFO] [cadence.virtuoso.ade.simulationMonitor] - Notice from spectre at time = 558.451 ns during transient analysis `tran'.
    Found trapezoidal ringing on node net1. {"history": "ExplorerRun.0", "point": 1, "testname": "logic_gates_lab3_nor_1", "cornername": "Nominal"}
[2024-11-05 16:47:40.468 -0300] [INFO] [cadence.virtuoso.ade.simulationMonitor] - Notice from spectre at time = 595.373 ns during transient analysis `tran'.
    Found trapezoidal ringing on node net1.
        Further occurrences of this notice will be suppressed. {"history": "ExplorerRun.0", "point": 1, "testname": "logic_gates_lab3_nor_1", "cornername": "Nominal"}
[2024-11-05 16:47:40.969 -0300] [INFO] [cadence.virtuoso.ade.simulationMonitor] - Notice from spectre during transient analysis `tran'.
    Trapezoidal ringing is detected during tran analysis.
        Please use method=trap for better results and performance. {"history": "ExplorerRun.0", "point": 1, "testname": "logic_gates_lab3_nor_1", "cornername": "Nominal"}
[2024-11-05 16:47:40.969 -0300] [INFO] [cadence.virtuoso.ade.simulationMonitor] - Intrinsic tran analysis time:    CPU = 190.444 ms, elapsed = 192.859 ms. {"history": "ExplorerRun.0", "point": 1, "testname": "logic_gates_lab3_nor_1", "cornername": "Nominal"}
[2024-11-05 16:47:40.969 -0300] [INFO] [cadence.virtuoso.ade.simulationMonitor] - Total time required for tran analysis `tran': CPU = 191.597 ms, elapsed = 194.015 ms, util. = 98.8%. {"history": "ExplorerRun.0", "point": 1, "testname": "logic_gates_lab3_nor_1", "cornername": "Nominal"}
[2024-11-05 16:47:40.969 -0300] [INFO] [cadence.virtuoso.ade.simulationMonitor] - Peak resident memory used = 215 Mbytes. {"history": "ExplorerRun.0", "point": 1, "testname": "logic_gates_lab3_nor_1", "cornername": "Nominal"}
[2024-11-05 16:47:40.969 -0300] [INFO] [cadence.virtuoso.ade.simulationMonitor] - Notice from spectre.
    895 notices suppressed. {"history": "ExplorerRun.0", "point": 1, "testname": "logic_gates_lab3_nor_1", "cornername": "Nominal"}
[2024-11-05 16:47:40.969 -0300] [INFO] [cadence.virtuoso.ade.simulationMonitor] - Time used: CPU = 513 ms, elapsed = 2.86 s, util. = 18%. {"history": "ExplorerRun.0", "point": 1, "testname": "logic_gates_lab3_nor_1", "cornername": "Nominal"}
[2024-11-05 16:47:40.969 -0300] [INFO] [cadence.virtuoso.ade.simulationMonitor] - Time spent in licensing: elapsed = 1.43 s, percentage of total = 50.1%. {"history": "ExplorerRun.0", "point": 1, "testname": "logic_gates_lab3_nor_1", "cornername": "Nominal"}
[2024-11-05 16:47:40.969 -0300] [INFO] [cadence.virtuoso.ade.simulationMonitor] - Peak memory used = 215 Mbytes. {"history": "ExplorerRun.0", "point": 1, "testname": "logic_gates_lab3_nor_1", "cornername": "Nominal"}
[2024-11-05 16:47:40.969 -0300] [PROCESS] [cadence.virtuoso.ade.simulationMonitor] - Simulation started at: 4:47:37 PM, Tue Nov 5, 2024, ended at: 4:47:40 PM, Tue Nov 5, 2024, with elapsed time (wall clock): 2.86 s. {"history": "ExplorerRun.0", "point": 1, "testname": "logic_gates_lab3_nor_1", "cornername": "Nominal"}
[2024-11-05 16:47:40.969 -0300] [PROCESS] [cadence.virtuoso.ade.simulationMonitor] - spectre completes with 0 errors, 0 warnings, and 15 notices. {"history": "ExplorerRun.0", "point": 1, "testname": "logic_gates_lab3_nor_1", "cornername": "Nominal"}
[2024-11-05 16:47:40.969 -0300] [PROCESS] [cadence.virtuoso.ade.simulationMonitor] - Finished simulating for one point {"hostname": "cinova05.lesc.ufc.br", "processid": 85537, "history": "ExplorerRun.0", "testname": "logic_gates_lab3_nor_1", "cornername": "Nominal", "point": 1, "logfile": "/home/cinovador/Documents/course_files/digital_logic/practice_2/logs_cinovador/logs0/Job8.log", "simid": "2", "event": "finish", "category": "simulation"}
[2024-11-05 16:47:40.969 -0300] [PROCESS] [cadence.virtuoso.ade.simulationMonitor] - Simulator exited {"hostname": "cinova05.lesc.ufc.br", "processid": 85537, "history": "ExplorerRun.0", "testname": "logic_gates_lab3_nor_1", "cornername": "Nominal", "point": 1, "logfile": "/home/cinovador/Documents/course_files/digital_logic/practice_2/logs_cinovador/logs0/Job8.log", "exitStatus": "0"}
[2024-11-05 16:47:40.969 -0300] [PROCESS] [cadence.virtuoso.ade.simulationMonitor] - Finished Simulation {"hostname": "cinova05.lesc.ufc.br", "processid": 85537, "history": "ExplorerRun.0", "testname": "logic_gates_lab3_nor_1", "cornername": "Nominal", "point": 1, "logfile": "/home/cinovador/Documents/course_files/digital_logic/practice_2/logs_cinovador/logs0/Job8.log", "simid": "2", "event": "finish", "category": "obsolete"}
[2024-11-05 16:47:41.970 -0300] [PROCESS] [cadence.virtuoso.ade.simulationMonitor] - Point Finished {"hostname": "cinova05.lesc.ufc.br", "processid": 85537, "history": "ExplorerRun.0", "testname": "logic_gates_lab3_nor_1", "cornername": "Nominal", "point": 1, "logfile": "/home/cinovador/Documents/course_files/digital_logic/practice_2/logs_cinovador/logs0/Job8.log", "event": "finish", "category": "sim-eval"}
[2024-11-05 16:50:01.255 -0300] [PROCESS] [cadence.virtuoso.ade.simulationMonitor] - get signal Terminated<15> from user:cinovador, which pid:85533:/home/tools/cadence/installs/IC231/tools/bin/64bit/cdsServIpc {"hostname": "cinova05.lesc.ufc.br", "processid": 85537, "history": "ExplorerRun.0", "testname": "logic_gates_lab3_nor_1", "cornername": "Nominal", "point": 1, "logfile": "/home/cinovador/Documents/course_files/digital_logic/practice_2/logs_cinovador/logs0/Job8.log", "signal": "15", "signalName": "Terminated", "which": "/home/tools/cadence/installs/IC231/tools/bin/64bit/cdsServIpc", "pid": "85533", "user": "cinovador", "uid": "1001"}
[2024-11-05 16:50:01.255 -0300] [INFO] [cadence.virtuoso.ade.simulationMonitor] - SimulationMonitor has terminated the  process '86762', reason: 'simulationMonitor is handling signal 15' {"history": "ExplorerRun.0", "point": 1, "testname": "logic_gates_lab3_nor_1", "cornername": "Nominal"}
