[Simulation Monitor: 9]
[2024-11-07 09:48:10.615 -0300] [PROCESS] [cadence.virtuoso.ade.simulationMonitor] - Started the simulation monitor process {"hostname": "cinova05.lesc.ufc.br", "processid": 32121, "logfile": "/home/cinovador/Documents/course_files/digital_logic/practice_2/logs_cinovador/logs0/Job9.log", "simulation monitor command line": "/home/tools/cadence/installs/IC231/tools.lnx86/dfII/bin/64bit/spectreMonitor --davinciService DaVinciService_7767_1730980369 --axlsession fnxSession1 -lscs 000175E1894CBE06FF0966E38F1FFC06BC4D7EED88199869CA2C7EEDDC43CC33CA2C39A0A173FC06867D66E38F1FFC06BC4D66E38F1FFC06BC4D01CF38154B0CDB6100001E6E -beanhost cinova05.lesc.ufc.br -beanport 11371 -beanLogFile /home/cinovador/Documents/course_files/digital_logic/practice_2/logs_cinovador/logs0/amps_Job9.log -beanbinlog  --domain 0 --interactive yes --netlistOpt no --useMultiPointEvaluation yes --exprEvalShowJobStderr yes --evalSimParallel no --maxSims 0 --exprEvaluator vds --mcMapping mc1.mapping --checkLogStatusInterval 0 --checkSimulatorLogTimeout 1200 --exprEvalMaxTries 3 --maxNFSSyncWait 60 -adeBrokerAddress cinova05.lesc.ufc.br:42937 --fromADE true --virtuosoBinary virtuoso --guiDisplay cinova05.lesc.ufc.br:0 --globalStatus 60 --evaluateMultiMC yes --evalOnSimFail SkipFailedAnalyses --numRetriesOnError 1 --fenixMode explorer --lingertimeout 300 -ahdlLockTimeout 60 --sdbLib logic_gates --sdbCell lab3_nand_report --sdbView maestro --heartBeatFileDir /dev/shm --id 9 --uuid 8ac6e936-5cff-49bb-9287-5e6bb4436b41 --log /home/cinovador/Documents/course_files/digital_logic/practice_2/logs_cinovador/logs0/Job9.log "}
[2024-11-07 09:48:10.615 -0300] [PROCESS] [cadence.virtuoso.ade.simulationMonitor] - Started the simulation monitor process {"hostname": "cinova05.lesc.ufc.br", "processid": 32121, "logfile": "/home/cinovador/Documents/course_files/digital_logic/practice_2/logs_cinovador/logs0/Job9.log", "current directory": "/home/cinovador/Documents/course_files/digital_logic/practice_2"}
[2024-11-07 09:48:10.615 -0300] [PROCESS] [cadence.virtuoso.ade.simulationMonitor] - Simulation Monitor has successfully started up. Trying to set up communication channels to other components ... {"hostname": "cinova05.lesc.ufc.br", "processid": 32121, "logfile": "/home/cinovador/Documents/course_files/digital_logic/practice_2/logs_cinovador/logs0/Job9.log"}
[2024-11-07 09:48:10.744 -0300] [PROCESS] [cadence.virtuoso.ade.simulationMonitor] - Communication channels have been successfully set up. Start processing events ... {"hostname": "cinova05.lesc.ufc.br", "processid": 32121, "logfile": "/home/cinovador/Documents/course_files/digital_logic/practice_2/logs_cinovador/logs0/Job9.log"}
[2024-11-07 09:48:10.745 -0300] [PROCESS] [cadence.virtuoso.ade.simulationMonitor] - Started History {"hostname": "cinova05.lesc.ufc.br", "processid": 32121, "history": "ExplorerRun.0", "testname": "logic_gates_lab3_nand_report_1", "cornername": "Nominal", "point": 1, "logfile": "/home/cinovador/Documents/course_files/digital_logic/practice_2/logs_cinovador/logs0/Job9.log"}
[2024-11-07 09:48:10.745 -0300] [PROCESS] [cadence.virtuoso.ade.simulationMonitor] - HostInfo:
Host name (type):	cinova05.lesc.ufc.br (x86_64)
Operating system:	Linux 4.18.0-553.22.1.el8_10.x86_64 #1 SMP Wed Sep 25 09:20:43 UTC 2024 {"hostname": "cinova05.lesc.ufc.br", "processid": 32121, "history": "ExplorerRun.0", "testname": "logic_gates_lab3_nand_report_1", "cornername": "Nominal", "point": 1, "logfile": "/home/cinovador/Documents/course_files/digital_logic/practice_2/logs_cinovador/logs0/Job9.log", "nodename": "cinova05.lesc.ufc.br", "domainname": "(none)", "machine": "x86_64", "sysname": "Linux", "release": "4.18.0-553.22.1.el8_10.x86_64", "version": "#1 SMP Wed Sep 25 09:20:43 UTC 2024"}
[2024-11-07 09:48:10.745 -0300] [PROCESS] [cadence.virtuoso.ade.simulationMonitor] - UsageInfo:
pid=32121
totalPhysicalMemory=30.835907GB,Used=12.891674GB,totalVirtualMemory=46.441372GB,Used=12.891674GB
Cpu: Cores=20, Load average:0.390000,0.480000,0.460000 {"hostname": "cinova05.lesc.ufc.br", "processid": 32121, "history": "ExplorerRun.0", "testname": "logic_gates_lab3_nand_report_1", "cornername": "Nominal", "point": 1, "logfile": "/home/cinovador/Documents/course_files/digital_logic/practice_2/logs_cinovador/logs0/Job9.log", "pid": "32121", "totalPhysicalMemory": "30.835907", "physicalMemoryUsed": "12.891674", "totalVirtualMemory": "46.441372", "virtualMemoryUsed": "12.891674", "cpuCores": "20", "processes": "1528", "loadAverage1": "0.390000", "loadAverage5": "0.480000", "loadAverage15": "0.460000", "loadAverage1Percent": "0.019500"}
[2024-11-07 09:48:10.745 -0300] [EVENT] [cadence.virtuoso.ade.simulationMonitor] - NewPoint {"history": "ExplorerRun.0", "point": 1, "testname": "logic_gates_lab3_nand_report_1", "cornername": "Nominal", "event": "NewPoint", "EventSource": "Simulation Monitor", "HistoryName": "ExplorerRun.0", "logFile": "/home/cinovador/Documents/course_files/digital_logic/practice_2/logs_cinovador/logs0/Job9.log", "logFileSize": "4627", "category": "simulation"}
[2024-11-07 09:48:10.845 -0300] [EVENT] [cadence.virtuoso.ade.simulationMonitor] - NewPoint {"history": "ExplorerRun.0", "point": 1, "testname": "logic_gates_lab3_nand_report_1", "cornername": "Nominal", "event": "NewPoint", "EventSource": "spectre", "HistoryName": "ExplorerRun.0", "logFile": "/home/cinovador/Documents/course_files/digital_logic/practice_2/logic_gates/lab3_nand_report/logic_gates/lab3_nand_report/maestro/results/maestro/ExplorerRun.0/1/logic_gates_lab3_nand_report_1/psf/spectre.out", "logFileSize": "-1", "category": "simulation"}
[2024-11-07 09:48:21.003 -0300] [PROCESS] [cadence.virtuoso.ade.simulationMonitor] - Simulator launched {"hostname": "cinova05.lesc.ufc.br", "processid": 32121, "history": "ExplorerRun.0", "testname": "logic_gates_lab3_nand_report_1", "cornername": "Nominal", "point": 1, "logfile": "/home/cinovador/Documents/course_files/digital_logic/practice_2/logs_cinovador/logs0/Job9.log", "simid": "1", "event": "launch", "category": "simulation"}
[2024-11-07 09:48:21.004 -0300] [PROCESS] [cadence.virtuoso.ade.simulationMonitor] - Expression evaluator launched {"hostname": "cinova05.lesc.ufc.br", "processid": 32121, "history": "ExplorerRun.0", "testname": "logic_gates_lab3_nand_report_1", "cornername": "Nominal", "point": 1, "logfile": "/home/cinovador/Documents/course_files/digital_logic/practice_2/logs_cinovador/logs0/Job9.log"}
[2024-11-07 09:48:21.040 -0300] [PROCESS] [cadence.virtuoso.ade.simulationMonitor] - Started Simulation {"hostname": "cinova05.lesc.ufc.br", "processid": 32121, "history": "ExplorerRun.0", "testname": "logic_gates_lab3_nand_report_1", "cornername": "Nominal", "point": 1, "logfile": "/home/cinovador/Documents/course_files/digital_logic/practice_2/logs_cinovador/logs0/Job9.log", "event": "start", "category": "simulation"}
[2024-11-07 09:48:24.040 -0300] [INFO] [cadence.virtuoso.ade.simulationMonitor] - Peak resident memory used = 189 Mbytes. {"history": "ExplorerRun.0", "point": 1, "testname": "logic_gates_lab3_nand_report_1", "cornername": "Nominal"}
[2024-11-07 09:48:24.040 -0300] [INFO] [cadence.virtuoso.ade.simulationMonitor] - Peak resident memory used = 201 Mbytes. {"history": "ExplorerRun.0", "point": 1, "testname": "logic_gates_lab3_nand_report_1", "cornername": "Nominal"}
[2024-11-07 09:48:24.040 -0300] [INFO] [cadence.virtuoso.ade.simulationMonitor] - Notice from spectre during hierarchy flattening.
    The value 'psf' specified for the 'checklimitdest' option will no longer be supported in future releases. Use 'spectre -h' to see other recommended values for the 'checklimitdest' option. {"history": "ExplorerRun.0", "point": 1, "testname": "logic_gates_lab3_nand_report_1", "cornername": "Nominal"}
[2024-11-07 09:48:24.040 -0300] [INFO] [cadence.virtuoso.ade.simulationMonitor] - Peak resident memory used = 202 Mbytes. {"history": "ExplorerRun.0", "point": 1, "testname": "logic_gates_lab3_nand_report_1", "cornername": "Nominal"}
[2024-11-07 09:48:24.041 -0300] [INFO] [cadence.virtuoso.ade.simulationMonitor] - Notice from spectre during initial setup.
    Multithreading is disabled due to the size of the design being too small. {"history": "ExplorerRun.0", "point": 1, "testname": "logic_gates_lab3_nand_report_1", "cornername": "Nominal"}
[2024-11-07 09:48:24.041 -0300] [INFO] [cadence.virtuoso.ade.simulationMonitor] -               nodes 9 {"history": "ExplorerRun.0", "point": 1, "testname": "logic_gates_lab3_nand_report_1", "cornername": "Nominal"}
[2024-11-07 09:48:24.041 -0300] [INFO] [cadence.virtuoso.ade.simulationMonitor] - Notice from spectre during initial setup.
    Protected devices exist and are not included in the circuit inventory.
    APS enabled. {"history": "ExplorerRun.0", "point": 1, "testname": "logic_gates_lab3_nand_report_1", "cornername": "Nominal"}
[2024-11-07 09:48:24.041 -0300] [INFO] [cadence.virtuoso.ade.simulationMonitor] - Peak resident memory used = 205 Mbytes. {"history": "ExplorerRun.0", "point": 1, "testname": "logic_gates_lab3_nand_report_1", "cornername": "Nominal"}
[2024-11-07 09:48:24.041 -0300] [INFO] [cadence.virtuoso.ade.simulationMonitor] -    -   (APS) Multi-threading. The recommended number of threads is 1, consider adding +mt=1 on command line. {"history": "ExplorerRun.0", "point": 1, "testname": "logic_gates_lab3_nand_report_1", "cornername": "Nominal"}
[2024-11-07 09:48:24.041 -0300] [INFO] [cadence.virtuoso.ade.simulationMonitor] - Notice from spectre during IC analysis, during transient analysis `tran'.
    GminDC = 1 pS is large enough to noticeably affect the DC solution.
        dV(net1) = 58.7674 mV
        Use the `gmin_check' option to eliminate or expand this report. {"history": "ExplorerRun.0", "point": 1, "testname": "logic_gates_lab3_nand_report_1", "cornername": "Nominal"}
[2024-11-07 09:48:24.041 -0300] [INFO] [cadence.virtuoso.ade.simulationMonitor] - Notice from spectre during transient analysis `tran'.
    Multithreading is disabled due to the size of the design being too small. {"history": "ExplorerRun.0", "point": 1, "testname": "logic_gates_lab3_nand_report_1", "cornername": "Nominal"}
[2024-11-07 09:48:24.041 -0300] [INFO] [cadence.virtuoso.ade.simulationMonitor] - Intrinsic tran analysis time:    CPU = 169.123 ms, elapsed = 170.83 ms. {"history": "ExplorerRun.0", "point": 1, "testname": "logic_gates_lab3_nand_report_1", "cornername": "Nominal"}
[2024-11-07 09:48:24.041 -0300] [INFO] [cadence.virtuoso.ade.simulationMonitor] - Total time required for tran analysis `tran': CPU = 170.033 ms, elapsed = 171.738 ms, util. = 99%. {"history": "ExplorerRun.0", "point": 1, "testname": "logic_gates_lab3_nand_report_1", "cornername": "Nominal"}
[2024-11-07 09:48:24.041 -0300] [INFO] [cadence.virtuoso.ade.simulationMonitor] - Peak resident memory used = 214 Mbytes. {"history": "ExplorerRun.0", "point": 1, "testname": "logic_gates_lab3_nand_report_1", "cornername": "Nominal"}
[2024-11-07 09:48:24.541 -0300] [INFO] [cadence.virtuoso.ade.simulationMonitor] - Time used: CPU = 495 ms, elapsed = 2.82 s, util. = 17.5%. {"history": "ExplorerRun.0", "point": 1, "testname": "logic_gates_lab3_nand_report_1", "cornername": "Nominal"}
[2024-11-07 09:48:24.541 -0300] [INFO] [cadence.virtuoso.ade.simulationMonitor] - Time spent in licensing: elapsed = 1.42 s, percentage of total = 50.4%. {"history": "ExplorerRun.0", "point": 1, "testname": "logic_gates_lab3_nand_report_1", "cornername": "Nominal"}
[2024-11-07 09:48:24.541 -0300] [INFO] [cadence.virtuoso.ade.simulationMonitor] - Peak memory used = 215 Mbytes. {"history": "ExplorerRun.0", "point": 1, "testname": "logic_gates_lab3_nand_report_1", "cornername": "Nominal"}
[2024-11-07 09:48:24.541 -0300] [PROCESS] [cadence.virtuoso.ade.simulationMonitor] - Simulation started at: 9:48:21 AM, Thur Nov 7, 2024, ended at: 9:48:24 AM, Thur Nov 7, 2024, with elapsed time (wall clock): 2.82 s. {"history": "ExplorerRun.0", "point": 1, "testname": "logic_gates_lab3_nand_report_1", "cornername": "Nominal"}
[2024-11-07 09:48:24.541 -0300] [PROCESS] [cadence.virtuoso.ade.simulationMonitor] - spectre completes with 0 errors, 0 warnings, and 7 notices. {"history": "ExplorerRun.0", "point": 1, "testname": "logic_gates_lab3_nand_report_1", "cornername": "Nominal"}
[2024-11-07 09:48:24.541 -0300] [PROCESS] [cadence.virtuoso.ade.simulationMonitor] - Finished simulating for one point {"hostname": "cinova05.lesc.ufc.br", "processid": 32121, "history": "ExplorerRun.0", "testname": "logic_gates_lab3_nand_report_1", "cornername": "Nominal", "point": 1, "logfile": "/home/cinovador/Documents/course_files/digital_logic/practice_2/logs_cinovador/logs0/Job9.log", "simid": "1", "event": "finish", "category": "simulation"}
[2024-11-07 09:48:24.541 -0300] [PROCESS] [cadence.virtuoso.ade.simulationMonitor] - Simulator exited {"hostname": "cinova05.lesc.ufc.br", "processid": 32121, "history": "ExplorerRun.0", "testname": "logic_gates_lab3_nand_report_1", "cornername": "Nominal", "point": 1, "logfile": "/home/cinovador/Documents/course_files/digital_logic/practice_2/logs_cinovador/logs0/Job9.log", "exitStatus": "0"}
[2024-11-07 09:48:24.541 -0300] [PROCESS] [cadence.virtuoso.ade.simulationMonitor] - Finished Simulation {"hostname": "cinova05.lesc.ufc.br", "processid": 32121, "history": "ExplorerRun.0", "testname": "logic_gates_lab3_nand_report_1", "cornername": "Nominal", "point": 1, "logfile": "/home/cinovador/Documents/course_files/digital_logic/practice_2/logs_cinovador/logs0/Job9.log", "simid": "1", "event": "finish", "category": "obsolete"}
[2024-11-07 09:48:25.042 -0300] [PROCESS] [cadence.virtuoso.ade.simulationMonitor] - Point Finished {"hostname": "cinova05.lesc.ufc.br", "processid": 32121, "history": "ExplorerRun.0", "testname": "logic_gates_lab3_nand_report_1", "cornername": "Nominal", "point": 1, "logfile": "/home/cinovador/Documents/course_files/digital_logic/practice_2/logs_cinovador/logs0/Job9.log", "event": "finish", "category": "sim-eval"}
[2024-11-07 09:49:35.123 -0300] [INFO] [cadence.virtuoso.ade.simulationMonitor] - SimulationMonitor has terminated the vds process '32213', reason: 'Force to stop the expression evalutor process because of new run' {"history": "ExplorerRun.0", "point": 1, "testname": "logic_gates_lab3_nand_report_1", "cornername": "Nominal"}
[2024-11-07 09:49:35.123 -0300] [PROCESS] [cadence.virtuoso.ade.simulationMonitor] - HostInfo:
Host name (type):	cinova05.lesc.ufc.br (x86_64)
Operating system:	Linux 4.18.0-553.22.1.el8_10.x86_64 #1 SMP Wed Sep 25 09:20:43 UTC 2024 {"hostname": "cinova05.lesc.ufc.br", "processid": 32121, "history": "ExplorerRun.0", "testname": "logic_gates_lab3_nand_report_1", "cornername": "Nominal", "point": 1, "logfile": "/home/cinovador/Documents/course_files/digital_logic/practice_2/logs_cinovador/logs0/Job9.log", "nodename": "cinova05.lesc.ufc.br", "domainname": "(none)", "machine": "x86_64", "sysname": "Linux", "release": "4.18.0-553.22.1.el8_10.x86_64", "version": "#1 SMP Wed Sep 25 09:20:43 UTC 2024"}
[2024-11-07 09:49:35.123 -0300] [PROCESS] [cadence.virtuoso.ade.simulationMonitor] - UsageInfo:
pid=32121
totalPhysicalMemory=30.835907GB,Used=12.939384GB,totalVirtualMemory=46.441372GB,Used=12.939384GB
Cpu: Cores=20, Load average:0.540000,0.500000,0.470000 {"hostname": "cinova05.lesc.ufc.br", "processid": 32121, "history": "ExplorerRun.0", "testname": "logic_gates_lab3_nand_report_1", "cornername": "Nominal", "point": 1, "logfile": "/home/cinovador/Documents/course_files/digital_logic/practice_2/logs_cinovador/logs0/Job9.log", "pid": "32121", "totalPhysicalMemory": "30.835907", "physicalMemoryUsed": "12.939384", "totalVirtualMemory": "46.441372", "virtualMemoryUsed": "12.939384", "cpuCores": "20", "processes": "1524", "loadAverage1": "0.540000", "loadAverage5": "0.500000", "loadAverage15": "0.470000", "loadAverage1Percent": "0.027000"}
[2024-11-07 09:49:35.124 -0300] [EVENT] [cadence.virtuoso.ade.simulationMonitor] - NewPoint {"history": "ExplorerRun.0", "point": 1, "testname": "logic_gates_lab3_nand_report_1", "cornername": "Nominal", "event": "NewPoint", "EventSource": "Simulation Monitor", "HistoryName": "ExplorerRun.0", "logFile": "/home/cinovador/Documents/course_files/digital_logic/practice_2/logs_cinovador/logs0/Job9.log", "logFileSize": "15896", "category": "simulation"}
[2024-11-07 09:49:35.224 -0300] [EVENT] [cadence.virtuoso.ade.simulationMonitor] - NewPoint {"history": "ExplorerRun.0", "point": 1, "testname": "logic_gates_lab3_nand_report_1", "cornername": "Nominal", "event": "NewPoint", "EventSource": "spectre", "HistoryName": "ExplorerRun.0", "logFile": "/home/cinovador/Documents/course_files/digital_logic/practice_2/logic_gates/lab3_nand_report/logic_gates/lab3_nand_report/maestro/results/maestro/ExplorerRun.0/1/logic_gates_lab3_nand_report_1/psf/spectre.out", "logFileSize": "-1", "category": "simulation"}
[2024-11-07 09:49:45.163 -0300] [PROCESS] [cadence.virtuoso.ade.simulationMonitor] - Simulator launched {"hostname": "cinova05.lesc.ufc.br", "processid": 32121, "history": "ExplorerRun.0", "testname": "logic_gates_lab3_nand_report_1", "cornername": "Nominal", "point": 1, "logfile": "/home/cinovador/Documents/course_files/digital_logic/practice_2/logs_cinovador/logs0/Job9.log", "simid": "2", "event": "launch", "category": "simulation"}
[2024-11-07 09:49:45.164 -0300] [PROCESS] [cadence.virtuoso.ade.simulationMonitor] - Expression evaluator launched {"hostname": "cinova05.lesc.ufc.br", "processid": 32121, "history": "ExplorerRun.0", "testname": "logic_gates_lab3_nand_report_1", "cornername": "Nominal", "point": 1, "logfile": "/home/cinovador/Documents/course_files/digital_logic/practice_2/logs_cinovador/logs0/Job9.log"}
[2024-11-07 09:49:45.198 -0300] [PROCESS] [cadence.virtuoso.ade.simulationMonitor] - Started Simulation {"hostname": "cinova05.lesc.ufc.br", "processid": 32121, "history": "ExplorerRun.0", "testname": "logic_gates_lab3_nand_report_1", "cornername": "Nominal", "point": 1, "logfile": "/home/cinovador/Documents/course_files/digital_logic/practice_2/logs_cinovador/logs0/Job9.log", "event": "start", "category": "simulation"}
[2024-11-07 09:49:48.198 -0300] [INFO] [cadence.virtuoso.ade.simulationMonitor] - Peak resident memory used = 185 Mbytes. {"history": "ExplorerRun.0", "point": 1, "testname": "logic_gates_lab3_nand_report_1", "cornername": "Nominal"}
[2024-11-07 09:49:48.199 -0300] [INFO] [cadence.virtuoso.ade.simulationMonitor] - Peak resident memory used = 198 Mbytes. {"history": "ExplorerRun.0", "point": 1, "testname": "logic_gates_lab3_nand_report_1", "cornername": "Nominal"}
[2024-11-07 09:49:48.199 -0300] [INFO] [cadence.virtuoso.ade.simulationMonitor] - Notice from spectre during hierarchy flattening.
    The value 'psf' specified for the 'checklimitdest' option will no longer be supported in future releases. Use 'spectre -h' to see other recommended values for the 'checklimitdest' option. {"history": "ExplorerRun.0", "point": 1, "testname": "logic_gates_lab3_nand_report_1", "cornername": "Nominal"}
[2024-11-07 09:49:48.199 -0300] [INFO] [cadence.virtuoso.ade.simulationMonitor] - Peak resident memory used = 199 Mbytes. {"history": "ExplorerRun.0", "point": 1, "testname": "logic_gates_lab3_nand_report_1", "cornername": "Nominal"}
[2024-11-07 09:49:48.199 -0300] [INFO] [cadence.virtuoso.ade.simulationMonitor] - Notice from spectre during initial setup.
    Multithreading is disabled due to the size of the design being too small. {"history": "ExplorerRun.0", "point": 1, "testname": "logic_gates_lab3_nand_report_1", "cornername": "Nominal"}
[2024-11-07 09:49:48.199 -0300] [INFO] [cadence.virtuoso.ade.simulationMonitor] -               nodes 9 {"history": "ExplorerRun.0", "point": 1, "testname": "logic_gates_lab3_nand_report_1", "cornername": "Nominal"}
[2024-11-07 09:49:48.199 -0300] [INFO] [cadence.virtuoso.ade.simulationMonitor] - Notice from spectre during initial setup.
    Protected devices exist and are not included in the circuit inventory.
    APS enabled. {"history": "ExplorerRun.0", "point": 1, "testname": "logic_gates_lab3_nand_report_1", "cornername": "Nominal"}
[2024-11-07 09:49:48.199 -0300] [INFO] [cadence.virtuoso.ade.simulationMonitor] - Peak resident memory used = 202 Mbytes. {"history": "ExplorerRun.0", "point": 1, "testname": "logic_gates_lab3_nand_report_1", "cornername": "Nominal"}
[2024-11-07 09:49:48.199 -0300] [INFO] [cadence.virtuoso.ade.simulationMonitor] -    -   (APS) Multi-threading. The recommended number of threads is 1, consider adding +mt=1 on command line. {"history": "ExplorerRun.0", "point": 1, "testname": "logic_gates_lab3_nand_report_1", "cornername": "Nominal"}
[2024-11-07 09:49:48.199 -0300] [INFO] [cadence.virtuoso.ade.simulationMonitor] - Notice from spectre during transient analysis `tran'.
    Multithreading is disabled due to the size of the design being too small. {"history": "ExplorerRun.0", "point": 1, "testname": "logic_gates_lab3_nand_report_1", "cornername": "Nominal"}
[2024-11-07 09:49:48.199 -0300] [INFO] [cadence.virtuoso.ade.simulationMonitor] - Notice from spectre at time = 32.2057 ns during transient analysis `tran'.
    Found trapezoidal ringing on node net1. {"history": "ExplorerRun.0", "point": 1, "testname": "logic_gates_lab3_nand_report_1", "cornername": "Nominal"}
[2024-11-07 09:49:48.199 -0300] [INFO] [cadence.virtuoso.ade.simulationMonitor] - Notice from spectre at time = 63.2557 ns during transient analysis `tran'.
    Found trapezoidal ringing on node net1. {"history": "ExplorerRun.0", "point": 1, "testname": "logic_gates_lab3_nand_report_1", "cornername": "Nominal"}
[2024-11-07 09:49:48.199 -0300] [INFO] [cadence.virtuoso.ade.simulationMonitor] - Notice from spectre at time = 125.356 ns during transient analysis `tran'.
    Found trapezoidal ringing on node net1. {"history": "ExplorerRun.0", "point": 1, "testname": "logic_gates_lab3_nand_report_1", "cornername": "Nominal"}
[2024-11-07 09:49:48.199 -0300] [INFO] [cadence.virtuoso.ade.simulationMonitor] - Notice from spectre at time = 249.556 ns during transient analysis `tran'.
    Found trapezoidal ringing on node net1. {"history": "ExplorerRun.0", "point": 1, "testname": "logic_gates_lab3_nand_report_1", "cornername": "Nominal"}
[2024-11-07 09:49:48.199 -0300] [INFO] [cadence.virtuoso.ade.simulationMonitor] - Notice from spectre at time = 374.829 ns during transient analysis `tran'.
    Found trapezoidal ringing on node V0:p.
        Further occurrences of this notice will be suppressed. {"history": "ExplorerRun.0", "point": 1, "testname": "logic_gates_lab3_nand_report_1", "cornername": "Nominal"}
[2024-11-07 09:49:48.699 -0300] [INFO] [cadence.virtuoso.ade.simulationMonitor] - Notice from spectre during transient analysis `tran'.
    Trapezoidal ringing is detected during tran analysis.
        Please use method=trap for better results and performance. {"history": "ExplorerRun.0", "point": 1, "testname": "logic_gates_lab3_nand_report_1", "cornername": "Nominal"}
[2024-11-07 09:49:48.699 -0300] [INFO] [cadence.virtuoso.ade.simulationMonitor] - Intrinsic tran analysis time:    CPU = 152.678 ms, elapsed = 154.877 ms. {"history": "ExplorerRun.0", "point": 1, "testname": "logic_gates_lab3_nand_report_1", "cornername": "Nominal"}
[2024-11-07 09:49:48.699 -0300] [INFO] [cadence.virtuoso.ade.simulationMonitor] - Total time required for tran analysis `tran': CPU = 154.613 ms, elapsed = 156.816 ms, util. = 98.6%. {"history": "ExplorerRun.0", "point": 1, "testname": "logic_gates_lab3_nand_report_1", "cornername": "Nominal"}
[2024-11-07 09:49:48.699 -0300] [INFO] [cadence.virtuoso.ade.simulationMonitor] - Peak resident memory used = 210 Mbytes. {"history": "ExplorerRun.0", "point": 1, "testname": "logic_gates_lab3_nand_report_1", "cornername": "Nominal"}
[2024-11-07 09:49:48.699 -0300] [INFO] [cadence.virtuoso.ade.simulationMonitor] - Notice from spectre.
    795 notices suppressed. {"history": "ExplorerRun.0", "point": 1, "testname": "logic_gates_lab3_nand_report_1", "cornername": "Nominal"}
[2024-11-07 09:49:48.699 -0300] [INFO] [cadence.virtuoso.ade.simulationMonitor] - Time used: CPU = 475 ms, elapsed = 2.95 s, util. = 16.1%. {"history": "ExplorerRun.0", "point": 1, "testname": "logic_gates_lab3_nand_report_1", "cornername": "Nominal"}
[2024-11-07 09:49:48.699 -0300] [INFO] [cadence.virtuoso.ade.simulationMonitor] - Time spent in licensing: elapsed = 1.66 s, percentage of total = 56%. {"history": "ExplorerRun.0", "point": 1, "testname": "logic_gates_lab3_nand_report_1", "cornername": "Nominal"}
[2024-11-07 09:49:48.699 -0300] [INFO] [cadence.virtuoso.ade.simulationMonitor] - Peak memory used = 212 Mbytes. {"history": "ExplorerRun.0", "point": 1, "testname": "logic_gates_lab3_nand_report_1", "cornername": "Nominal"}
[2024-11-07 09:49:48.700 -0300] [PROCESS] [cadence.virtuoso.ade.simulationMonitor] - Simulation started at: 9:49:45 AM, Thur Nov 7, 2024, ended at: 9:49:48 AM, Thur Nov 7, 2024, with elapsed time (wall clock): 2.95 s. {"history": "ExplorerRun.0", "point": 1, "testname": "logic_gates_lab3_nand_report_1", "cornername": "Nominal"}
[2024-11-07 09:49:48.700 -0300] [PROCESS] [cadence.virtuoso.ade.simulationMonitor] - spectre completes with 0 errors, 0 warnings, and 13 notices. {"history": "ExplorerRun.0", "point": 1, "testname": "logic_gates_lab3_nand_report_1", "cornername": "Nominal"}
[2024-11-07 09:49:48.700 -0300] [PROCESS] [cadence.virtuoso.ade.simulationMonitor] - Finished simulating for one point {"hostname": "cinova05.lesc.ufc.br", "processid": 32121, "history": "ExplorerRun.0", "testname": "logic_gates_lab3_nand_report_1", "cornername": "Nominal", "point": 1, "logfile": "/home/cinovador/Documents/course_files/digital_logic/practice_2/logs_cinovador/logs0/Job9.log", "simid": "2", "event": "finish", "category": "simulation"}
[2024-11-07 09:49:48.700 -0300] [PROCESS] [cadence.virtuoso.ade.simulationMonitor] - Simulator exited {"hostname": "cinova05.lesc.ufc.br", "processid": 32121, "history": "ExplorerRun.0", "testname": "logic_gates_lab3_nand_report_1", "cornername": "Nominal", "point": 1, "logfile": "/home/cinovador/Documents/course_files/digital_logic/practice_2/logs_cinovador/logs0/Job9.log", "exitStatus": "0"}
[2024-11-07 09:49:48.700 -0300] [PROCESS] [cadence.virtuoso.ade.simulationMonitor] - Finished Simulation {"hostname": "cinova05.lesc.ufc.br", "processid": 32121, "history": "ExplorerRun.0", "testname": "logic_gates_lab3_nand_report_1", "cornername": "Nominal", "point": 1, "logfile": "/home/cinovador/Documents/course_files/digital_logic/practice_2/logs_cinovador/logs0/Job9.log", "simid": "2", "event": "finish", "category": "obsolete"}
[2024-11-07 09:49:49.200 -0300] [PROCESS] [cadence.virtuoso.ade.simulationMonitor] - Point Finished {"hostname": "cinova05.lesc.ufc.br", "processid": 32121, "history": "ExplorerRun.0", "testname": "logic_gates_lab3_nand_report_1", "cornername": "Nominal", "point": 1, "logfile": "/home/cinovador/Documents/course_files/digital_logic/practice_2/logs_cinovador/logs0/Job9.log", "event": "finish", "category": "sim-eval"}
[2024-11-07 09:54:49.716 -0300] [PROCESS] [cadence.virtuoso.ade.simulationMonitor] - Current memory used: 84.0039 MBytes, peak memory used: 84.0039 MBytes {"hostname": "cinova05.lesc.ufc.br", "processid": 32121, "history": "ExplorerRun.0", "testname": "logic_gates_lab3_nand_report_1", "cornername": "Nominal", "point": 1, "logfile": "/home/cinovador/Documents/course_files/digital_logic/practice_2/logs_cinovador/logs0/Job9.log"}
[2024-11-07 09:54:49.716 -0300] [PROCESS] [cadence.virtuoso.ade.simulationMonitor] - Simulation Monitor process exits. {"hostname": "cinova05.lesc.ufc.br", "processid": 32121, "history": "ExplorerRun.0", "testname": "logic_gates_lab3_nand_report_1", "cornername": "Nominal", "point": 1, "logfile": "/home/cinovador/Documents/course_files/digital_logic/practice_2/logs_cinovador/logs0/Job9.log"}
