[Logging Service: 9]
[2024-11-05 16:56:37.043 -0300] [INFO] [cadence.virtuoso.ade.loggingservice] - HistoryRecorderManager init {"dbBasePath": "/home/cinovador/Documents/course_files/digital_logic/practice_2/logic_gates/lab3_nor_report/maestro/results/maestro"}
[2024-11-05 16:56:37.043 -0300] [INFO] [cadence.virtuoso.ade.loggingservice] - useGRPC grpc service... {"brokerAddress": "cinova05.lesc.ufc.br:40141", "serviceName": "DaVinciService_14928_1730827588", "axlSession": "fnxSession1"}
[2024-11-05 16:56:37.043 -0300] [PROCESS] [cadence.virtuoso.ade.loggingservice] - Logging Service has successfully started. Waiting for incoming messages ... {"hostname": "cinova05.lesc.ufc.br", "processid": 88715, "logfile": "/home/cinovador/Documents/course_files/digital_logic/practice_2/logs_cinovador/logs0/LoggingService9.log"}
[2024-11-05 16:56:37.309 -0300] [INFO] [cadence.virtuoso.ade.loggingservice] - logging service gRPC started {"broker address": "cinova05.lesc.ufc.br:34243"}
[2024-11-05 17:02:42.240 -0300] [ERROR] [cadence.virtuoso.ade.loggingservice] - ServiceDBAccessSqliteOp::evalSql failed {"reason": "UNIQUE constraint failed: location.point, location.test, location.tool", "sql": "INSERT INTO location (tool, file, point, test, line) VALUES ('unknown', '', '', '', '0');"}
[2024-11-05 17:02:42.779 -0300] [ERROR] [cadence.virtuoso.ade.loggingservice] - historySqliteRecorder::insert failed {"reason": "attempt to write a readonly database"}
[2024-11-05 17:02:43.013 -0300] [ERROR] [cadence.virtuoso.ade.loggingservice] - historySqliteRecorder::insert failed {"reason": "attempt to write a readonly database"}
[2024-11-05 17:02:43.013 -0300] [ERROR] [cadence.virtuoso.ade.loggingservice] - historySqliteRecorder::insert failed {"reason": "attempt to write a readonly database"}
[2024-11-05 17:02:44.013 -0300] [ERROR] [cadence.virtuoso.ade.loggingservice] - historySqliteRecorder::insert failed {"reason": "attempt to write a readonly database"}
[2024-11-05 17:02:44.013 -0300] [ERROR] [cadence.virtuoso.ade.loggingservice] - historySqliteRecorder::insert failed {"reason": "attempt to write a readonly database"}
[2024-11-05 17:02:44.014 -0300] [ERROR] [cadence.virtuoso.ade.loggingservice] - historySqliteRecorder::insert failed {"reason": "attempt to write a readonly database"}
[2024-11-05 17:02:44.014 -0300] [ERROR] [cadence.virtuoso.ade.loggingservice] - historySqliteRecorder::insert location failed {"reason": "attempt to write a readonly database"}
[2024-11-05 17:02:44.114 -0300] [ERROR] [cadence.virtuoso.ade.loggingservice] - historySqliteRecorder::insert location failed {"reason": "attempt to write a readonly database"}
[2024-11-05 17:02:54.060 -0300] [ERROR] [cadence.virtuoso.ade.loggingservice] - historySqliteRecorder::insert failed {"reason": "attempt to write a readonly database"}
[2024-11-05 17:02:54.061 -0300] [ERROR] [cadence.virtuoso.ade.loggingservice] - historySqliteRecorder::insert failed {"reason": "attempt to write a readonly database"}
[2024-11-05 17:02:54.097 -0300] [ERROR] [cadence.virtuoso.ade.loggingservice] - historySqliteRecorder::insert failed {"reason": "attempt to write a readonly database"}
[2024-11-05 17:02:56.376 -0300] [ERROR] [cadence.virtuoso.ade.loggingservice] - historySqliteRecorder::insert location failed {"reason": "attempt to write a readonly database"}
[2024-11-05 17:02:56.376 -0300] [ERROR] [cadence.virtuoso.ade.loggingservice] - historySqliteRecorder::insert failed {"reason": "attempt to write a readonly database"}
[2024-11-05 17:02:57.098 -0300] [ERROR] [cadence.virtuoso.ade.loggingservice] - historySqliteRecorder::insert failed {"reason": "attempt to write a readonly database"}
[2024-11-05 17:02:57.098 -0300] [ERROR] [cadence.virtuoso.ade.loggingservice] - historySqliteRecorder::insert failed {"reason": "attempt to write a readonly database"}
[2024-11-05 17:02:57.098 -0300] [ERROR] [cadence.virtuoso.ade.loggingservice] - historySqliteRecorder::insert failed {"reason": "attempt to write a readonly database"}
[2024-11-05 17:02:57.098 -0300] [ERROR] [cadence.virtuoso.ade.loggingservice] - historySqliteRecorder::insert failed {"reason": "attempt to write a readonly database"}
[2024-11-05 17:02:57.099 -0300] [ERROR] [cadence.virtuoso.ade.loggingservice] - historySqliteRecorder::insert failed {"reason": "attempt to write a readonly database"}
[2024-11-05 17:02:57.099 -0300] [ERROR] [cadence.virtuoso.ade.loggingservice] - historySqliteRecorder::insert failed {"reason": "attempt to write a readonly database"}
[2024-11-05 17:02:57.099 -0300] [ERROR] [cadence.virtuoso.ade.loggingservice] - historySqliteRecorder::insert failed {"reason": "attempt to write a readonly database"}
[2024-11-05 17:02:57.099 -0300] [ERROR] [cadence.virtuoso.ade.loggingservice] - historySqliteRecorder::insert failed {"reason": "attempt to write a readonly database"}
[2024-11-05 17:02:57.099 -0300] [ERROR] [cadence.virtuoso.ade.loggingservice] - historySqliteRecorder::insert failed {"reason": "attempt to write a readonly database"}
[2024-11-05 17:02:57.099 -0300] [ERROR] [cadence.virtuoso.ade.loggingservice] - historySqliteRecorder::insert failed {"reason": "attempt to write a readonly database"}
[2024-11-05 17:02:57.100 -0300] [ERROR] [cadence.virtuoso.ade.loggingservice] - historySqliteRecorder::insert failed {"reason": "attempt to write a readonly database"}
[2024-11-05 17:02:57.100 -0300] [ERROR] [cadence.virtuoso.ade.loggingservice] - historySqliteRecorder::insert failed {"reason": "attempt to write a readonly database"}
[2024-11-05 17:02:57.100 -0300] [ERROR] [cadence.virtuoso.ade.loggingservice] - historySqliteRecorder::insert failed {"reason": "attempt to write a readonly database"}
[2024-11-05 17:02:57.100 -0300] [ERROR] [cadence.virtuoso.ade.loggingservice] - historySqliteRecorder::insert failed {"reason": "attempt to write a readonly database"}
[2024-11-05 17:02:57.100 -0300] [ERROR] [cadence.virtuoso.ade.loggingservice] - historySqliteRecorder::insert failed {"reason": "attempt to write a readonly database"}
[2024-11-05 17:02:57.598 -0300] [ERROR] [cadence.virtuoso.ade.loggingservice] - historySqliteRecorder::insert failed {"reason": "attempt to write a readonly database"}
[2024-11-05 17:02:57.599 -0300] [ERROR] [cadence.virtuoso.ade.loggingservice] - historySqliteRecorder::insert failed {"reason": "attempt to write a readonly database"}
[2024-11-05 17:02:57.599 -0300] [ERROR] [cadence.virtuoso.ade.loggingservice] - historySqliteRecorder::insert failed {"reason": "attempt to write a readonly database"}
[2024-11-05 17:02:57.600 -0300] [ERROR] [cadence.virtuoso.ade.loggingservice] - historySqliteRecorder::insert failed {"reason": "attempt to write a readonly database"}
[2024-11-05 17:02:57.600 -0300] [ERROR] [cadence.virtuoso.ade.loggingservice] - historySqliteRecorder::insert failed {"reason": "attempt to write a readonly database"}
[2024-11-05 17:02:57.600 -0300] [ERROR] [cadence.virtuoso.ade.loggingservice] - historySqliteRecorder::insert failed {"reason": "attempt to write a readonly database"}
[2024-11-05 17:02:57.600 -0300] [ERROR] [cadence.virtuoso.ade.loggingservice] - historySqliteRecorder::insert failed {"reason": "attempt to write a readonly database"}
[2024-11-05 17:02:57.601 -0300] [ERROR] [cadence.virtuoso.ade.loggingservice] - historySqliteRecorder::insert failed {"reason": "attempt to write a readonly database"}
[2024-11-05 17:02:57.601 -0300] [ERROR] [cadence.virtuoso.ade.loggingservice] - historySqliteRecorder::insert failed {"reason": "attempt to write a readonly database"}
[2024-11-05 17:02:57.601 -0300] [ERROR] [cadence.virtuoso.ade.loggingservice] - historySqliteRecorder::insert failed {"reason": "attempt to write a readonly database"}
[2024-11-05 17:02:57.601 -0300] [ERROR] [cadence.virtuoso.ade.loggingservice] - historySqliteRecorder::insert failed {"reason": "attempt to write a readonly database"}
[2024-11-05 17:02:57.601 -0300] [ERROR] [cadence.virtuoso.ade.loggingservice] - historySqliteRecorder::insert failed {"reason": "attempt to write a readonly database"}
[2024-11-05 17:02:57.601 -0300] [ERROR] [cadence.virtuoso.ade.loggingservice] - historySqliteRecorder::insert failed {"reason": "attempt to write a readonly database"}
[2024-11-05 17:02:57.683 -0300] [ERROR] [cadence.virtuoso.ade.loggingservice] - historySqliteRecorder::insert location failed {"reason": "attempt to write a readonly database"}
[2024-11-05 17:02:57.877 -0300] [ERROR] [cadence.virtuoso.ade.loggingservice] - historySqliteRecorder::insert failed {"reason": "attempt to write a readonly database"}
[2024-11-05 17:02:58.082 -0300] [ERROR] [cadence.virtuoso.ade.loggingservice] - historySqliteRecorder::insert failed {"reason": "attempt to write a readonly database"}
[2024-11-05 17:02:58.599 -0300] [ERROR] [cadence.virtuoso.ade.loggingservice] - historySqliteRecorder::insert failed {"reason": "attempt to write a readonly database"}
[2024-11-05 17:02:58.814 -0300] [ERROR] [cadence.virtuoso.ade.loggingservice] - historySqliteRecorder::insert failed {"reason": "attempt to write a readonly database"}
[2024-11-05 17:06:16.208 -0300] [ERROR] [cadence.virtuoso.ade.loggingservice] - ServiceDBAccessSqliteOp::evalSql failed {"reason": "UNIQUE constraint failed: location.point, location.test, location.tool", "sql": "INSERT INTO location (tool, file, point, test, line) VALUES ('unknown', '', '', '', '0');"}
[2024-11-05 17:06:16.208 -0300] [ERROR] [cadence.virtuoso.ade.loggingservice] - ServiceDBAccessSqliteOp::evalSql failed {"reason": "attempt to write a readonly database", "sql": "delete from meta;"}
[2024-11-05 17:06:16.208 -0300] [ERROR] [cadence.virtuoso.ade.loggingservice] - ServiceDBAccessSqliteOp::evalSql failed {"reason": "attempt to write a readonly database", "sql": "insert into meta (key, value) values('HistorySimDir','/home/cinovador/Documents/course_files/digital_logic/practice_2/logic_gates/lab3_nor/maestro/logic_gates/lab3_nor_report/maestro/results/maestro/ExplorerRun.0');"}
[2024-11-05 17:06:16.208 -0300] [ERROR] [cadence.virtuoso.ade.loggingservice] - ServiceDBAccessSqliteOp::evalSql failed {"reason": "attempt to write a readonly database", "sql": "insert into meta (key, value) values('WorkDir','/home/cinovador/Documents/course_files/digital_logic/practice_2');"}
[2024-11-05 17:06:16.208 -0300] [ERROR] [cadence.virtuoso.ade.loggingservice] - ServiceDBAccessSqliteOp::evalSql failed {"reason": "attempt to write a readonly database", "sql": "insert into meta (key, value) values('version','1');"}
[2024-11-05 17:06:16.208 -0300] [ERROR] [cadence.virtuoso.ade.loggingservice] - historySqliteRecorder::insert failed {"reason": "attempt to write a readonly database"}
[2024-11-05 17:06:16.208 -0300] [ERROR] [cadence.virtuoso.ade.loggingservice] - historySqliteRecorder::insert failed {"reason": "attempt to write a readonly database"}
[2024-11-05 17:06:16.740 -0300] [ERROR] [cadence.virtuoso.ade.loggingservice] - historySqliteRecorder::insert location failed {"reason": "attempt to write a readonly database"}
[2024-11-05 17:06:16.741 -0300] [ERROR] [cadence.virtuoso.ade.loggingservice] - historySqliteRecorder::insert failed {"reason": "attempt to write a readonly database"}
[2024-11-05 17:06:16.974 -0300] [ERROR] [cadence.virtuoso.ade.loggingservice] - historySqliteRecorder::insert failed {"reason": "attempt to write a readonly database"}
[2024-11-05 17:06:16.974 -0300] [ERROR] [cadence.virtuoso.ade.loggingservice] - historySqliteRecorder::insert failed {"reason": "attempt to write a readonly database"}
[2024-11-05 17:06:17.974 -0300] [ERROR] [cadence.virtuoso.ade.loggingservice] - historySqliteRecorder::insert failed {"reason": "attempt to write a readonly database"}
[2024-11-05 17:06:17.974 -0300] [ERROR] [cadence.virtuoso.ade.loggingservice] - historySqliteRecorder::insert failed {"reason": "attempt to write a readonly database"}
[2024-11-05 17:06:17.975 -0300] [ERROR] [cadence.virtuoso.ade.loggingservice] - historySqliteRecorder::insert failed {"reason": "attempt to write a readonly database"}
[2024-11-05 17:06:17.975 -0300] [ERROR] [cadence.virtuoso.ade.loggingservice] - historySqliteRecorder::insert location failed {"reason": "attempt to write a readonly database"}
[2024-11-05 17:06:18.075 -0300] [ERROR] [cadence.virtuoso.ade.loggingservice] - historySqliteRecorder::insert location failed {"reason": "attempt to write a readonly database"}
[2024-11-05 17:06:19.015 -0300] [ERROR] [cadence.virtuoso.ade.loggingservice] - historySqliteRecorder::insert failed {"reason": "attempt to write a readonly database"}
[2024-11-05 17:06:19.016 -0300] [ERROR] [cadence.virtuoso.ade.loggingservice] - historySqliteRecorder::insert failed {"reason": "attempt to write a readonly database"}
[2024-11-05 17:06:19.051 -0300] [ERROR] [cadence.virtuoso.ade.loggingservice] - historySqliteRecorder::insert failed {"reason": "attempt to write a readonly database"}
[2024-11-05 17:06:21.361 -0300] [ERROR] [cadence.virtuoso.ade.loggingservice] - historySqliteRecorder::insert location failed {"reason": "attempt to write a readonly database"}
[2024-11-05 17:06:21.361 -0300] [ERROR] [cadence.virtuoso.ade.loggingservice] - historySqliteRecorder::insert failed {"reason": "attempt to write a readonly database"}
[2024-11-05 17:06:22.052 -0300] [ERROR] [cadence.virtuoso.ade.loggingservice] - historySqliteRecorder::insert failed {"reason": "attempt to write a readonly database"}
[2024-11-05 17:06:22.053 -0300] [ERROR] [cadence.virtuoso.ade.loggingservice] - historySqliteRecorder::insert failed {"reason": "attempt to write a readonly database"}
[2024-11-05 17:06:22.053 -0300] [ERROR] [cadence.virtuoso.ade.loggingservice] - historySqliteRecorder::insert failed {"reason": "attempt to write a readonly database"}
[2024-11-05 17:06:22.053 -0300] [ERROR] [cadence.virtuoso.ade.loggingservice] - historySqliteRecorder::insert failed {"reason": "attempt to write a readonly database"}
[2024-11-05 17:06:22.053 -0300] [ERROR] [cadence.virtuoso.ade.loggingservice] - historySqliteRecorder::insert failed {"reason": "attempt to write a readonly database"}
[2024-11-05 17:06:22.054 -0300] [ERROR] [cadence.virtuoso.ade.loggingservice] - historySqliteRecorder::insert failed {"reason": "attempt to write a readonly database"}
[2024-11-05 17:06:22.054 -0300] [ERROR] [cadence.virtuoso.ade.loggingservice] - historySqliteRecorder::insert failed {"reason": "attempt to write a readonly database"}
[2024-11-05 17:06:22.054 -0300] [ERROR] [cadence.virtuoso.ade.loggingservice] - historySqliteRecorder::insert failed {"reason": "attempt to write a readonly database"}
[2024-11-05 17:06:22.054 -0300] [ERROR] [cadence.virtuoso.ade.loggingservice] - historySqliteRecorder::insert failed {"reason": "attempt to write a readonly database"}
[2024-11-05 17:06:22.055 -0300] [ERROR] [cadence.virtuoso.ade.loggingservice] - historySqliteRecorder::insert failed {"reason": "attempt to write a readonly database"}
[2024-11-05 17:06:22.055 -0300] [ERROR] [cadence.virtuoso.ade.loggingservice] - historySqliteRecorder::insert failed {"reason": "attempt to write a readonly database"}
[2024-11-05 17:06:22.055 -0300] [ERROR] [cadence.virtuoso.ade.loggingservice] - historySqliteRecorder::insert failed {"reason": "attempt to write a readonly database"}
[2024-11-05 17:06:22.055 -0300] [ERROR] [cadence.virtuoso.ade.loggingservice] - historySqliteRecorder::insert failed {"reason": "attempt to write a readonly database"}
[2024-11-05 17:06:22.055 -0300] [ERROR] [cadence.virtuoso.ade.loggingservice] - historySqliteRecorder::insert failed {"reason": "attempt to write a readonly database"}
[2024-11-05 17:06:22.055 -0300] [ERROR] [cadence.virtuoso.ade.loggingservice] - historySqliteRecorder::insert failed {"reason": "attempt to write a readonly database"}
[2024-11-05 17:06:22.554 -0300] [ERROR] [cadence.virtuoso.ade.loggingservice] - historySqliteRecorder::insert failed {"reason": "attempt to write a readonly database"}
[2024-11-05 17:06:22.554 -0300] [ERROR] [cadence.virtuoso.ade.loggingservice] - historySqliteRecorder::insert failed {"reason": "attempt to write a readonly database"}
[2024-11-05 17:06:22.554 -0300] [ERROR] [cadence.virtuoso.ade.loggingservice] - historySqliteRecorder::insert failed {"reason": "attempt to write a readonly database"}
[2024-11-05 17:06:22.554 -0300] [ERROR] [cadence.virtuoso.ade.loggingservice] - historySqliteRecorder::insert failed {"reason": "attempt to write a readonly database"}
[2024-11-05 17:06:22.555 -0300] [ERROR] [cadence.virtuoso.ade.loggingservice] - historySqliteRecorder::insert failed {"reason": "attempt to write a readonly database"}
[2024-11-05 17:06:22.555 -0300] [ERROR] [cadence.virtuoso.ade.loggingservice] - historySqliteRecorder::insert failed {"reason": "attempt to write a readonly database"}
[2024-11-05 17:06:22.555 -0300] [ERROR] [cadence.virtuoso.ade.loggingservice] - historySqliteRecorder::insert failed {"reason": "attempt to write a readonly database"}
[2024-11-05 17:06:22.556 -0300] [ERROR] [cadence.virtuoso.ade.loggingservice] - historySqliteRecorder::insert failed {"reason": "attempt to write a readonly database"}
[2024-11-05 17:06:22.556 -0300] [ERROR] [cadence.virtuoso.ade.loggingservice] - historySqliteRecorder::insert failed {"reason": "attempt to write a readonly database"}
[2024-11-05 17:06:22.556 -0300] [ERROR] [cadence.virtuoso.ade.loggingservice] - historySqliteRecorder::insert failed {"reason": "attempt to write a readonly database"}
[2024-11-05 17:06:22.556 -0300] [ERROR] [cadence.virtuoso.ade.loggingservice] - historySqliteRecorder::insert failed {"reason": "attempt to write a readonly database"}
[2024-11-05 17:06:22.556 -0300] [ERROR] [cadence.virtuoso.ade.loggingservice] - historySqliteRecorder::insert failed {"reason": "attempt to write a readonly database"}
[2024-11-05 17:06:22.556 -0300] [ERROR] [cadence.virtuoso.ade.loggingservice] - historySqliteRecorder::insert failed {"reason": "attempt to write a readonly database"}
[2024-11-05 17:06:22.570 -0300] [ERROR] [cadence.virtuoso.ade.loggingservice] - historySqliteRecorder::insert location failed {"reason": "attempt to write a readonly database"}
[2024-11-05 17:06:22.764 -0300] [ERROR] [cadence.virtuoso.ade.loggingservice] - historySqliteRecorder::insert failed {"reason": "attempt to write a readonly database"}
[2024-11-05 17:06:22.968 -0300] [ERROR] [cadence.virtuoso.ade.loggingservice] - historySqliteRecorder::insert failed {"reason": "attempt to write a readonly database"}
[2024-11-05 17:06:23.055 -0300] [ERROR] [cadence.virtuoso.ade.loggingservice] - historySqliteRecorder::insert failed {"reason": "attempt to write a readonly database"}
[2024-11-05 17:06:23.813 -0300] [ERROR] [cadence.virtuoso.ade.loggingservice] - historySqliteRecorder::insert failed {"reason": "attempt to write a readonly database"}
[2024-11-05 17:11:37.900 -0300] [INFO] [cadence.virtuoso.ade.loggingservice] - Got exit signal in processControlMessage. Will exit. {}
[2024-11-05 17:11:38.904 -0300] [PROCESS] [cadence.virtuoso.ade.loggingservice] - Current memory used: 90.7578 MBytes, peak memory used: 90.7578 MBytes {"hostname": "cinova05.lesc.ufc.br", "processid": 88715, "logfile": "/home/cinovador/Documents/course_files/digital_logic/practice_2/logs_cinovador/logs0/LoggingService9.log"}
[2024-11-05 17:11:38.904 -0300] [PROCESS] [cadence.virtuoso.ade.loggingservice] - Stopping Logging Service process. {"hostname": "cinova05.lesc.ufc.br", "processid": 88715, "logfile": "/home/cinovador/Documents/course_files/digital_logic/practice_2/logs_cinovador/logs0/LoggingService9.log"}
[2024-11-05 17:11:38.904 -0300] [PROCESS] [cadence.virtuoso.ade.loggingservice] - Logging Service stop!!!! {"hostname": "cinova05.lesc.ufc.br", "processid": 88715, "logfile": "/home/cinovador/Documents/course_files/digital_logic/practice_2/logs_cinovador/logs0/LoggingService9.log"}
