\# Program start time:     UTC 2024.11.07 12:16:28.895
\# Local time: GMT-03:00 (UTC-03:00) 2024.11.07 09:16:28.895
\o Program:		@(#)$CDS: Virtuoso Studio version IC23.1-64b 08/20/2024 22:45 (cpgbld22) $
\o Hierarchy:		/home/tools/cadence/installs/IC231/tools.lnx86/dfII/
\o Sub version:		sub-version  IC23.1-64b.ISR9.24  (64-bit addresses)
\# Command line:	/home/tools/cadence/installs/IC231/tools.lnx86/dfII/bin/64bit/virtuoso -beanhost cinova05.lesc.ufc.br -beanport 11371 -beanbinlog  -beanLogFile /home/cinovador/Documents/course_files/digital_logic/practice_2/logs_cinovador/logs0/amps_Service7.log -mpssession virtuoso7767 -mpshost cinova05.lesc.ufc.br -davinciService DaVinciService_7767_1730980369 -scopedPid 7767 -axlSession fnxSession2 -axlServiceIdFlag 7 -uuid 6b5ab3c3-801b-4cb8-a135-2bce845cf33a -heartbeat /dev/shm/swift-heartbeat.tsN5Xo818q -log /home/cinovador/Documents/course_files/digital_logic/practice_2/logs_cinovador/logs0/Service7.log -adeBrokerAddress cinova05.lesc.ufc.br:42937 -noautostart -nographE -lscs 000175E1894CBE06FF0966E38F1FFC06BC4D7EED88199869CA2C7EEDDC43CC33CA2C39A0A173FC06867D66E38F1FFC06BC4D66E38F1FFC06BC4D01CF2084539DDB6100001E67 -interactive -offlineExprEval -upfrontMode -fenixMode explorer -heartbeatTimeout  -lingerTimeout 300 -pointlifetime -1
\# Host name (type):	cinova05.lesc.ufc.br (x86_64)
\# Operating system:	Linux 4.18.0-553.22.1.el8_10.x86_64 #1 SMP Wed Sep 25 09:20:43 UTC 2024
\# Linux /etc/issue:	\S
\# Linux /etc/issue:	Kernel \r on an \m
\# X display name (WxH):	:815 (1024x868)
\# Available geometry:			TL(0:0) BR(1023:867)
\# X server:			The X.Org Foundation
\# Depth of Visual (Root):	24 (24)
\# Number of Planes Used:	24
\# X version:		11.0 (vendor release 12011000)
\# X resource pool:	base 0x400000, mask 0x1fffff (2097151), shift 0
\# 			current id 0x0, current max 0x1ffffa (2097146)
\# Max data seg size:	     unlimited
\# Max process size:	     unlimited
\# Initial sbrk value:	        739 MB
\# Available memory:	     42,597 MB
\# System memory:	     47,556 MB
\# Maximum memory size:	     46,989 MB
\# Max mem available:	     42,769 MB
\# Initial memory used:	        172 MB
\#        process size:	      1,683 MB
\# Thread usage limits (effective/default):	maxthreads 126051/126051 maxload 20.00/20.00
\# Qt version:		5.15.9
\# Window Manager:	other
\# User Name:		cinovador
\o Working Directory:	cinova05.lesc.ufc.br:/home/cinovador/Documents/course_files/digital_logic/practice_2
\# Process Id:		20047
\o 
\o COPYRIGHT (C) 1992-2024  CADENCE DESIGN SYSTEMS INC.  ALL RIGHTS RESERVED.
\o           (C) 1992-2024  UNIX SYSTEMS Laboratories INC.,
\o                          Reproduced with permission.
\o 
\o This Cadence Design Systems program and online documentation are
\o proprietary/confidential information and may be disclosed/used only
\o as authorized in a license agreement controlling such use and disclosure.
\o 
\o           RESTRICTED RIGHTS NOTICE (SHORT FORM)
\o Use/reproduction/disclosure is subject to restriction
\o set forth at FAR 1252.227-19 or its equivalent.
\o Loading geView.cxt 
\o Loading menuBuilder.cxt 
\o Loading im.cxt 
\o Loading schView.cxt 
\o Loading selectSv.cxt 
\o Loading wireEdit.cxt 
\o Loading pte2.cxt 
\o Loading xlUI.cxt 
\o Loading auCore.cxt 
\o Loading vhdl.cxt 
\o Loading seismic.cxt 
\o Loading ci.cxt 
\o Loading layers.cxt 
\o Loading drv.cxt 
\o Loading ams.cxt 
\o Loading oasis.cxt 
\o Loading dal.cxt 
\o Loading awv.cxt 
\o Loading socket.cxt 
\o Loading analog.cxt 
\o Loading par.cxt 
\o Loading asimenv.cxt 
\o Loading alvs.cxt 
\o Loading caa.cxt 
\o Loading amps.cxt 
\o Loading adexlCore.cxt 
\o Loading adexl.cxt 
\# Memory report: using         305 MB, process size 1,861 MB at UTC 2024.11.07 12:16:38.178
\# 0 lines crushed from the buffer
\# 0 lines crushed from the buffer
\o INFO (DB-170018): (dbPanic) dumping stack
\o libvirtuos_sh.so:voStackTrace+59()
\o virtuoso:dbPanic+374()
\o libvirtuos_sh.so:voDoAbortFuncs+229()
\o libvirtuos_sh.so:voSigAbortInfo+361()
\# Available memory:         42,595 MB at UTC 2024.11.07 12:16:39.113
\# Memory report: Maximum memory size now 43,136 MB at UTC 2024.11.07 12:16:39.113
\# Thread usage report: 11 active threads, active load 1.40 at UTC 2024.11.07 12:16:39.113
\# Memory report: using         541 MB, process size 2,097 MB at UTC 2024.11.07 12:16:39.113
\o libpthread.so.0:__restore_rt+0()
\o libc.so.6:__poll+81()
\o virtuoso:Ox789977d009ce55df+575()
\o virtuoso:Ox78998c487b821b84+567()
\o virtuoso:Ox789984ee12030e17+584()
\o virtuoso:Ox789984fd3a67e4c1+103()
\o virtuoso:Ox78998e2a3914d38e+435()
\o virtuoso:Ox7899877217cb9db6+100()
\o virtuoso:Ox7899874b00c815f1+417()
\o virtuoso:Ox789985a760ad93ec+1213()
\o virtuoso:Ox789985a760ad93ec+8193()
\o virtuoso:Ox7899858b31e3337f+921()
\o virtuoso:2WCPmZj1IIKQvEqW+75()
\o virtuoso:Cht477u29SG8VjOt+1285()
\o virtuoso:9iezTsMETq8DifwZ+188()
\o virtuoso:oChAiKNfGUQlPUFX+121()
\o virtuoso:vLffa8dzvtVRb7n3+104()
\o virtuoso:_ZN3eli13eliLicManager12featureExistERNS_10eliLicenseE+53()
\o virtuoso:_ZNK3eli16eliPolicyExpList18isLicenseAvailableEv+121()
\o virtuoso:_ZN3eli12eliSimpleTag18isLicenseAvailableEv+130()
\o virtuoso:_ZNK3eli16eliPolicyExpList18isLicenseAvailableEv+170()
\o virtuoso:_ZN3eli12eliSimpleTag18isLicenseAvailableEv+130()
\o virtuoso:_ZN3eli21eliIsLicenseAvailableEPKc+553()
\o libsession.so:_ZN14licenseUtility13hasLicenseDSOEv+121()
\o libpointstrategy.so:_ZN3axl8run_mode8runModesEv+1761()
\o libpointstrategy.so:_ZN3axl8run_mode31updateRegistryForCustomGroupRunERKNSt7__cxx1112basic_stringIcSt11char_traitsIcESaIcEEES8_S8_S8_bbbbbbbbbbbbbbbbS8_S8_S8_+202()
\o libpsgil.so:_Z24psgUpdateRunModeRegistryP10iltLispval+1051()
\o libutility.so:_ZNK7CmdExec7cmdExecEP10iltLispvalS1_+496()
\o libil_sh.so:iliVcodeEval2C+17575()
\o libil_sh.so:iliVcodeEval2+69()
\o libil_sh.so:ilxSkillEval2+225()
\o libil_sh.so:_ilErrSet+226()
\o libil_sh.so:iliCallInitProc+157()
\o libil_sh.so:iliAutoLoadContext+440()
\o libil_sh.so:ilLoadDependency+223()
\o libil_sh.so:ilLoadContextAndDepends+588()
\o libil_sh.so:iliGetAutoload+579()
\o libil_sh.so:iliVcodeEval2C+40895()
\o libil_sh.so:iliVcodeEval2+69()
\o libil_sh.so:ilxSkillEval2+225()
\o libil_sh.so:iliLoadPort+867()
\o libil_sh.so:iliVcodeEval2C+11788()
\o libil_sh.so:iliVcodeEval2+69()
\o libil_sh.so:ilxSkillEval2+225()
\o libil_sh.so:_ilTopLevelSet+159()
\o libil_sh.so:ilxTopLevelCmd+299()
\o libil_sh.so:ilLoadCapContext+515()
\o libil_sh.so:iliInitClients+1499()
\o virtuoso:main+293()
\o libc.so.6:__libc_start_main+229()
\o virtuoso:_start+41()
