[ADE GUI: 75136]
[2024-10-31 15:51:50.160 -0300] [PROCESS] [cadence.virtuoso.ade.gui] - /home/cinovador/Documents/course_files/digital_logic/practice_2/.tmp_cinovador/.cmddir0/swiftLoggingService0 is starting {"logfile": "/home/cinovador/Documents/course_files/digital_logic/practice_2/logs_cinovador/logs0/LoggingService0.log"}
[2024-10-31 15:51:50.163 -0300] [PROCESS] [cadence.virtuoso.ade.gui] - /home/cinovador/Documents/course_files/digital_logic/practice_2/.tmp_cinovador/.cmddir0/swiftNetlistService1 is starting {"logfile": "/home/cinovador/Documents/course_files/digital_logic/practice_2/logs_cinovador/logs0/Service1.log"}
[2024-10-31 15:51:51.240 -0300] [PROCESS] [cadence.virtuoso.ade.gui] - Logging Service '85128' is starting up on host 'cinova05.lesc.ufc.br' {"logfile": "/home/cinovador/Documents/course_files/digital_logic/practice_2/logs_cinovador/logs0/LoggingService0.log"}
[2024-10-31 15:51:51.240 -0300] [PROCESS] [cadence.virtuoso.ade.gui] - Netlist Service '85133' is starting up on host 'cinova05.lesc.ufc.br' {"logfile": "/home/cinovador/Documents/course_files/digital_logic/practice_2/logs_cinovador/logs0/Service1.log"}
[2024-10-31 15:55:57.394 -0300] [EVENT] [cadence.virtuoso.ade.gui] - AddLogFile {"history": "ExplorerRun.0", "event": "AddLogFile", "EventSource": "ADE GUI", "HistoryName": "ExplorerRun.0", "Points": "", "EventLogFile": "/home/cinovador/Documents/course_files/digital_logic/practice_2/logs_cinovador/logs0/virtuoso_ade_debug.log", "EventTool": "ADE GUI", "EventTest": ""}
[2024-10-31 15:55:57.395 -0300] [EVENT] [cadence.virtuoso.ade.gui] - NewHistoryCreated {"event": "NewHistoryCreated", "EventSource": "ADE GUI", "history": "ExplorerRun.0", "HistoryName": "ExplorerRun.0", "WorkDir": "/home/cinovador/Documents/course_files/digital_logic/practice_2", "HistorySimDir": "/home/cinovador/Documents/course_files/digital_logic/practice_2/./logic_gates/not_gate/maestro/logic_gates/not_gate/maestro/results/maestro/ExplorerRun.0", "HistoryResultsDir": "/home/cinovador/Documents/course_files/digital_logic/practice_2/logic_gates/not_gate/maestro/results/maestro"}
[2024-10-31 15:55:57.395 -0300] [PROCESS] [cadence.virtuoso.ade.gui] - History Setup {"hostname": "cinova05.lesc.ufc.br", "processid": 75136, "history": "ExplorerRun.0", "logfile": "/home/cinovador/Documents/course_files/digital_logic/practice_2/logs_cinovador/logs0/virtuoso_ade_debug.log", "jobmode": "LSCS", "runmode": "Single Run, Sweeps and Corners", "lib": "logic_gates", "cell": "not_gate", "view": "maestro", "icversion": "sub-version  IC23.1-64b.ISR9.24 ", "runstart": "Thu Oct 31 15:55:57 2024\n", "timezonelocal": "+000", "spectreversion": "unknown", "jobpolicyname": "", "maxjobs": "unknown", "ncjobpolicyname": "", "ncmaxjobs": "unknown", "numtests": "1", "runfinished": "unknown", "runelapsed": "-1", "numcorners": "1"}
[2024-10-31 15:55:57.658 -0300] [WARN] [cadence.virtuoso.ade.gui] - Could not find log file for Same Process Job 0. Log message for this job will be printed in the CDS log file. {"history": "ExplorerRun.0", "testname": "logic_gates_not_gate_1", "detailed_message": "", "message_id": "EXPLORER-5028"}
[2024-10-31 15:55:57.988 -0300] [EVENT] [cadence.virtuoso.ade.pointevaluator] - NewPoint {"history": "ExplorerRun.0", "point": 1, "testname": "logic_gates_not_gate_1", "event": "NewPoint", "EventSource": "ADE GUI", "HistoryName": "ExplorerRun.0", "logFile": "/home/cinovador/Documents/course_files/digital_logic/practice_2/logs_cinovador/logs0/virtuoso_ade_debug.log", "logFileSize": "3144", "category": "point-netlist"}
[2024-10-31 15:55:57.988 -0300] [INFO] [cadence.virtuoso.ade.pointevaluator] - Started netlisting {"history": "ExplorerRun.0", "point": 1, "testname": "logic_gates_not_gate_1", "event": "start", "category": "point-netlist"}
[2024-10-31 15:56:08.340 -0300] [INFO] [cadence.virtuoso.ade.pointevaluator] - Finished netlisting {"history": "ExplorerRun.0", "point": 1, "testname": "logic_gates_not_gate_1", "event": "finish", "category": "point-netlist"}
[2024-10-31 15:56:08.340 -0300] [INFO] [cadence.virtuoso.ade.pointevaluator] - Submitted {"history": "ExplorerRun.0", "point": 1, "testname": "logic_gates_not_gate_1"}
[2024-10-31 15:56:08.454 -0300] [PROCESS] [cadence.virtuoso.ade.gui] - /home/cinovador/Documents/course_files/digital_logic/practice_2/.tmp_cinovador/.cmddir0/swiftJob2 is starting {"logfile": "/home/cinovador/Documents/course_files/digital_logic/practice_2/logs_cinovador/logs0/Job2.log"}
[2024-10-31 15:56:08.560 -0300] [PROCESS] [cadence.virtuoso.ade.gui] - Simulation Monitor process '87103' is starting up on host 'cinova05.lesc.ufc.br' {"logfile": "/home/cinovador/Documents/course_files/digital_logic/practice_2/logs_cinovador/logs0/Job2.log"}
[2024-10-31 15:56:13.184 -0300] [ERROR] [cadence.virtuoso.ade.gui] - Simulation error {"history": "ExplorerRun.0", "point": 1, "testname": "logic_gates_not_gate_1"}
[2024-10-31 15:56:13.386 -0300] [EVENT] [cadence.virtuoso.ade.gui] - HistoryFinished {"point": 1, "testname": "logic_gates_not_gate_1", "event": "HistoryFinished", "EventSource": "ADE GUI", "HistoryName": "ExplorerRun.0"}
[2024-10-31 15:56:55.509 -0300] [PROCESS] [cadence.virtuoso.ade.gui] - Netlist Service '85133' stopped with exit code '0' {"logfile": "/home/cinovador/Documents/course_files/digital_logic/practice_2/logs_cinovador/logs0/Service1.log"}
[2024-10-31 15:57:21.506 -0300] [EVENT] [cadence.virtuoso.ade.gui] - AddLogFile {"history": "ExplorerRun.0", "point": 1, "testname": "logic_gates_not_gate_1", "event": "AddLogFile", "EventSource": "ADE GUI", "HistoryName": "ExplorerRun.0", "Points": "", "EventLogFile": "/home/cinovador/Documents/course_files/digital_logic/practice_2/logs_cinovador/logs0/virtuoso_ade_debug.log", "EventTool": "ADE GUI", "EventTest": ""}
[2024-10-31 15:57:21.506 -0300] [EVENT] [cadence.virtuoso.ade.gui] - NewHistoryCreated {"point": 1, "testname": "logic_gates_not_gate_1", "event": "NewHistoryCreated", "EventSource": "ADE GUI", "history": "ExplorerRun.0", "HistoryName": "ExplorerRun.0", "WorkDir": "/home/cinovador/Documents/course_files/digital_logic/practice_2", "HistorySimDir": "/home/cinovador/Documents/course_files/digital_logic/practice_2/logic_gates/not_gate/maestro/logic_gates/not_gate/maestro/results/maestro/ExplorerRun.0", "HistoryResultsDir": "/home/cinovador/Documents/course_files/digital_logic/practice_2/logic_gates/not_gate/maestro/results/maestro"}
[2024-10-31 15:57:21.506 -0300] [PROCESS] [cadence.virtuoso.ade.gui] - History Setup {"hostname": "cinova05.lesc.ufc.br", "processid": 75136, "history": "ExplorerRun.0", "testname": "logic_gates_not_gate_1", "point": 1, "logfile": "/home/cinovador/Documents/course_files/digital_logic/practice_2/logs_cinovador/logs0/virtuoso_ade_debug.log", "jobmode": "LSCS", "runmode": "Single Run, Sweeps and Corners", "lib": "logic_gates", "cell": "not_gate", "view": "maestro", "icversion": "sub-version  IC23.1-64b.ISR9.24 ", "runstart": "Thu Oct 31 15:57:21 2024\n", "timezonelocal": "+000", "spectreversion": "unknown", "jobpolicyname": "", "maxjobs": "unknown", "ncjobpolicyname": "", "ncmaxjobs": "unknown", "numtests": "1", "runfinished": "unknown", "runelapsed": "-1", "numcorners": "1"}
[2024-10-31 15:57:22.030 -0300] [EVENT] [cadence.virtuoso.ade.pointevaluator] - NewPoint {"history": "ExplorerRun.0", "point": 1, "testname": "logic_gates_not_gate_1", "event": "NewPoint", "EventSource": "ADE GUI", "HistoryName": "ExplorerRun.0", "logFile": "/home/cinovador/Documents/course_files/digital_logic/practice_2/logs_cinovador/logs0/virtuoso_ade_debug.log", "logFileSize": "7199", "category": "point-netlist"}
[2024-10-31 15:57:22.030 -0300] [INFO] [cadence.virtuoso.ade.pointevaluator] - Started netlisting {"history": "ExplorerRun.0", "point": 1, "testname": "logic_gates_not_gate_1", "event": "start", "category": "point-netlist"}
[2024-10-31 15:57:22.311 -0300] [INFO] [cadence.virtuoso.ade.pointevaluator] - Finished netlisting {"history": "ExplorerRun.0", "point": 1, "testname": "logic_gates_not_gate_1", "event": "finish", "category": "point-netlist"}
[2024-10-31 15:57:22.311 -0300] [INFO] [cadence.virtuoso.ade.pointevaluator] - Submitted {"history": "ExplorerRun.0", "point": 1, "testname": "logic_gates_not_gate_1"}
[2024-10-31 15:57:37.160 -0300] [ERROR] [cadence.virtuoso.ade.gui] - Simulation error {"history": "ExplorerRun.0", "point": 1, "testname": "logic_gates_not_gate_1"}
[2024-10-31 15:57:37.327 -0300] [EVENT] [cadence.virtuoso.ade.gui] - HistoryFinished {"point": 1, "testname": "logic_gates_not_gate_1", "event": "HistoryFinished", "EventSource": "ADE GUI", "HistoryName": "ExplorerRun.0"}
[2024-10-31 15:58:27.273 -0300] [EVENT] [cadence.virtuoso.ade.gui] - AddLogFile {"history": "ExplorerRun.0", "point": 1, "testname": "logic_gates_not_gate_1", "event": "AddLogFile", "EventSource": "ADE GUI", "HistoryName": "ExplorerRun.0", "Points": "", "EventLogFile": "/home/cinovador/Documents/course_files/digital_logic/practice_2/logs_cinovador/logs0/virtuoso_ade_debug.log", "EventTool": "ADE GUI", "EventTest": ""}
[2024-10-31 15:58:27.273 -0300] [EVENT] [cadence.virtuoso.ade.gui] - NewHistoryCreated {"point": 1, "testname": "logic_gates_not_gate_1", "event": "NewHistoryCreated", "EventSource": "ADE GUI", "history": "ExplorerRun.0", "HistoryName": "ExplorerRun.0", "WorkDir": "/home/cinovador/Documents/course_files/digital_logic/practice_2", "HistorySimDir": "/home/cinovador/Documents/course_files/digital_logic/practice_2/logic_gates/not_gate/maestro/logic_gates/not_gate/maestro/results/maestro/ExplorerRun.0", "HistoryResultsDir": "/home/cinovador/Documents/course_files/digital_logic/practice_2/logic_gates/not_gate/maestro/results/maestro"}
[2024-10-31 15:58:27.273 -0300] [PROCESS] [cadence.virtuoso.ade.gui] - History Setup {"hostname": "cinova05.lesc.ufc.br", "processid": 75136, "history": "ExplorerRun.0", "testname": "logic_gates_not_gate_1", "point": 1, "logfile": "/home/cinovador/Documents/course_files/digital_logic/practice_2/logs_cinovador/logs0/virtuoso_ade_debug.log", "jobmode": "LSCS", "runmode": "Single Run, Sweeps and Corners", "lib": "logic_gates", "cell": "not_gate", "view": "maestro", "icversion": "sub-version  IC23.1-64b.ISR9.24 ", "runstart": "Thu Oct 31 15:58:27 2024\n", "timezonelocal": "+000", "spectreversion": "unknown", "jobpolicyname": "", "maxjobs": "unknown", "ncjobpolicyname": "", "ncmaxjobs": "unknown", "numtests": "1", "runfinished": "unknown", "runelapsed": "-1", "numcorners": "1"}
[2024-10-31 15:58:27.791 -0300] [EVENT] [cadence.virtuoso.ade.pointevaluator] - NewPoint {"history": "ExplorerRun.0", "point": 1, "testname": "logic_gates_not_gate_1", "event": "NewPoint", "EventSource": "ADE GUI", "HistoryName": "ExplorerRun.0", "logFile": "/home/cinovador/Documents/course_files/digital_logic/practice_2/logs_cinovador/logs0/virtuoso_ade_debug.log", "logFileSize": "10468", "category": "point-netlist"}
[2024-10-31 15:58:27.791 -0300] [INFO] [cadence.virtuoso.ade.pointevaluator] - Started netlisting {"history": "ExplorerRun.0", "point": 1, "testname": "logic_gates_not_gate_1", "event": "start", "category": "point-netlist"}
[2024-10-31 15:58:27.916 -0300] [INFO] [cadence.virtuoso.ade.pointevaluator] - Finished netlisting {"history": "ExplorerRun.0", "point": 1, "testname": "logic_gates_not_gate_1", "event": "finish", "category": "point-netlist"}
[2024-10-31 15:58:27.916 -0300] [INFO] [cadence.virtuoso.ade.pointevaluator] - Submitted {"history": "ExplorerRun.0", "point": 1, "testname": "logic_gates_not_gate_1"}
[2024-10-31 15:58:34.159 -0300] [INFO] [cadence.virtuoso.ade.gui] - Point completed {"history": "ExplorerRun.0", "point": 1, "testname": "logic_gates_not_gate_1"}
[2024-10-31 15:58:34.327 -0300] [EVENT] [cadence.virtuoso.ade.gui] - HistoryFinished {"point": 1, "testname": "logic_gates_not_gate_1", "event": "HistoryFinished", "EventSource": "ADE GUI", "HistoryName": "ExplorerRun.0"}
[2024-10-31 16:00:01.789 -0300] [PROCESS] [cadence.virtuoso.ade.gui] - Logging Service '85128' stopped with exit code '0' {"logfile": "/home/cinovador/Documents/course_files/digital_logic/practice_2/logs_cinovador/logs0/LoggingService0.log"}
[2024-10-31 16:18:32.381 -0300] [PROCESS] [cadence.virtuoso.ade.gui] - /home/cinovador/Documents/course_files/digital_logic/practice_2/.tmp_cinovador/.cmddir0/swiftLoggingService3 is starting {"logfile": "/home/cinovador/Documents/course_files/digital_logic/practice_2/logs_cinovador/logs0/LoggingService3.log"}
[2024-10-31 16:18:32.384 -0300] [PROCESS] [cadence.virtuoso.ade.gui] - /home/cinovador/Documents/course_files/digital_logic/practice_2/.tmp_cinovador/.cmddir0/swiftNetlistService4 is starting {"logfile": "/home/cinovador/Documents/course_files/digital_logic/practice_2/logs_cinovador/logs0/Service4.log"}
[2024-10-31 16:18:32.729 -0300] [PROCESS] [cadence.virtuoso.ade.gui] - Logging Service '93452' is starting up on host 'cinova05.lesc.ufc.br' {"logfile": "/home/cinovador/Documents/course_files/digital_logic/practice_2/logs_cinovador/logs0/LoggingService3.log"}
[2024-10-31 16:18:32.729 -0300] [PROCESS] [cadence.virtuoso.ade.gui] - Netlist Service '93459' is starting up on host 'cinova05.lesc.ufc.br' {"logfile": "/home/cinovador/Documents/course_files/digital_logic/practice_2/logs_cinovador/logs0/Service4.log"}
[2024-10-31 16:23:39.755 -0300] [PROCESS] [cadence.virtuoso.ade.gui] - Netlist Service '93459' stopped with exit code '0' {"logfile": "/home/cinovador/Documents/course_files/digital_logic/practice_2/logs_cinovador/logs0/Service4.log"}
[2024-10-31 16:29:54.253 -0300] [PROCESS] [cadence.virtuoso.ade.gui] - Logging Service '93452' stopped with exit code '0' {"logfile": "/home/cinovador/Documents/course_files/digital_logic/practice_2/logs_cinovador/logs0/LoggingService3.log"}
[2024-10-31 16:30:26.042 -0300] [PROCESS] [cadence.virtuoso.ade.gui] - /home/cinovador/Documents/course_files/digital_logic/practice_2/.tmp_cinovador/.cmddir0/swiftLoggingService5 is starting {"logfile": "/home/cinovador/Documents/course_files/digital_logic/practice_2/logs_cinovador/logs0/LoggingService5.log"}
[2024-10-31 16:30:26.145 -0300] [PROCESS] [cadence.virtuoso.ade.gui] - /home/cinovador/Documents/course_files/digital_logic/practice_2/.tmp_cinovador/.cmddir0/swiftNetlistService6 is starting {"logfile": "/home/cinovador/Documents/course_files/digital_logic/practice_2/logs_cinovador/logs0/Service6.log"}
[2024-10-31 16:30:26.145 -0300] [PROCESS] [cadence.virtuoso.ade.gui] - Logging Service '97301' is starting up on host 'cinova05.lesc.ufc.br' {"logfile": "/home/cinovador/Documents/course_files/digital_logic/practice_2/logs_cinovador/logs0/LoggingService5.log"}
[2024-10-31 16:30:26.531 -0300] [PROCESS] [cadence.virtuoso.ade.gui] - Netlist Service '97318' is starting up on host 'cinova05.lesc.ufc.br' {"logfile": "/home/cinovador/Documents/course_files/digital_logic/practice_2/logs_cinovador/logs0/Service6.log"}
[2024-10-31 16:31:46.064 -0300] [EVENT] [cadence.virtuoso.ade.gui] - AddLogFile {"history": "ExplorerRun.0", "event": "AddLogFile", "EventSource": "unknown", "HistoryName": "ExplorerRun.0", "Points": "", "EventLogFile": "", "EventTool": "unknown", "EventTest": ""}
[2024-10-31 16:31:46.065 -0300] [EVENT] [cadence.virtuoso.ade.gui] - NewHistoryCreated {"event": "NewHistoryCreated", "EventSource": "unknown", "history": "ExplorerRun.0", "HistoryName": "ExplorerRun.0", "WorkDir": "/home/cinovador/Documents/course_files/digital_logic/practice_2", "HistorySimDir": "/home/cinovador/Documents/course_files/digital_logic/practice_2/./logic_gates/not_gate/maestro/logic_gates/nand_gate/maestro/results/maestro/ExplorerRun.0", "HistoryResultsDir": "/home/cinovador/Documents/course_files/digital_logic/practice_2/logic_gates/nand_gate/maestro/results/maestro"}
[2024-10-31 16:31:46.065 -0300] [PROCESS] [cadence.virtuoso.ade.gui] - History Setup {"hostname": "cinova05.lesc.ufc.br", "processid": 75136, "history": "ExplorerRun.0", "jobmode": "LSCS", "runmode": "Single Run, Sweeps and Corners", "lib": "logic_gates", "cell": "nand_gate", "view": "maestro", "icversion": "sub-version  IC23.1-64b.ISR9.24 ", "runstart": "Thu Oct 31 16:31:46 2024\n", "timezonelocal": "+000", "spectreversion": "unknown", "jobpolicyname": "", "maxjobs": "unknown", "ncjobpolicyname": "", "ncmaxjobs": "unknown", "numtests": "1", "runfinished": "unknown", "runelapsed": "-1", "numcorners": "1"}
[2024-10-31 16:31:46.622 -0300] [EVENT] [cadence.virtuoso.ade.pointevaluator] - NewPoint {"history": "ExplorerRun.0", "point": 1, "testname": "logic_gates_nand_gate_1", "event": "NewPoint", "EventSource": "unknown", "HistoryName": "ExplorerRun.0", "logFile": "", "logFileSize": "-1", "category": "point-netlist"}
[2024-10-31 16:31:46.622 -0300] [INFO] [cadence.virtuoso.ade.pointevaluator] - Started netlisting {"history": "ExplorerRun.0", "point": 1, "testname": "logic_gates_nand_gate_1", "event": "start", "category": "point-netlist"}
[2024-10-31 16:31:56.700 -0300] [INFO] [cadence.virtuoso.ade.pointevaluator] - Finished netlisting {"history": "ExplorerRun.0", "point": 1, "testname": "logic_gates_nand_gate_1", "event": "finish", "category": "point-netlist"}
[2024-10-31 16:31:56.700 -0300] [INFO] [cadence.virtuoso.ade.pointevaluator] - Submitted {"history": "ExplorerRun.0", "point": 1, "testname": "logic_gates_nand_gate_1"}
[2024-10-31 16:31:56.800 -0300] [PROCESS] [cadence.virtuoso.ade.gui] - /home/cinovador/Documents/course_files/digital_logic/practice_2/.tmp_cinovador/.cmddir0/swiftJob7 is starting {"logfile": "/home/cinovador/Documents/course_files/digital_logic/practice_2/logs_cinovador/logs0/Job7.log"}
[2024-10-31 16:31:56.907 -0300] [PROCESS] [cadence.virtuoso.ade.gui] - Simulation Monitor process '98234' is starting up on host 'cinova05.lesc.ufc.br' {"logfile": "/home/cinovador/Documents/course_files/digital_logic/practice_2/logs_cinovador/logs0/Job7.log"}
[2024-10-31 16:32:03.158 -0300] [INFO] [cadence.virtuoso.ade.gui] - Point completed {"history": "ExplorerRun.0", "point": 1, "testname": "logic_gates_nand_gate_1"}
[2024-10-31 16:32:03.329 -0300] [EVENT] [cadence.virtuoso.ade.gui] - HistoryFinished {"point": 1, "testname": "logic_gates_nand_gate_1", "event": "HistoryFinished", "EventSource": "unknown", "HistoryName": "ExplorerRun.0"}
[2024-10-31 16:35:31.491 -0300] [PROCESS] [cadence.virtuoso.ade.gui] - Netlist Service '97318' stopped with exit code '0' {"logfile": "/home/cinovador/Documents/course_files/digital_logic/practice_2/logs_cinovador/logs0/Service6.log"}
[2024-10-31 17:14:17.520 -0300] [PROCESS] [cadence.virtuoso.ade.gui] - Logging Service '97301' stopped with exit code '0' {"logfile": "/home/cinovador/Documents/course_files/digital_logic/practice_2/logs_cinovador/logs0/LoggingService5.log"}
[2024-10-31 17:14:23.810 -0300] [PROCESS] [cadence.virtuoso.ade.gui] - /home/cinovador/Documents/course_files/digital_logic/practice_2/.tmp_cinovador/.cmddir0/swiftLoggingService8 is starting {"logfile": "/home/cinovador/Documents/course_files/digital_logic/practice_2/logs_cinovador/logs0/LoggingService8.log"}
[2024-10-31 17:14:23.913 -0300] [PROCESS] [cadence.virtuoso.ade.gui] - /home/cinovador/Documents/course_files/digital_logic/practice_2/.tmp_cinovador/.cmddir0/swiftNetlistService9 is starting {"logfile": "/home/cinovador/Documents/course_files/digital_logic/practice_2/logs_cinovador/logs0/Service9.log"}
[2024-10-31 17:14:23.914 -0300] [PROCESS] [cadence.virtuoso.ade.gui] - Logging Service '111569' is starting up on host 'cinova05.lesc.ufc.br' {"logfile": "/home/cinovador/Documents/course_files/digital_logic/practice_2/logs_cinovador/logs0/LoggingService8.log"}
[2024-10-31 17:14:24.371 -0300] [PROCESS] [cadence.virtuoso.ade.gui] - Netlist Service '111586' is starting up on host 'cinova05.lesc.ufc.br' {"logfile": "/home/cinovador/Documents/course_files/digital_logic/practice_2/logs_cinovador/logs0/Service9.log"}
[2024-10-31 17:15:46.866 -0300] [ERROR] [cadence.virtuoso.ade.gui] - Cannot run simulation because no analysis has been selected. Add an analysis using one of the following ways and rerun the simulation:
  - Click ' Click to Add an Analysis' text in Setup Assistant
  - Click the Choose Analysis button on Run toolbar
  - Choose 'Analyses - Choose' menu option
  - Right-click a test in Setup assistant and choose 'Add Analysis'. Also, select the corresponding checkbox to enable the analysis. {"detailed_message": "", "message_id": "EXPLORER-9059"}
[2024-10-31 17:16:47.845 -0300] [EVENT] [cadence.virtuoso.ade.gui] - AddLogFile {"history": "ExplorerRun.0", "event": "AddLogFile", "EventSource": "unknown", "HistoryName": "ExplorerRun.0", "Points": "", "EventLogFile": "", "EventTool": "unknown", "EventTest": ""}
[2024-10-31 17:16:47.845 -0300] [EVENT] [cadence.virtuoso.ade.gui] - NewHistoryCreated {"event": "NewHistoryCreated", "EventSource": "unknown", "history": "ExplorerRun.0", "HistoryName": "ExplorerRun.0", "WorkDir": "/home/cinovador/Documents/course_files/digital_logic/practice_2", "HistorySimDir": "/home/cinovador/Documents/course_files/digital_logic/practice_2/./logic_gates/nor_gate/maestro/logic_gates/nor_gate/maestro/results/maestro/ExplorerRun.0", "HistoryResultsDir": "/home/cinovador/Documents/course_files/digital_logic/practice_2/logic_gates/nor_gate/maestro/results/maestro"}
[2024-10-31 17:16:47.845 -0300] [PROCESS] [cadence.virtuoso.ade.gui] - History Setup {"hostname": "cinova05.lesc.ufc.br", "processid": 75136, "history": "ExplorerRun.0", "jobmode": "LSCS", "runmode": "Single Run, Sweeps and Corners", "lib": "logic_gates", "cell": "nor_gate", "view": "maestro", "icversion": "sub-version  IC23.1-64b.ISR9.24 ", "runstart": "Thu Oct 31 17:16:47 2024\n", "timezonelocal": "+000", "spectreversion": "unknown", "jobpolicyname": "", "maxjobs": "unknown", "ncjobpolicyname": "", "ncmaxjobs": "unknown", "numtests": "1", "runfinished": "unknown", "runelapsed": "-1", "numcorners": "1"}
[2024-10-31 17:16:48.367 -0300] [EVENT] [cadence.virtuoso.ade.pointevaluator] - NewPoint {"history": "ExplorerRun.0", "point": 1, "testname": "logic_gates_nor_gate_1", "event": "NewPoint", "EventSource": "unknown", "HistoryName": "ExplorerRun.0", "logFile": "", "logFileSize": "-1", "category": "point-netlist"}
[2024-10-31 17:16:48.368 -0300] [INFO] [cadence.virtuoso.ade.pointevaluator] - Started netlisting {"history": "ExplorerRun.0", "point": 1, "testname": "logic_gates_nor_gate_1", "event": "start", "category": "point-netlist"}
[2024-10-31 17:16:49.437 -0300] [INFO] [cadence.virtuoso.ade.pointevaluator] - Finished netlisting {"history": "ExplorerRun.0", "point": 1, "testname": "logic_gates_nor_gate_1", "event": "finish", "category": "point-netlist"}
[2024-10-31 17:16:49.437 -0300] [INFO] [cadence.virtuoso.ade.pointevaluator] - Submitted {"history": "ExplorerRun.0", "point": 1, "testname": "logic_gates_nor_gate_1"}
[2024-10-31 17:16:53.160 -0300] [PROCESS] [cadence.virtuoso.ade.gui] - /home/cinovador/Documents/course_files/digital_logic/practice_2/.tmp_cinovador/.cmddir0/swiftJob10 is starting {"logfile": "/home/cinovador/Documents/course_files/digital_logic/practice_2/logs_cinovador/logs0/Job10.log"}
[2024-10-31 17:16:53.262 -0300] [PROCESS] [cadence.virtuoso.ade.gui] - Simulation Monitor process '112856' is starting up on host 'cinova05.lesc.ufc.br' {"logfile": "/home/cinovador/Documents/course_files/digital_logic/practice_2/logs_cinovador/logs0/Job10.log"}
[2024-10-31 17:16:59.659 -0300] [INFO] [cadence.virtuoso.ade.gui] - Point completed {"history": "ExplorerRun.0", "point": 1, "testname": "logic_gates_nor_gate_1"}
[2024-10-31 17:16:59.827 -0300] [EVENT] [cadence.virtuoso.ade.gui] - HistoryFinished {"point": 1, "testname": "logic_gates_nor_gate_1", "event": "HistoryFinished", "EventSource": "unknown", "HistoryName": "ExplorerRun.0"}
[2024-10-31 17:19:31.263 -0300] [PROCESS] [cadence.virtuoso.ade.gui] - Netlist Service '111586' stopped with exit code '0' {"logfile": "/home/cinovador/Documents/course_files/digital_logic/practice_2/logs_cinovador/logs0/Service9.log"}
[2024-10-31 17:25:41.899 -0300] [EVENT] [cadence.virtuoso.ade.gui] - AddLogFile {"history": "ExplorerRun.0", "point": 1, "testname": "logic_gates_nor_gate_1", "event": "AddLogFile", "EventSource": "unknown", "HistoryName": "ExplorerRun.0", "Points": "", "EventLogFile": "", "EventTool": "unknown", "EventTest": ""}
[2024-10-31 17:25:41.900 -0300] [EVENT] [cadence.virtuoso.ade.gui] - NewHistoryCreated {"point": 1, "testname": "logic_gates_nor_gate_1", "event": "NewHistoryCreated", "EventSource": "unknown", "history": "ExplorerRun.0", "HistoryName": "ExplorerRun.0", "WorkDir": "/home/cinovador/Documents/course_files/digital_logic/practice_2", "HistorySimDir": "/home/cinovador/Documents/course_files/digital_logic/practice_2/logic_gates/nor_gate/maestro/logic_gates/nor_gate/maestro/results/maestro/ExplorerRun.0", "HistoryResultsDir": "/home/cinovador/Documents/course_files/digital_logic/practice_2/logic_gates/nor_gate/maestro/results/maestro"}
[2024-10-31 17:25:41.900 -0300] [PROCESS] [cadence.virtuoso.ade.gui] - History Setup {"hostname": "cinova05.lesc.ufc.br", "processid": 75136, "history": "ExplorerRun.0", "testname": "logic_gates_nor_gate_1", "point": 1, "jobmode": "LSCS", "runmode": "Single Run, Sweeps and Corners", "lib": "logic_gates", "cell": "nor_gate", "view": "maestro", "icversion": "sub-version  IC23.1-64b.ISR9.24 ", "runstart": "Thu Oct 31 17:25:41 2024\n", "timezonelocal": "+000", "spectreversion": "unknown", "jobpolicyname": "", "maxjobs": "unknown", "ncjobpolicyname": "", "ncmaxjobs": "unknown", "numtests": "1", "runfinished": "unknown", "runelapsed": "-1", "numcorners": "1"}
[2024-10-31 17:25:42.479 -0300] [EVENT] [cadence.virtuoso.ade.pointevaluator] - NewPoint {"history": "ExplorerRun.0", "point": 1, "testname": "logic_gates_nor_gate_1", "event": "NewPoint", "EventSource": "unknown", "HistoryName": "ExplorerRun.0", "logFile": "", "logFileSize": "-1", "category": "point-netlist"}
[2024-10-31 17:25:42.479 -0300] [INFO] [cadence.virtuoso.ade.pointevaluator] - Started netlisting {"history": "ExplorerRun.0", "point": 1, "testname": "logic_gates_nor_gate_1", "event": "start", "category": "point-netlist"}
[2024-10-31 17:25:42.715 -0300] [INFO] [cadence.virtuoso.ade.pointevaluator] - Finished netlisting {"history": "ExplorerRun.0", "point": 1, "testname": "logic_gates_nor_gate_1", "event": "finish", "category": "point-netlist"}
[2024-10-31 17:25:42.715 -0300] [INFO] [cadence.virtuoso.ade.pointevaluator] - Submitted {"history": "ExplorerRun.0", "point": 1, "testname": "logic_gates_nor_gate_1"}
[2024-10-31 17:25:47.162 -0300] [PROCESS] [cadence.virtuoso.ade.gui] - /home/cinovador/Documents/course_files/digital_logic/practice_2/.tmp_cinovador/.cmddir0/swiftJob11 is starting {"logfile": "/home/cinovador/Documents/course_files/digital_logic/practice_2/logs_cinovador/logs0/Job11.log"}
[2024-10-31 17:25:47.264 -0300] [PROCESS] [cadence.virtuoso.ade.gui] - Simulation Monitor process '115782' is starting up on host 'cinova05.lesc.ufc.br' {"logfile": "/home/cinovador/Documents/course_files/digital_logic/practice_2/logs_cinovador/logs0/Job11.log"}
[2024-10-31 17:26:02.659 -0300] [INFO] [cadence.virtuoso.ade.gui] - Point completed {"history": "ExplorerRun.0", "point": 1, "testname": "logic_gates_nor_gate_1"}
[2024-10-31 17:26:02.827 -0300] [EVENT] [cadence.virtuoso.ade.gui] - HistoryFinished {"point": 1, "testname": "logic_gates_nor_gate_1", "event": "HistoryFinished", "EventSource": "unknown", "HistoryName": "ExplorerRun.0"}
[2024-10-31 17:27:14.851 -0300] [PROCESS] [cadence.virtuoso.ade.gui] - Logging Service '111569' stopped with exit code '0' {"logfile": "/home/cinovador/Documents/course_files/digital_logic/practice_2/logs_cinovador/logs0/LoggingService8.log"}
[2024-10-31 17:28:09.240 -0300] [PROCESS] [cadence.virtuoso.ade.gui] - /home/cinovador/Documents/course_files/digital_logic/practice_2/.tmp_cinovador/.cmddir0/swiftLoggingService12 is starting {"logfile": "/home/cinovador/Documents/course_files/digital_logic/practice_2/logs_cinovador/logs0/LoggingService12.log"}
[2024-10-31 17:28:09.242 -0300] [PROCESS] [cadence.virtuoso.ade.gui] - /home/cinovador/Documents/course_files/digital_logic/practice_2/.tmp_cinovador/.cmddir0/swiftNetlistService13 is starting {"logfile": "/home/cinovador/Documents/course_files/digital_logic/practice_2/logs_cinovador/logs0/Service13.log"}
[2024-10-31 17:28:09.655 -0300] [PROCESS] [cadence.virtuoso.ade.gui] - Netlist Service '116642' is starting up on host 'cinova05.lesc.ufc.br' {"logfile": "/home/cinovador/Documents/course_files/digital_logic/practice_2/logs_cinovador/logs0/Service13.log"}
[2024-10-31 17:28:09.655 -0300] [PROCESS] [cadence.virtuoso.ade.gui] - Logging Service '116636' is starting up on host 'cinova05.lesc.ufc.br' {"logfile": "/home/cinovador/Documents/course_files/digital_logic/practice_2/logs_cinovador/logs0/LoggingService12.log"}
[2024-10-31 17:28:14.654 -0300] [EVENT] [cadence.virtuoso.ade.gui] - AddLogFile {"history": "ExplorerRun.0", "event": "AddLogFile", "EventSource": "unknown", "HistoryName": "ExplorerRun.0", "Points": "", "EventLogFile": "", "EventTool": "unknown", "EventTest": ""}
[2024-10-31 17:28:14.654 -0300] [EVENT] [cadence.virtuoso.ade.gui] - NewHistoryCreated {"event": "NewHistoryCreated", "EventSource": "unknown", "history": "ExplorerRun.0", "HistoryName": "ExplorerRun.0", "WorkDir": "/home/cinovador/Documents/course_files/digital_logic/practice_2", "HistorySimDir": "/home/cinovador/Documents/course_files/digital_logic/practice_2/./logic_gates/nor_gate/maestro/logic_gates/nand_gate/maestro/results/maestro/ExplorerRun.0", "HistoryResultsDir": "/home/cinovador/Documents/course_files/digital_logic/practice_2/logic_gates/nand_gate/maestro/results/maestro"}
[2024-10-31 17:28:14.654 -0300] [PROCESS] [cadence.virtuoso.ade.gui] - History Setup {"hostname": "cinova05.lesc.ufc.br", "processid": 75136, "history": "ExplorerRun.0", "jobmode": "LSCS", "runmode": "Single Run, Sweeps and Corners", "lib": "logic_gates", "cell": "nand_gate", "view": "maestro", "icversion": "sub-version  IC23.1-64b.ISR9.24 ", "runstart": "Thu Oct 31 17:28:14 2024\n", "timezonelocal": "+000", "spectreversion": "unknown", "jobpolicyname": "", "maxjobs": "unknown", "ncjobpolicyname": "", "ncmaxjobs": "unknown", "numtests": "1", "runfinished": "unknown", "runelapsed": "-1", "numcorners": "1"}
[2024-10-31 17:28:15.176 -0300] [EVENT] [cadence.virtuoso.ade.pointevaluator] - NewPoint {"history": "ExplorerRun.0", "point": 1, "testname": "logic_gates_nand_gate_1", "event": "NewPoint", "EventSource": "unknown", "HistoryName": "ExplorerRun.0", "logFile": "", "logFileSize": "-1", "category": "point-netlist"}
[2024-10-31 17:28:15.176 -0300] [INFO] [cadence.virtuoso.ade.pointevaluator] - Started netlisting {"history": "ExplorerRun.0", "point": 1, "testname": "logic_gates_nand_gate_1", "event": "start", "category": "point-netlist"}
[2024-10-31 17:28:15.176 -0300] [INFO] [cadence.virtuoso.ade.pointevaluator] - Finished netlisting {"history": "ExplorerRun.0", "point": 1, "testname": "logic_gates_nand_gate_1", "event": "finish", "category": "point-netlist"}
[2024-10-31 17:28:15.176 -0300] [INFO] [cadence.virtuoso.ade.pointevaluator] - Submitted {"history": "ExplorerRun.0", "point": 1, "testname": "logic_gates_nand_gate_1"}
[2024-10-31 17:28:20.123 -0300] [PROCESS] [cadence.virtuoso.ade.gui] - /home/cinovador/Documents/course_files/digital_logic/practice_2/.tmp_cinovador/.cmddir0/swiftJob14 is starting {"logfile": "/home/cinovador/Documents/course_files/digital_logic/practice_2/logs_cinovador/logs0/Job14.log"}
[2024-10-31 17:28:20.123 -0300] [PROCESS] [cadence.virtuoso.ade.gui] - Simulation Monitor process '117037' is starting up on host 'cinova05.lesc.ufc.br' {"logfile": "/home/cinovador/Documents/course_files/digital_logic/practice_2/logs_cinovador/logs0/Job14.log"}
[2024-10-31 17:28:26.159 -0300] [INFO] [cadence.virtuoso.ade.gui] - Point completed {"history": "ExplorerRun.0", "point": 1, "testname": "logic_gates_nand_gate_1"}
[2024-10-31 17:28:26.159 -0300] [EVENT] [cadence.virtuoso.ade.gui] - HistoryFinished {"point": 1, "testname": "logic_gates_nand_gate_1", "event": "HistoryFinished", "EventSource": "unknown", "HistoryName": "ExplorerRun.0"}
[2024-10-31 17:29:30.356 -0300] [PROCESS] [cadence.virtuoso.ade.gui] - Logging Service '116636' stopped with exit code '0' {"logfile": "/home/cinovador/Documents/course_files/digital_logic/practice_2/logs_cinovador/logs0/LoggingService12.log"}
