============================================================
  Generated by:           Genus(TM) Synthesis Solution 21.10-p002_1
  Generated on:           Feb 21 2025  01:00:13 pm
  Module:                 ieee754multiplier
  Operating conditions:   PVT_0P9V_125C 
  Operating conditions:   PVT_1P32V_0C 
  Interconnect mode:      global
  Area mode:              physical library
============================================================


Path 1: MET (97009 ps) Setup Check with Pin product_o_reg[30]/CK->D
          Group: clk
     Startpoint: (R) product_o_reg[12]/CK
          Clock: (R) clk
       Endpoint: (R) product_o_reg[30]/D
          Clock: (R) clk

                     Capture       Launch     
        Clock Edge:+  100000            0     
       Src Latency:+       0            0     
       Net Latency:+     105 (I)      105 (I) 
           Arrival:=  100105          105     
                                              
             Setup:-     169                  
       Uncertainty:-      44                  
     Required Time:=   99892                  
      Launch Clock:-     105                  
         Data Path:-    2777                  
             Slack:=   97009                  

#----------------------------------------------------------------------------------------------
#    Timing Point      Flags    Arc   Edge   Cell     Fanout Load Trans Delay Arrival Instance 
#                                                            (fF)  (ps)  (ps)   (ps)  Location 
#----------------------------------------------------------------------------------------------
  product_o_reg[12]/CK -       -      R     (arrival)     40    -     0     0     105    (-,-) 
  product_o_reg[12]/Q  -       CK->Q  F     DFFRHQX1       1  3.6   101   247     352    (-,-) 
  g3087/Y              -       A->Y   F     BUFX8          2 49.6   186   201     552    (-,-) 
  g3807__9945/Y        -       A->Y   F     OR4X1          1  3.6   124   399     951    (-,-) 
  g3798__7098/Y        -       D->Y   R     NOR4X2         1  3.3   235   193    1144    (-,-) 
  g3789__5526/Y        -       B->Y   F     NAND2BX1       1  3.1   218   252    1396    (-,-) 
  g3778__1666/Y        -       C->Y   F     OR4X1          2  5.3   166   398    1794    (-,-) 
  g3773__9315/Y        -       B->Y   R     NAND2X2        3  7.0   110   137    1931    (-,-) 
  g3694__4319/Y        -       B->Y   F     NAND2X1        1  3.3   217   188    2119    (-,-) 
  g3693__6260/Y        -       A0->Y  R     AOI21X1        1  3.7   215   251    2369    (-,-) 
  g3692__5107/Y        -       A->Y   R     OR2X6         32 53.6   198   277    2646    (-,-) 
  g3041__1617/Y        -       A1N->Y R     OAI2BB1X1      1  3.2   123   236    2882    (-,-) 
  product_o_reg[30]/D  <<<     -      R     DFFRHQX1       1    -     -     0    2882    (-,-) 
#----------------------------------------------------------------------------------------------

