xrun(64): 24.09-s001: (c) Copyright 1995-2024 Cadence Design Systems, Inc.
TOOL:	xrun(64)	24.09-s001: Started on Feb 22, 2025 at 11:19:09 -03
xrun
	alu_testvectors_tb.sv
	alu.sv
	+access+rw
file: alu.sv
	module worklib.alu:sv
		errors: 0, warnings: 0
		Caching library 'worklib' ....... Done
	Elaborating the design hierarchy:
	Top level design units:
		alu_testvectors_tb
	Building instance overlay tables: .................... Done
	Generating native compiled code:
		worklib.alu:sv <0x1b6cb09e>
			streams:   5, words:  1849
	Building instance specific data structures.
	Loading native compiled code:     .................... Done
	Design hierarchy summary:
		              Instances  Unique
		Modules:              2       2
		Registers:           20      20
		Scalar wires:         4       -
		Vectored wires:       6       -
		Always blocks:        5       5
		Initial blocks:       1       1
		Cont. assignments:    1       1
		Pseudo assignments:   7       -
		Process Clocks:       1       1
	Writing initial simulation snapshot: worklib.alu_testvectors_tb:sv
Loading snapshot worklib.alu_testvectors_tb:sv .................... Done
xcelium> source /home/tools/cadence/installs/XCELIUM2209/tools/xcelium/files/xmsimrc
xcelium> run
Finished testing all vectors.          0 errors found.
Simulation complete via $finish(1) at time 2021 NS + 0
./alu_testvectors_tb.sv:57             $finish;
xcelium> exit
TOOL:	xrun(64)	24.09-s001: Exiting on Feb 22, 2025 at 11:19:19 -03  (total: 00:00:10)
