============================================================
  Generated by:           Genus(TM) Synthesis Solution 21.10-p002_1
  Generated on:           Feb 21 2025  01:00:13 pm
  Module:                 ieee754multiplier
  Operating conditions:   PVT_0P9V_125C 
  Operating conditions:   PVT_1P32V_0C 
  Interconnect mode:      global
  Area mode:              physical library
============================================================

Timing
--------

Clock  Period  
---------------
clk   100000.0 


  Cost    Critical         Violating 
 Group   Path Slack  TNS     Paths   
-------------------------------------
clk         97009.2   0.0          0 
default    No paths   0.0            
-------------------------------------
Total                 0.0          0 

Instance Count
--------------
Leaf Instance Count             1294 
Physical Instance count            0 
Sequential Instance Count         75 
Combinational Instance Count    1219 
Hierarchical Instance Count        0 

Area
----
Cell Area                          3986.352
Physical Cell Area                 0.000
Total Cell Area (Cell+Physical)    3986.352
Net Area                           1904.104
Total Area (Cell+Physical+Net)     5890.456

Max Fanout                         40 (clk)
Min Fanout                         1 (a_i[23])
Average Fanout                     2.1
Terms to net ratio                 3.1297
Terms to instance ratio            4.0464
Runtime                            30.710677000000004 seconds
Elapsed Runtime                    34 seconds
Genus peak memory usage            1694.21 
Innovus peak memory usage          no_value 
Hostname                           cinova05.lesc.ufc.br
