#! /usr/bin/vvp
:ivl_version "12.0 (stable)";
:ivl_delay_selection "TYPICAL";
:vpi_time_precision - 12;
:vpi_module "/usr/lib/x86_64-linux-gnu/ivl/system.vpi";
:vpi_module "/usr/lib/x86_64-linux-gnu/ivl/vhdl_sys.vpi";
:vpi_module "/usr/lib/x86_64-linux-gnu/ivl/vhdl_textio.vpi";
:vpi_module "/usr/lib/x86_64-linux-gnu/ivl/v2005_math.vpi";
:vpi_module "/usr/lib/x86_64-linux-gnu/ivl/va_math.vpi";
:vpi_module "/usr/lib/x86_64-linux-gnu/ivl/v2009.vpi";
S_0x6454e50a4500 .scope package, "$unit" "$unit" 2 1;
 .timescale 0 0;
S_0x6454e50a4690 .scope module, "Q2_LUT3_TB" "Q2_LUT3_TB" 3 2;
 .timescale -9 -12;
v0x6454e50c9b10_0 .var "A0", 0 0;
v0x6454e50c9bd0_0 .var "A1", 0 0;
v0x6454e50c9c90_0 .var "A2", 0 0;
v0x6454e50c9d30_0 .var "A3", 0 0;
v0x6454e50c9dd0_0 .net "OUT", 0 0, v0x6454e50c8b80_0;  1 drivers
S_0x6454e5076960 .scope module, "UUT" "Q2_LUT3" 3 5, 4 2 0, S_0x6454e50a4690;
 .timescale -9 -12;
    .port_info 0 /INPUT 1 "A3";
    .port_info 1 /INPUT 1 "A2";
    .port_info 2 /INPUT 1 "A1";
    .port_info 3 /INPUT 1 "A0";
    .port_info 4 /OUTPUT 1 "OUT";
v0x6454e50c90d0_0 .net "A0", 0 0, v0x6454e50c9b10_0;  1 drivers
v0x6454e50c9220_0 .net "A1", 0 0, v0x6454e50c9bd0_0;  1 drivers
v0x6454e50c9370_0 .net "A2", 0 0, v0x6454e50c9c90_0;  1 drivers
v0x6454e50c9410_0 .net "A3", 0 0, v0x6454e50c9d30_0;  1 drivers
v0x6454e50c94b0_0 .net "OUT", 0 0, v0x6454e50c8b80_0;  alias, 1 drivers
v0x6454e50c9550_0 .net "and_0_out", 0 0, v0x6454e50c2f40_0;  1 drivers
v0x6454e50c95f0_0 .net "and_1_out", 0 0, v0x6454e50c4280_0;  1 drivers
v0x6454e50c9690_0 .net "nor_0_out", 0 0, v0x6454e50c5490_0;  1 drivers
v0x6454e50c97c0_0 .net "nor_1_out", 0 0, v0x6454e50c6610_0;  1 drivers
v0x6454e50c9980_0 .net "or_0_out", 0 0, v0x6454e50c7930_0;  1 drivers
S_0x6454e5076b40 .scope module, "AND_0_INST" "AND_3" 4 10, 5 2 0, S_0x6454e5076960;
 .timescale -9 -12;
    .port_info 0 /INPUT 1 "A";
    .port_info 1 /INPUT 1 "B";
    .port_info 2 /INPUT 1 "C";
    .port_info 3 /OUTPUT 1 "OUT";
v0x6454e50c3190_0 .net "A", 0 0, v0x6454e50c9bd0_0;  alias, 1 drivers
v0x6454e50c3250_0 .net "B", 0 0, v0x6454e50c9c90_0;  alias, 1 drivers
v0x6454e50c3320_0 .net "C", 0 0, v0x6454e50c9d30_0;  alias, 1 drivers
v0x6454e50c3420_0 .net "OUT", 0 0, v0x6454e50c2f40_0;  alias, 1 drivers
S_0x6454e5072850 .scope module, "AND_0_INST" "LUT3" 5 7, 6 24 0, S_0x6454e5076b40;
 .timescale -12 -12;
    .port_info 0 /OUTPUT 1 "O";
    .port_info 1 /INPUT 1 "I0";
    .port_info 2 /INPUT 1 "I1";
    .port_info 3 /INPUT 1 "I2";
P_0x6454e5072a30 .param/l "INIT" 0 6 26, C4<10000000>;
v0x6454e507f680_0 .net "I0", 0 0, v0x6454e50c9bd0_0;  alias, 1 drivers
v0x6454e507f720_0 .net "I1", 0 0, v0x6454e50c9c90_0;  alias, 1 drivers
v0x6454e507f7f0_0 .net "I2", 0 0, v0x6454e50c9d30_0;  alias, 1 drivers
v0x6454e50c2f40_0 .var "O", 0 0;
v0x6454e50c3000_0 .var "tmp", 0 0;
E_0x6454e5074910 .event anyedge, v0x6454e507f680_0, v0x6454e507f720_0, v0x6454e507f7f0_0;
S_0x6454e5072ad0 .scope function.vec4.s1, "lut3_mux4" "lut3_mux4" 6 43, 6 43 0, S_0x6454e5072850;
 .timescale -12 -12;
v0x6454e508b150_0 .var "d", 3 0;
; Variable lut3_mux4 is vec4 return value of scope S_0x6454e5072ad0
v0x6454e508b2c0_0 .var "s", 1 0;
TD_Q2_LUT3_TB.UUT.AND_0_INST.AND_0_INST.lut3_mux4 ;
    %load/vec4 v0x6454e508b2c0_0;
    %parti/s 1, 1, 2;
    %load/vec4 v0x6454e508b2c0_0;
    %parti/s 1, 0, 2;
    %pad/u 32;
    %pushi/vec4 1, 0, 32;
    %cmp/e;
    %flag_get/vec4 4;
    %xor;
    %flag_set/vec4 8;
    %jmp/1 T_0.2, 8;
    %load/vec4 v0x6454e508b2c0_0;
    %parti/s 1, 1, 2;
    %load/vec4 v0x6454e508b2c0_0;
    %parti/s 1, 0, 2;
    %pad/u 32;
    %pushi/vec4 0, 0, 32;
    %cmp/e;
    %flag_get/vec4 4;
    %xor;
    %flag_set/vec4 9;
    %flag_or 8, 9;
T_0.2;
    %jmp/0xz  T_0.0, 8;
    %load/vec4 v0x6454e508b150_0;
    %load/vec4 v0x6454e508b2c0_0;
    %part/u 1;
    %ret/vec4 0, 0, 1;  Assign to lut3_mux4 (store_vec4_to_lval)
    %jmp T_0.1;
T_0.0 ;
    %load/vec4 v0x6454e508b150_0;
    %parti/s 1, 0, 2;
    %load/vec4 v0x6454e508b150_0;
    %parti/s 1, 1, 2;
    %cmp/e;
    %flag_get/vec4 6;
    %jmp/0 T_0.6, 6;
    %load/vec4 v0x6454e508b150_0;
    %parti/s 1, 2, 3;
    %load/vec4 v0x6454e508b150_0;
    %parti/s 1, 3, 3;
    %cmp/e;
    %flag_get/vec4 6;
    %and;
T_0.6;
    %flag_set/vec4 9;
    %flag_get/vec4 9;
    %jmp/0 T_0.5, 9;
    %load/vec4 v0x6454e508b150_0;
    %parti/s 1, 0, 2;
    %load/vec4 v0x6454e508b150_0;
    %parti/s 1, 2, 3;
    %cmp/e;
    %flag_get/vec4 6;
    %and;
T_0.5;
    %flag_set/vec4 8;
    %jmp/0xz  T_0.3, 8;
    %load/vec4 v0x6454e508b150_0;
    %parti/s 1, 0, 2;
    %ret/vec4 0, 0, 1;  Assign to lut3_mux4 (store_vec4_to_lval)
    %jmp T_0.4;
T_0.3 ;
    %load/vec4 v0x6454e508b2c0_0;
    %parti/s 1, 1, 2;
    %pad/u 32;
    %cmpi/e 0, 0, 32;
    %flag_get/vec4 4;
    %jmp/0 T_0.9, 4;
    %load/vec4 v0x6454e508b150_0;
    %parti/s 1, 0, 2;
    %load/vec4 v0x6454e508b150_0;
    %parti/s 1, 1, 2;
    %cmp/e;
    %flag_get/vec4 6;
    %and;
T_0.9;
    %flag_set/vec4 8;
    %jmp/0xz  T_0.7, 8;
    %load/vec4 v0x6454e508b150_0;
    %parti/s 1, 0, 2;
    %ret/vec4 0, 0, 1;  Assign to lut3_mux4 (store_vec4_to_lval)
    %jmp T_0.8;
T_0.7 ;
    %load/vec4 v0x6454e508b2c0_0;
    %parti/s 1, 1, 2;
    %pad/u 32;
    %cmpi/e 1, 0, 32;
    %flag_get/vec4 4;
    %jmp/0 T_0.12, 4;
    %load/vec4 v0x6454e508b150_0;
    %parti/s 1, 2, 3;
    %load/vec4 v0x6454e508b150_0;
    %parti/s 1, 3, 3;
    %cmp/e;
    %flag_get/vec4 6;
    %and;
T_0.12;
    %flag_set/vec4 8;
    %jmp/0xz  T_0.10, 8;
    %load/vec4 v0x6454e508b150_0;
    %parti/s 1, 2, 3;
    %ret/vec4 0, 0, 1;  Assign to lut3_mux4 (store_vec4_to_lval)
    %jmp T_0.11;
T_0.10 ;
    %load/vec4 v0x6454e508b2c0_0;
    %parti/s 1, 0, 2;
    %pad/u 32;
    %cmpi/e 0, 0, 32;
    %flag_get/vec4 4;
    %jmp/0 T_0.15, 4;
    %load/vec4 v0x6454e508b150_0;
    %parti/s 1, 0, 2;
    %load/vec4 v0x6454e508b150_0;
    %parti/s 1, 2, 3;
    %cmp/e;
    %flag_get/vec4 6;
    %and;
T_0.15;
    %flag_set/vec4 8;
    %jmp/0xz  T_0.13, 8;
    %load/vec4 v0x6454e508b150_0;
    %parti/s 1, 0, 2;
    %ret/vec4 0, 0, 1;  Assign to lut3_mux4 (store_vec4_to_lval)
    %jmp T_0.14;
T_0.13 ;
    %load/vec4 v0x6454e508b2c0_0;
    %parti/s 1, 0, 2;
    %pad/u 32;
    %cmpi/e 1, 0, 32;
    %flag_get/vec4 4;
    %jmp/0 T_0.18, 4;
    %load/vec4 v0x6454e508b150_0;
    %parti/s 1, 1, 2;
    %load/vec4 v0x6454e508b150_0;
    %parti/s 1, 3, 3;
    %cmp/e;
    %flag_get/vec4 6;
    %and;
T_0.18;
    %flag_set/vec4 8;
    %jmp/0xz  T_0.16, 8;
    %load/vec4 v0x6454e508b150_0;
    %parti/s 1, 1, 2;
    %ret/vec4 0, 0, 1;  Assign to lut3_mux4 (store_vec4_to_lval)
    %jmp T_0.17;
T_0.16 ;
    %pushi/vec4 1, 1, 1;
    %ret/vec4 0, 0, 1;  Assign to lut3_mux4 (store_vec4_to_lval)
T_0.17 ;
T_0.14 ;
T_0.11 ;
T_0.8 ;
T_0.4 ;
T_0.1 ;
    %end;
S_0x6454e50c3520 .scope module, "AND_1_INST" "AND_3" 4 13, 5 2 0, S_0x6454e5076960;
 .timescale -9 -12;
    .port_info 0 /INPUT 1 "A";
    .port_info 1 /INPUT 1 "B";
    .port_info 2 /INPUT 1 "C";
    .port_info 3 /OUTPUT 1 "OUT";
v0x6454e50c4490_0 .net "A", 0 0, v0x6454e50c9b10_0;  alias, 1 drivers
v0x6454e50c4550_0 .net "B", 0 0, v0x6454e50c9c90_0;  alias, 1 drivers
v0x6454e50c45f0_0 .net "C", 0 0, v0x6454e50c9d30_0;  alias, 1 drivers
v0x6454e50c4690_0 .net "OUT", 0 0, v0x6454e50c4280_0;  alias, 1 drivers
S_0x6454e50c3770 .scope module, "AND_0_INST" "LUT3" 5 7, 6 24 0, S_0x6454e50c3520;
 .timescale -12 -12;
    .port_info 0 /OUTPUT 1 "O";
    .port_info 1 /INPUT 1 "I0";
    .port_info 2 /INPUT 1 "I1";
    .port_info 3 /INPUT 1 "I2";
P_0x6454e50c3950 .param/l "INIT" 0 6 26, C4<10000000>;
v0x6454e50c3fa0_0 .net "I0", 0 0, v0x6454e50c9b10_0;  alias, 1 drivers
v0x6454e50c4080_0 .net "I1", 0 0, v0x6454e50c9c90_0;  alias, 1 drivers
v0x6454e50c4190_0 .net "I2", 0 0, v0x6454e50c9d30_0;  alias, 1 drivers
v0x6454e50c4280_0 .var "O", 0 0;
v0x6454e50c4320_0 .var "tmp", 0 0;
E_0x6454e5074a70 .event anyedge, v0x6454e50c3fa0_0, v0x6454e507f720_0, v0x6454e507f7f0_0;
S_0x6454e50c3af0 .scope function.vec4.s1, "lut3_mux4" "lut3_mux4" 6 43, 6 43 0, S_0x6454e50c3770;
 .timescale -12 -12;
v0x6454e50c3cf0_0 .var "d", 3 0;
; Variable lut3_mux4 is vec4 return value of scope S_0x6454e50c3af0
v0x6454e50c3eb0_0 .var "s", 1 0;
TD_Q2_LUT3_TB.UUT.AND_1_INST.AND_0_INST.lut3_mux4 ;
    %load/vec4 v0x6454e50c3eb0_0;
    %parti/s 1, 1, 2;
    %load/vec4 v0x6454e50c3eb0_0;
    %parti/s 1, 0, 2;
    %pad/u 32;
    %pushi/vec4 1, 0, 32;
    %cmp/e;
    %flag_get/vec4 4;
    %xor;
    %flag_set/vec4 8;
    %jmp/1 T_1.21, 8;
    %load/vec4 v0x6454e50c3eb0_0;
    %parti/s 1, 1, 2;
    %load/vec4 v0x6454e50c3eb0_0;
    %parti/s 1, 0, 2;
    %pad/u 32;
    %pushi/vec4 0, 0, 32;
    %cmp/e;
    %flag_get/vec4 4;
    %xor;
    %flag_set/vec4 9;
    %flag_or 8, 9;
T_1.21;
    %jmp/0xz  T_1.19, 8;
    %load/vec4 v0x6454e50c3cf0_0;
    %load/vec4 v0x6454e50c3eb0_0;
    %part/u 1;
    %ret/vec4 0, 0, 1;  Assign to lut3_mux4 (store_vec4_to_lval)
    %jmp T_1.20;
T_1.19 ;
    %load/vec4 v0x6454e50c3cf0_0;
    %parti/s 1, 0, 2;
    %load/vec4 v0x6454e50c3cf0_0;
    %parti/s 1, 1, 2;
    %cmp/e;
    %flag_get/vec4 6;
    %jmp/0 T_1.25, 6;
    %load/vec4 v0x6454e50c3cf0_0;
    %parti/s 1, 2, 3;
    %load/vec4 v0x6454e50c3cf0_0;
    %parti/s 1, 3, 3;
    %cmp/e;
    %flag_get/vec4 6;
    %and;
T_1.25;
    %flag_set/vec4 9;
    %flag_get/vec4 9;
    %jmp/0 T_1.24, 9;
    %load/vec4 v0x6454e50c3cf0_0;
    %parti/s 1, 0, 2;
    %load/vec4 v0x6454e50c3cf0_0;
    %parti/s 1, 2, 3;
    %cmp/e;
    %flag_get/vec4 6;
    %and;
T_1.24;
    %flag_set/vec4 8;
    %jmp/0xz  T_1.22, 8;
    %load/vec4 v0x6454e50c3cf0_0;
    %parti/s 1, 0, 2;
    %ret/vec4 0, 0, 1;  Assign to lut3_mux4 (store_vec4_to_lval)
    %jmp T_1.23;
T_1.22 ;
    %load/vec4 v0x6454e50c3eb0_0;
    %parti/s 1, 1, 2;
    %pad/u 32;
    %cmpi/e 0, 0, 32;
    %flag_get/vec4 4;
    %jmp/0 T_1.28, 4;
    %load/vec4 v0x6454e50c3cf0_0;
    %parti/s 1, 0, 2;
    %load/vec4 v0x6454e50c3cf0_0;
    %parti/s 1, 1, 2;
    %cmp/e;
    %flag_get/vec4 6;
    %and;
T_1.28;
    %flag_set/vec4 8;
    %jmp/0xz  T_1.26, 8;
    %load/vec4 v0x6454e50c3cf0_0;
    %parti/s 1, 0, 2;
    %ret/vec4 0, 0, 1;  Assign to lut3_mux4 (store_vec4_to_lval)
    %jmp T_1.27;
T_1.26 ;
    %load/vec4 v0x6454e50c3eb0_0;
    %parti/s 1, 1, 2;
    %pad/u 32;
    %cmpi/e 1, 0, 32;
    %flag_get/vec4 4;
    %jmp/0 T_1.31, 4;
    %load/vec4 v0x6454e50c3cf0_0;
    %parti/s 1, 2, 3;
    %load/vec4 v0x6454e50c3cf0_0;
    %parti/s 1, 3, 3;
    %cmp/e;
    %flag_get/vec4 6;
    %and;
T_1.31;
    %flag_set/vec4 8;
    %jmp/0xz  T_1.29, 8;
    %load/vec4 v0x6454e50c3cf0_0;
    %parti/s 1, 2, 3;
    %ret/vec4 0, 0, 1;  Assign to lut3_mux4 (store_vec4_to_lval)
    %jmp T_1.30;
T_1.29 ;
    %load/vec4 v0x6454e50c3eb0_0;
    %parti/s 1, 0, 2;
    %pad/u 32;
    %cmpi/e 0, 0, 32;
    %flag_get/vec4 4;
    %jmp/0 T_1.34, 4;
    %load/vec4 v0x6454e50c3cf0_0;
    %parti/s 1, 0, 2;
    %load/vec4 v0x6454e50c3cf0_0;
    %parti/s 1, 2, 3;
    %cmp/e;
    %flag_get/vec4 6;
    %and;
T_1.34;
    %flag_set/vec4 8;
    %jmp/0xz  T_1.32, 8;
    %load/vec4 v0x6454e50c3cf0_0;
    %parti/s 1, 0, 2;
    %ret/vec4 0, 0, 1;  Assign to lut3_mux4 (store_vec4_to_lval)
    %jmp T_1.33;
T_1.32 ;
    %load/vec4 v0x6454e50c3eb0_0;
    %parti/s 1, 0, 2;
    %pad/u 32;
    %cmpi/e 1, 0, 32;
    %flag_get/vec4 4;
    %jmp/0 T_1.37, 4;
    %load/vec4 v0x6454e50c3cf0_0;
    %parti/s 1, 1, 2;
    %load/vec4 v0x6454e50c3cf0_0;
    %parti/s 1, 3, 3;
    %cmp/e;
    %flag_get/vec4 6;
    %and;
T_1.37;
    %flag_set/vec4 8;
    %jmp/0xz  T_1.35, 8;
    %load/vec4 v0x6454e50c3cf0_0;
    %parti/s 1, 1, 2;
    %ret/vec4 0, 0, 1;  Assign to lut3_mux4 (store_vec4_to_lval)
    %jmp T_1.36;
T_1.35 ;
    %pushi/vec4 1, 1, 1;
    %ret/vec4 0, 0, 1;  Assign to lut3_mux4 (store_vec4_to_lval)
T_1.36 ;
T_1.33 ;
T_1.30 ;
T_1.27 ;
T_1.23 ;
T_1.20 ;
    %end;
S_0x6454e50c47b0 .scope module, "NOR_0_INST" "NOR_3" 4 9, 7 2 0, S_0x6454e5076960;
 .timescale -9 -12;
    .port_info 0 /INPUT 1 "A";
    .port_info 1 /INPUT 1 "B";
    .port_info 2 /INPUT 1 "C";
    .port_info 3 /OUTPUT 1 "OUT";
v0x6454e50c5650_0 .net "A", 0 0, v0x6454e50c9bd0_0;  alias, 1 drivers
v0x6454e50c5710_0 .net "B", 0 0, v0x6454e50c9c90_0;  alias, 1 drivers
v0x6454e50c57d0_0 .net "C", 0 0, v0x6454e50c9d30_0;  alias, 1 drivers
v0x6454e50c5870_0 .net "OUT", 0 0, v0x6454e50c5490_0;  alias, 1 drivers
S_0x6454e50c4a30 .scope module, "OR_0_INST" "LUT3" 7 7, 6 24 0, S_0x6454e50c47b0;
 .timescale -12 -12;
    .port_info 0 /OUTPUT 1 "O";
    .port_info 1 /INPUT 1 "I0";
    .port_info 2 /INPUT 1 "I1";
    .port_info 3 /INPUT 1 "I2";
P_0x6454e50c4c10 .param/l "INIT" 0 6 26, C4<00000001>;
v0x6454e50c5220_0 .net "I0", 0 0, v0x6454e50c9bd0_0;  alias, 1 drivers
v0x6454e50c5330_0 .net "I1", 0 0, v0x6454e50c9c90_0;  alias, 1 drivers
v0x6454e50c53f0_0 .net "I2", 0 0, v0x6454e50c9d30_0;  alias, 1 drivers
v0x6454e50c5490_0 .var "O", 0 0;
v0x6454e50c5530_0 .var "tmp", 0 0;
S_0x6454e50c4d70 .scope function.vec4.s1, "lut3_mux4" "lut3_mux4" 6 43, 6 43 0, S_0x6454e50c4a30;
 .timescale -12 -12;
v0x6454e50c4f70_0 .var "d", 3 0;
; Variable lut3_mux4 is vec4 return value of scope S_0x6454e50c4d70
v0x6454e50c5130_0 .var "s", 1 0;
TD_Q2_LUT3_TB.UUT.NOR_0_INST.OR_0_INST.lut3_mux4 ;
    %load/vec4 v0x6454e50c5130_0;
    %parti/s 1, 1, 2;
    %load/vec4 v0x6454e50c5130_0;
    %parti/s 1, 0, 2;
    %pad/u 32;
    %pushi/vec4 1, 0, 32;
    %cmp/e;
    %flag_get/vec4 4;
    %xor;
    %flag_set/vec4 8;
    %jmp/1 T_2.40, 8;
    %load/vec4 v0x6454e50c5130_0;
    %parti/s 1, 1, 2;
    %load/vec4 v0x6454e50c5130_0;
    %parti/s 1, 0, 2;
    %pad/u 32;
    %pushi/vec4 0, 0, 32;
    %cmp/e;
    %flag_get/vec4 4;
    %xor;
    %flag_set/vec4 9;
    %flag_or 8, 9;
T_2.40;
    %jmp/0xz  T_2.38, 8;
    %load/vec4 v0x6454e50c4f70_0;
    %load/vec4 v0x6454e50c5130_0;
    %part/u 1;
    %ret/vec4 0, 0, 1;  Assign to lut3_mux4 (store_vec4_to_lval)
    %jmp T_2.39;
T_2.38 ;
    %load/vec4 v0x6454e50c4f70_0;
    %parti/s 1, 0, 2;
    %load/vec4 v0x6454e50c4f70_0;
    %parti/s 1, 1, 2;
    %cmp/e;
    %flag_get/vec4 6;
    %jmp/0 T_2.44, 6;
    %load/vec4 v0x6454e50c4f70_0;
    %parti/s 1, 2, 3;
    %load/vec4 v0x6454e50c4f70_0;
    %parti/s 1, 3, 3;
    %cmp/e;
    %flag_get/vec4 6;
    %and;
T_2.44;
    %flag_set/vec4 9;
    %flag_get/vec4 9;
    %jmp/0 T_2.43, 9;
    %load/vec4 v0x6454e50c4f70_0;
    %parti/s 1, 0, 2;
    %load/vec4 v0x6454e50c4f70_0;
    %parti/s 1, 2, 3;
    %cmp/e;
    %flag_get/vec4 6;
    %and;
T_2.43;
    %flag_set/vec4 8;
    %jmp/0xz  T_2.41, 8;
    %load/vec4 v0x6454e50c4f70_0;
    %parti/s 1, 0, 2;
    %ret/vec4 0, 0, 1;  Assign to lut3_mux4 (store_vec4_to_lval)
    %jmp T_2.42;
T_2.41 ;
    %load/vec4 v0x6454e50c5130_0;
    %parti/s 1, 1, 2;
    %pad/u 32;
    %cmpi/e 0, 0, 32;
    %flag_get/vec4 4;
    %jmp/0 T_2.47, 4;
    %load/vec4 v0x6454e50c4f70_0;
    %parti/s 1, 0, 2;
    %load/vec4 v0x6454e50c4f70_0;
    %parti/s 1, 1, 2;
    %cmp/e;
    %flag_get/vec4 6;
    %and;
T_2.47;
    %flag_set/vec4 8;
    %jmp/0xz  T_2.45, 8;
    %load/vec4 v0x6454e50c4f70_0;
    %parti/s 1, 0, 2;
    %ret/vec4 0, 0, 1;  Assign to lut3_mux4 (store_vec4_to_lval)
    %jmp T_2.46;
T_2.45 ;
    %load/vec4 v0x6454e50c5130_0;
    %parti/s 1, 1, 2;
    %pad/u 32;
    %cmpi/e 1, 0, 32;
    %flag_get/vec4 4;
    %jmp/0 T_2.50, 4;
    %load/vec4 v0x6454e50c4f70_0;
    %parti/s 1, 2, 3;
    %load/vec4 v0x6454e50c4f70_0;
    %parti/s 1, 3, 3;
    %cmp/e;
    %flag_get/vec4 6;
    %and;
T_2.50;
    %flag_set/vec4 8;
    %jmp/0xz  T_2.48, 8;
    %load/vec4 v0x6454e50c4f70_0;
    %parti/s 1, 2, 3;
    %ret/vec4 0, 0, 1;  Assign to lut3_mux4 (store_vec4_to_lval)
    %jmp T_2.49;
T_2.48 ;
    %load/vec4 v0x6454e50c5130_0;
    %parti/s 1, 0, 2;
    %pad/u 32;
    %cmpi/e 0, 0, 32;
    %flag_get/vec4 4;
    %jmp/0 T_2.53, 4;
    %load/vec4 v0x6454e50c4f70_0;
    %parti/s 1, 0, 2;
    %load/vec4 v0x6454e50c4f70_0;
    %parti/s 1, 2, 3;
    %cmp/e;
    %flag_get/vec4 6;
    %and;
T_2.53;
    %flag_set/vec4 8;
    %jmp/0xz  T_2.51, 8;
    %load/vec4 v0x6454e50c4f70_0;
    %parti/s 1, 0, 2;
    %ret/vec4 0, 0, 1;  Assign to lut3_mux4 (store_vec4_to_lval)
    %jmp T_2.52;
T_2.51 ;
    %load/vec4 v0x6454e50c5130_0;
    %parti/s 1, 0, 2;
    %pad/u 32;
    %cmpi/e 1, 0, 32;
    %flag_get/vec4 4;
    %jmp/0 T_2.56, 4;
    %load/vec4 v0x6454e50c4f70_0;
    %parti/s 1, 1, 2;
    %load/vec4 v0x6454e50c4f70_0;
    %parti/s 1, 3, 3;
    %cmp/e;
    %flag_get/vec4 6;
    %and;
T_2.56;
    %flag_set/vec4 8;
    %jmp/0xz  T_2.54, 8;
    %load/vec4 v0x6454e50c4f70_0;
    %parti/s 1, 1, 2;
    %ret/vec4 0, 0, 1;  Assign to lut3_mux4 (store_vec4_to_lval)
    %jmp T_2.55;
T_2.54 ;
    %pushi/vec4 1, 1, 1;
    %ret/vec4 0, 0, 1;  Assign to lut3_mux4 (store_vec4_to_lval)
T_2.55 ;
T_2.52 ;
T_2.49 ;
T_2.46 ;
T_2.42 ;
T_2.39 ;
    %end;
S_0x6454e50c5990 .scope module, "NOR_1_INST" "NOR_3" 4 12, 7 2 0, S_0x6454e5076960;
 .timescale -9 -12;
    .port_info 0 /INPUT 1 "A";
    .port_info 1 /INPUT 1 "B";
    .port_info 2 /INPUT 1 "C";
    .port_info 3 /OUTPUT 1 "OUT";
v0x6454e50c6820_0 .net "A", 0 0, v0x6454e50c9b10_0;  alias, 1 drivers
v0x6454e50c68e0_0 .net "B", 0 0, v0x6454e50c9c90_0;  alias, 1 drivers
v0x6454e50c69a0_0 .net "C", 0 0, v0x6454e50c9d30_0;  alias, 1 drivers
v0x6454e50c6a40_0 .net "OUT", 0 0, v0x6454e50c6610_0;  alias, 1 drivers
S_0x6454e50c5b90 .scope module, "OR_0_INST" "LUT3" 7 7, 6 24 0, S_0x6454e50c5990;
 .timescale -12 -12;
    .port_info 0 /OUTPUT 1 "O";
    .port_info 1 /INPUT 1 "I0";
    .port_info 2 /INPUT 1 "I1";
    .port_info 3 /INPUT 1 "I2";
P_0x6454e50c5d90 .param/l "INIT" 0 6 26, C4<00000001>;
v0x6454e50c63a0_0 .net "I0", 0 0, v0x6454e50c9b10_0;  alias, 1 drivers
v0x6454e50c64b0_0 .net "I1", 0 0, v0x6454e50c9c90_0;  alias, 1 drivers
v0x6454e50c6570_0 .net "I2", 0 0, v0x6454e50c9d30_0;  alias, 1 drivers
v0x6454e50c6610_0 .var "O", 0 0;
v0x6454e50c66b0_0 .var "tmp", 0 0;
S_0x6454e50c5ef0 .scope function.vec4.s1, "lut3_mux4" "lut3_mux4" 6 43, 6 43 0, S_0x6454e50c5b90;
 .timescale -12 -12;
v0x6454e50c60f0_0 .var "d", 3 0;
; Variable lut3_mux4 is vec4 return value of scope S_0x6454e50c5ef0
v0x6454e50c62b0_0 .var "s", 1 0;
TD_Q2_LUT3_TB.UUT.NOR_1_INST.OR_0_INST.lut3_mux4 ;
    %load/vec4 v0x6454e50c62b0_0;
    %parti/s 1, 1, 2;
    %load/vec4 v0x6454e50c62b0_0;
    %parti/s 1, 0, 2;
    %pad/u 32;
    %pushi/vec4 1, 0, 32;
    %cmp/e;
    %flag_get/vec4 4;
    %xor;
    %flag_set/vec4 8;
    %jmp/1 T_3.59, 8;
    %load/vec4 v0x6454e50c62b0_0;
    %parti/s 1, 1, 2;
    %load/vec4 v0x6454e50c62b0_0;
    %parti/s 1, 0, 2;
    %pad/u 32;
    %pushi/vec4 0, 0, 32;
    %cmp/e;
    %flag_get/vec4 4;
    %xor;
    %flag_set/vec4 9;
    %flag_or 8, 9;
T_3.59;
    %jmp/0xz  T_3.57, 8;
    %load/vec4 v0x6454e50c60f0_0;
    %load/vec4 v0x6454e50c62b0_0;
    %part/u 1;
    %ret/vec4 0, 0, 1;  Assign to lut3_mux4 (store_vec4_to_lval)
    %jmp T_3.58;
T_3.57 ;
    %load/vec4 v0x6454e50c60f0_0;
    %parti/s 1, 0, 2;
    %load/vec4 v0x6454e50c60f0_0;
    %parti/s 1, 1, 2;
    %cmp/e;
    %flag_get/vec4 6;
    %jmp/0 T_3.63, 6;
    %load/vec4 v0x6454e50c60f0_0;
    %parti/s 1, 2, 3;
    %load/vec4 v0x6454e50c60f0_0;
    %parti/s 1, 3, 3;
    %cmp/e;
    %flag_get/vec4 6;
    %and;
T_3.63;
    %flag_set/vec4 9;
    %flag_get/vec4 9;
    %jmp/0 T_3.62, 9;
    %load/vec4 v0x6454e50c60f0_0;
    %parti/s 1, 0, 2;
    %load/vec4 v0x6454e50c60f0_0;
    %parti/s 1, 2, 3;
    %cmp/e;
    %flag_get/vec4 6;
    %and;
T_3.62;
    %flag_set/vec4 8;
    %jmp/0xz  T_3.60, 8;
    %load/vec4 v0x6454e50c60f0_0;
    %parti/s 1, 0, 2;
    %ret/vec4 0, 0, 1;  Assign to lut3_mux4 (store_vec4_to_lval)
    %jmp T_3.61;
T_3.60 ;
    %load/vec4 v0x6454e50c62b0_0;
    %parti/s 1, 1, 2;
    %pad/u 32;
    %cmpi/e 0, 0, 32;
    %flag_get/vec4 4;
    %jmp/0 T_3.66, 4;
    %load/vec4 v0x6454e50c60f0_0;
    %parti/s 1, 0, 2;
    %load/vec4 v0x6454e50c60f0_0;
    %parti/s 1, 1, 2;
    %cmp/e;
    %flag_get/vec4 6;
    %and;
T_3.66;
    %flag_set/vec4 8;
    %jmp/0xz  T_3.64, 8;
    %load/vec4 v0x6454e50c60f0_0;
    %parti/s 1, 0, 2;
    %ret/vec4 0, 0, 1;  Assign to lut3_mux4 (store_vec4_to_lval)
    %jmp T_3.65;
T_3.64 ;
    %load/vec4 v0x6454e50c62b0_0;
    %parti/s 1, 1, 2;
    %pad/u 32;
    %cmpi/e 1, 0, 32;
    %flag_get/vec4 4;
    %jmp/0 T_3.69, 4;
    %load/vec4 v0x6454e50c60f0_0;
    %parti/s 1, 2, 3;
    %load/vec4 v0x6454e50c60f0_0;
    %parti/s 1, 3, 3;
    %cmp/e;
    %flag_get/vec4 6;
    %and;
T_3.69;
    %flag_set/vec4 8;
    %jmp/0xz  T_3.67, 8;
    %load/vec4 v0x6454e50c60f0_0;
    %parti/s 1, 2, 3;
    %ret/vec4 0, 0, 1;  Assign to lut3_mux4 (store_vec4_to_lval)
    %jmp T_3.68;
T_3.67 ;
    %load/vec4 v0x6454e50c62b0_0;
    %parti/s 1, 0, 2;
    %pad/u 32;
    %cmpi/e 0, 0, 32;
    %flag_get/vec4 4;
    %jmp/0 T_3.72, 4;
    %load/vec4 v0x6454e50c60f0_0;
    %parti/s 1, 0, 2;
    %load/vec4 v0x6454e50c60f0_0;
    %parti/s 1, 2, 3;
    %cmp/e;
    %flag_get/vec4 6;
    %and;
T_3.72;
    %flag_set/vec4 8;
    %jmp/0xz  T_3.70, 8;
    %load/vec4 v0x6454e50c60f0_0;
    %parti/s 1, 0, 2;
    %ret/vec4 0, 0, 1;  Assign to lut3_mux4 (store_vec4_to_lval)
    %jmp T_3.71;
T_3.70 ;
    %load/vec4 v0x6454e50c62b0_0;
    %parti/s 1, 0, 2;
    %pad/u 32;
    %cmpi/e 1, 0, 32;
    %flag_get/vec4 4;
    %jmp/0 T_3.75, 4;
    %load/vec4 v0x6454e50c60f0_0;
    %parti/s 1, 1, 2;
    %load/vec4 v0x6454e50c60f0_0;
    %parti/s 1, 3, 3;
    %cmp/e;
    %flag_get/vec4 6;
    %and;
T_3.75;
    %flag_set/vec4 8;
    %jmp/0xz  T_3.73, 8;
    %load/vec4 v0x6454e50c60f0_0;
    %parti/s 1, 1, 2;
    %ret/vec4 0, 0, 1;  Assign to lut3_mux4 (store_vec4_to_lval)
    %jmp T_3.74;
T_3.73 ;
    %pushi/vec4 1, 1, 1;
    %ret/vec4 0, 0, 1;  Assign to lut3_mux4 (store_vec4_to_lval)
T_3.74 ;
T_3.71 ;
T_3.68 ;
T_3.65 ;
T_3.61 ;
T_3.58 ;
    %end;
S_0x6454e50c6b60 .scope module, "OR_0_INST" "OR_3" 4 16, 8 2 0, S_0x6454e5076960;
 .timescale -9 -12;
    .port_info 0 /INPUT 1 "A";
    .port_info 1 /INPUT 1 "B";
    .port_info 2 /INPUT 1 "C";
    .port_info 3 /OUTPUT 1 "OUT";
v0x6454e50c7b40_0 .net "A", 0 0, v0x6454e50c5490_0;  alias, 1 drivers
v0x6454e50c7c00_0 .net "B", 0 0, v0x6454e50c2f40_0;  alias, 1 drivers
v0x6454e50c7cc0_0 .net "C", 0 0, v0x6454e50c6610_0;  alias, 1 drivers
v0x6454e50c7d60_0 .net "OUT", 0 0, v0x6454e50c7930_0;  alias, 1 drivers
S_0x6454e50c6e00 .scope module, "OR_0_INST" "LUT3" 8 7, 6 24 0, S_0x6454e50c6b60;
 .timescale -12 -12;
    .port_info 0 /OUTPUT 1 "O";
    .port_info 1 /INPUT 1 "I0";
    .port_info 2 /INPUT 1 "I1";
    .port_info 3 /INPUT 1 "I2";
P_0x6454e50c7000 .param/l "INIT" 0 6 26, C4<11111110>;
v0x6454e50c7620_0 .net "I0", 0 0, v0x6454e50c5490_0;  alias, 1 drivers
v0x6454e50c7730_0 .net "I1", 0 0, v0x6454e50c2f40_0;  alias, 1 drivers
v0x6454e50c7840_0 .net "I2", 0 0, v0x6454e50c6610_0;  alias, 1 drivers
v0x6454e50c7930_0 .var "O", 0 0;
v0x6454e50c79d0_0 .var "tmp", 0 0;
E_0x6454e5074c40 .event anyedge, v0x6454e50c5490_0, v0x6454e50c2f40_0, v0x6454e50c6610_0;
S_0x6454e50c7170 .scope function.vec4.s1, "lut3_mux4" "lut3_mux4" 6 43, 6 43 0, S_0x6454e50c6e00;
 .timescale -12 -12;
v0x6454e50c7370_0 .var "d", 3 0;
; Variable lut3_mux4 is vec4 return value of scope S_0x6454e50c7170
v0x6454e50c7530_0 .var "s", 1 0;
TD_Q2_LUT3_TB.UUT.OR_0_INST.OR_0_INST.lut3_mux4 ;
    %load/vec4 v0x6454e50c7530_0;
    %parti/s 1, 1, 2;
    %load/vec4 v0x6454e50c7530_0;
    %parti/s 1, 0, 2;
    %pad/u 32;
    %pushi/vec4 1, 0, 32;
    %cmp/e;
    %flag_get/vec4 4;
    %xor;
    %flag_set/vec4 8;
    %jmp/1 T_4.78, 8;
    %load/vec4 v0x6454e50c7530_0;
    %parti/s 1, 1, 2;
    %load/vec4 v0x6454e50c7530_0;
    %parti/s 1, 0, 2;
    %pad/u 32;
    %pushi/vec4 0, 0, 32;
    %cmp/e;
    %flag_get/vec4 4;
    %xor;
    %flag_set/vec4 9;
    %flag_or 8, 9;
T_4.78;
    %jmp/0xz  T_4.76, 8;
    %load/vec4 v0x6454e50c7370_0;
    %load/vec4 v0x6454e50c7530_0;
    %part/u 1;
    %ret/vec4 0, 0, 1;  Assign to lut3_mux4 (store_vec4_to_lval)
    %jmp T_4.77;
T_4.76 ;
    %load/vec4 v0x6454e50c7370_0;
    %parti/s 1, 0, 2;
    %load/vec4 v0x6454e50c7370_0;
    %parti/s 1, 1, 2;
    %cmp/e;
    %flag_get/vec4 6;
    %jmp/0 T_4.82, 6;
    %load/vec4 v0x6454e50c7370_0;
    %parti/s 1, 2, 3;
    %load/vec4 v0x6454e50c7370_0;
    %parti/s 1, 3, 3;
    %cmp/e;
    %flag_get/vec4 6;
    %and;
T_4.82;
    %flag_set/vec4 9;
    %flag_get/vec4 9;
    %jmp/0 T_4.81, 9;
    %load/vec4 v0x6454e50c7370_0;
    %parti/s 1, 0, 2;
    %load/vec4 v0x6454e50c7370_0;
    %parti/s 1, 2, 3;
    %cmp/e;
    %flag_get/vec4 6;
    %and;
T_4.81;
    %flag_set/vec4 8;
    %jmp/0xz  T_4.79, 8;
    %load/vec4 v0x6454e50c7370_0;
    %parti/s 1, 0, 2;
    %ret/vec4 0, 0, 1;  Assign to lut3_mux4 (store_vec4_to_lval)
    %jmp T_4.80;
T_4.79 ;
    %load/vec4 v0x6454e50c7530_0;
    %parti/s 1, 1, 2;
    %pad/u 32;
    %cmpi/e 0, 0, 32;
    %flag_get/vec4 4;
    %jmp/0 T_4.85, 4;
    %load/vec4 v0x6454e50c7370_0;
    %parti/s 1, 0, 2;
    %load/vec4 v0x6454e50c7370_0;
    %parti/s 1, 1, 2;
    %cmp/e;
    %flag_get/vec4 6;
    %and;
T_4.85;
    %flag_set/vec4 8;
    %jmp/0xz  T_4.83, 8;
    %load/vec4 v0x6454e50c7370_0;
    %parti/s 1, 0, 2;
    %ret/vec4 0, 0, 1;  Assign to lut3_mux4 (store_vec4_to_lval)
    %jmp T_4.84;
T_4.83 ;
    %load/vec4 v0x6454e50c7530_0;
    %parti/s 1, 1, 2;
    %pad/u 32;
    %cmpi/e 1, 0, 32;
    %flag_get/vec4 4;
    %jmp/0 T_4.88, 4;
    %load/vec4 v0x6454e50c7370_0;
    %parti/s 1, 2, 3;
    %load/vec4 v0x6454e50c7370_0;
    %parti/s 1, 3, 3;
    %cmp/e;
    %flag_get/vec4 6;
    %and;
T_4.88;
    %flag_set/vec4 8;
    %jmp/0xz  T_4.86, 8;
    %load/vec4 v0x6454e50c7370_0;
    %parti/s 1, 2, 3;
    %ret/vec4 0, 0, 1;  Assign to lut3_mux4 (store_vec4_to_lval)
    %jmp T_4.87;
T_4.86 ;
    %load/vec4 v0x6454e50c7530_0;
    %parti/s 1, 0, 2;
    %pad/u 32;
    %cmpi/e 0, 0, 32;
    %flag_get/vec4 4;
    %jmp/0 T_4.91, 4;
    %load/vec4 v0x6454e50c7370_0;
    %parti/s 1, 0, 2;
    %load/vec4 v0x6454e50c7370_0;
    %parti/s 1, 2, 3;
    %cmp/e;
    %flag_get/vec4 6;
    %and;
T_4.91;
    %flag_set/vec4 8;
    %jmp/0xz  T_4.89, 8;
    %load/vec4 v0x6454e50c7370_0;
    %parti/s 1, 0, 2;
    %ret/vec4 0, 0, 1;  Assign to lut3_mux4 (store_vec4_to_lval)
    %jmp T_4.90;
T_4.89 ;
    %load/vec4 v0x6454e50c7530_0;
    %parti/s 1, 0, 2;
    %pad/u 32;
    %cmpi/e 1, 0, 32;
    %flag_get/vec4 4;
    %jmp/0 T_4.94, 4;
    %load/vec4 v0x6454e50c7370_0;
    %parti/s 1, 1, 2;
    %load/vec4 v0x6454e50c7370_0;
    %parti/s 1, 3, 3;
    %cmp/e;
    %flag_get/vec4 6;
    %and;
T_4.94;
    %flag_set/vec4 8;
    %jmp/0xz  T_4.92, 8;
    %load/vec4 v0x6454e50c7370_0;
    %parti/s 1, 1, 2;
    %ret/vec4 0, 0, 1;  Assign to lut3_mux4 (store_vec4_to_lval)
    %jmp T_4.93;
T_4.92 ;
    %pushi/vec4 1, 1, 1;
    %ret/vec4 0, 0, 1;  Assign to lut3_mux4 (store_vec4_to_lval)
T_4.93 ;
T_4.90 ;
T_4.87 ;
T_4.84 ;
T_4.80 ;
T_4.77 ;
    %end;
S_0x6454e50c7e20 .scope module, "OR_1_INST" "OR_3" 4 17, 8 2 0, S_0x6454e5076960;
 .timescale -9 -12;
    .port_info 0 /INPUT 1 "A";
    .port_info 1 /INPUT 1 "B";
    .port_info 2 /INPUT 1 "C";
    .port_info 3 /OUTPUT 1 "OUT";
v0x6454e50c8db0_0 .net "A", 0 0, v0x6454e50c7930_0;  alias, 1 drivers
v0x6454e50c8e70_0 .net "B", 0 0, v0x6454e50c4280_0;  alias, 1 drivers
L_0x7ec5bff57018 .functor BUFT 1, C4<0>, C4<0>, C4<0>, C4<0>;
v0x6454e50c8f30_0 .net "C", 0 0, L_0x7ec5bff57018;  1 drivers
v0x6454e50c8fd0_0 .net "OUT", 0 0, v0x6454e50c8b80_0;  alias, 1 drivers
S_0x6454e50c8070 .scope module, "OR_0_INST" "LUT3" 8 7, 6 24 0, S_0x6454e50c7e20;
 .timescale -12 -12;
    .port_info 0 /OUTPUT 1 "O";
    .port_info 1 /INPUT 1 "I0";
    .port_info 2 /INPUT 1 "I1";
    .port_info 3 /INPUT 1 "I2";
P_0x6454e50c8270 .param/l "INIT" 0 6 26, C4<11111110>;
v0x6454e50c88c0_0 .net "I0", 0 0, v0x6454e50c7930_0;  alias, 1 drivers
v0x6454e50c89d0_0 .net "I1", 0 0, v0x6454e50c4280_0;  alias, 1 drivers
v0x6454e50c8ae0_0 .net "I2", 0 0, L_0x7ec5bff57018;  alias, 1 drivers
v0x6454e50c8b80_0 .var "O", 0 0;
v0x6454e50c8c20_0 .var "tmp", 0 0;
E_0x6454e5050740 .event anyedge, v0x6454e50c7930_0, v0x6454e50c4280_0, v0x6454e50c8ae0_0;
S_0x6454e50c8410 .scope function.vec4.s1, "lut3_mux4" "lut3_mux4" 6 43, 6 43 0, S_0x6454e50c8070;
 .timescale -12 -12;
v0x6454e50c8610_0 .var "d", 3 0;
; Variable lut3_mux4 is vec4 return value of scope S_0x6454e50c8410
v0x6454e50c87d0_0 .var "s", 1 0;
TD_Q2_LUT3_TB.UUT.OR_1_INST.OR_0_INST.lut3_mux4 ;
    %load/vec4 v0x6454e50c87d0_0;
    %parti/s 1, 1, 2;
    %load/vec4 v0x6454e50c87d0_0;
    %parti/s 1, 0, 2;
    %pad/u 32;
    %pushi/vec4 1, 0, 32;
    %cmp/e;
    %flag_get/vec4 4;
    %xor;
    %flag_set/vec4 8;
    %jmp/1 T_5.97, 8;
    %load/vec4 v0x6454e50c87d0_0;
    %parti/s 1, 1, 2;
    %load/vec4 v0x6454e50c87d0_0;
    %parti/s 1, 0, 2;
    %pad/u 32;
    %pushi/vec4 0, 0, 32;
    %cmp/e;
    %flag_get/vec4 4;
    %xor;
    %flag_set/vec4 9;
    %flag_or 8, 9;
T_5.97;
    %jmp/0xz  T_5.95, 8;
    %load/vec4 v0x6454e50c8610_0;
    %load/vec4 v0x6454e50c87d0_0;
    %part/u 1;
    %ret/vec4 0, 0, 1;  Assign to lut3_mux4 (store_vec4_to_lval)
    %jmp T_5.96;
T_5.95 ;
    %load/vec4 v0x6454e50c8610_0;
    %parti/s 1, 0, 2;
    %load/vec4 v0x6454e50c8610_0;
    %parti/s 1, 1, 2;
    %cmp/e;
    %flag_get/vec4 6;
    %jmp/0 T_5.101, 6;
    %load/vec4 v0x6454e50c8610_0;
    %parti/s 1, 2, 3;
    %load/vec4 v0x6454e50c8610_0;
    %parti/s 1, 3, 3;
    %cmp/e;
    %flag_get/vec4 6;
    %and;
T_5.101;
    %flag_set/vec4 9;
    %flag_get/vec4 9;
    %jmp/0 T_5.100, 9;
    %load/vec4 v0x6454e50c8610_0;
    %parti/s 1, 0, 2;
    %load/vec4 v0x6454e50c8610_0;
    %parti/s 1, 2, 3;
    %cmp/e;
    %flag_get/vec4 6;
    %and;
T_5.100;
    %flag_set/vec4 8;
    %jmp/0xz  T_5.98, 8;
    %load/vec4 v0x6454e50c8610_0;
    %parti/s 1, 0, 2;
    %ret/vec4 0, 0, 1;  Assign to lut3_mux4 (store_vec4_to_lval)
    %jmp T_5.99;
T_5.98 ;
    %load/vec4 v0x6454e50c87d0_0;
    %parti/s 1, 1, 2;
    %pad/u 32;
    %cmpi/e 0, 0, 32;
    %flag_get/vec4 4;
    %jmp/0 T_5.104, 4;
    %load/vec4 v0x6454e50c8610_0;
    %parti/s 1, 0, 2;
    %load/vec4 v0x6454e50c8610_0;
    %parti/s 1, 1, 2;
    %cmp/e;
    %flag_get/vec4 6;
    %and;
T_5.104;
    %flag_set/vec4 8;
    %jmp/0xz  T_5.102, 8;
    %load/vec4 v0x6454e50c8610_0;
    %parti/s 1, 0, 2;
    %ret/vec4 0, 0, 1;  Assign to lut3_mux4 (store_vec4_to_lval)
    %jmp T_5.103;
T_5.102 ;
    %load/vec4 v0x6454e50c87d0_0;
    %parti/s 1, 1, 2;
    %pad/u 32;
    %cmpi/e 1, 0, 32;
    %flag_get/vec4 4;
    %jmp/0 T_5.107, 4;
    %load/vec4 v0x6454e50c8610_0;
    %parti/s 1, 2, 3;
    %load/vec4 v0x6454e50c8610_0;
    %parti/s 1, 3, 3;
    %cmp/e;
    %flag_get/vec4 6;
    %and;
T_5.107;
    %flag_set/vec4 8;
    %jmp/0xz  T_5.105, 8;
    %load/vec4 v0x6454e50c8610_0;
    %parti/s 1, 2, 3;
    %ret/vec4 0, 0, 1;  Assign to lut3_mux4 (store_vec4_to_lval)
    %jmp T_5.106;
T_5.105 ;
    %load/vec4 v0x6454e50c87d0_0;
    %parti/s 1, 0, 2;
    %pad/u 32;
    %cmpi/e 0, 0, 32;
    %flag_get/vec4 4;
    %jmp/0 T_5.110, 4;
    %load/vec4 v0x6454e50c8610_0;
    %parti/s 1, 0, 2;
    %load/vec4 v0x6454e50c8610_0;
    %parti/s 1, 2, 3;
    %cmp/e;
    %flag_get/vec4 6;
    %and;
T_5.110;
    %flag_set/vec4 8;
    %jmp/0xz  T_5.108, 8;
    %load/vec4 v0x6454e50c8610_0;
    %parti/s 1, 0, 2;
    %ret/vec4 0, 0, 1;  Assign to lut3_mux4 (store_vec4_to_lval)
    %jmp T_5.109;
T_5.108 ;
    %load/vec4 v0x6454e50c87d0_0;
    %parti/s 1, 0, 2;
    %pad/u 32;
    %cmpi/e 1, 0, 32;
    %flag_get/vec4 4;
    %jmp/0 T_5.113, 4;
    %load/vec4 v0x6454e50c8610_0;
    %parti/s 1, 1, 2;
    %load/vec4 v0x6454e50c8610_0;
    %parti/s 1, 3, 3;
    %cmp/e;
    %flag_get/vec4 6;
    %and;
T_5.113;
    %flag_set/vec4 8;
    %jmp/0xz  T_5.111, 8;
    %load/vec4 v0x6454e50c8610_0;
    %parti/s 1, 1, 2;
    %ret/vec4 0, 0, 1;  Assign to lut3_mux4 (store_vec4_to_lval)
    %jmp T_5.112;
T_5.111 ;
    %pushi/vec4 1, 1, 1;
    %ret/vec4 0, 0, 1;  Assign to lut3_mux4 (store_vec4_to_lval)
T_5.112 ;
T_5.109 ;
T_5.106 ;
T_5.103 ;
T_5.99 ;
T_5.96 ;
    %end;
    .scope S_0x6454e50c4a30;
T_6 ;
    %wait E_0x6454e5074910;
    %load/vec4 v0x6454e50c5220_0;
    %load/vec4 v0x6454e50c5330_0;
    %xor;
    %load/vec4 v0x6454e50c53f0_0;
    %xor;
    %store/vec4 v0x6454e50c5530_0, 0, 1;
    %load/vec4 v0x6454e50c5530_0;
    %pad/u 32;
    %cmpi/e 0, 0, 32;
    %jmp/1 T_6.2, 4;
    %flag_mov 8, 4;
    %load/vec4 v0x6454e50c5530_0;
    %pad/u 32;
    %cmpi/e 1, 0, 32;
    %flag_or 4, 8;
T_6.2;
    %jmp/0xz  T_6.0, 4;
    %pushi/vec4 1, 0, 8;
    %load/vec4 v0x6454e50c53f0_0;
    %load/vec4 v0x6454e50c5330_0;
    %concat/vec4; draw_concat_vec4
    %load/vec4 v0x6454e50c5220_0;
    %concat/vec4; draw_concat_vec4
    %part/u 1;
    %store/vec4 v0x6454e50c5490_0, 0, 1;
    %jmp T_6.1;
T_6.0 ;
    %pushi/vec4 0, 0, 1;
    %concati/vec4 0, 0, 1;
    %pushi/vec4 0, 0, 4;
    %load/vec4 v0x6454e50c5330_0;
    %load/vec4 v0x6454e50c5220_0;
    %concat/vec4; draw_concat_vec4
    %store/vec4 v0x6454e50c5130_0, 0, 2;
    %store/vec4 v0x6454e50c4f70_0, 0, 4;
    %callf/vec4 TD_Q2_LUT3_TB.UUT.NOR_0_INST.OR_0_INST.lut3_mux4, S_0x6454e50c4d70;
    %concat/vec4; draw_concat_vec4
    %pushi/vec4 1, 0, 4;
    %load/vec4 v0x6454e50c5330_0;
    %load/vec4 v0x6454e50c5220_0;
    %concat/vec4; draw_concat_vec4
    %store/vec4 v0x6454e50c5130_0, 0, 2;
    %store/vec4 v0x6454e50c4f70_0, 0, 4;
    %callf/vec4 TD_Q2_LUT3_TB.UUT.NOR_0_INST.OR_0_INST.lut3_mux4, S_0x6454e50c4d70;
    %concat/vec4; draw_concat_vec4
    %pushi/vec4 0, 0, 1;
    %load/vec4 v0x6454e50c53f0_0;
    %concat/vec4; draw_concat_vec4
    %store/vec4 v0x6454e50c5130_0, 0, 2;
    %store/vec4 v0x6454e50c4f70_0, 0, 4;
    %callf/vec4 TD_Q2_LUT3_TB.UUT.NOR_0_INST.OR_0_INST.lut3_mux4, S_0x6454e50c4d70;
    %store/vec4 v0x6454e50c5490_0, 0, 1;
T_6.1 ;
    %jmp T_6;
    .thread T_6, $push;
    .scope S_0x6454e5072850;
T_7 ;
    %wait E_0x6454e5074910;
    %load/vec4 v0x6454e507f680_0;
    %load/vec4 v0x6454e507f720_0;
    %xor;
    %load/vec4 v0x6454e507f7f0_0;
    %xor;
    %store/vec4 v0x6454e50c3000_0, 0, 1;
    %load/vec4 v0x6454e50c3000_0;
    %pad/u 32;
    %cmpi/e 0, 0, 32;
    %jmp/1 T_7.2, 4;
    %flag_mov 8, 4;
    %load/vec4 v0x6454e50c3000_0;
    %pad/u 32;
    %cmpi/e 1, 0, 32;
    %flag_or 4, 8;
T_7.2;
    %jmp/0xz  T_7.0, 4;
    %pushi/vec4 128, 0, 8;
    %load/vec4 v0x6454e507f7f0_0;
    %load/vec4 v0x6454e507f720_0;
    %concat/vec4; draw_concat_vec4
    %load/vec4 v0x6454e507f680_0;
    %concat/vec4; draw_concat_vec4
    %part/u 1;
    %store/vec4 v0x6454e50c2f40_0, 0, 1;
    %jmp T_7.1;
T_7.0 ;
    %pushi/vec4 0, 0, 1;
    %concati/vec4 0, 0, 1;
    %pushi/vec4 8, 0, 4;
    %load/vec4 v0x6454e507f720_0;
    %load/vec4 v0x6454e507f680_0;
    %concat/vec4; draw_concat_vec4
    %store/vec4 v0x6454e508b2c0_0, 0, 2;
    %store/vec4 v0x6454e508b150_0, 0, 4;
    %callf/vec4 TD_Q2_LUT3_TB.UUT.AND_0_INST.AND_0_INST.lut3_mux4, S_0x6454e5072ad0;
    %concat/vec4; draw_concat_vec4
    %pushi/vec4 0, 0, 4;
    %load/vec4 v0x6454e507f720_0;
    %load/vec4 v0x6454e507f680_0;
    %concat/vec4; draw_concat_vec4
    %store/vec4 v0x6454e508b2c0_0, 0, 2;
    %store/vec4 v0x6454e508b150_0, 0, 4;
    %callf/vec4 TD_Q2_LUT3_TB.UUT.AND_0_INST.AND_0_INST.lut3_mux4, S_0x6454e5072ad0;
    %concat/vec4; draw_concat_vec4
    %pushi/vec4 0, 0, 1;
    %load/vec4 v0x6454e507f7f0_0;
    %concat/vec4; draw_concat_vec4
    %store/vec4 v0x6454e508b2c0_0, 0, 2;
    %store/vec4 v0x6454e508b150_0, 0, 4;
    %callf/vec4 TD_Q2_LUT3_TB.UUT.AND_0_INST.AND_0_INST.lut3_mux4, S_0x6454e5072ad0;
    %store/vec4 v0x6454e50c2f40_0, 0, 1;
T_7.1 ;
    %jmp T_7;
    .thread T_7, $push;
    .scope S_0x6454e50c5b90;
T_8 ;
    %wait E_0x6454e5074a70;
    %load/vec4 v0x6454e50c63a0_0;
    %load/vec4 v0x6454e50c64b0_0;
    %xor;
    %load/vec4 v0x6454e50c6570_0;
    %xor;
    %store/vec4 v0x6454e50c66b0_0, 0, 1;
    %load/vec4 v0x6454e50c66b0_0;
    %pad/u 32;
    %cmpi/e 0, 0, 32;
    %jmp/1 T_8.2, 4;
    %flag_mov 8, 4;
    %load/vec4 v0x6454e50c66b0_0;
    %pad/u 32;
    %cmpi/e 1, 0, 32;
    %flag_or 4, 8;
T_8.2;
    %jmp/0xz  T_8.0, 4;
    %pushi/vec4 1, 0, 8;
    %load/vec4 v0x6454e50c6570_0;
    %load/vec4 v0x6454e50c64b0_0;
    %concat/vec4; draw_concat_vec4
    %load/vec4 v0x6454e50c63a0_0;
    %concat/vec4; draw_concat_vec4
    %part/u 1;
    %store/vec4 v0x6454e50c6610_0, 0, 1;
    %jmp T_8.1;
T_8.0 ;
    %pushi/vec4 0, 0, 1;
    %concati/vec4 0, 0, 1;
    %pushi/vec4 0, 0, 4;
    %load/vec4 v0x6454e50c64b0_0;
    %load/vec4 v0x6454e50c63a0_0;
    %concat/vec4; draw_concat_vec4
    %store/vec4 v0x6454e50c62b0_0, 0, 2;
    %store/vec4 v0x6454e50c60f0_0, 0, 4;
    %callf/vec4 TD_Q2_LUT3_TB.UUT.NOR_1_INST.OR_0_INST.lut3_mux4, S_0x6454e50c5ef0;
    %concat/vec4; draw_concat_vec4
    %pushi/vec4 1, 0, 4;
    %load/vec4 v0x6454e50c64b0_0;
    %load/vec4 v0x6454e50c63a0_0;
    %concat/vec4; draw_concat_vec4
    %store/vec4 v0x6454e50c62b0_0, 0, 2;
    %store/vec4 v0x6454e50c60f0_0, 0, 4;
    %callf/vec4 TD_Q2_LUT3_TB.UUT.NOR_1_INST.OR_0_INST.lut3_mux4, S_0x6454e50c5ef0;
    %concat/vec4; draw_concat_vec4
    %pushi/vec4 0, 0, 1;
    %load/vec4 v0x6454e50c6570_0;
    %concat/vec4; draw_concat_vec4
    %store/vec4 v0x6454e50c62b0_0, 0, 2;
    %store/vec4 v0x6454e50c60f0_0, 0, 4;
    %callf/vec4 TD_Q2_LUT3_TB.UUT.NOR_1_INST.OR_0_INST.lut3_mux4, S_0x6454e50c5ef0;
    %store/vec4 v0x6454e50c6610_0, 0, 1;
T_8.1 ;
    %jmp T_8;
    .thread T_8, $push;
    .scope S_0x6454e50c3770;
T_9 ;
    %wait E_0x6454e5074a70;
    %load/vec4 v0x6454e50c3fa0_0;
    %load/vec4 v0x6454e50c4080_0;
    %xor;
    %load/vec4 v0x6454e50c4190_0;
    %xor;
    %store/vec4 v0x6454e50c4320_0, 0, 1;
    %load/vec4 v0x6454e50c4320_0;
    %pad/u 32;
    %cmpi/e 0, 0, 32;
    %jmp/1 T_9.2, 4;
    %flag_mov 8, 4;
    %load/vec4 v0x6454e50c4320_0;
    %pad/u 32;
    %cmpi/e 1, 0, 32;
    %flag_or 4, 8;
T_9.2;
    %jmp/0xz  T_9.0, 4;
    %pushi/vec4 128, 0, 8;
    %load/vec4 v0x6454e50c4190_0;
    %load/vec4 v0x6454e50c4080_0;
    %concat/vec4; draw_concat_vec4
    %load/vec4 v0x6454e50c3fa0_0;
    %concat/vec4; draw_concat_vec4
    %part/u 1;
    %store/vec4 v0x6454e50c4280_0, 0, 1;
    %jmp T_9.1;
T_9.0 ;
    %pushi/vec4 0, 0, 1;
    %concati/vec4 0, 0, 1;
    %pushi/vec4 8, 0, 4;
    %load/vec4 v0x6454e50c4080_0;
    %load/vec4 v0x6454e50c3fa0_0;
    %concat/vec4; draw_concat_vec4
    %store/vec4 v0x6454e50c3eb0_0, 0, 2;
    %store/vec4 v0x6454e50c3cf0_0, 0, 4;
    %callf/vec4 TD_Q2_LUT3_TB.UUT.AND_1_INST.AND_0_INST.lut3_mux4, S_0x6454e50c3af0;
    %concat/vec4; draw_concat_vec4
    %pushi/vec4 0, 0, 4;
    %load/vec4 v0x6454e50c4080_0;
    %load/vec4 v0x6454e50c3fa0_0;
    %concat/vec4; draw_concat_vec4
    %store/vec4 v0x6454e50c3eb0_0, 0, 2;
    %store/vec4 v0x6454e50c3cf0_0, 0, 4;
    %callf/vec4 TD_Q2_LUT3_TB.UUT.AND_1_INST.AND_0_INST.lut3_mux4, S_0x6454e50c3af0;
    %concat/vec4; draw_concat_vec4
    %pushi/vec4 0, 0, 1;
    %load/vec4 v0x6454e50c4190_0;
    %concat/vec4; draw_concat_vec4
    %store/vec4 v0x6454e50c3eb0_0, 0, 2;
    %store/vec4 v0x6454e50c3cf0_0, 0, 4;
    %callf/vec4 TD_Q2_LUT3_TB.UUT.AND_1_INST.AND_0_INST.lut3_mux4, S_0x6454e50c3af0;
    %store/vec4 v0x6454e50c4280_0, 0, 1;
T_9.1 ;
    %jmp T_9;
    .thread T_9, $push;
    .scope S_0x6454e50c6e00;
T_10 ;
    %wait E_0x6454e5074c40;
    %load/vec4 v0x6454e50c7620_0;
    %load/vec4 v0x6454e50c7730_0;
    %xor;
    %load/vec4 v0x6454e50c7840_0;
    %xor;
    %store/vec4 v0x6454e50c79d0_0, 0, 1;
    %load/vec4 v0x6454e50c79d0_0;
    %pad/u 32;
    %cmpi/e 0, 0, 32;
    %jmp/1 T_10.2, 4;
    %flag_mov 8, 4;
    %load/vec4 v0x6454e50c79d0_0;
    %pad/u 32;
    %cmpi/e 1, 0, 32;
    %flag_or 4, 8;
T_10.2;
    %jmp/0xz  T_10.0, 4;
    %pushi/vec4 254, 0, 8;
    %load/vec4 v0x6454e50c7840_0;
    %load/vec4 v0x6454e50c7730_0;
    %concat/vec4; draw_concat_vec4
    %load/vec4 v0x6454e50c7620_0;
    %concat/vec4; draw_concat_vec4
    %part/u 1;
    %store/vec4 v0x6454e50c7930_0, 0, 1;
    %jmp T_10.1;
T_10.0 ;
    %pushi/vec4 0, 0, 1;
    %concati/vec4 0, 0, 1;
    %pushi/vec4 15, 0, 4;
    %load/vec4 v0x6454e50c7730_0;
    %load/vec4 v0x6454e50c7620_0;
    %concat/vec4; draw_concat_vec4
    %store/vec4 v0x6454e50c7530_0, 0, 2;
    %store/vec4 v0x6454e50c7370_0, 0, 4;
    %callf/vec4 TD_Q2_LUT3_TB.UUT.OR_0_INST.OR_0_INST.lut3_mux4, S_0x6454e50c7170;
    %concat/vec4; draw_concat_vec4
    %pushi/vec4 14, 0, 4;
    %load/vec4 v0x6454e50c7730_0;
    %load/vec4 v0x6454e50c7620_0;
    %concat/vec4; draw_concat_vec4
    %store/vec4 v0x6454e50c7530_0, 0, 2;
    %store/vec4 v0x6454e50c7370_0, 0, 4;
    %callf/vec4 TD_Q2_LUT3_TB.UUT.OR_0_INST.OR_0_INST.lut3_mux4, S_0x6454e50c7170;
    %concat/vec4; draw_concat_vec4
    %pushi/vec4 0, 0, 1;
    %load/vec4 v0x6454e50c7840_0;
    %concat/vec4; draw_concat_vec4
    %store/vec4 v0x6454e50c7530_0, 0, 2;
    %store/vec4 v0x6454e50c7370_0, 0, 4;
    %callf/vec4 TD_Q2_LUT3_TB.UUT.OR_0_INST.OR_0_INST.lut3_mux4, S_0x6454e50c7170;
    %store/vec4 v0x6454e50c7930_0, 0, 1;
T_10.1 ;
    %jmp T_10;
    .thread T_10, $push;
    .scope S_0x6454e50c8070;
T_11 ;
    %wait E_0x6454e5050740;
    %load/vec4 v0x6454e50c88c0_0;
    %load/vec4 v0x6454e50c89d0_0;
    %xor;
    %load/vec4 v0x6454e50c8ae0_0;
    %xor;
    %store/vec4 v0x6454e50c8c20_0, 0, 1;
    %load/vec4 v0x6454e50c8c20_0;
    %pad/u 32;
    %cmpi/e 0, 0, 32;
    %jmp/1 T_11.2, 4;
    %flag_mov 8, 4;
    %load/vec4 v0x6454e50c8c20_0;
    %pad/u 32;
    %cmpi/e 1, 0, 32;
    %flag_or 4, 8;
T_11.2;
    %jmp/0xz  T_11.0, 4;
    %pushi/vec4 254, 0, 8;
    %load/vec4 v0x6454e50c8ae0_0;
    %load/vec4 v0x6454e50c89d0_0;
    %concat/vec4; draw_concat_vec4
    %load/vec4 v0x6454e50c88c0_0;
    %concat/vec4; draw_concat_vec4
    %part/u 1;
    %store/vec4 v0x6454e50c8b80_0, 0, 1;
    %jmp T_11.1;
T_11.0 ;
    %pushi/vec4 0, 0, 1;
    %concati/vec4 0, 0, 1;
    %pushi/vec4 15, 0, 4;
    %load/vec4 v0x6454e50c89d0_0;
    %load/vec4 v0x6454e50c88c0_0;
    %concat/vec4; draw_concat_vec4
    %store/vec4 v0x6454e50c87d0_0, 0, 2;
    %store/vec4 v0x6454e50c8610_0, 0, 4;
    %callf/vec4 TD_Q2_LUT3_TB.UUT.OR_1_INST.OR_0_INST.lut3_mux4, S_0x6454e50c8410;
    %concat/vec4; draw_concat_vec4
    %pushi/vec4 14, 0, 4;
    %load/vec4 v0x6454e50c89d0_0;
    %load/vec4 v0x6454e50c88c0_0;
    %concat/vec4; draw_concat_vec4
    %store/vec4 v0x6454e50c87d0_0, 0, 2;
    %store/vec4 v0x6454e50c8610_0, 0, 4;
    %callf/vec4 TD_Q2_LUT3_TB.UUT.OR_1_INST.OR_0_INST.lut3_mux4, S_0x6454e50c8410;
    %concat/vec4; draw_concat_vec4
    %pushi/vec4 0, 0, 1;
    %load/vec4 v0x6454e50c8ae0_0;
    %concat/vec4; draw_concat_vec4
    %store/vec4 v0x6454e50c87d0_0, 0, 2;
    %store/vec4 v0x6454e50c8610_0, 0, 4;
    %callf/vec4 TD_Q2_LUT3_TB.UUT.OR_1_INST.OR_0_INST.lut3_mux4, S_0x6454e50c8410;
    %store/vec4 v0x6454e50c8b80_0, 0, 1;
T_11.1 ;
    %jmp T_11;
    .thread T_11, $push;
    .scope S_0x6454e50a4690;
T_12 ;
    %vpi_call/w 3 10 "$dumpfile", "dump.vcd" {0 0 0};
    %vpi_call/w 3 11 "$dumpvars", 32'sb00000000000000000000000000000000, S_0x6454e5076960 {0 0 0};
    %pushi/vec4 0, 0, 1;
    %store/vec4 v0x6454e50c9b10_0, 0, 1;
    %pushi/vec4 0, 0, 1;
    %store/vec4 v0x6454e50c9bd0_0, 0, 1;
    %pushi/vec4 0, 0, 1;
    %store/vec4 v0x6454e50c9c90_0, 0, 1;
    %pushi/vec4 0, 0, 1;
    %store/vec4 v0x6454e50c9d30_0, 0, 1;
    %delay 10000, 0;
    %pushi/vec4 0, 0, 1;
    %store/vec4 v0x6454e50c9b10_0, 0, 1;
    %pushi/vec4 0, 0, 1;
    %store/vec4 v0x6454e50c9bd0_0, 0, 1;
    %pushi/vec4 0, 0, 1;
    %store/vec4 v0x6454e50c9c90_0, 0, 1;
    %pushi/vec4 1, 0, 1;
    %store/vec4 v0x6454e50c9d30_0, 0, 1;
    %delay 10000, 0;
    %pushi/vec4 0, 0, 1;
    %store/vec4 v0x6454e50c9b10_0, 0, 1;
    %pushi/vec4 0, 0, 1;
    %store/vec4 v0x6454e50c9bd0_0, 0, 1;
    %pushi/vec4 1, 0, 1;
    %store/vec4 v0x6454e50c9c90_0, 0, 1;
    %pushi/vec4 0, 0, 1;
    %store/vec4 v0x6454e50c9d30_0, 0, 1;
    %delay 10000, 0;
    %pushi/vec4 0, 0, 1;
    %store/vec4 v0x6454e50c9b10_0, 0, 1;
    %pushi/vec4 0, 0, 1;
    %store/vec4 v0x6454e50c9bd0_0, 0, 1;
    %pushi/vec4 1, 0, 1;
    %store/vec4 v0x6454e50c9c90_0, 0, 1;
    %pushi/vec4 1, 0, 1;
    %store/vec4 v0x6454e50c9d30_0, 0, 1;
    %delay 10000, 0;
    %pushi/vec4 0, 0, 1;
    %store/vec4 v0x6454e50c9b10_0, 0, 1;
    %pushi/vec4 1, 0, 1;
    %store/vec4 v0x6454e50c9bd0_0, 0, 1;
    %pushi/vec4 0, 0, 1;
    %store/vec4 v0x6454e50c9c90_0, 0, 1;
    %pushi/vec4 0, 0, 1;
    %store/vec4 v0x6454e50c9d30_0, 0, 1;
    %delay 10000, 0;
    %pushi/vec4 0, 0, 1;
    %store/vec4 v0x6454e50c9b10_0, 0, 1;
    %pushi/vec4 1, 0, 1;
    %store/vec4 v0x6454e50c9bd0_0, 0, 1;
    %pushi/vec4 0, 0, 1;
    %store/vec4 v0x6454e50c9c90_0, 0, 1;
    %pushi/vec4 1, 0, 1;
    %store/vec4 v0x6454e50c9d30_0, 0, 1;
    %delay 10000, 0;
    %pushi/vec4 0, 0, 1;
    %store/vec4 v0x6454e50c9b10_0, 0, 1;
    %pushi/vec4 1, 0, 1;
    %store/vec4 v0x6454e50c9bd0_0, 0, 1;
    %pushi/vec4 1, 0, 1;
    %store/vec4 v0x6454e50c9c90_0, 0, 1;
    %pushi/vec4 0, 0, 1;
    %store/vec4 v0x6454e50c9d30_0, 0, 1;
    %delay 10000, 0;
    %pushi/vec4 0, 0, 1;
    %store/vec4 v0x6454e50c9b10_0, 0, 1;
    %pushi/vec4 1, 0, 1;
    %store/vec4 v0x6454e50c9bd0_0, 0, 1;
    %pushi/vec4 1, 0, 1;
    %store/vec4 v0x6454e50c9c90_0, 0, 1;
    %pushi/vec4 1, 0, 1;
    %store/vec4 v0x6454e50c9d30_0, 0, 1;
    %delay 10000, 0;
    %pushi/vec4 1, 0, 1;
    %store/vec4 v0x6454e50c9b10_0, 0, 1;
    %pushi/vec4 0, 0, 1;
    %store/vec4 v0x6454e50c9bd0_0, 0, 1;
    %pushi/vec4 0, 0, 1;
    %store/vec4 v0x6454e50c9c90_0, 0, 1;
    %pushi/vec4 0, 0, 1;
    %store/vec4 v0x6454e50c9d30_0, 0, 1;
    %delay 10000, 0;
    %pushi/vec4 1, 0, 1;
    %store/vec4 v0x6454e50c9b10_0, 0, 1;
    %pushi/vec4 0, 0, 1;
    %store/vec4 v0x6454e50c9bd0_0, 0, 1;
    %pushi/vec4 0, 0, 1;
    %store/vec4 v0x6454e50c9c90_0, 0, 1;
    %pushi/vec4 1, 0, 1;
    %store/vec4 v0x6454e50c9d30_0, 0, 1;
    %delay 10000, 0;
    %pushi/vec4 1, 0, 1;
    %store/vec4 v0x6454e50c9b10_0, 0, 1;
    %pushi/vec4 0, 0, 1;
    %store/vec4 v0x6454e50c9bd0_0, 0, 1;
    %pushi/vec4 1, 0, 1;
    %store/vec4 v0x6454e50c9c90_0, 0, 1;
    %pushi/vec4 0, 0, 1;
    %store/vec4 v0x6454e50c9d30_0, 0, 1;
    %delay 10000, 0;
    %pushi/vec4 1, 0, 1;
    %store/vec4 v0x6454e50c9b10_0, 0, 1;
    %pushi/vec4 0, 0, 1;
    %store/vec4 v0x6454e50c9bd0_0, 0, 1;
    %pushi/vec4 1, 0, 1;
    %store/vec4 v0x6454e50c9c90_0, 0, 1;
    %pushi/vec4 1, 0, 1;
    %store/vec4 v0x6454e50c9d30_0, 0, 1;
    %delay 10000, 0;
    %pushi/vec4 1, 0, 1;
    %store/vec4 v0x6454e50c9b10_0, 0, 1;
    %pushi/vec4 1, 0, 1;
    %store/vec4 v0x6454e50c9bd0_0, 0, 1;
    %pushi/vec4 0, 0, 1;
    %store/vec4 v0x6454e50c9c90_0, 0, 1;
    %pushi/vec4 0, 0, 1;
    %store/vec4 v0x6454e50c9d30_0, 0, 1;
    %delay 10000, 0;
    %pushi/vec4 1, 0, 1;
    %store/vec4 v0x6454e50c9b10_0, 0, 1;
    %pushi/vec4 1, 0, 1;
    %store/vec4 v0x6454e50c9bd0_0, 0, 1;
    %pushi/vec4 0, 0, 1;
    %store/vec4 v0x6454e50c9c90_0, 0, 1;
    %pushi/vec4 1, 0, 1;
    %store/vec4 v0x6454e50c9d30_0, 0, 1;
    %delay 10000, 0;
    %pushi/vec4 1, 0, 1;
    %store/vec4 v0x6454e50c9b10_0, 0, 1;
    %pushi/vec4 1, 0, 1;
    %store/vec4 v0x6454e50c9bd0_0, 0, 1;
    %pushi/vec4 1, 0, 1;
    %store/vec4 v0x6454e50c9c90_0, 0, 1;
    %pushi/vec4 0, 0, 1;
    %store/vec4 v0x6454e50c9d30_0, 0, 1;
    %delay 10000, 0;
    %pushi/vec4 1, 0, 1;
    %store/vec4 v0x6454e50c9b10_0, 0, 1;
    %pushi/vec4 1, 0, 1;
    %store/vec4 v0x6454e50c9bd0_0, 0, 1;
    %pushi/vec4 1, 0, 1;
    %store/vec4 v0x6454e50c9c90_0, 0, 1;
    %pushi/vec4 1, 0, 1;
    %store/vec4 v0x6454e50c9d30_0, 0, 1;
    %end;
    .thread T_12;
    .scope S_0x6454e50a4690;
T_13 ;
    %vpi_call/w 3 67 "$display", "                Tempo     Entradas LUT        Sa\303\255das" {0 0 0};
    %vpi_call/w 3 68 "$display", "                         A0  A1  A2  A3         OUT" {0 0 0};
    %vpi_call/w 3 69 "$display", "                ====   ================       =======" {0 0 0};
    %vpi_call/w 3 70 "$monitor", $time, "     %b  %b  %b  %b               %b", v0x6454e50c9b10_0, v0x6454e50c9bd0_0, v0x6454e50c9c90_0, v0x6454e50c9d30_0, v0x6454e50c9dd0_0 {0 0 0};
    %end;
    .thread T_13;
# The file index is used to find the file name in the following table.
:file_names 9;
    "N/A";
    "<interactive>";
    "-";
    "Q2_LUT3_TB.sv";
    "Q2_LUT3.sv";
    "AND_3.sv";
    "LUT3.sv";
    "NOR_3.sv";
    "OR_3.sv";
