======================================================================

Annotating SDF timing data:
  Compiled SDF file:     decodificador_pt2272.sdf.X
  Log file:              decoder_sdf.log
  Backannotation scope:  decodificador_pt2272_tb.DUT
  Configuration file:    
  MTM control:           MAXIMUM
  Scale factors:         1:1:1
  Scale type:            

Time units: 1ps

xmelab: *W,SDFNG2: An SDF 2 limit timing check request (RECREM (posedge SN) (posedge CK) (-1) (9)) contains a negative limit and was matched to 2 single limit timing checks.  Negative limit will be set to 0 <./decoder/decodificador_pt2272.sdf, line 77>.
xmelab: *W,SDFNG2: An SDF 2 limit timing check request (RECREM (posedge RN) (posedge CK) (-13) (23)) contains a negative limit and was matched to 2 single limit timing checks.  Negative limit will be set to 0 <./decoder/decodificador_pt2272.sdf, line 155>.
xmelab: *W,SDFNG2: An SDF 2 limit timing check request (RECREM (posedge RN) (posedge CK) (-13) (23)) contains a negative limit and was matched to 2 single limit timing checks.  Negative limit will be set to 0 <./decoder/decodificador_pt2272.sdf, line 173>.
xmelab: *W,SDFNG2: An SDF 2 limit timing check request (RECREM (posedge RN) (posedge CK) (-13) (23)) contains a negative limit and was matched to 2 single limit timing checks.  Negative limit will be set to 0 <./decoder/decodificador_pt2272.sdf, line 191>.
xmelab: *W,SDFNG2: An SDF 2 limit timing check request (RECREM (posedge RN) (posedge CK) (-13) (23)) contains a negative limit and was matched to 2 single limit timing checks.  Negative limit will be set to 0 <./decoder/decodificador_pt2272.sdf, line 209>.
xmelab: *W,SDFNG2: An SDF 2 limit timing check request (RECREM (posedge RN) (posedge CK) (-13) (23)) contains a negative limit and was matched to 2 single limit timing checks.  Negative limit will be set to 0 <./decoder/decodificador_pt2272.sdf, line 227>.
xmelab: *W,SDFNG2: An SDF 2 limit timing check request (RECREM (posedge RN) (posedge CK) (-13) (23)) contains a negative limit and was matched to 2 single limit timing checks.  Negative limit will be set to 0 <./decoder/decodificador_pt2272.sdf, line 245>.
xmelab: *W,SDFNG2: An SDF 2 limit timing check request (RECREM (posedge RN) (posedge CK) (-13) (23)) contains a negative limit and was matched to 2 single limit timing checks.  Negative limit will be set to 0 <./decoder/decodificador_pt2272.sdf, line 263>.
xmelab: *W,SDFNG2: An SDF 2 limit timing check request (RECREM (posedge RN) (posedge CK) (-13) (23)) contains a negative limit and was matched to 2 single limit timing checks.  Negative limit will be set to 0 <./decoder/decodificador_pt2272.sdf, line 281>.
xmelab: *W,SDFNG2: An SDF 2 limit timing check request (RECREM (posedge RN) (posedge CK) (-13) (23)) contains a negative limit and was matched to 2 single limit timing checks.  Negative limit will be set to 0 <./decoder/decodificador_pt2272.sdf, line 299>.
xmelab: *W,SDFNG2: An SDF 2 limit timing check request (RECREM (posedge RN) (posedge CK) (-14) (23)) contains a negative limit and was matched to 2 single limit timing checks.  Negative limit will be set to 0 <./decoder/decodificador_pt2272.sdf, line 319>.
xmelab: *W,SDFNG2: An SDF 2 limit timing check request (RECREM (posedge RN) (posedge CK) (-14) (23)) contains a negative limit and was matched to 2 single limit timing checks.  Negative limit will be set to 0 <./decoder/decodificador_pt2272.sdf, line 343>.
xmelab: *W,SDFNG2: An SDF 2 limit timing check request (RECREM (posedge RN) (posedge CK) (-14) (23)) contains a negative limit and was matched to 2 single limit timing checks.  Negative limit will be set to 0 <./decoder/decodificador_pt2272.sdf, line 367>.
xmelab: *W,SDFNG2: An SDF 2 limit timing check request (RECREM (posedge RN) (posedge CK) (-14) (23)) contains a negative limit and was matched to 2 single limit timing checks.  Negative limit will be set to 0 <./decoder/decodificador_pt2272.sdf, line 391>.
xmelab: *W,SDFNG2: An SDF 2 limit timing check request (RECREM (posedge RN) (posedge CK) (-14) (23)) contains a negative limit and was matched to 2 single limit timing checks.  Negative limit will be set to 0 <./decoder/decodificador_pt2272.sdf, line 415>.
xmelab: *W,SDFNG2: An SDF 2 limit timing check request (RECREM (posedge RN) (posedge CK) (-14) (23)) contains a negative limit and was matched to 2 single limit timing checks.  Negative limit will be set to 0 <./decoder/decodificador_pt2272.sdf, line 439>.
xmelab: *W,SDFNG2: An SDF 2 limit timing check request (RECREM (posedge RN) (posedge CK) (-14) (23)) contains a negative limit and was matched to 2 single limit timing checks.  Negative limit will be set to 0 <./decoder/decodificador_pt2272.sdf, line 463>.
xmelab: *W,SDFNG2: An SDF 2 limit timing check request (RECREM (posedge RN) (posedge CK) (-14) (23)) contains a negative limit and was matched to 2 single limit timing checks.  Negative limit will be set to 0 <./decoder/decodificador_pt2272.sdf, line 487>.
xmelab: *W,SDFNG2: An SDF 2 limit timing check request (RECREM (posedge RN) (posedge CK) (-14) (23)) contains a negative limit and was matched to 2 single limit timing checks.  Negative limit will be set to 0 <./decoder/decodificador_pt2272.sdf, line 511>.
xmelab: *W,SDFNG2: An SDF 2 limit timing check request (RECREM (posedge RN) (posedge CK) (-14) (23)) contains a negative limit and was matched to 2 single limit timing checks.  Negative limit will be set to 0 <./decoder/decodificador_pt2272.sdf, line 535>.
xmelab: *W,SDFNG2: An SDF 2 limit timing check request (RECREM (posedge RN) (posedge CK) (-14) (23)) contains a negative limit and was matched to 2 single limit timing checks.  Negative limit will be set to 0 <./decoder/decodificador_pt2272.sdf, line 559>.
xmelab: *W,SDFNG2: An SDF 2 limit timing check request (RECREM (posedge RN) (posedge CK) (-14) (23)) contains a negative limit and was matched to 2 single limit timing checks.  Negative limit will be set to 0 <./decoder/decodificador_pt2272.sdf, line 583>.
xmelab: *W,SDFNG2: An SDF 2 limit timing check request (RECREM (posedge RN) (posedge CK) (-14) (23)) contains a negative limit and was matched to 2 single limit timing checks.  Negative limit will be set to 0 <./decoder/decodificador_pt2272.sdf, line 607>.
xmelab: *W,SDFNG2: An SDF 2 limit timing check request (RECREM (posedge RN) (posedge CK) (-14) (23)) contains a negative limit and was matched to 2 single limit timing checks.  Negative limit will be set to 0 <./decoder/decodificador_pt2272.sdf, line 631>.
xmelab: *W,SDFNG2: An SDF 2 limit timing check request (RECREM (posedge RN) (posedge CK) (-14) (23)) contains a negative limit and was matched to 2 single limit timing checks.  Negative limit will be set to 0 <./decoder/decodificador_pt2272.sdf, line 655>.
xmelab: *W,SDFNG2: An SDF 2 limit timing check request (RECREM (posedge RN) (posedge CK) (-14) (23)) contains a negative limit and was matched to 2 single limit timing checks.  Negative limit will be set to 0 <./decoder/decodificador_pt2272.sdf, line 679>.
xmelab: *W,SDFNG2: An SDF 2 limit timing check request (RECREM (posedge RN) (posedge CK) (-14) (23)) contains a negative limit and was matched to 2 single limit timing checks.  Negative limit will be set to 0 <./decoder/decodificador_pt2272.sdf, line 703>.
xmelab: *W,SDFNG2: An SDF 2 limit timing check request (RECREM (posedge RN) (posedge CK) (-14) (23)) contains a negative limit and was matched to 2 single limit timing checks.  Negative limit will be set to 0 <./decoder/decodificador_pt2272.sdf, line 727>.
xmelab: *W,SDFNG2: An SDF 2 limit timing check request (RECREM (posedge RN) (posedge CK) (-14) (23)) contains a negative limit and was matched to 2 single limit timing checks.  Negative limit will be set to 0 <./decoder/decodificador_pt2272.sdf, line 751>.
xmelab: *W,SDFNG2: An SDF 2 limit timing check request (RECREM (posedge RN) (posedge CK) (-14) (23)) contains a negative limit and was matched to 2 single limit timing checks.  Negative limit will be set to 0 <./decoder/decodificador_pt2272.sdf, line 775>.
xmelab: *W,SDFNG2: An SDF 2 limit timing check request (RECREM (posedge RN) (posedge CK) (-14) (23)) contains a negative limit and was matched to 2 single limit timing checks.  Negative limit will be set to 0 <./decoder/decodificador_pt2272.sdf, line 799>.
xmelab: *W,SDFNG2: An SDF 2 limit timing check request (RECREM (posedge RN) (posedge CK) (-14) (23)) contains a negative limit and was matched to 2 single limit timing checks.  Negative limit will be set to 0 <./decoder/decodificador_pt2272.sdf, line 823>.
xmelab: *W,SDFNG2: An SDF 2 limit timing check request (RECREM (posedge RN) (posedge CK) (-14) (23)) contains a negative limit and was matched to 2 single limit timing checks.  Negative limit will be set to 0 <./decoder/decodificador_pt2272.sdf, line 847>.
xmelab: *W,SDFNG2: An SDF 2 limit timing check request (RECREM (posedge RN) (posedge CK) (-14) (23)) contains a negative limit and was matched to 2 single limit timing checks.  Negative limit will be set to 0 <./decoder/decodificador_pt2272.sdf, line 871>.
xmelab: *W,SDFNG2: An SDF 2 limit timing check request (RECREM (posedge RN) (posedge CK) (-13) (23)) contains a negative limit and was matched to 2 single limit timing checks.  Negative limit will be set to 0 <./decoder/decodificador_pt2272.sdf, line 893>.
xmelab: *W,SDFNG2: An SDF 2 limit timing check request (RECREM (posedge RN) (posedge CK) (-13) (23)) contains a negative limit and was matched to 2 single limit timing checks.  Negative limit will be set to 0 <./decoder/decodificador_pt2272.sdf, line 911>.
xmelab: *W,SDFNG2: An SDF 2 limit timing check request (RECREM (posedge RN) (posedge CK) (-13) (23)) contains a negative limit and was matched to 2 single limit timing checks.  Negative limit will be set to 0 <./decoder/decodificador_pt2272.sdf, line 929>.
xmelab: *W,SDFNG2: An SDF 2 limit timing check request (RECREM (posedge RN) (posedge CK) (-14) (23)) contains a negative limit and was matched to 2 single limit timing checks.  Negative limit will be set to 0 <./decoder/decodificador_pt2272.sdf, line 949>.
xmelab: *W,SDFNG2: An SDF 2 limit timing check request (RECREM (posedge RN) (posedge CK) (-13) (23)) contains a negative limit and was matched to 2 single limit timing checks.  Negative limit will be set to 0 <./decoder/decodificador_pt2272.sdf, line 971>.
xmelab: *W,SDFNG2: An SDF 2 limit timing check request (RECREM (posedge RN) (posedge CK) (-13) (23)) contains a negative limit and was matched to 2 single limit timing checks.  Negative limit will be set to 0 <./decoder/decodificador_pt2272.sdf, line 989>.
xmelab: *W,SDFNG2: An SDF 2 limit timing check request (RECREM (posedge RN) (posedge CK) (-13) (23)) contains a negative limit and was matched to 2 single limit timing checks.  Negative limit will be set to 0 <./decoder/decodificador_pt2272.sdf, line 1007>.
xmelab: *W,SDFNG2: An SDF 2 limit timing check request (RECREM (posedge RN) (posedge CK) (-13) (23)) contains a negative limit and was matched to 2 single limit timing checks.  Negative limit will be set to 0 <./decoder/decodificador_pt2272.sdf, line 1025>.
xmelab: *W,SDFNG2: An SDF 2 limit timing check request (RECREM (posedge RN) (posedge CK) (-13) (23)) contains a negative limit and was matched to 2 single limit timing checks.  Negative limit will be set to 0 <./decoder/decodificador_pt2272.sdf, line 1043>.
xmelab: *W,SDFNG2: An SDF 2 limit timing check request (RECREM (posedge RN) (posedge CK) (-14) (23)) contains a negative limit and was matched to 2 single limit timing checks.  Negative limit will be set to 0 <./decoder/decodificador_pt2272.sdf, line 3081>.
xmelab: *W,SDFNG2: An SDF 2 limit timing check request (RECREM (posedge RN) (posedge CK) (-14) (23)) contains a negative limit and was matched to 2 single limit timing checks.  Negative limit will be set to 0 <./decoder/decodificador_pt2272.sdf, line 3101>.
xmelab: *W,SDFNG2: An SDF 2 limit timing check request (RECREM (posedge RN) (posedge CK) (-14) (23)) contains a negative limit and was matched to 2 single limit timing checks.  Negative limit will be set to 0 <./decoder/decodificador_pt2272.sdf, line 3121>.
xmelab: *W,SDFNG2: An SDF 2 limit timing check request (RECREM (posedge RN) (posedge CK) (-14) (23)) contains a negative limit and was matched to 2 single limit timing checks.  Negative limit will be set to 0 <./decoder/decodificador_pt2272.sdf, line 3141>.
xmelab: *W,SDFNG2: An SDF 2 limit timing check request (RECREM (posedge RN) (posedge CK) (-14) (23)) contains a negative limit and was matched to 2 single limit timing checks.  Negative limit will be set to 0 <./decoder/decodificador_pt2272.sdf, line 3161>.
xmelab: *W,SDFNG2: An SDF 2 limit timing check request (RECREM (posedge RN) (posedge CK) (-14) (23)) contains a negative limit and was matched to 2 single limit timing checks.  Negative limit will be set to 0 <./decoder/decodificador_pt2272.sdf, line 3181>.
xmelab: *W,SDFNG2: An SDF 2 limit timing check request (RECREM (posedge RN) (posedge CK) (-14) (23)) contains a negative limit and was matched to 2 single limit timing checks.  Negative limit will be set to 0 <./decoder/decodificador_pt2272.sdf, line 3201>.
xmelab: *W,SDFNG2: An SDF 2 limit timing check request (RECREM (posedge RN) (posedge CK) (-14) (23)) contains a negative limit and was matched to 2 single limit timing checks.  Negative limit will be set to 0 <./decoder/decodificador_pt2272.sdf, line 3221>.
xmelab: *W,SDFNG2: An SDF 2 limit timing check request (RECREM (posedge RN) (posedge CK) (-14) (23)) contains a negative limit and was matched to 2 single limit timing checks.  Negative limit will be set to 0 <./decoder/decodificador_pt2272.sdf, line 3241>.
xmelab: *W,SDFNG2: An SDF 2 limit timing check request (RECREM (posedge RN) (posedge CK) (-14) (23)) contains a negative limit and was matched to 2 single limit timing checks.  Negative limit will be set to 0 <./decoder/decodificador_pt2272.sdf, line 3261>.
