xrun(64): 24.09-s001: (c) Copyright 1995-2024 Cadence Design Systems, Inc.
TOOL:	xrun(64)	24.09-s001: Started on Jan 10, 2025 at 20:20:50 -03
xrun
	-64bit
	/home/cinovador/Documents/course_files/digital_logic/verilog_files/PT2262-PT2272-enc_dec/decoder/decodificador_pt2272_tb.sv
	/home/cinovador/Documents/course_files/digital_logic/verilog_files/PT2262-PT2272-enc_dec/decoder/decodificador_pt2272.v
	/home/cinovador/Documents/course_files/digital_logic/verilog_files/PT2262-PT2272-enc_dec/libs/fast_vdd1v2_basicCells.v
	/home/cinovador/Documents/course_files/digital_logic/verilog_files/PT2262-PT2272-enc_dec/encoder/codificador_pt2262.sv
	/home/cinovador/Documents/course_files/digital_logic/verilog_files/PT2262-PT2272-enc_dec/addr_interpreter/addr_interpreter.sv
	/home/cinovador/Documents/course_files/digital_logic/verilog_files/PT2262-PT2272-enc_dec/addr_interpreter/comp_endereco.sv
	/home/cinovador/Documents/course_files/digital_logic/verilog_files/PT2262-PT2272-enc_dec/bit_gen/bit_generator.sv
	/home/cinovador/Documents/course_files/digital_logic/verilog_files/PT2262-PT2272-enc_dec/oscillator/clock_divider.sv
	/home/cinovador/Documents/course_files/digital_logic/verilog_files/PT2262-PT2272-enc_dec/bidir_shift_register/bidir_shiftreg.sv
	+access+rw
	+gui
xmsim: *W,NOMTDGUI: Multi-Threaded Dumping is disabled for interactive debug mode.

-------------------------------------
Relinquished control to SimVision...
xcelium> 
xcelium> source /home/tools/cadence/installs/XCELIUM2209/tools/xcelium/files/xmsimrc
xcelium> database -open waves -into waves.shm -default
Created default SHM database waves
xcelium> probe -create -shm decodificador_pt2272_tb.DUT.A decodificador_pt2272_tb.DUT.BIDIR_SHIFTREG_OP_MODE decodificador_pt2272_tb.DUT.BIDIR_SHIFTREG_PARALLEL_OUT decodificador_pt2272_tb.DUT.BIDIR_SHIFTREG_PT2272_BIT_IN decodificador_pt2272_tb.DUT.D decodificador_pt2272_tb.DUT.F_BIT_LOCATOR decodificador_pt2272_tb.DUT.HIGH_PULSE_COUNTING decodificador_pt2272_tb.DUT.INTERPRETED_ADDR decodificador_pt2272_tb.DUT.LOW_PULSE_COUNTING decodificador_pt2272_tb.DUT.PREVIOUS_cod_i decodificador_pt2272_tb.DUT.clk decodificador_pt2272_tb.DUT.cod_i decodificador_pt2272_tb.DUT.current_state decodificador_pt2272_tb.DUT.dv decodificador_pt2272_tb.DUT.internal_f_bit_locator decodificador_pt2272_tb.DUT.internal_interpreted_addr decodificador_pt2272_tb.DUT.internal_oscillator_clk_cycle_counting decodificador_pt2272_tb.DUT.osc_clk decodificador_pt2272_tb.DUT.reset decodificador_pt2272_tb.DUT.reset_counters
Created probe 1
xcelium> run
Simulation complete via $finish(1) at time 91039575 NS + 17
./decoder/decodificador_pt2272_tb.sv:210         $finish;
xcelium> ^C
xcelium> exit
TOOL:	xrun(64)	24.09-s001: Exiting on Jan 10, 2025 at 20:31:08 -03  (total: 00:10:18)
