============================================================
  Generated by:           Genus(TM) Synthesis Solution 21.10-p002_1
  Generated on:           Feb 24 2025  08:14:45 pm
  Module:                 sequential
  Operating conditions:   PVT_0P9V_125C 
  Operating conditions:   PVT_1P32V_0C 
  Interconnect mode:      global
  Area mode:              physical library
============================================================

Timing
--------

Clock  Period  
---------------
clk   100000.0 


  Cost    Critical         Violating 
 Group   Path Slack  TNS     Paths   
-------------------------------------
clk         96442.6   0.0          0 
default    No paths   0.0            
-------------------------------------
Total                 0.0          0 

Instance Count
--------------
Leaf Instance Count             10 
Physical Instance count          0 
Sequential Instance Count        2 
Combinational Instance Count     8 
Hierarchical Instance Count      0 

Area
----
Cell Area                          28.728
Physical Cell Area                 0.000
Total Cell Area (Cell+Physical)    28.728
Net Area                           15.452
Total Area (Cell+Physical+Net)     44.180

Max Fanout                         5 (Q[1])
Min Fanout                         1 (A)
Average Fanout                     1.8
Terms to net ratio                 2.2353
Terms to instance ratio            3.8000
Runtime                            8.986167 seconds
Elapsed Runtime                    67 seconds
Genus peak memory usage            1579.07 
Innovus peak memory usage          no_value 
Hostname                           cinova05.lesc.ufc.br
