============================================================
  Generated by:           Genus(TM) Synthesis Solution 21.10-p002_1
  Generated on:           Feb 24 2025  08:14:45 pm
  Module:                 sequential
  Operating conditions:   PVT_0P9V_125C 
  Operating conditions:   PVT_1P32V_0C 
  Interconnect mode:      global
  Area mode:              physical library
============================================================


Path 1: MET (96443 ps) Late External Delay Assertion at pin Q[0]
          Group: clk
     Startpoint: (R) State_r_reg[0]/CK
          Clock: (R) clk
       Endpoint: (R) Q[0]
          Clock: (R) clk

                     Capture       Launch     
        Clock Edge:+  100000            0     
       Src Latency:+       0            0     
       Net Latency:+     350 (I)      350 (I) 
           Arrival:=  100350          350     
                                              
      Output Delay:-    2958                  
       Uncertainty:-     250                  
     Required Time:=   97142                  
      Launch Clock:-     350                  
         Data Path:-     349                  
             Slack:=   96443                  

Exceptions/Constraints:
  output_delay             2958            sequential.sdc_line_35_3_1 

#------------------------------------------------------------------------------------------
#   Timing Point    Flags   Arc   Edge   Cell     Fanout Load Trans Delay Arrival Instance 
#                                                        (fF)  (ps)  (ps)   (ps)  Location 
#------------------------------------------------------------------------------------------
  State_r_reg[0]/CK -       -     R     (arrival)      2    -     0     0     350    (-,-) 
  State_r_reg[0]/Q  -       CK->Q R     SDFFQX2        5 55.2   155   118     468    (-,-) 
  g310/Y            -       A->Y  F     INVX1          2  5.3    57    52     520    (-,-) 
  g306__4319/Y      -       B->Y  R     XNOR2X1        2 49.9   277   179     699    (-,-) 
  Q[0]              <<<     -     R     (port)         -    -     -     0     699    (-,-) 
#------------------------------------------------------------------------------------------

