============================================================
  Generated by:           Genus(TM) Synthesis Solution 21.10-p002_1
  Generated on:           Feb 24 2025  08:14:45 pm
  Module:                 sequential
  Operating conditions:   PVT_0P9V_125C 
  Operating conditions:   PVT_1P32V_0C 
  Interconnect mode:      global
  Area mode:              physical library
============================================================

                                           Library 
  Gate    Instances   Area      Library     Domain 
---------------------------------------------------
AOI21X1           1   1.710    fast_vdd1v2    best 
AOI32X1           1   2.394    fast_vdd1v2    best 
INVX1             2   1.368    fast_vdd1v2    best 
MXI2XL            1   2.394    fast_vdd1v2    best 
NAND3BXL          1   1.710    fast_vdd1v2    best 
NOR2X1            1   1.026    fast_vdd1v2    best 
SDFFQX1           1   7.524    fast_vdd1v2    best 
SDFFQX2           1   8.208    fast_vdd1v2    best 
XNOR2X1           1   2.394    fast_vdd1v2    best 
---------------------------------------------------
total            10  28.728                


                                       
     Type      Instances  Area  Area % 
---------------------------------------
sequential             2 15.732   54.8 
inverter               2  1.368    4.8 
logic                  6 11.628   40.5 
physical_cells         0  0.000    0.0 
---------------------------------------
total                 10 28.728  100.0 

