============================================================
  Generated by:           Genus(TM) Synthesis Solution 21.10-p002_1
  Generated on:           Dec 04 2024  11:50:30 am
  Module:                 sequential
  Operating conditions:   PVT_0P9V_125C 
  Operating conditions:   PVT_1P32V_0C 
  Interconnect mode:      global
  Area mode:              physical library
============================================================

                                           Library 
  Gate    Instances   Area      Library     Domain 
---------------------------------------------------
AOI21X1           1   1.710    fast_vdd1v2    best 
AOI32X1           1   2.394    fast_vdd1v2    best 
BUFX2             2   3.420    fast_vdd1v2    best 
DFFHQX1           1   5.472    fast_vdd1v2    best 
DFFQX2            1   6.498    fast_vdd1v2    best 
INVX1             2   1.368    fast_vdd1v2    best 
MXI2XL            1   2.394    fast_vdd1v2    best 
NAND3BXL          1   1.710    fast_vdd1v2    best 
NOR2X1            1   1.026    fast_vdd1v2    best 
XNOR2X1           1   2.394    fast_vdd1v2    best 
---------------------------------------------------
total            12  28.386                


                                       
     Type      Instances  Area  Area % 
---------------------------------------
sequential             2 11.970   42.2 
inverter               2  1.368    4.8 
buffer                 2  3.420   12.0 
logic                  6 11.628   41.0 
physical_cells         0  0.000    0.0 
---------------------------------------
total                 12 28.386  100.0 

