============================================================
  Generated by:           Genus(TM) Synthesis Solution 21.10-p002_1
  Generated on:           Feb 24 2025  06:07:04 pm
  Module:                 sequential
  Operating conditions:   PVT_0P9V_125C 
  Operating conditions:   PVT_1P32V_0C 
  Interconnect mode:      global
  Area mode:              physical library
============================================================

Timing
--------

Clock  Period  
---------------
clk   100000.0 


  Cost    Critical         Violating 
 Group   Path Slack  TNS     Paths   
-------------------------------------
clk         96446.2   0.0          0 
default    No paths   0.0            
-------------------------------------
Total                 0.0          0 

Instance Count
--------------
Leaf Instance Count             12 
Physical Instance count          0 
Sequential Instance Count        2 
Combinational Instance Count    10 
Hierarchical Instance Count      0 

Area
----
Cell Area                          28.386
Physical Cell Area                 0.000
Total Cell Area (Cell+Physical)    28.386
Net Area                           14.368
Total Area (Cell+Physical+Net)     42.754

Max Fanout                         4 (Q[1])
Min Fanout                         1 (n_0)
Average Fanout                     1.6
Terms to net ratio                 2.2353
Terms to instance ratio            3.1667
Runtime                            8.983248 seconds
Elapsed Runtime                    19 seconds
Genus peak memory usage            1571.89 
Innovus peak memory usage          no_value 
Hostname                           cinova05.lesc.ufc.br
