xrun(64): 22.09-s013: (c) Copyright 1995-2023 Cadence Design Systems, Inc.
TOOL:	xrun(64)	22.09-s013: Started on Nov 25, 2024 at 18:48:20 -03
xrun
	-64bit
	register8_tb.sv
	register8.sv
file: register8.sv
	module worklib.register8:sv
		errors: 0, warnings: 0
		Caching library 'worklib' ....... Done
	Elaborating the design hierarchy:
	Top level design units:
		register8_tb
xmelab: *W,DSEMEL: This SystemVerilog design will be simulated as per IEEE 1800-2009 SystemVerilog simulation semantics. Use -disable_sem2009 option for turning off SV 2009 simulation semantics.
	Building instance overlay tables: .................... Done
	Generating native compiled code:
		worklib.register8:sv <0x461b7e5a>
			streams:   2, words:   427
	Building instance specific data structures.
	Loading native compiled code:     .................... Done
	Design hierarchy summary:
		                 Instances  Unique
		Modules:                 2       2
		Registers:              11      11
		Scalar wires:            2       -
		Vectored wires:          3       -
		Always blocks:           1       1
		Initial blocks:          3       3
		Pseudo assignments:      4       4
		Assertions:              6       6
		Simulation timescale:  1ps
	Writing initial simulation snapshot: worklib.register8_tb:sv
Loading snapshot worklib.register8_tb:sv .................... Done
xmsim: *W,DSEM2009: This SystemVerilog design is simulated as per IEEE 1800-2009 SystemVerilog simulation semantics. Use -disable_sem2009 option for turning off SV 2009 simulation semantics.
xcelium> source /home/tools/cadence/installs/XCELIUM2209/tools/xcelium/files/xmsimrc
xcelium> run
                Tempo     Entradas LUT                    Saídas
                         clk reset test_input            test_output
                ====   ===========================     =============
                   0       0      0      xxxxxxxx  xxxxxxxx         
                   5       1      0      xxxxxxxx  00000000         
                  10       0      1      xxxxxxxx  00000000         
                  15       1      1      xxxxxxxx  xxxxxxxx         
                  20       0      1      00000001  xxxxxxxx         
                  25       1      1      00000001  00000001         
                  30       0      1      00000010  00000001         
                  35       1      1      00000010  00000010         
                  40       0      1      11111111  00000010         
                  45       1      1      11111111  11111111         
                  50       0      1      10101111  11111111         
                  55       1      1      10101111  10101111         
                  60       0      0      11111111  10101111         
                  65       1      0      11111111  00000000         
                  70       0      0      11111111  00000000         
                  75       1      0      11111111  00000000         
                  80       0      1      11111111  00000000         
                  85       1      1      11111111  11111111         
                  90       0      1      00000010  11111111         
                  95       1      1      00000010  00000010         
                 100       0      1      00000010  00000010         
                 105       1      1      00000010  00000010         
Simulation complete via $finish(1) at time 110 NS + 0
./register8_tb.sv:64         #10 $finish;
xcelium> exit
TOOL:	xrun(64)	22.09-s013: Exiting on Nov 25, 2024 at 18:48:21 -03  (total: 00:00:01)
