xrun(64): 24.09-s001: (c) Copyright 1995-2024 Cadence Design Systems, Inc.
TOOL:	xrun(64)	24.09-s001: Started on Feb 27, 2025 at 14:38:31 -03
xrun
	multiplier32FP_tb.sv
	multiplier32FP.sv
Recompiling... reason: file './multiplier32FP_tb.sv' is newer than expected.
	expected: Thu Feb 27 11:51:21 2025
	actual:   Thu Feb 27 14:38:26 2025
file: multiplier32FP_tb.sv
	module worklib.alu_testvectors_tb:sv
		errors: 0, warnings: 0
		Caching library 'worklib' ....... Done
	Elaborating the design hierarchy:
	Top level design units:
		alu_testvectors_tb
        frontend_dir = $sformatf("%s", $getenv("FRONTEND_DIR"));
                                             |
xmelab: *W,MISSYST (./multiplier32FP_tb.sv,64|45): Unrecognized system task or function: $getenv (did not match built-in or user-defined names) [2.7.4(IEEE Std 1364-2001)].
If item was defined in a shared-object library, the problem could be:
libvpi.so: cannot open shared object file: No such file or directory or file is not valid ELFCLASS64 library.
libpli.so: cannot open shared object file: No such file or directory or file is not valid ELFCLASS64 library..
	Building instance overlay tables: .................... Done
	Generating native compiled code:
		worklib.alu_testvectors_tb:sv <0x5c650501>
			streams:   5, words:  8511
	Building instance specific data structures.
	Loading native compiled code:     .................... Done
	Design hierarchy summary:
		              Instances  Unique
		Modules:              2       2
		Registers:           49      49
		Scalar wires:         9       -
		Vectored wires:       4       -
		Always blocks:        4       4
		Initial blocks:       1       1
		Pseudo assignments:   2       -
		Process Clocks:       2       1
	Writing initial simulation snapshot: worklib.alu_testvectors_tb:sv
TOOL:	xrun(64)	24.09-s001: Exiting on Feb 27, 2025 at 14:38:40 -03  (total: 00:00:09)
