xrun(64): 22.09-s013: (c) Copyright 1995-2023 Cadence Design Systems, Inc.
TOOL:	xrun(64)	22.09-s013: Started on Nov 04, 2024 at 15:55:02 -03
xrun
	-64bit
	orgate_tb.sv
	orgate.sv
	+gui
	+access+r
Recompiling... reason: file './orgate_tb.sv' is newer than expected.
	expected: Wed Oct 30 17:12:53 2024
	actual:   Mon Nov  4 15:44:13 2024
file: orgate_tb.sv
	module worklib.orgate_tb:sv
		errors: 0, warnings: 0
		Caching library 'worklib' ....... Done
	Elaborating the design hierarchy:
	Top level design units:
		orgate_tb
xmelab: *W,DSEMEL: This SystemVerilog design will be simulated as per IEEE 1800-2009 SystemVerilog simulation semantics. Use -disable_sem2009 option for turning off SV 2009 simulation semantics.
	Building instance overlay tables: .................... Done
	Generating native compiled code:
		worklib.orgate:sv <0x1ce0582b>
			streams:   1, words:   223
		worklib.orgate_tb:sv <0x737a7e1b>
			streams:   6, words:  7206
	Building instance specific data structures.
	Loading native compiled code:     .................... Done
	Design hierarchy summary:
		             Instances  Unique
		Modules:             2       2
		Registers:           4       4
		Scalar wires:        5       -
		Initial blocks:      2       2
		Cont. assignments:   1       1
		Pseudo assignments:  3       3
	Writing initial simulation snapshot: worklib.orgate_tb:sv
xmsim: *W,NOMTDGUI: Multi-Threaded Dumping is disabled for interactive debug mode.
xmsim: *W,DSEM2009: This SystemVerilog design is simulated as per IEEE 1800-2009 SystemVerilog simulation semantics. Use -disable_sem2009 option for turning off SV 2009 simulation semantics.

-------------------------------------
Relinquished control to SimVision...
xcelium> 
xcelium> source /home/tools/cadence/installs/XCELIUM2209/tools/xcelium/files/xmsimrc
xcelium> database -open waves -into waves.shm -default
Created default SHM database waves
xcelium> probe -create -shm orgate_tb.orgt.a orgate_tb.orgt.b orgate_tb.orgt.c
Created probe 1
xcelium> run
                Tempo   Entradas    Saídas
                         a    b       c
                ====   ==========  =======
                   0     0    0       0
                   5     0    1       1
                  10     1    0       1
                  15     1    1       1
Simulation complete via $finish(1) at time 20 NS + 0
./orgate_tb.sv:26       $finish;
xcelium> ^C
xcelium> exit
TOOL:	xrun(64)	22.09-s013: Exiting on Nov 04, 2024 at 15:56:50 -03  (total: 00:01:48)
